[1.356s] DEBUG:colcon:Command line arguments: ['/usr/bin/colcon', 'build']
[1.356s] DEBUG:colcon:Parsed command line arguments: Namespace(log_base=None, log_level=None, verb_name='build', build_base='build', install_base='install', merge_install=False, symlink_install=False, test_result_base=None, continue_on_error=False, executor='parallel', parallel_workers=16, event_handlers=None, ignore_user_meta=False, metas=['./colcon.meta'], base_paths=['.'], packages_ignore=None, packages_ignore_regex=None, paths=None, packages_up_to=None, packages_up_to_regex=None, packages_above=None, packages_above_and_dependencies=None, packages_above_depth=None, packages_select_by_dep=None, packages_skip_by_dep=None, packages_skip_up_to=None, packages_select_build_failed=False, packages_skip_build_finished=False, packages_select_test_failures=False, packages_skip_test_passed=False, packages_select=None, packages_skip=None, packages_select_regex=None, packages_skip_regex=None, packages_start=None, packages_end=None, allow_overriding=[], cmake_args=None, cmake_target=None, cmake_target_skip_unavailable=False, cmake_clean_cache=False, cmake_clean_first=False, cmake_force_configure=False, ament_cmake_args=None, catkin_cmake_args=None, catkin_skip_building_tests=False, mixin_files=None, mixin=None, verb_parser=<colcon_mixin.mixin.mixin_argument.MixinArgumentDecorator object at 0x7f8bc4f7e140>, verb_extension=<colcon_core.verb.build.BuildVerb object at 0x7f8bc4fafd00>, main=<bound method BuildVerb.main of <colcon_core.verb.build.BuildVerb object at 0x7f8bc4fafd00>>, mixin_verb=('build',))
[1.406s] Level 1:colcon.colcon_core.package_discovery:discover_packages(colcon_meta) check parameters
[1.406s] Level 1:colcon.colcon_core.package_discovery:discover_packages(recursive) check parameters
[1.406s] Level 1:colcon.colcon_core.package_discovery:discover_packages(ignore) check parameters
[1.406s] Level 1:colcon.colcon_core.package_discovery:discover_packages(path) check parameters
[1.406s] Level 1:colcon.colcon_core.package_discovery:discover_packages(colcon_meta) discover
[1.406s] Level 1:colcon.colcon_core.package_discovery:discover_packages(recursive) discover
[1.406s] INFO:colcon.colcon_core.package_discovery:Crawling recursively for packages in '/home/wenda/powerarm_ws'
[1.406s] Level 1:colcon.colcon_core.package_identification:_identify(.) by extensions ['ignore', 'ignore_ament_install']
[1.406s] Level 1:colcon.colcon_core.package_identification:_identify(.) by extension 'ignore'
[1.406s] Level 1:colcon.colcon_core.package_identification:_identify(.) by extension 'ignore_ament_install'
[1.406s] Level 1:colcon.colcon_core.package_identification:_identify(.) by extensions ['colcon_pkg']
[1.407s] Level 1:colcon.colcon_core.package_identification:_identify(.) by extension 'colcon_pkg'
[1.407s] Level 1:colcon.colcon_core.package_identification:_identify(.) by extensions ['colcon_meta']
[1.407s] Level 1:colcon.colcon_core.package_identification:_identify(.) by extension 'colcon_meta'
[1.407s] Level 1:colcon.colcon_core.package_identification:_identify(.) by extensions ['ros']
[1.407s] Level 1:colcon.colcon_core.package_identification:_identify(.) by extension 'ros'
[1.420s] Level 1:colcon.colcon_core.package_identification:_identify(.) by extensions ['cmake', 'python']
[1.420s] Level 1:colcon.colcon_core.package_identification:_identify(.) by extension 'cmake'
[1.420s] Level 1:colcon.colcon_core.package_identification:_identify(.) by extension 'python'
[1.420s] Level 1:colcon.colcon_core.package_identification:_identify(.) by extensions ['python_setup_py']
[1.420s] Level 1:colcon.colcon_core.package_identification:_identify(.) by extension 'python_setup_py'
[1.420s] Level 1:colcon.colcon_core.package_identification:_identify(build) by extensions ['ignore', 'ignore_ament_install']
[1.420s] Level 1:colcon.colcon_core.package_identification:_identify(build) by extension 'ignore'
[1.420s] Level 1:colcon.colcon_core.package_identification:_identify(build) ignored
[1.420s] Level 1:colcon.colcon_core.package_identification:_identify(install) by extensions ['ignore', 'ignore_ament_install']
[1.420s] Level 1:colcon.colcon_core.package_identification:_identify(install) by extension 'ignore'
[1.421s] Level 1:colcon.colcon_core.package_identification:_identify(install) ignored
[1.421s] Level 1:colcon.colcon_core.package_identification:_identify(log) by extensions ['ignore', 'ignore_ament_install']
[1.421s] Level 1:colcon.colcon_core.package_identification:_identify(log) by extension 'ignore'
[1.421s] Level 1:colcon.colcon_core.package_identification:_identify(log) ignored
[1.421s] Level 1:colcon.colcon_core.package_identification:_identify(src) by extensions ['ignore', 'ignore_ament_install']
[1.421s] Level 1:colcon.colcon_core.package_identification:_identify(src) by extension 'ignore'
[1.421s] Level 1:colcon.colcon_core.package_identification:_identify(src) by extension 'ignore_ament_install'
[1.421s] Level 1:colcon.colcon_core.package_identification:_identify(src) by extensions ['colcon_pkg']
[1.421s] Level 1:colcon.colcon_core.package_identification:_identify(src) by extension 'colcon_pkg'
[1.421s] Level 1:colcon.colcon_core.package_identification:_identify(src) by extensions ['colcon_meta']
[1.421s] Level 1:colcon.colcon_core.package_identification:_identify(src) by extension 'colcon_meta'
[1.421s] Level 1:colcon.colcon_core.package_identification:_identify(src) by extensions ['ros']
[1.421s] Level 1:colcon.colcon_core.package_identification:_identify(src) by extension 'ros'
[1.421s] Level 1:colcon.colcon_core.package_identification:_identify(src) by extensions ['cmake', 'python']
[1.421s] Level 1:colcon.colcon_core.package_identification:_identify(src) by extension 'cmake'
[1.421s] Level 1:colcon.colcon_core.package_identification:_identify(src) by extension 'python'
[1.421s] Level 1:colcon.colcon_core.package_identification:_identify(src) by extensions ['python_setup_py']
[1.421s] Level 1:colcon.colcon_core.package_identification:_identify(src) by extension 'python_setup_py'
[1.422s] Level 1:colcon.colcon_core.package_identification:_identify(src/moveit_visual_tools-ros2) by extensions ['ignore', 'ignore_ament_install']
[1.422s] Level 1:colcon.colcon_core.package_identification:_identify(src/moveit_visual_tools-ros2) by extension 'ignore'
[1.422s] Level 1:colcon.colcon_core.package_identification:_identify(src/moveit_visual_tools-ros2) by extension 'ignore_ament_install'
[1.422s] Level 1:colcon.colcon_core.package_identification:_identify(src/moveit_visual_tools-ros2) by extensions ['colcon_pkg']
[1.422s] Level 1:colcon.colcon_core.package_identification:_identify(src/moveit_visual_tools-ros2) by extension 'colcon_pkg'
[1.422s] Level 1:colcon.colcon_core.package_identification:_identify(src/moveit_visual_tools-ros2) by extensions ['colcon_meta']
[1.422s] Level 1:colcon.colcon_core.package_identification:_identify(src/moveit_visual_tools-ros2) by extension 'colcon_meta'
[1.422s] Level 1:colcon.colcon_core.package_identification:_identify(src/moveit_visual_tools-ros2) by extensions ['ros']
[1.422s] Level 1:colcon.colcon_core.package_identification:_identify(src/moveit_visual_tools-ros2) by extension 'ros'
[1.425s] DEBUG:colcon.colcon_core.package_identification:Package 'src/moveit_visual_tools-ros2' with type 'ros.ament_cmake' and name 'moveit_visual_tools'
[1.425s] Level 1:colcon.colcon_core.package_identification:_identify(src/powerarm) by extensions ['ignore', 'ignore_ament_install']
[1.425s] Level 1:colcon.colcon_core.package_identification:_identify(src/powerarm) by extension 'ignore'
[1.425s] Level 1:colcon.colcon_core.package_identification:_identify(src/powerarm) by extension 'ignore_ament_install'
[1.426s] Level 1:colcon.colcon_core.package_identification:_identify(src/powerarm) by extensions ['colcon_pkg']
[1.426s] Level 1:colcon.colcon_core.package_identification:_identify(src/powerarm) by extension 'colcon_pkg'
[1.426s] Level 1:colcon.colcon_core.package_identification:_identify(src/powerarm) by extensions ['colcon_meta']
[1.426s] Level 1:colcon.colcon_core.package_identification:_identify(src/powerarm) by extension 'colcon_meta'
[1.426s] Level 1:colcon.colcon_core.package_identification:_identify(src/powerarm) by extensions ['ros']
[1.426s] Level 1:colcon.colcon_core.package_identification:_identify(src/powerarm) by extension 'ros'
[1.426s] DEBUG:colcon.colcon_core.package_identification:Package 'src/powerarm' with type 'ros.ament_cmake' and name 'powerarm'
[1.426s] Level 1:colcon.colcon_core.package_identification:_identify(src/powerarm_moveit_config) by extensions ['ignore', 'ignore_ament_install']
[1.426s] Level 1:colcon.colcon_core.package_identification:_identify(src/powerarm_moveit_config) by extension 'ignore'
[1.427s] Level 1:colcon.colcon_core.package_identification:_identify(src/powerarm_moveit_config) by extension 'ignore_ament_install'
[1.427s] Level 1:colcon.colcon_core.package_identification:_identify(src/powerarm_moveit_config) by extensions ['colcon_pkg']
[1.427s] Level 1:colcon.colcon_core.package_identification:_identify(src/powerarm_moveit_config) by extension 'colcon_pkg'
[1.427s] Level 1:colcon.colcon_core.package_identification:_identify(src/powerarm_moveit_config) by extensions ['colcon_meta']
[1.427s] Level 1:colcon.colcon_core.package_identification:_identify(src/powerarm_moveit_config) by extension 'colcon_meta'
[1.427s] Level 1:colcon.colcon_core.package_identification:_identify(src/powerarm_moveit_config) by extensions ['ros']
[1.427s] Level 1:colcon.colcon_core.package_identification:_identify(src/powerarm_moveit_config) by extension 'ros'
[1.427s] DEBUG:colcon.colcon_core.package_identification:Package 'src/powerarm_moveit_config' with type 'ros.ament_cmake' and name 'powerarm_moveit_config'
[1.428s] Level 1:colcon.colcon_core.package_identification:_identify(src/powerarm_urdf) by extensions ['ignore', 'ignore_ament_install']
[1.428s] Level 1:colcon.colcon_core.package_identification:_identify(src/powerarm_urdf) by extension 'ignore'
[1.428s] Level 1:colcon.colcon_core.package_identification:_identify(src/powerarm_urdf) by extension 'ignore_ament_install'
[1.428s] Level 1:colcon.colcon_core.package_identification:_identify(src/powerarm_urdf) by extensions ['colcon_pkg']
[1.428s] Level 1:colcon.colcon_core.package_identification:_identify(src/powerarm_urdf) by extension 'colcon_pkg'
[1.428s] Level 1:colcon.colcon_core.package_identification:_identify(src/powerarm_urdf) by extensions ['colcon_meta']
[1.428s] Level 1:colcon.colcon_core.package_identification:_identify(src/powerarm_urdf) by extension 'colcon_meta'
[1.428s] Level 1:colcon.colcon_core.package_identification:_identify(src/powerarm_urdf) by extensions ['ros']
[1.428s] Level 1:colcon.colcon_core.package_identification:_identify(src/powerarm_urdf) by extension 'ros'
[1.428s] DEBUG:colcon.colcon_core.package_identification:Package 'src/powerarm_urdf' with type 'ros.ament_cmake' and name 'powerarm_urdf'
[1.429s] Level 1:colcon.colcon_core.package_discovery:discover_packages(recursive) using defaults
[1.429s] Level 1:colcon.colcon_core.package_discovery:discover_packages(ignore) discover
[1.429s] Level 1:colcon.colcon_core.package_discovery:discover_packages(ignore) using defaults
[1.429s] Level 1:colcon.colcon_core.package_discovery:discover_packages(path) discover
[1.429s] Level 1:colcon.colcon_core.package_discovery:discover_packages(path) using defaults
[1.525s] Level 1:colcon.colcon_core.package_discovery:discover_packages(prefix_path) check parameters
[1.525s] Level 1:colcon.colcon_core.package_discovery:discover_packages(prefix_path) discover
[1.557s] DEBUG:colcon.colcon_installed_package_information.package_discovery:Found 4 installed packages in /home/wenda/powerarm_ws/install
[1.573s] DEBUG:colcon.colcon_installed_package_information.package_discovery:Found 2 installed packages in /home/wenda/test_ws/install
[1.589s] DEBUG:colcon.colcon_installed_package_information.package_discovery:Found 333 installed packages in /opt/ros/humble
[1.591s] Level 1:colcon.colcon_core.package_discovery:discover_packages(prefix_path) using defaults
[1.707s] Level 5:colcon.colcon_core.verb:set package 'moveit_visual_tools' build argument 'cmake_args' from command line to 'None'
[1.707s] Level 5:colcon.colcon_core.verb:set package 'moveit_visual_tools' build argument 'cmake_target' from command line to 'None'
[1.707s] Level 5:colcon.colcon_core.verb:set package 'moveit_visual_tools' build argument 'cmake_target_skip_unavailable' from command line to 'False'
[1.707s] Level 5:colcon.colcon_core.verb:set package 'moveit_visual_tools' build argument 'cmake_clean_cache' from command line to 'False'
[1.707s] Level 5:colcon.colcon_core.verb:set package 'moveit_visual_tools' build argument 'cmake_clean_first' from command line to 'False'
[1.707s] Level 5:colcon.colcon_core.verb:set package 'moveit_visual_tools' build argument 'cmake_force_configure' from command line to 'False'
[1.707s] Level 5:colcon.colcon_core.verb:set package 'moveit_visual_tools' build argument 'ament_cmake_args' from command line to 'None'
[1.708s] Level 5:colcon.colcon_core.verb:set package 'moveit_visual_tools' build argument 'catkin_cmake_args' from command line to 'None'
[1.708s] Level 5:colcon.colcon_core.verb:set package 'moveit_visual_tools' build argument 'catkin_skip_building_tests' from command line to 'False'
[1.708s] DEBUG:colcon.colcon_core.verb:Building package 'moveit_visual_tools' with the following arguments: {'ament_cmake_args': None, 'build_base': '/home/wenda/powerarm_ws/build/moveit_visual_tools', 'catkin_cmake_args': None, 'catkin_skip_building_tests': False, 'cmake_args': None, 'cmake_clean_cache': False, 'cmake_clean_first': False, 'cmake_force_configure': False, 'cmake_target': None, 'cmake_target_skip_unavailable': False, 'install_base': '/home/wenda/powerarm_ws/install/moveit_visual_tools', 'merge_install': False, 'path': '/home/wenda/powerarm_ws/src/moveit_visual_tools-ros2', 'symlink_install': False, 'test_result_base': None}
[1.723s] Level 5:colcon.colcon_core.verb:set package 'powerarm' build argument 'cmake_args' from command line to 'None'
[1.723s] Level 5:colcon.colcon_core.verb:set package 'powerarm' build argument 'cmake_target' from command line to 'None'
[1.723s] Level 5:colcon.colcon_core.verb:set package 'powerarm' build argument 'cmake_target_skip_unavailable' from command line to 'False'
[1.723s] Level 5:colcon.colcon_core.verb:set package 'powerarm' build argument 'cmake_clean_cache' from command line to 'False'
[1.723s] Level 5:colcon.colcon_core.verb:set package 'powerarm' build argument 'cmake_clean_first' from command line to 'False'
[1.723s] Level 5:colcon.colcon_core.verb:set package 'powerarm' build argument 'cmake_force_configure' from command line to 'False'
[1.723s] Level 5:colcon.colcon_core.verb:set package 'powerarm' build argument 'ament_cmake_args' from command line to 'None'
[1.723s] Level 5:colcon.colcon_core.verb:set package 'powerarm' build argument 'catkin_cmake_args' from command line to 'None'
[1.723s] Level 5:colcon.colcon_core.verb:set package 'powerarm' build argument 'catkin_skip_building_tests' from command line to 'False'
[1.723s] DEBUG:colcon.colcon_core.verb:Building package 'powerarm' with the following arguments: {'ament_cmake_args': None, 'build_base': '/home/wenda/powerarm_ws/build/powerarm', 'catkin_cmake_args': None, 'catkin_skip_building_tests': False, 'cmake_args': None, 'cmake_clean_cache': False, 'cmake_clean_first': False, 'cmake_force_configure': False, 'cmake_target': None, 'cmake_target_skip_unavailable': False, 'install_base': '/home/wenda/powerarm_ws/install/powerarm', 'merge_install': False, 'path': '/home/wenda/powerarm_ws/src/powerarm', 'symlink_install': False, 'test_result_base': None}
[1.739s] Level 5:colcon.colcon_core.verb:set package 'powerarm_urdf' build argument 'cmake_args' from command line to 'None'
[1.739s] Level 5:colcon.colcon_core.verb:set package 'powerarm_urdf' build argument 'cmake_target' from command line to 'None'
[1.739s] Level 5:colcon.colcon_core.verb:set package 'powerarm_urdf' build argument 'cmake_target_skip_unavailable' from command line to 'False'
[1.739s] Level 5:colcon.colcon_core.verb:set package 'powerarm_urdf' build argument 'cmake_clean_cache' from command line to 'False'
[1.739s] Level 5:colcon.colcon_core.verb:set package 'powerarm_urdf' build argument 'cmake_clean_first' from command line to 'False'
[1.739s] Level 5:colcon.colcon_core.verb:set package 'powerarm_urdf' build argument 'cmake_force_configure' from command line to 'False'
[1.739s] Level 5:colcon.colcon_core.verb:set package 'powerarm_urdf' build argument 'ament_cmake_args' from command line to 'None'
[1.739s] Level 5:colcon.colcon_core.verb:set package 'powerarm_urdf' build argument 'catkin_cmake_args' from command line to 'None'
[1.739s] Level 5:colcon.colcon_core.verb:set package 'powerarm_urdf' build argument 'catkin_skip_building_tests' from command line to 'False'
[1.739s] DEBUG:colcon.colcon_core.verb:Building package 'powerarm_urdf' with the following arguments: {'ament_cmake_args': None, 'build_base': '/home/wenda/powerarm_ws/build/powerarm_urdf', 'catkin_cmake_args': None, 'catkin_skip_building_tests': False, 'cmake_args': None, 'cmake_clean_cache': False, 'cmake_clean_first': False, 'cmake_force_configure': False, 'cmake_target': None, 'cmake_target_skip_unavailable': False, 'install_base': '/home/wenda/powerarm_ws/install/powerarm_urdf', 'merge_install': False, 'path': '/home/wenda/powerarm_ws/src/powerarm_urdf', 'symlink_install': False, 'test_result_base': None}
[1.755s] Level 5:colcon.colcon_core.verb:set package 'powerarm_moveit_config' build argument 'cmake_args' from command line to 'None'
[1.755s] Level 5:colcon.colcon_core.verb:set package 'powerarm_moveit_config' build argument 'cmake_target' from command line to 'None'
[1.755s] Level 5:colcon.colcon_core.verb:set package 'powerarm_moveit_config' build argument 'cmake_target_skip_unavailable' from command line to 'False'
[1.755s] Level 5:colcon.colcon_core.verb:set package 'powerarm_moveit_config' build argument 'cmake_clean_cache' from command line to 'False'
[1.755s] Level 5:colcon.colcon_core.verb:set package 'powerarm_moveit_config' build argument 'cmake_clean_first' from command line to 'False'
[1.755s] Level 5:colcon.colcon_core.verb:set package 'powerarm_moveit_config' build argument 'cmake_force_configure' from command line to 'False'
[1.755s] Level 5:colcon.colcon_core.verb:set package 'powerarm_moveit_config' build argument 'ament_cmake_args' from command line to 'None'
[1.755s] Level 5:colcon.colcon_core.verb:set package 'powerarm_moveit_config' build argument 'catkin_cmake_args' from command line to 'None'
[1.755s] Level 5:colcon.colcon_core.verb:set package 'powerarm_moveit_config' build argument 'catkin_skip_building_tests' from command line to 'False'
[1.755s] DEBUG:colcon.colcon_core.verb:Building package 'powerarm_moveit_config' with the following arguments: {'ament_cmake_args': None, 'build_base': '/home/wenda/powerarm_ws/build/powerarm_moveit_config', 'catkin_cmake_args': None, 'catkin_skip_building_tests': False, 'cmake_args': None, 'cmake_clean_cache': False, 'cmake_clean_first': False, 'cmake_force_configure': False, 'cmake_target': None, 'cmake_target_skip_unavailable': False, 'install_base': '/home/wenda/powerarm_ws/install/powerarm_moveit_config', 'merge_install': False, 'path': '/home/wenda/powerarm_ws/src/powerarm_moveit_config', 'symlink_install': False, 'test_result_base': None}
[1.770s] INFO:colcon.colcon_core.executor:Executing jobs using 'parallel' executor
[1.786s] DEBUG:colcon.colcon_parallel_executor.executor.parallel:run_until_complete
[1.787s] INFO:colcon.colcon_ros.task.ament_cmake.build:Building ROS package in '/home/wenda/powerarm_ws/src/powerarm_urdf' with build type 'ament_cmake'
[1.787s] INFO:colcon.colcon_cmake.task.cmake.build:Building CMake package in '/home/wenda/powerarm_ws/src/powerarm_urdf'
[1.805s] INFO:colcon.colcon_core.plugin_system:Skipping extension 'colcon_core.shell.bat': Not used on non-Windows systems
[1.805s] INFO:colcon.colcon_core.shell:Skip shell extension 'powershell' for command environment: Not usable outside of PowerShell
[1.805s] DEBUG:colcon.colcon_core.shell:Skip shell extension 'dsv' for command environment
[1.871s] INFO:colcon.colcon_ros.task.ament_cmake.build:Building ROS package in '/home/wenda/powerarm_ws/src/moveit_visual_tools-ros2' with build type 'ament_cmake'
[1.872s] INFO:colcon.colcon_cmake.task.cmake.build:Building CMake package in '/home/wenda/powerarm_ws/src/moveit_visual_tools-ros2'
[1.888s] INFO:colcon.colcon_core.shell:Skip shell extension 'powershell' for command environment: Not usable outside of PowerShell
[1.889s] DEBUG:colcon.colcon_core.shell:Skip shell extension 'dsv' for command environment
[1.954s] INFO:colcon.colcon_ros.task.ament_cmake.build:Building ROS package in '/home/wenda/powerarm_ws/src/powerarm' with build type 'ament_cmake'
[1.954s] INFO:colcon.colcon_cmake.task.cmake.build:Building CMake package in '/home/wenda/powerarm_ws/src/powerarm'
[1.969s] INFO:colcon.colcon_core.shell:Skip shell extension 'powershell' for command environment: Not usable outside of PowerShell
[1.969s] DEBUG:colcon.colcon_core.shell:Skip shell extension 'dsv' for command environment
[2.040s] DEBUG:colcon.colcon_core.event_handler.log_command:Invoking command in '/home/wenda/powerarm_ws/build/powerarm_urdf': CMAKE_PREFIX_PATH=${CMAKE_PREFIX_PATH}:/opt/ros/humble /usr/bin/cmake --build /home/wenda/powerarm_ws/build/powerarm_urdf -- -j16 -l16
[2.043s] DEBUG:colcon.colcon_core.event_handler.log_command:Invoking command in '/home/wenda/powerarm_ws/build/moveit_visual_tools': CMAKE_PREFIX_PATH=${CMAKE_PREFIX_PATH}:/opt/ros/humble /usr/bin/cmake --build /home/wenda/powerarm_ws/build/moveit_visual_tools -- -j16 -l16
[2.047s] DEBUG:colcon.colcon_core.event_handler.log_command:Invoking command in '/home/wenda/powerarm_ws/build/powerarm': CMAKE_PREFIX_PATH=${CMAKE_PREFIX_PATH}:/opt/ros/humble /usr/bin/cmake --build /home/wenda/powerarm_ws/build/powerarm -- -j16 -l16
[2.073s] DEBUG:colcon.colcon_core.event_handler.log_command:Invoked command in '/home/wenda/powerarm_ws/build/powerarm_urdf' returned '0': CMAKE_PREFIX_PATH=${CMAKE_PREFIX_PATH}:/opt/ros/humble /usr/bin/cmake --build /home/wenda/powerarm_ws/build/powerarm_urdf -- -j16 -l16
[2.101s] DEBUG:colcon.colcon_core.event_handler.log_command:Invoking command in '/home/wenda/powerarm_ws/build/powerarm_urdf': CMAKE_PREFIX_PATH=${CMAKE_PREFIX_PATH}:/opt/ros/humble /usr/bin/cmake --install /home/wenda/powerarm_ws/build/powerarm_urdf
[2.111s] Level 1:colcon.colcon_core.environment:create_environment_scripts_only(powerarm_urdf)
[2.112s] DEBUG:colcon.colcon_core.event_handler.log_command:Invoked command in '/home/wenda/powerarm_ws/build/powerarm_urdf' returned '0': CMAKE_PREFIX_PATH=${CMAKE_PREFIX_PATH}:/opt/ros/humble /usr/bin/cmake --install /home/wenda/powerarm_ws/build/powerarm_urdf
[2.137s] Level 1:colcon.colcon_core.environment:checking '/home/wenda/powerarm_ws/install/powerarm_urdf' for CMake module files
[2.138s] Level 1:colcon.colcon_core.environment:checking '/home/wenda/powerarm_ws/install/powerarm_urdf' for CMake config files
[2.138s] Level 1:colcon.colcon_core.shell:create_environment_hook('powerarm_urdf', 'cmake_prefix_path')
[2.163s] INFO:colcon.colcon_core.shell:Creating environment hook '/home/wenda/powerarm_ws/install/powerarm_urdf/share/powerarm_urdf/hook/cmake_prefix_path.ps1'
[2.164s] INFO:colcon.colcon_core.shell:Creating environment descriptor '/home/wenda/powerarm_ws/install/powerarm_urdf/share/powerarm_urdf/hook/cmake_prefix_path.dsv'
[2.164s] INFO:colcon.colcon_core.shell:Creating environment hook '/home/wenda/powerarm_ws/install/powerarm_urdf/share/powerarm_urdf/hook/cmake_prefix_path.sh'
[2.165s] Level 1:colcon.colcon_core.environment:checking '/home/wenda/powerarm_ws/install/powerarm_urdf/bin'
[2.165s] Level 1:colcon.colcon_core.environment:checking '/home/wenda/powerarm_ws/install/powerarm_urdf/lib/pkgconfig/powerarm_urdf.pc'
[2.166s] Level 1:colcon.colcon_core.environment:checking '/home/wenda/powerarm_ws/install/powerarm_urdf/lib/python3.10/site-packages'
[2.166s] Level 1:colcon.colcon_core.environment:checking '/home/wenda/powerarm_ws/install/powerarm_urdf/bin'
[2.187s] INFO:colcon.colcon_core.shell:Creating package script '/home/wenda/powerarm_ws/install/powerarm_urdf/share/powerarm_urdf/package.ps1'
[2.188s] INFO:colcon.colcon_core.shell:Creating package descriptor '/home/wenda/powerarm_ws/install/powerarm_urdf/share/powerarm_urdf/package.dsv'
[2.189s] INFO:colcon.colcon_core.shell:Creating package script '/home/wenda/powerarm_ws/install/powerarm_urdf/share/powerarm_urdf/package.sh'
[2.190s] INFO:colcon.colcon_core.shell:Creating package script '/home/wenda/powerarm_ws/install/powerarm_urdf/share/powerarm_urdf/package.bash'
[2.192s] INFO:colcon.colcon_core.shell:Creating package script '/home/wenda/powerarm_ws/install/powerarm_urdf/share/powerarm_urdf/package.zsh'
[2.193s] Level 1:colcon.colcon_core.environment:create_file_with_runtime_dependencies(/home/wenda/powerarm_ws/install/powerarm_urdf/share/colcon-core/packages/powerarm_urdf)
[2.195s] DEBUG:colcon.colcon_core.event_handler.log_command:Invoked command in '/home/wenda/powerarm_ws/build/moveit_visual_tools' returned '0': CMAKE_PREFIX_PATH=${CMAKE_PREFIX_PATH}:/opt/ros/humble /usr/bin/cmake --build /home/wenda/powerarm_ws/build/moveit_visual_tools -- -j16 -l16
[2.227s] Level 1:colcon.colcon_core.environment:create_environment_scripts_only(powerarm_urdf)
[2.243s] Level 1:colcon.colcon_core.environment:checking '/home/wenda/powerarm_ws/install/powerarm_urdf' for CMake module files
[2.243s] Level 1:colcon.colcon_core.environment:checking '/home/wenda/powerarm_ws/install/powerarm_urdf' for CMake config files
[2.244s] Level 1:colcon.colcon_core.shell:create_environment_hook('powerarm_urdf', 'cmake_prefix_path')
[2.261s] INFO:colcon.colcon_core.shell:Creating environment hook '/home/wenda/powerarm_ws/install/powerarm_urdf/share/powerarm_urdf/hook/cmake_prefix_path.ps1'
[2.261s] INFO:colcon.colcon_core.shell:Creating environment descriptor '/home/wenda/powerarm_ws/install/powerarm_urdf/share/powerarm_urdf/hook/cmake_prefix_path.dsv'
[2.261s] INFO:colcon.colcon_core.shell:Creating environment hook '/home/wenda/powerarm_ws/install/powerarm_urdf/share/powerarm_urdf/hook/cmake_prefix_path.sh'
[2.262s] Level 1:colcon.colcon_core.environment:checking '/home/wenda/powerarm_ws/install/powerarm_urdf/bin'
[2.262s] Level 1:colcon.colcon_core.environment:checking '/home/wenda/powerarm_ws/install/powerarm_urdf/lib/pkgconfig/powerarm_urdf.pc'
[2.262s] Level 1:colcon.colcon_core.environment:checking '/home/wenda/powerarm_ws/install/powerarm_urdf/lib/python3.10/site-packages'
[2.262s] Level 1:colcon.colcon_core.environment:checking '/home/wenda/powerarm_ws/install/powerarm_urdf/bin'
[2.278s] INFO:colcon.colcon_core.shell:Creating package script '/home/wenda/powerarm_ws/install/powerarm_urdf/share/powerarm_urdf/package.ps1'
[2.279s] INFO:colcon.colcon_core.shell:Creating package descriptor '/home/wenda/powerarm_ws/install/powerarm_urdf/share/powerarm_urdf/package.dsv'
[2.280s] INFO:colcon.colcon_core.shell:Creating package script '/home/wenda/powerarm_ws/install/powerarm_urdf/share/powerarm_urdf/package.sh'
[2.280s] INFO:colcon.colcon_core.shell:Creating package script '/home/wenda/powerarm_ws/install/powerarm_urdf/share/powerarm_urdf/package.bash'
[2.281s] INFO:colcon.colcon_core.shell:Creating package script '/home/wenda/powerarm_ws/install/powerarm_urdf/share/powerarm_urdf/package.zsh'
[2.281s] Level 1:colcon.colcon_core.environment:create_file_with_runtime_dependencies(/home/wenda/powerarm_ws/install/powerarm_urdf/share/colcon-core/packages/powerarm_urdf)
[2.282s] INFO:colcon.colcon_ros.task.ament_cmake.build:Building ROS package in '/home/wenda/powerarm_ws/src/powerarm_moveit_config' with build type 'ament_cmake'
[2.282s] INFO:colcon.colcon_cmake.task.cmake.build:Building CMake package in '/home/wenda/powerarm_ws/src/powerarm_moveit_config'
[2.297s] INFO:colcon.colcon_core.shell:Skip shell extension 'powershell' for command environment: Not usable outside of PowerShell
[2.297s] DEBUG:colcon.colcon_core.shell:Skip shell extension 'dsv' for command environment
[2.364s] DEBUG:colcon.colcon_core.event_handler.log_command:Invoking command in '/home/wenda/powerarm_ws/build/moveit_visual_tools': CMAKE_PREFIX_PATH=${CMAKE_PREFIX_PATH}:/opt/ros/humble /usr/bin/cmake --install /home/wenda/powerarm_ws/build/moveit_visual_tools
[2.366s] DEBUG:colcon.colcon_core.event_handler.log_command:Invoking command in '/home/wenda/powerarm_ws/build/powerarm_moveit_config': CMAKE_PREFIX_PATH=/home/wenda/powerarm_ws/install/powerarm_urdf:/home/wenda/powerarm_ws/install/powerarm_moveit_config:/home/wenda/powerarm_ws/install/powerarm:/home/wenda/powerarm_ws/install/moveit_visual_tools:/home/wenda/test_ws/install/elite_ec66_moveit_config:/home/wenda/test_ws/install/elite_description:/opt/ros/humble /usr/bin/cmake --build /home/wenda/powerarm_ws/build/powerarm_moveit_config -- -j16 -l16
[2.373s] Level 1:colcon.colcon_core.environment:create_environment_scripts_only(moveit_visual_tools)
[2.374s] DEBUG:colcon.colcon_core.event_handler.log_command:Invoked command in '/home/wenda/powerarm_ws/build/moveit_visual_tools' returned '0': CMAKE_PREFIX_PATH=${CMAKE_PREFIX_PATH}:/opt/ros/humble /usr/bin/cmake --install /home/wenda/powerarm_ws/build/moveit_visual_tools
[2.390s] Level 1:colcon.colcon_core.environment:checking '/home/wenda/powerarm_ws/install/moveit_visual_tools' for CMake module files
[2.391s] Level 1:colcon.colcon_core.environment:checking '/home/wenda/powerarm_ws/install/moveit_visual_tools' for CMake config files
[2.391s] Level 1:colcon.colcon_core.shell:create_environment_hook('moveit_visual_tools', 'cmake_prefix_path')
[2.407s] INFO:colcon.colcon_core.shell:Creating environment hook '/home/wenda/powerarm_ws/install/moveit_visual_tools/share/moveit_visual_tools/hook/cmake_prefix_path.ps1'
[2.407s] INFO:colcon.colcon_core.shell:Creating environment descriptor '/home/wenda/powerarm_ws/install/moveit_visual_tools/share/moveit_visual_tools/hook/cmake_prefix_path.dsv'
[2.408s] INFO:colcon.colcon_core.shell:Creating environment hook '/home/wenda/powerarm_ws/install/moveit_visual_tools/share/moveit_visual_tools/hook/cmake_prefix_path.sh'
[2.408s] Level 1:colcon.colcon_core.environment:checking '/home/wenda/powerarm_ws/install/moveit_visual_tools/lib'
[2.409s] Level 1:colcon.colcon_core.shell:create_environment_hook('moveit_visual_tools', 'ld_library_path_lib')
[2.425s] INFO:colcon.colcon_core.shell:Creating environment hook '/home/wenda/powerarm_ws/install/moveit_visual_tools/share/moveit_visual_tools/hook/ld_library_path_lib.ps1'
[2.425s] INFO:colcon.colcon_core.shell:Creating environment descriptor '/home/wenda/powerarm_ws/install/moveit_visual_tools/share/moveit_visual_tools/hook/ld_library_path_lib.dsv'
[2.426s] INFO:colcon.colcon_core.shell:Creating environment hook '/home/wenda/powerarm_ws/install/moveit_visual_tools/share/moveit_visual_tools/hook/ld_library_path_lib.sh'
[2.426s] Level 1:colcon.colcon_core.environment:checking '/home/wenda/powerarm_ws/install/moveit_visual_tools/bin'
[2.426s] Level 1:colcon.colcon_core.environment:checking '/home/wenda/powerarm_ws/install/moveit_visual_tools/lib/pkgconfig/moveit_visual_tools.pc'
[2.426s] Level 1:colcon.colcon_core.environment:checking '/home/wenda/powerarm_ws/install/moveit_visual_tools/lib/python3.10/site-packages'
[2.426s] Level 1:colcon.colcon_core.environment:checking '/home/wenda/powerarm_ws/install/moveit_visual_tools/bin'
[2.442s] INFO:colcon.colcon_core.shell:Creating package script '/home/wenda/powerarm_ws/install/moveit_visual_tools/share/moveit_visual_tools/package.ps1'
[2.442s] INFO:colcon.colcon_core.shell:Creating package descriptor '/home/wenda/powerarm_ws/install/moveit_visual_tools/share/moveit_visual_tools/package.dsv'
[2.443s] INFO:colcon.colcon_core.shell:Creating package script '/home/wenda/powerarm_ws/install/moveit_visual_tools/share/moveit_visual_tools/package.sh'
[2.443s] INFO:colcon.colcon_core.shell:Creating package script '/home/wenda/powerarm_ws/install/moveit_visual_tools/share/moveit_visual_tools/package.bash'
[2.443s] INFO:colcon.colcon_core.shell:Creating package script '/home/wenda/powerarm_ws/install/moveit_visual_tools/share/moveit_visual_tools/package.zsh'
[2.444s] Level 1:colcon.colcon_core.environment:create_file_with_runtime_dependencies(/home/wenda/powerarm_ws/install/moveit_visual_tools/share/colcon-core/packages/moveit_visual_tools)
[2.446s] DEBUG:colcon.colcon_core.event_handler.log_command:Invoked command in '/home/wenda/powerarm_ws/build/powerarm_moveit_config' returned '0': CMAKE_PREFIX_PATH=/home/wenda/powerarm_ws/install/powerarm_urdf:/home/wenda/powerarm_ws/install/powerarm_moveit_config:/home/wenda/powerarm_ws/install/powerarm:/home/wenda/powerarm_ws/install/moveit_visual_tools:/home/wenda/test_ws/install/elite_ec66_moveit_config:/home/wenda/test_ws/install/elite_description:/opt/ros/humble /usr/bin/cmake --build /home/wenda/powerarm_ws/build/powerarm_moveit_config -- -j16 -l16
[2.462s] DEBUG:colcon.colcon_core.event_handler.log_command:Invoking command in '/home/wenda/powerarm_ws/build/powerarm_moveit_config': CMAKE_PREFIX_PATH=/home/wenda/powerarm_ws/install/powerarm_urdf:/home/wenda/powerarm_ws/install/powerarm_moveit_config:/home/wenda/powerarm_ws/install/powerarm:/home/wenda/powerarm_ws/install/moveit_visual_tools:/home/wenda/test_ws/install/elite_ec66_moveit_config:/home/wenda/test_ws/install/elite_description:/opt/ros/humble /usr/bin/cmake --install /home/wenda/powerarm_ws/build/powerarm_moveit_config
[2.487s] Level 1:colcon.colcon_core.environment:create_environment_scripts_only(moveit_visual_tools)
[2.504s] Level 1:colcon.colcon_core.environment:checking '/home/wenda/powerarm_ws/install/moveit_visual_tools' for CMake module files
[2.504s] Level 1:colcon.colcon_core.environment:checking '/home/wenda/powerarm_ws/install/moveit_visual_tools' for CMake config files
[2.504s] Level 1:colcon.colcon_core.shell:create_environment_hook('moveit_visual_tools', 'cmake_prefix_path')
[2.520s] INFO:colcon.colcon_core.shell:Creating environment hook '/home/wenda/powerarm_ws/install/moveit_visual_tools/share/moveit_visual_tools/hook/cmake_prefix_path.ps1'
[2.521s] INFO:colcon.colcon_core.shell:Creating environment descriptor '/home/wenda/powerarm_ws/install/moveit_visual_tools/share/moveit_visual_tools/hook/cmake_prefix_path.dsv'
[2.521s] INFO:colcon.colcon_core.shell:Creating environment hook '/home/wenda/powerarm_ws/install/moveit_visual_tools/share/moveit_visual_tools/hook/cmake_prefix_path.sh'
[2.522s] Level 1:colcon.colcon_core.environment:checking '/home/wenda/powerarm_ws/install/moveit_visual_tools/lib'
[2.522s] Level 1:colcon.colcon_core.shell:create_environment_hook('moveit_visual_tools', 'ld_library_path_lib')
[2.538s] INFO:colcon.colcon_core.shell:Creating environment hook '/home/wenda/powerarm_ws/install/moveit_visual_tools/share/moveit_visual_tools/hook/ld_library_path_lib.ps1'
[2.538s] INFO:colcon.colcon_core.shell:Creating environment descriptor '/home/wenda/powerarm_ws/install/moveit_visual_tools/share/moveit_visual_tools/hook/ld_library_path_lib.dsv'
[2.539s] INFO:colcon.colcon_core.shell:Creating environment hook '/home/wenda/powerarm_ws/install/moveit_visual_tools/share/moveit_visual_tools/hook/ld_library_path_lib.sh'
[2.539s] Level 1:colcon.colcon_core.environment:checking '/home/wenda/powerarm_ws/install/moveit_visual_tools/bin'
[2.539s] Level 1:colcon.colcon_core.environment:checking '/home/wenda/powerarm_ws/install/moveit_visual_tools/lib/pkgconfig/moveit_visual_tools.pc'
[2.539s] Level 1:colcon.colcon_core.environment:checking '/home/wenda/powerarm_ws/install/moveit_visual_tools/lib/python3.10/site-packages'
[2.540s] Level 1:colcon.colcon_core.environment:checking '/home/wenda/powerarm_ws/install/moveit_visual_tools/bin'
[2.556s] INFO:colcon.colcon_core.shell:Creating package script '/home/wenda/powerarm_ws/install/moveit_visual_tools/share/moveit_visual_tools/package.ps1'
[2.557s] INFO:colcon.colcon_core.shell:Creating package descriptor '/home/wenda/powerarm_ws/install/moveit_visual_tools/share/moveit_visual_tools/package.dsv'
[2.557s] INFO:colcon.colcon_core.shell:Creating package script '/home/wenda/powerarm_ws/install/moveit_visual_tools/share/moveit_visual_tools/package.sh'
[2.557s] INFO:colcon.colcon_core.shell:Creating package script '/home/wenda/powerarm_ws/install/moveit_visual_tools/share/moveit_visual_tools/package.bash'
[2.558s] INFO:colcon.colcon_core.shell:Creating package script '/home/wenda/powerarm_ws/install/moveit_visual_tools/share/moveit_visual_tools/package.zsh'
[2.558s] Level 1:colcon.colcon_core.environment:create_file_with_runtime_dependencies(/home/wenda/powerarm_ws/install/moveit_visual_tools/share/colcon-core/packages/moveit_visual_tools)
[2.559s] Level 1:colcon.colcon_core.environment:create_environment_scripts_only(powerarm_moveit_config)
[2.560s] DEBUG:colcon.colcon_core.event_handler.log_command:Invoked command in '/home/wenda/powerarm_ws/build/powerarm_moveit_config' returned '0': CMAKE_PREFIX_PATH=/home/wenda/powerarm_ws/install/powerarm_urdf:/home/wenda/powerarm_ws/install/powerarm_moveit_config:/home/wenda/powerarm_ws/install/powerarm:/home/wenda/powerarm_ws/install/moveit_visual_tools:/home/wenda/test_ws/install/elite_ec66_moveit_config:/home/wenda/test_ws/install/elite_description:/opt/ros/humble /usr/bin/cmake --install /home/wenda/powerarm_ws/build/powerarm_moveit_config
[2.577s] Level 1:colcon.colcon_core.environment:checking '/home/wenda/powerarm_ws/install/powerarm_moveit_config' for CMake module files
[2.578s] Level 1:colcon.colcon_core.environment:checking '/home/wenda/powerarm_ws/install/powerarm_moveit_config' for CMake config files
[2.578s] Level 1:colcon.colcon_core.shell:create_environment_hook('powerarm_moveit_config', 'cmake_prefix_path')
[2.595s] INFO:colcon.colcon_core.shell:Creating environment hook '/home/wenda/powerarm_ws/install/powerarm_moveit_config/share/powerarm_moveit_config/hook/cmake_prefix_path.ps1'
[2.596s] INFO:colcon.colcon_core.shell:Creating environment descriptor '/home/wenda/powerarm_ws/install/powerarm_moveit_config/share/powerarm_moveit_config/hook/cmake_prefix_path.dsv'
[2.597s] INFO:colcon.colcon_core.shell:Creating environment hook '/home/wenda/powerarm_ws/install/powerarm_moveit_config/share/powerarm_moveit_config/hook/cmake_prefix_path.sh'
[2.598s] Level 1:colcon.colcon_core.environment:checking '/home/wenda/powerarm_ws/install/powerarm_moveit_config/bin'
[2.598s] Level 1:colcon.colcon_core.environment:checking '/home/wenda/powerarm_ws/install/powerarm_moveit_config/lib/pkgconfig/powerarm_moveit_config.pc'
[2.598s] Level 1:colcon.colcon_core.environment:checking '/home/wenda/powerarm_ws/install/powerarm_moveit_config/lib/python3.10/site-packages'
[2.598s] Level 1:colcon.colcon_core.environment:checking '/home/wenda/powerarm_ws/install/powerarm_moveit_config/bin'
[2.615s] INFO:colcon.colcon_core.shell:Creating package script '/home/wenda/powerarm_ws/install/powerarm_moveit_config/share/powerarm_moveit_config/package.ps1'
[2.616s] INFO:colcon.colcon_core.shell:Creating package descriptor '/home/wenda/powerarm_ws/install/powerarm_moveit_config/share/powerarm_moveit_config/package.dsv'
[2.616s] INFO:colcon.colcon_core.shell:Creating package script '/home/wenda/powerarm_ws/install/powerarm_moveit_config/share/powerarm_moveit_config/package.sh'
[2.617s] INFO:colcon.colcon_core.shell:Creating package script '/home/wenda/powerarm_ws/install/powerarm_moveit_config/share/powerarm_moveit_config/package.bash'
[2.617s] INFO:colcon.colcon_core.shell:Creating package script '/home/wenda/powerarm_ws/install/powerarm_moveit_config/share/powerarm_moveit_config/package.zsh'
[2.618s] Level 1:colcon.colcon_core.environment:create_file_with_runtime_dependencies(/home/wenda/powerarm_ws/install/powerarm_moveit_config/share/colcon-core/packages/powerarm_moveit_config)
[2.653s] Level 1:colcon.colcon_core.environment:create_environment_scripts_only(powerarm_moveit_config)
[2.669s] Level 1:colcon.colcon_core.environment:checking '/home/wenda/powerarm_ws/install/powerarm_moveit_config' for CMake module files
[2.670s] Level 1:colcon.colcon_core.environment:checking '/home/wenda/powerarm_ws/install/powerarm_moveit_config' for CMake config files
[2.670s] Level 1:colcon.colcon_core.shell:create_environment_hook('powerarm_moveit_config', 'cmake_prefix_path')
[2.685s] INFO:colcon.colcon_core.shell:Creating environment hook '/home/wenda/powerarm_ws/install/powerarm_moveit_config/share/powerarm_moveit_config/hook/cmake_prefix_path.ps1'
[2.685s] INFO:colcon.colcon_core.shell:Creating environment descriptor '/home/wenda/powerarm_ws/install/powerarm_moveit_config/share/powerarm_moveit_config/hook/cmake_prefix_path.dsv'
[2.686s] INFO:colcon.colcon_core.shell:Creating environment hook '/home/wenda/powerarm_ws/install/powerarm_moveit_config/share/powerarm_moveit_config/hook/cmake_prefix_path.sh'
[2.686s] Level 1:colcon.colcon_core.environment:checking '/home/wenda/powerarm_ws/install/powerarm_moveit_config/bin'
[2.686s] Level 1:colcon.colcon_core.environment:checking '/home/wenda/powerarm_ws/install/powerarm_moveit_config/lib/pkgconfig/powerarm_moveit_config.pc'
[2.686s] Level 1:colcon.colcon_core.environment:checking '/home/wenda/powerarm_ws/install/powerarm_moveit_config/lib/python3.10/site-packages'
[2.686s] Level 1:colcon.colcon_core.environment:checking '/home/wenda/powerarm_ws/install/powerarm_moveit_config/bin'
[2.702s] INFO:colcon.colcon_core.shell:Creating package script '/home/wenda/powerarm_ws/install/powerarm_moveit_config/share/powerarm_moveit_config/package.ps1'
[2.703s] INFO:colcon.colcon_core.shell:Creating package descriptor '/home/wenda/powerarm_ws/install/powerarm_moveit_config/share/powerarm_moveit_config/package.dsv'
[2.703s] INFO:colcon.colcon_core.shell:Creating package script '/home/wenda/powerarm_ws/install/powerarm_moveit_config/share/powerarm_moveit_config/package.sh'
[2.704s] INFO:colcon.colcon_core.shell:Creating package script '/home/wenda/powerarm_ws/install/powerarm_moveit_config/share/powerarm_moveit_config/package.bash'
[2.704s] INFO:colcon.colcon_core.shell:Creating package script '/home/wenda/powerarm_ws/install/powerarm_moveit_config/share/powerarm_moveit_config/package.zsh'
[2.704s] Level 1:colcon.colcon_core.environment:create_file_with_runtime_dependencies(/home/wenda/powerarm_ws/install/powerarm_moveit_config/share/colcon-core/packages/powerarm_moveit_config)
[10.717s] DEBUG:colcon.colcon_core.event_handler.log_command:Invoked command in '/home/wenda/powerarm_ws/build/powerarm' returned '0': CMAKE_PREFIX_PATH=${CMAKE_PREFIX_PATH}:/opt/ros/humble /usr/bin/cmake --build /home/wenda/powerarm_ws/build/powerarm -- -j16 -l16
[10.738s] DEBUG:colcon.colcon_core.event_handler.log_command:Invoking command in '/home/wenda/powerarm_ws/build/powerarm': CMAKE_PREFIX_PATH=${CMAKE_PREFIX_PATH}:/opt/ros/humble /usr/bin/cmake --install /home/wenda/powerarm_ws/build/powerarm
[10.747s] Level 1:colcon.colcon_core.environment:create_environment_scripts_only(powerarm)
[10.748s] DEBUG:colcon.colcon_core.event_handler.log_command:Invoked command in '/home/wenda/powerarm_ws/build/powerarm' returned '0': CMAKE_PREFIX_PATH=${CMAKE_PREFIX_PATH}:/opt/ros/humble /usr/bin/cmake --install /home/wenda/powerarm_ws/build/powerarm
[10.763s] Level 1:colcon.colcon_core.environment:checking '/home/wenda/powerarm_ws/install/powerarm' for CMake module files
[10.763s] Level 1:colcon.colcon_core.environment:checking '/home/wenda/powerarm_ws/install/powerarm' for CMake config files
[10.764s] Level 1:colcon.colcon_core.shell:create_environment_hook('powerarm', 'cmake_prefix_path')
[10.779s] INFO:colcon.colcon_core.shell:Creating environment hook '/home/wenda/powerarm_ws/install/powerarm/share/powerarm/hook/cmake_prefix_path.ps1'
[10.779s] INFO:colcon.colcon_core.shell:Creating environment descriptor '/home/wenda/powerarm_ws/install/powerarm/share/powerarm/hook/cmake_prefix_path.dsv'
[10.780s] INFO:colcon.colcon_core.shell:Creating environment hook '/home/wenda/powerarm_ws/install/powerarm/share/powerarm/hook/cmake_prefix_path.sh'
[10.780s] Level 1:colcon.colcon_core.environment:checking '/home/wenda/powerarm_ws/install/powerarm/lib'
[10.780s] Level 1:colcon.colcon_core.environment:checking '/home/wenda/powerarm_ws/install/powerarm/bin'
[10.780s] Level 1:colcon.colcon_core.environment:checking '/home/wenda/powerarm_ws/install/powerarm/lib/pkgconfig/powerarm.pc'
[10.780s] Level 1:colcon.colcon_core.environment:checking '/home/wenda/powerarm_ws/install/powerarm/lib/python3.10/site-packages'
[10.781s] Level 1:colcon.colcon_core.environment:checking '/home/wenda/powerarm_ws/install/powerarm/bin'
[10.797s] INFO:colcon.colcon_core.shell:Creating package script '/home/wenda/powerarm_ws/install/powerarm/share/powerarm/package.ps1'
[10.798s] INFO:colcon.colcon_core.shell:Creating package descriptor '/home/wenda/powerarm_ws/install/powerarm/share/powerarm/package.dsv'
[10.798s] INFO:colcon.colcon_core.shell:Creating package script '/home/wenda/powerarm_ws/install/powerarm/share/powerarm/package.sh'
[10.798s] INFO:colcon.colcon_core.shell:Creating package script '/home/wenda/powerarm_ws/install/powerarm/share/powerarm/package.bash'
[10.799s] INFO:colcon.colcon_core.shell:Creating package script '/home/wenda/powerarm_ws/install/powerarm/share/powerarm/package.zsh'
[10.799s] Level 1:colcon.colcon_core.environment:create_file_with_runtime_dependencies(/home/wenda/powerarm_ws/install/powerarm/share/colcon-core/packages/powerarm)
[10.833s] Level 1:colcon.colcon_core.environment:create_environment_scripts_only(powerarm)
[10.849s] Level 1:colcon.colcon_core.environment:checking '/home/wenda/powerarm_ws/install/powerarm' for CMake module files
[10.849s] Level 1:colcon.colcon_core.environment:checking '/home/wenda/powerarm_ws/install/powerarm' for CMake config files
[10.849s] Level 1:colcon.colcon_core.shell:create_environment_hook('powerarm', 'cmake_prefix_path')
[10.866s] INFO:colcon.colcon_core.shell:Creating environment hook '/home/wenda/powerarm_ws/install/powerarm/share/powerarm/hook/cmake_prefix_path.ps1'
[10.866s] INFO:colcon.colcon_core.shell:Creating environment descriptor '/home/wenda/powerarm_ws/install/powerarm/share/powerarm/hook/cmake_prefix_path.dsv'
[10.866s] INFO:colcon.colcon_core.shell:Creating environment hook '/home/wenda/powerarm_ws/install/powerarm/share/powerarm/hook/cmake_prefix_path.sh'
[10.867s] Level 1:colcon.colcon_core.environment:checking '/home/wenda/powerarm_ws/install/powerarm/lib'
[10.867s] Level 1:colcon.colcon_core.environment:checking '/home/wenda/powerarm_ws/install/powerarm/bin'
[10.867s] Level 1:colcon.colcon_core.environment:checking '/home/wenda/powerarm_ws/install/powerarm/lib/pkgconfig/powerarm.pc'
[10.867s] Level 1:colcon.colcon_core.environment:checking '/home/wenda/powerarm_ws/install/powerarm/lib/python3.10/site-packages'
[10.867s] Level 1:colcon.colcon_core.environment:checking '/home/wenda/powerarm_ws/install/powerarm/bin'
[10.882s] INFO:colcon.colcon_core.shell:Creating package script '/home/wenda/powerarm_ws/install/powerarm/share/powerarm/package.ps1'
[10.883s] INFO:colcon.colcon_core.shell:Creating package descriptor '/home/wenda/powerarm_ws/install/powerarm/share/powerarm/package.dsv'
[10.883s] INFO:colcon.colcon_core.shell:Creating package script '/home/wenda/powerarm_ws/install/powerarm/share/powerarm/package.sh'
[10.884s] INFO:colcon.colcon_core.shell:Creating package script '/home/wenda/powerarm_ws/install/powerarm/share/powerarm/package.bash'
[10.884s] INFO:colcon.colcon_core.shell:Creating package script '/home/wenda/powerarm_ws/install/powerarm/share/powerarm/package.zsh'
[10.884s] Level 1:colcon.colcon_core.environment:create_file_with_runtime_dependencies(/home/wenda/powerarm_ws/install/powerarm/share/colcon-core/packages/powerarm)
[10.885s] DEBUG:colcon.colcon_parallel_executor.executor.parallel:closing loop
[10.885s] DEBUG:colcon.colcon_parallel_executor.executor.parallel:loop closed
[10.885s] DEBUG:colcon.colcon_parallel_executor.executor.parallel:run_until_complete finished with '0'
[10.886s] DEBUG:colcon.colcon_core.event_reactor:joining thread
[10.906s] INFO:colcon.colcon_core.plugin_system:Skipping extension 'colcon_notification.desktop_notification.terminal_notifier': Not used on non-Darwin systems
[10.906s] INFO:colcon.colcon_core.plugin_system:Skipping extension 'colcon_notification.desktop_notification.win32': Not used on non-Windows systems
[10.906s] INFO:colcon.colcon_notification.desktop_notification:Sending desktop notification using 'notify2'
[10.916s] DEBUG:colcon.colcon_core.event_reactor:joined thread
[10.933s] INFO:colcon.colcon_core.shell:Creating prefix script '/home/wenda/powerarm_ws/install/local_setup.ps1'
[10.934s] INFO:colcon.colcon_core.shell:Creating prefix util module '/home/wenda/powerarm_ws/install/_local_setup_util_ps1.py'
[10.935s] INFO:colcon.colcon_core.shell:Creating prefix chain script '/home/wenda/powerarm_ws/install/setup.ps1'
[10.952s] INFO:colcon.colcon_core.shell:Creating prefix script '/home/wenda/powerarm_ws/install/local_setup.sh'
[10.952s] INFO:colcon.colcon_core.shell:Creating prefix util module '/home/wenda/powerarm_ws/install/_local_setup_util_sh.py'
[10.953s] INFO:colcon.colcon_core.shell:Creating prefix chain script '/home/wenda/powerarm_ws/install/setup.sh'
[10.970s] INFO:colcon.colcon_core.shell:Creating prefix script '/home/wenda/powerarm_ws/install/local_setup.bash'
[10.970s] INFO:colcon.colcon_core.shell:Creating prefix chain script '/home/wenda/powerarm_ws/install/setup.bash'
[10.987s] INFO:colcon.colcon_core.shell:Creating prefix script '/home/wenda/powerarm_ws/install/local_setup.zsh'
[10.988s] INFO:colcon.colcon_core.shell:Creating prefix chain script '/home/wenda/powerarm_ws/install/setup.zsh'
