[1.349s] DEBUG:colcon:Command line arguments: ['/usr/bin/colcon', 'build']
[1.349s] DEBUG:colcon:Parsed command line arguments: Namespace(log_base=None, log_level=None, verb_name='build', build_base='build', install_base='install', merge_install=False, symlink_install=False, test_result_base=None, continue_on_error=False, executor='parallel', parallel_workers=16, event_handlers=None, ignore_user_meta=False, metas=['./colcon.meta'], base_paths=['.'], packages_ignore=None, packages_ignore_regex=None, paths=None, packages_up_to=None, packages_up_to_regex=None, packages_above=None, packages_above_and_dependencies=None, packages_above_depth=None, packages_select_by_dep=None, packages_skip_by_dep=None, packages_skip_up_to=None, packages_select_build_failed=False, packages_skip_build_finished=False, packages_select_test_failures=False, packages_skip_test_passed=False, packages_select=None, packages_skip=None, packages_select_regex=None, packages_skip_regex=None, packages_start=None, packages_end=None, allow_overriding=[], cmake_args=None, cmake_target=None, cmake_target_skip_unavailable=False, cmake_clean_cache=False, cmake_clean_first=False, cmake_force_configure=False, ament_cmake_args=None, catkin_cmake_args=None, catkin_skip_building_tests=False, mixin_files=None, mixin=None, verb_parser=<colcon_mixin.mixin.mixin_argument.MixinArgumentDecorator object at 0x7fc8a0f73af0>, verb_extension=<colcon_core.verb.build.BuildVerb object at 0x7fc8a0fa3e20>, main=<bound method BuildVerb.main of <colcon_core.verb.build.BuildVerb object at 0x7fc8a0fa3e20>>, mixin_verb=('build',))
[1.398s] Level 1:colcon.colcon_core.package_discovery:discover_packages(colcon_meta) check parameters
[1.398s] Level 1:colcon.colcon_core.package_discovery:discover_packages(recursive) check parameters
[1.398s] Level 1:colcon.colcon_core.package_discovery:discover_packages(ignore) check parameters
[1.398s] Level 1:colcon.colcon_core.package_discovery:discover_packages(path) check parameters
[1.398s] Level 1:colcon.colcon_core.package_discovery:discover_packages(colcon_meta) discover
[1.399s] Level 1:colcon.colcon_core.package_discovery:discover_packages(recursive) discover
[1.399s] INFO:colcon.colcon_core.package_discovery:Crawling recursively for packages in '/home/wenda/powerarm_ws'
[1.399s] Level 1:colcon.colcon_core.package_identification:_identify(.) by extensions ['ignore', 'ignore_ament_install']
[1.399s] Level 1:colcon.colcon_core.package_identification:_identify(.) by extension 'ignore'
[1.399s] Level 1:colcon.colcon_core.package_identification:_identify(.) by extension 'ignore_ament_install'
[1.399s] Level 1:colcon.colcon_core.package_identification:_identify(.) by extensions ['colcon_pkg']
[1.399s] Level 1:colcon.colcon_core.package_identification:_identify(.) by extension 'colcon_pkg'
[1.399s] Level 1:colcon.colcon_core.package_identification:_identify(.) by extensions ['colcon_meta']
[1.399s] Level 1:colcon.colcon_core.package_identification:_identify(.) by extension 'colcon_meta'
[1.399s] Level 1:colcon.colcon_core.package_identification:_identify(.) by extensions ['ros']
[1.399s] Level 1:colcon.colcon_core.package_identification:_identify(.) by extension 'ros'
[1.412s] Level 1:colcon.colcon_core.package_identification:_identify(.) by extensions ['cmake', 'python']
[1.412s] Level 1:colcon.colcon_core.package_identification:_identify(.) by extension 'cmake'
[1.412s] Level 1:colcon.colcon_core.package_identification:_identify(.) by extension 'python'
[1.412s] Level 1:colcon.colcon_core.package_identification:_identify(.) by extensions ['python_setup_py']
[1.412s] Level 1:colcon.colcon_core.package_identification:_identify(.) by extension 'python_setup_py'
[1.412s] Level 1:colcon.colcon_core.package_identification:_identify(build) by extensions ['ignore', 'ignore_ament_install']
[1.412s] Level 1:colcon.colcon_core.package_identification:_identify(build) by extension 'ignore'
[1.412s] Level 1:colcon.colcon_core.package_identification:_identify(build) ignored
[1.412s] Level 1:colcon.colcon_core.package_identification:_identify(install) by extensions ['ignore', 'ignore_ament_install']
[1.412s] Level 1:colcon.colcon_core.package_identification:_identify(install) by extension 'ignore'
[1.412s] Level 1:colcon.colcon_core.package_identification:_identify(install) ignored
[1.413s] Level 1:colcon.colcon_core.package_identification:_identify(log) by extensions ['ignore', 'ignore_ament_install']
[1.413s] Level 1:colcon.colcon_core.package_identification:_identify(log) by extension 'ignore'
[1.413s] Level 1:colcon.colcon_core.package_identification:_identify(log) ignored
[1.413s] Level 1:colcon.colcon_core.package_identification:_identify(src) by extensions ['ignore', 'ignore_ament_install']
[1.413s] Level 1:colcon.colcon_core.package_identification:_identify(src) by extension 'ignore'
[1.413s] Level 1:colcon.colcon_core.package_identification:_identify(src) by extension 'ignore_ament_install'
[1.413s] Level 1:colcon.colcon_core.package_identification:_identify(src) by extensions ['colcon_pkg']
[1.413s] Level 1:colcon.colcon_core.package_identification:_identify(src) by extension 'colcon_pkg'
[1.413s] Level 1:colcon.colcon_core.package_identification:_identify(src) by extensions ['colcon_meta']
[1.413s] Level 1:colcon.colcon_core.package_identification:_identify(src) by extension 'colcon_meta'
[1.413s] Level 1:colcon.colcon_core.package_identification:_identify(src) by extensions ['ros']
[1.413s] Level 1:colcon.colcon_core.package_identification:_identify(src) by extension 'ros'
[1.413s] Level 1:colcon.colcon_core.package_identification:_identify(src) by extensions ['cmake', 'python']
[1.413s] Level 1:colcon.colcon_core.package_identification:_identify(src) by extension 'cmake'
[1.413s] Level 1:colcon.colcon_core.package_identification:_identify(src) by extension 'python'
[1.413s] Level 1:colcon.colcon_core.package_identification:_identify(src) by extensions ['python_setup_py']
[1.413s] Level 1:colcon.colcon_core.package_identification:_identify(src) by extension 'python_setup_py'
[1.413s] Level 1:colcon.colcon_core.package_identification:_identify(src/moveit_visual_tools-ros2) by extensions ['ignore', 'ignore_ament_install']
[1.413s] Level 1:colcon.colcon_core.package_identification:_identify(src/moveit_visual_tools-ros2) by extension 'ignore'
[1.414s] Level 1:colcon.colcon_core.package_identification:_identify(src/moveit_visual_tools-ros2) by extension 'ignore_ament_install'
[1.414s] Level 1:colcon.colcon_core.package_identification:_identify(src/moveit_visual_tools-ros2) by extensions ['colcon_pkg']
[1.414s] Level 1:colcon.colcon_core.package_identification:_identify(src/moveit_visual_tools-ros2) by extension 'colcon_pkg'
[1.414s] Level 1:colcon.colcon_core.package_identification:_identify(src/moveit_visual_tools-ros2) by extensions ['colcon_meta']
[1.414s] Level 1:colcon.colcon_core.package_identification:_identify(src/moveit_visual_tools-ros2) by extension 'colcon_meta'
[1.414s] Level 1:colcon.colcon_core.package_identification:_identify(src/moveit_visual_tools-ros2) by extensions ['ros']
[1.414s] Level 1:colcon.colcon_core.package_identification:_identify(src/moveit_visual_tools-ros2) by extension 'ros'
[1.417s] DEBUG:colcon.colcon_core.package_identification:Package 'src/moveit_visual_tools-ros2' with type 'ros.ament_cmake' and name 'moveit_visual_tools'
[1.417s] Level 1:colcon.colcon_core.package_identification:_identify(src/powerarm) by extensions ['ignore', 'ignore_ament_install']
[1.417s] Level 1:colcon.colcon_core.package_identification:_identify(src/powerarm) by extension 'ignore'
[1.417s] Level 1:colcon.colcon_core.package_identification:_identify(src/powerarm) by extension 'ignore_ament_install'
[1.417s] Level 1:colcon.colcon_core.package_identification:_identify(src/powerarm) by extensions ['colcon_pkg']
[1.417s] Level 1:colcon.colcon_core.package_identification:_identify(src/powerarm) by extension 'colcon_pkg'
[1.417s] Level 1:colcon.colcon_core.package_identification:_identify(src/powerarm) by extensions ['colcon_meta']
[1.417s] Level 1:colcon.colcon_core.package_identification:_identify(src/powerarm) by extension 'colcon_meta'
[1.417s] Level 1:colcon.colcon_core.package_identification:_identify(src/powerarm) by extensions ['ros']
[1.417s] Level 1:colcon.colcon_core.package_identification:_identify(src/powerarm) by extension 'ros'
[1.418s] DEBUG:colcon.colcon_core.package_identification:Package 'src/powerarm' with type 'ros.ament_cmake' and name 'powerarm'
[1.418s] Level 1:colcon.colcon_core.package_identification:_identify(src/powerarm_moveit_config) by extensions ['ignore', 'ignore_ament_install']
[1.418s] Level 1:colcon.colcon_core.package_identification:_identify(src/powerarm_moveit_config) by extension 'ignore'
[1.418s] Level 1:colcon.colcon_core.package_identification:_identify(src/powerarm_moveit_config) by extension 'ignore_ament_install'
[1.418s] Level 1:colcon.colcon_core.package_identification:_identify(src/powerarm_moveit_config) by extensions ['colcon_pkg']
[1.418s] Level 1:colcon.colcon_core.package_identification:_identify(src/powerarm_moveit_config) by extension 'colcon_pkg'
[1.418s] Level 1:colcon.colcon_core.package_identification:_identify(src/powerarm_moveit_config) by extensions ['colcon_meta']
[1.418s] Level 1:colcon.colcon_core.package_identification:_identify(src/powerarm_moveit_config) by extension 'colcon_meta'
[1.418s] Level 1:colcon.colcon_core.package_identification:_identify(src/powerarm_moveit_config) by extensions ['ros']
[1.418s] Level 1:colcon.colcon_core.package_identification:_identify(src/powerarm_moveit_config) by extension 'ros'
[1.419s] DEBUG:colcon.colcon_core.package_identification:Package 'src/powerarm_moveit_config' with type 'ros.ament_cmake' and name 'powerarm_moveit_config'
[1.419s] Level 1:colcon.colcon_core.package_identification:_identify(src/powerarm_urdf) by extensions ['ignore', 'ignore_ament_install']
[1.419s] Level 1:colcon.colcon_core.package_identification:_identify(src/powerarm_urdf) by extension 'ignore'
[1.419s] Level 1:colcon.colcon_core.package_identification:_identify(src/powerarm_urdf) by extension 'ignore_ament_install'
[1.419s] Level 1:colcon.colcon_core.package_identification:_identify(src/powerarm_urdf) by extensions ['colcon_pkg']
[1.419s] Level 1:colcon.colcon_core.package_identification:_identify(src/powerarm_urdf) by extension 'colcon_pkg'
[1.419s] Level 1:colcon.colcon_core.package_identification:_identify(src/powerarm_urdf) by extensions ['colcon_meta']
[1.419s] Level 1:colcon.colcon_core.package_identification:_identify(src/powerarm_urdf) by extension 'colcon_meta'
[1.419s] Level 1:colcon.colcon_core.package_identification:_identify(src/powerarm_urdf) by extensions ['ros']
[1.419s] Level 1:colcon.colcon_core.package_identification:_identify(src/powerarm_urdf) by extension 'ros'
[1.420s] DEBUG:colcon.colcon_core.package_identification:Package 'src/powerarm_urdf' with type 'ros.ament_cmake' and name 'powerarm_urdf'
[1.420s] Level 1:colcon.colcon_core.package_discovery:discover_packages(recursive) using defaults
[1.420s] Level 1:colcon.colcon_core.package_discovery:discover_packages(ignore) discover
[1.420s] Level 1:colcon.colcon_core.package_discovery:discover_packages(ignore) using defaults
[1.420s] Level 1:colcon.colcon_core.package_discovery:discover_packages(path) discover
[1.420s] Level 1:colcon.colcon_core.package_discovery:discover_packages(path) using defaults
[1.517s] Level 1:colcon.colcon_core.package_discovery:discover_packages(prefix_path) check parameters
[1.517s] Level 1:colcon.colcon_core.package_discovery:discover_packages(prefix_path) discover
[1.552s] DEBUG:colcon.colcon_installed_package_information.package_discovery:Found 4 installed packages in /home/wenda/powerarm_ws/install
[1.569s] DEBUG:colcon.colcon_installed_package_information.package_discovery:Found 2 installed packages in /home/wenda/test_ws/install
[1.586s] DEBUG:colcon.colcon_installed_package_information.package_discovery:Found 333 installed packages in /opt/ros/humble
[1.587s] Level 1:colcon.colcon_core.package_discovery:discover_packages(prefix_path) using defaults
[1.705s] Level 5:colcon.colcon_core.verb:set package 'moveit_visual_tools' build argument 'cmake_args' from command line to 'None'
[1.705s] Level 5:colcon.colcon_core.verb:set package 'moveit_visual_tools' build argument 'cmake_target' from command line to 'None'
[1.705s] Level 5:colcon.colcon_core.verb:set package 'moveit_visual_tools' build argument 'cmake_target_skip_unavailable' from command line to 'False'
[1.705s] Level 5:colcon.colcon_core.verb:set package 'moveit_visual_tools' build argument 'cmake_clean_cache' from command line to 'False'
[1.705s] Level 5:colcon.colcon_core.verb:set package 'moveit_visual_tools' build argument 'cmake_clean_first' from command line to 'False'
[1.705s] Level 5:colcon.colcon_core.verb:set package 'moveit_visual_tools' build argument 'cmake_force_configure' from command line to 'False'
[1.705s] Level 5:colcon.colcon_core.verb:set package 'moveit_visual_tools' build argument 'ament_cmake_args' from command line to 'None'
[1.705s] Level 5:colcon.colcon_core.verb:set package 'moveit_visual_tools' build argument 'catkin_cmake_args' from command line to 'None'
[1.705s] Level 5:colcon.colcon_core.verb:set package 'moveit_visual_tools' build argument 'catkin_skip_building_tests' from command line to 'False'
[1.705s] DEBUG:colcon.colcon_core.verb:Building package 'moveit_visual_tools' with the following arguments: {'ament_cmake_args': None, 'build_base': '/home/wenda/powerarm_ws/build/moveit_visual_tools', 'catkin_cmake_args': None, 'catkin_skip_building_tests': False, 'cmake_args': None, 'cmake_clean_cache': False, 'cmake_clean_first': False, 'cmake_force_configure': False, 'cmake_target': None, 'cmake_target_skip_unavailable': False, 'install_base': '/home/wenda/powerarm_ws/install/moveit_visual_tools', 'merge_install': False, 'path': '/home/wenda/powerarm_ws/src/moveit_visual_tools-ros2', 'symlink_install': False, 'test_result_base': None}
[1.720s] Level 5:colcon.colcon_core.verb:set package 'powerarm' build argument 'cmake_args' from command line to 'None'
[1.720s] Level 5:colcon.colcon_core.verb:set package 'powerarm' build argument 'cmake_target' from command line to 'None'
[1.720s] Level 5:colcon.colcon_core.verb:set package 'powerarm' build argument 'cmake_target_skip_unavailable' from command line to 'False'
[1.720s] Level 5:colcon.colcon_core.verb:set package 'powerarm' build argument 'cmake_clean_cache' from command line to 'False'
[1.720s] Level 5:colcon.colcon_core.verb:set package 'powerarm' build argument 'cmake_clean_first' from command line to 'False'
[1.720s] Level 5:colcon.colcon_core.verb:set package 'powerarm' build argument 'cmake_force_configure' from command line to 'False'
[1.720s] Level 5:colcon.colcon_core.verb:set package 'powerarm' build argument 'ament_cmake_args' from command line to 'None'
[1.720s] Level 5:colcon.colcon_core.verb:set package 'powerarm' build argument 'catkin_cmake_args' from command line to 'None'
[1.720s] Level 5:colcon.colcon_core.verb:set package 'powerarm' build argument 'catkin_skip_building_tests' from command line to 'False'
[1.720s] DEBUG:colcon.colcon_core.verb:Building package 'powerarm' with the following arguments: {'ament_cmake_args': None, 'build_base': '/home/wenda/powerarm_ws/build/powerarm', 'catkin_cmake_args': None, 'catkin_skip_building_tests': False, 'cmake_args': None, 'cmake_clean_cache': False, 'cmake_clean_first': False, 'cmake_force_configure': False, 'cmake_target': None, 'cmake_target_skip_unavailable': False, 'install_base': '/home/wenda/powerarm_ws/install/powerarm', 'merge_install': False, 'path': '/home/wenda/powerarm_ws/src/powerarm', 'symlink_install': False, 'test_result_base': None}
[1.735s] Level 5:colcon.colcon_core.verb:set package 'powerarm_urdf' build argument 'cmake_args' from command line to 'None'
[1.735s] Level 5:colcon.colcon_core.verb:set package 'powerarm_urdf' build argument 'cmake_target' from command line to 'None'
[1.735s] Level 5:colcon.colcon_core.verb:set package 'powerarm_urdf' build argument 'cmake_target_skip_unavailable' from command line to 'False'
[1.735s] Level 5:colcon.colcon_core.verb:set package 'powerarm_urdf' build argument 'cmake_clean_cache' from command line to 'False'
[1.735s] Level 5:colcon.colcon_core.verb:set package 'powerarm_urdf' build argument 'cmake_clean_first' from command line to 'False'
[1.735s] Level 5:colcon.colcon_core.verb:set package 'powerarm_urdf' build argument 'cmake_force_configure' from command line to 'False'
[1.735s] Level 5:colcon.colcon_core.verb:set package 'powerarm_urdf' build argument 'ament_cmake_args' from command line to 'None'
[1.735s] Level 5:colcon.colcon_core.verb:set package 'powerarm_urdf' build argument 'catkin_cmake_args' from command line to 'None'
[1.735s] Level 5:colcon.colcon_core.verb:set package 'powerarm_urdf' build argument 'catkin_skip_building_tests' from command line to 'False'
[1.735s] DEBUG:colcon.colcon_core.verb:Building package 'powerarm_urdf' with the following arguments: {'ament_cmake_args': None, 'build_base': '/home/wenda/powerarm_ws/build/powerarm_urdf', 'catkin_cmake_args': None, 'catkin_skip_building_tests': False, 'cmake_args': None, 'cmake_clean_cache': False, 'cmake_clean_first': False, 'cmake_force_configure': False, 'cmake_target': None, 'cmake_target_skip_unavailable': False, 'install_base': '/home/wenda/powerarm_ws/install/powerarm_urdf', 'merge_install': False, 'path': '/home/wenda/powerarm_ws/src/powerarm_urdf', 'symlink_install': False, 'test_result_base': None}
[1.751s] Level 5:colcon.colcon_core.verb:set package 'powerarm_moveit_config' build argument 'cmake_args' from command line to 'None'
[1.751s] Level 5:colcon.colcon_core.verb:set package 'powerarm_moveit_config' build argument 'cmake_target' from command line to 'None'
[1.751s] Level 5:colcon.colcon_core.verb:set package 'powerarm_moveit_config' build argument 'cmake_target_skip_unavailable' from command line to 'False'
[1.751s] Level 5:colcon.colcon_core.verb:set package 'powerarm_moveit_config' build argument 'cmake_clean_cache' from command line to 'False'
[1.751s] Level 5:colcon.colcon_core.verb:set package 'powerarm_moveit_config' build argument 'cmake_clean_first' from command line to 'False'
[1.751s] Level 5:colcon.colcon_core.verb:set package 'powerarm_moveit_config' build argument 'cmake_force_configure' from command line to 'False'
[1.751s] Level 5:colcon.colcon_core.verb:set package 'powerarm_moveit_config' build argument 'ament_cmake_args' from command line to 'None'
[1.751s] Level 5:colcon.colcon_core.verb:set package 'powerarm_moveit_config' build argument 'catkin_cmake_args' from command line to 'None'
[1.752s] Level 5:colcon.colcon_core.verb:set package 'powerarm_moveit_config' build argument 'catkin_skip_building_tests' from command line to 'False'
[1.752s] DEBUG:colcon.colcon_core.verb:Building package 'powerarm_moveit_config' with the following arguments: {'ament_cmake_args': None, 'build_base': '/home/wenda/powerarm_ws/build/powerarm_moveit_config', 'catkin_cmake_args': None, 'catkin_skip_building_tests': False, 'cmake_args': None, 'cmake_clean_cache': False, 'cmake_clean_first': False, 'cmake_force_configure': False, 'cmake_target': None, 'cmake_target_skip_unavailable': False, 'install_base': '/home/wenda/powerarm_ws/install/powerarm_moveit_config', 'merge_install': False, 'path': '/home/wenda/powerarm_ws/src/powerarm_moveit_config', 'symlink_install': False, 'test_result_base': None}
[1.766s] INFO:colcon.colcon_core.executor:Executing jobs using 'parallel' executor
[1.782s] DEBUG:colcon.colcon_parallel_executor.executor.parallel:run_until_complete
[1.782s] INFO:colcon.colcon_ros.task.ament_cmake.build:Building ROS package in '/home/wenda/powerarm_ws/src/powerarm_urdf' with build type 'ament_cmake'
[1.782s] INFO:colcon.colcon_cmake.task.cmake.build:Building CMake package in '/home/wenda/powerarm_ws/src/powerarm_urdf'
[1.799s] INFO:colcon.colcon_core.plugin_system:Skipping extension 'colcon_core.shell.bat': Not used on non-Windows systems
[1.799s] INFO:colcon.colcon_core.shell:Skip shell extension 'powershell' for command environment: Not usable outside of PowerShell
[1.799s] DEBUG:colcon.colcon_core.shell:Skip shell extension 'dsv' for command environment
[1.862s] INFO:colcon.colcon_ros.task.ament_cmake.build:Building ROS package in '/home/wenda/powerarm_ws/src/moveit_visual_tools-ros2' with build type 'ament_cmake'
[1.862s] INFO:colcon.colcon_cmake.task.cmake.build:Building CMake package in '/home/wenda/powerarm_ws/src/moveit_visual_tools-ros2'
[1.878s] INFO:colcon.colcon_core.shell:Skip shell extension 'powershell' for command environment: Not usable outside of PowerShell
[1.878s] DEBUG:colcon.colcon_core.shell:Skip shell extension 'dsv' for command environment
[1.941s] INFO:colcon.colcon_ros.task.ament_cmake.build:Building ROS package in '/home/wenda/powerarm_ws/src/powerarm' with build type 'ament_cmake'
[1.941s] INFO:colcon.colcon_cmake.task.cmake.build:Building CMake package in '/home/wenda/powerarm_ws/src/powerarm'
[1.956s] INFO:colcon.colcon_core.shell:Skip shell extension 'powershell' for command environment: Not usable outside of PowerShell
[1.956s] DEBUG:colcon.colcon_core.shell:Skip shell extension 'dsv' for command environment
[2.024s] DEBUG:colcon.colcon_core.event_handler.log_command:Invoking command in '/home/wenda/powerarm_ws/build/powerarm_urdf': CMAKE_PREFIX_PATH=${CMAKE_PREFIX_PATH}:/opt/ros/humble /usr/bin/cmake --build /home/wenda/powerarm_ws/build/powerarm_urdf -- -j16 -l16
[2.026s] DEBUG:colcon.colcon_core.event_handler.log_command:Invoking command in '/home/wenda/powerarm_ws/build/moveit_visual_tools': CMAKE_PREFIX_PATH=${CMAKE_PREFIX_PATH}:/opt/ros/humble /usr/bin/cmake --build /home/wenda/powerarm_ws/build/moveit_visual_tools -- -j16 -l16
[2.030s] DEBUG:colcon.colcon_core.event_handler.log_command:Invoking command in '/home/wenda/powerarm_ws/build/powerarm': CMAKE_PREFIX_PATH=${CMAKE_PREFIX_PATH}:/opt/ros/humble /usr/bin/cmake --build /home/wenda/powerarm_ws/build/powerarm -- -j16 -l16
[2.057s] DEBUG:colcon.colcon_core.event_handler.log_command:Invoked command in '/home/wenda/powerarm_ws/build/powerarm_urdf' returned '0': CMAKE_PREFIX_PATH=${CMAKE_PREFIX_PATH}:/opt/ros/humble /usr/bin/cmake --build /home/wenda/powerarm_ws/build/powerarm_urdf -- -j16 -l16
[2.080s] DEBUG:colcon.colcon_core.event_handler.log_command:Invoking command in '/home/wenda/powerarm_ws/build/powerarm_urdf': CMAKE_PREFIX_PATH=${CMAKE_PREFIX_PATH}:/opt/ros/humble /usr/bin/cmake --install /home/wenda/powerarm_ws/build/powerarm_urdf
[2.089s] Level 1:colcon.colcon_core.environment:create_environment_scripts_only(powerarm_urdf)
[2.090s] DEBUG:colcon.colcon_core.event_handler.log_command:Invoked command in '/home/wenda/powerarm_ws/build/powerarm_urdf' returned '0': CMAKE_PREFIX_PATH=${CMAKE_PREFIX_PATH}:/opt/ros/humble /usr/bin/cmake --install /home/wenda/powerarm_ws/build/powerarm_urdf
[2.107s] Level 1:colcon.colcon_core.environment:checking '/home/wenda/powerarm_ws/install/powerarm_urdf' for CMake module files
[2.108s] Level 1:colcon.colcon_core.environment:checking '/home/wenda/powerarm_ws/install/powerarm_urdf' for CMake config files
[2.108s] Level 1:colcon.colcon_core.shell:create_environment_hook('powerarm_urdf', 'cmake_prefix_path')
[2.124s] INFO:colcon.colcon_core.shell:Creating environment hook '/home/wenda/powerarm_ws/install/powerarm_urdf/share/powerarm_urdf/hook/cmake_prefix_path.ps1'
[2.124s] INFO:colcon.colcon_core.shell:Creating environment descriptor '/home/wenda/powerarm_ws/install/powerarm_urdf/share/powerarm_urdf/hook/cmake_prefix_path.dsv'
[2.125s] INFO:colcon.colcon_core.shell:Creating environment hook '/home/wenda/powerarm_ws/install/powerarm_urdf/share/powerarm_urdf/hook/cmake_prefix_path.sh'
[2.125s] Level 1:colcon.colcon_core.environment:checking '/home/wenda/powerarm_ws/install/powerarm_urdf/bin'
[2.126s] Level 1:colcon.colcon_core.environment:checking '/home/wenda/powerarm_ws/install/powerarm_urdf/lib/pkgconfig/powerarm_urdf.pc'
[2.126s] Level 1:colcon.colcon_core.environment:checking '/home/wenda/powerarm_ws/install/powerarm_urdf/lib/python3.10/site-packages'
[2.126s] Level 1:colcon.colcon_core.environment:checking '/home/wenda/powerarm_ws/install/powerarm_urdf/bin'
[2.142s] INFO:colcon.colcon_core.shell:Creating package script '/home/wenda/powerarm_ws/install/powerarm_urdf/share/powerarm_urdf/package.ps1'
[2.142s] INFO:colcon.colcon_core.shell:Creating package descriptor '/home/wenda/powerarm_ws/install/powerarm_urdf/share/powerarm_urdf/package.dsv'
[2.143s] INFO:colcon.colcon_core.shell:Creating package script '/home/wenda/powerarm_ws/install/powerarm_urdf/share/powerarm_urdf/package.sh'
[2.143s] INFO:colcon.colcon_core.shell:Creating package script '/home/wenda/powerarm_ws/install/powerarm_urdf/share/powerarm_urdf/package.bash'
[2.144s] INFO:colcon.colcon_core.shell:Creating package script '/home/wenda/powerarm_ws/install/powerarm_urdf/share/powerarm_urdf/package.zsh'
[2.145s] Level 1:colcon.colcon_core.environment:create_file_with_runtime_dependencies(/home/wenda/powerarm_ws/install/powerarm_urdf/share/colcon-core/packages/powerarm_urdf)
[2.146s] DEBUG:colcon.colcon_core.event_handler.log_command:Invoked command in '/home/wenda/powerarm_ws/build/moveit_visual_tools' returned '0': CMAKE_PREFIX_PATH=${CMAKE_PREFIX_PATH}:/opt/ros/humble /usr/bin/cmake --build /home/wenda/powerarm_ws/build/moveit_visual_tools -- -j16 -l16
[2.178s] Level 1:colcon.colcon_core.environment:create_environment_scripts_only(powerarm_urdf)
[2.193s] Level 1:colcon.colcon_core.environment:checking '/home/wenda/powerarm_ws/install/powerarm_urdf' for CMake module files
[2.194s] Level 1:colcon.colcon_core.environment:checking '/home/wenda/powerarm_ws/install/powerarm_urdf' for CMake config files
[2.194s] Level 1:colcon.colcon_core.shell:create_environment_hook('powerarm_urdf', 'cmake_prefix_path')
[2.209s] INFO:colcon.colcon_core.shell:Creating environment hook '/home/wenda/powerarm_ws/install/powerarm_urdf/share/powerarm_urdf/hook/cmake_prefix_path.ps1'
[2.210s] INFO:colcon.colcon_core.shell:Creating environment descriptor '/home/wenda/powerarm_ws/install/powerarm_urdf/share/powerarm_urdf/hook/cmake_prefix_path.dsv'
[2.210s] INFO:colcon.colcon_core.shell:Creating environment hook '/home/wenda/powerarm_ws/install/powerarm_urdf/share/powerarm_urdf/hook/cmake_prefix_path.sh'
[2.210s] Level 1:colcon.colcon_core.environment:checking '/home/wenda/powerarm_ws/install/powerarm_urdf/bin'
[2.210s] Level 1:colcon.colcon_core.environment:checking '/home/wenda/powerarm_ws/install/powerarm_urdf/lib/pkgconfig/powerarm_urdf.pc'
[2.211s] Level 1:colcon.colcon_core.environment:checking '/home/wenda/powerarm_ws/install/powerarm_urdf/lib/python3.10/site-packages'
[2.211s] Level 1:colcon.colcon_core.environment:checking '/home/wenda/powerarm_ws/install/powerarm_urdf/bin'
[2.226s] INFO:colcon.colcon_core.shell:Creating package script '/home/wenda/powerarm_ws/install/powerarm_urdf/share/powerarm_urdf/package.ps1'
[2.226s] INFO:colcon.colcon_core.shell:Creating package descriptor '/home/wenda/powerarm_ws/install/powerarm_urdf/share/powerarm_urdf/package.dsv'
[2.227s] INFO:colcon.colcon_core.shell:Creating package script '/home/wenda/powerarm_ws/install/powerarm_urdf/share/powerarm_urdf/package.sh'
[2.227s] INFO:colcon.colcon_core.shell:Creating package script '/home/wenda/powerarm_ws/install/powerarm_urdf/share/powerarm_urdf/package.bash'
[2.228s] INFO:colcon.colcon_core.shell:Creating package script '/home/wenda/powerarm_ws/install/powerarm_urdf/share/powerarm_urdf/package.zsh'
[2.228s] Level 1:colcon.colcon_core.environment:create_file_with_runtime_dependencies(/home/wenda/powerarm_ws/install/powerarm_urdf/share/colcon-core/packages/powerarm_urdf)
[2.229s] INFO:colcon.colcon_ros.task.ament_cmake.build:Building ROS package in '/home/wenda/powerarm_ws/src/powerarm_moveit_config' with build type 'ament_cmake'
[2.229s] INFO:colcon.colcon_cmake.task.cmake.build:Building CMake package in '/home/wenda/powerarm_ws/src/powerarm_moveit_config'
[2.245s] INFO:colcon.colcon_core.shell:Skip shell extension 'powershell' for command environment: Not usable outside of PowerShell
[2.245s] DEBUG:colcon.colcon_core.shell:Skip shell extension 'dsv' for command environment
[2.317s] DEBUG:colcon.colcon_core.event_handler.log_command:Invoking command in '/home/wenda/powerarm_ws/build/moveit_visual_tools': CMAKE_PREFIX_PATH=${CMAKE_PREFIX_PATH}:/opt/ros/humble /usr/bin/cmake --install /home/wenda/powerarm_ws/build/moveit_visual_tools
[2.321s] DEBUG:colcon.colcon_core.event_handler.log_command:Invoking command in '/home/wenda/powerarm_ws/build/powerarm_moveit_config': CMAKE_PREFIX_PATH=/home/wenda/powerarm_ws/install/powerarm_urdf:/home/wenda/powerarm_ws/install/powerarm_moveit_config:/home/wenda/powerarm_ws/install/powerarm:/home/wenda/powerarm_ws/install/moveit_visual_tools:/home/wenda/test_ws/install/elite_ec66_moveit_config:/home/wenda/test_ws/install/elite_description:/opt/ros/humble /usr/bin/cmake --build /home/wenda/powerarm_ws/build/powerarm_moveit_config -- -j16 -l16
[2.326s] Level 1:colcon.colcon_core.environment:create_environment_scripts_only(moveit_visual_tools)
[2.327s] DEBUG:colcon.colcon_core.event_handler.log_command:Invoked command in '/home/wenda/powerarm_ws/build/moveit_visual_tools' returned '0': CMAKE_PREFIX_PATH=${CMAKE_PREFIX_PATH}:/opt/ros/humble /usr/bin/cmake --install /home/wenda/powerarm_ws/build/moveit_visual_tools
[2.343s] Level 1:colcon.colcon_core.environment:checking '/home/wenda/powerarm_ws/install/moveit_visual_tools' for CMake module files
[2.343s] Level 1:colcon.colcon_core.environment:checking '/home/wenda/powerarm_ws/install/moveit_visual_tools' for CMake config files
[2.344s] Level 1:colcon.colcon_core.shell:create_environment_hook('moveit_visual_tools', 'cmake_prefix_path')
[2.360s] INFO:colcon.colcon_core.shell:Creating environment hook '/home/wenda/powerarm_ws/install/moveit_visual_tools/share/moveit_visual_tools/hook/cmake_prefix_path.ps1'
[2.360s] INFO:colcon.colcon_core.shell:Creating environment descriptor '/home/wenda/powerarm_ws/install/moveit_visual_tools/share/moveit_visual_tools/hook/cmake_prefix_path.dsv'
[2.361s] INFO:colcon.colcon_core.shell:Creating environment hook '/home/wenda/powerarm_ws/install/moveit_visual_tools/share/moveit_visual_tools/hook/cmake_prefix_path.sh'
[2.361s] Level 1:colcon.colcon_core.environment:checking '/home/wenda/powerarm_ws/install/moveit_visual_tools/lib'
[2.361s] Level 1:colcon.colcon_core.shell:create_environment_hook('moveit_visual_tools', 'ld_library_path_lib')
[2.376s] INFO:colcon.colcon_core.shell:Creating environment hook '/home/wenda/powerarm_ws/install/moveit_visual_tools/share/moveit_visual_tools/hook/ld_library_path_lib.ps1'
[2.377s] INFO:colcon.colcon_core.shell:Creating environment descriptor '/home/wenda/powerarm_ws/install/moveit_visual_tools/share/moveit_visual_tools/hook/ld_library_path_lib.dsv'
[2.377s] INFO:colcon.colcon_core.shell:Creating environment hook '/home/wenda/powerarm_ws/install/moveit_visual_tools/share/moveit_visual_tools/hook/ld_library_path_lib.sh'
[2.377s] Level 1:colcon.colcon_core.environment:checking '/home/wenda/powerarm_ws/install/moveit_visual_tools/bin'
[2.377s] Level 1:colcon.colcon_core.environment:checking '/home/wenda/powerarm_ws/install/moveit_visual_tools/lib/pkgconfig/moveit_visual_tools.pc'
[2.378s] Level 1:colcon.colcon_core.environment:checking '/home/wenda/powerarm_ws/install/moveit_visual_tools/lib/python3.10/site-packages'
[2.378s] Level 1:colcon.colcon_core.environment:checking '/home/wenda/powerarm_ws/install/moveit_visual_tools/bin'
[2.393s] INFO:colcon.colcon_core.shell:Creating package script '/home/wenda/powerarm_ws/install/moveit_visual_tools/share/moveit_visual_tools/package.ps1'
[2.394s] INFO:colcon.colcon_core.shell:Creating package descriptor '/home/wenda/powerarm_ws/install/moveit_visual_tools/share/moveit_visual_tools/package.dsv'
[2.394s] INFO:colcon.colcon_core.shell:Creating package script '/home/wenda/powerarm_ws/install/moveit_visual_tools/share/moveit_visual_tools/package.sh'
[2.394s] INFO:colcon.colcon_core.shell:Creating package script '/home/wenda/powerarm_ws/install/moveit_visual_tools/share/moveit_visual_tools/package.bash'
[2.395s] INFO:colcon.colcon_core.shell:Creating package script '/home/wenda/powerarm_ws/install/moveit_visual_tools/share/moveit_visual_tools/package.zsh'
[2.395s] Level 1:colcon.colcon_core.environment:create_file_with_runtime_dependencies(/home/wenda/powerarm_ws/install/moveit_visual_tools/share/colcon-core/packages/moveit_visual_tools)
[2.397s] DEBUG:colcon.colcon_core.event_handler.log_command:Invoked command in '/home/wenda/powerarm_ws/build/powerarm_moveit_config' returned '0': CMAKE_PREFIX_PATH=/home/wenda/powerarm_ws/install/powerarm_urdf:/home/wenda/powerarm_ws/install/powerarm_moveit_config:/home/wenda/powerarm_ws/install/powerarm:/home/wenda/powerarm_ws/install/moveit_visual_tools:/home/wenda/test_ws/install/elite_ec66_moveit_config:/home/wenda/test_ws/install/elite_description:/opt/ros/humble /usr/bin/cmake --build /home/wenda/powerarm_ws/build/powerarm_moveit_config -- -j16 -l16
[2.413s] DEBUG:colcon.colcon_core.event_handler.log_command:Invoking command in '/home/wenda/powerarm_ws/build/powerarm_moveit_config': CMAKE_PREFIX_PATH=/home/wenda/powerarm_ws/install/powerarm_urdf:/home/wenda/powerarm_ws/install/powerarm_moveit_config:/home/wenda/powerarm_ws/install/powerarm:/home/wenda/powerarm_ws/install/moveit_visual_tools:/home/wenda/test_ws/install/elite_ec66_moveit_config:/home/wenda/test_ws/install/elite_description:/opt/ros/humble /usr/bin/cmake --install /home/wenda/powerarm_ws/build/powerarm_moveit_config
[2.438s] Level 1:colcon.colcon_core.environment:create_environment_scripts_only(moveit_visual_tools)
[2.453s] Level 1:colcon.colcon_core.environment:checking '/home/wenda/powerarm_ws/install/moveit_visual_tools' for CMake module files
[2.454s] Level 1:colcon.colcon_core.environment:checking '/home/wenda/powerarm_ws/install/moveit_visual_tools' for CMake config files
[2.454s] Level 1:colcon.colcon_core.shell:create_environment_hook('moveit_visual_tools', 'cmake_prefix_path')
[2.469s] INFO:colcon.colcon_core.shell:Creating environment hook '/home/wenda/powerarm_ws/install/moveit_visual_tools/share/moveit_visual_tools/hook/cmake_prefix_path.ps1'
[2.469s] INFO:colcon.colcon_core.shell:Creating environment descriptor '/home/wenda/powerarm_ws/install/moveit_visual_tools/share/moveit_visual_tools/hook/cmake_prefix_path.dsv'
[2.470s] INFO:colcon.colcon_core.shell:Creating environment hook '/home/wenda/powerarm_ws/install/moveit_visual_tools/share/moveit_visual_tools/hook/cmake_prefix_path.sh'
[2.470s] Level 1:colcon.colcon_core.environment:checking '/home/wenda/powerarm_ws/install/moveit_visual_tools/lib'
[2.470s] Level 1:colcon.colcon_core.shell:create_environment_hook('moveit_visual_tools', 'ld_library_path_lib')
[2.485s] INFO:colcon.colcon_core.shell:Creating environment hook '/home/wenda/powerarm_ws/install/moveit_visual_tools/share/moveit_visual_tools/hook/ld_library_path_lib.ps1'
[2.486s] INFO:colcon.colcon_core.shell:Creating environment descriptor '/home/wenda/powerarm_ws/install/moveit_visual_tools/share/moveit_visual_tools/hook/ld_library_path_lib.dsv'
[2.486s] INFO:colcon.colcon_core.shell:Creating environment hook '/home/wenda/powerarm_ws/install/moveit_visual_tools/share/moveit_visual_tools/hook/ld_library_path_lib.sh'
[2.486s] Level 1:colcon.colcon_core.environment:checking '/home/wenda/powerarm_ws/install/moveit_visual_tools/bin'
[2.487s] Level 1:colcon.colcon_core.environment:checking '/home/wenda/powerarm_ws/install/moveit_visual_tools/lib/pkgconfig/moveit_visual_tools.pc'
[2.487s] Level 1:colcon.colcon_core.environment:checking '/home/wenda/powerarm_ws/install/moveit_visual_tools/lib/python3.10/site-packages'
[2.487s] Level 1:colcon.colcon_core.environment:checking '/home/wenda/powerarm_ws/install/moveit_visual_tools/bin'
[2.502s] INFO:colcon.colcon_core.shell:Creating package script '/home/wenda/powerarm_ws/install/moveit_visual_tools/share/moveit_visual_tools/package.ps1'
[2.503s] INFO:colcon.colcon_core.shell:Creating package descriptor '/home/wenda/powerarm_ws/install/moveit_visual_tools/share/moveit_visual_tools/package.dsv'
[2.503s] INFO:colcon.colcon_core.shell:Creating package script '/home/wenda/powerarm_ws/install/moveit_visual_tools/share/moveit_visual_tools/package.sh'
[2.504s] INFO:colcon.colcon_core.shell:Creating package script '/home/wenda/powerarm_ws/install/moveit_visual_tools/share/moveit_visual_tools/package.bash'
[2.504s] INFO:colcon.colcon_core.shell:Creating package script '/home/wenda/powerarm_ws/install/moveit_visual_tools/share/moveit_visual_tools/package.zsh'
[2.504s] Level 1:colcon.colcon_core.environment:create_file_with_runtime_dependencies(/home/wenda/powerarm_ws/install/moveit_visual_tools/share/colcon-core/packages/moveit_visual_tools)
[2.505s] Level 1:colcon.colcon_core.environment:create_environment_scripts_only(powerarm_moveit_config)
[2.506s] DEBUG:colcon.colcon_core.event_handler.log_command:Invoked command in '/home/wenda/powerarm_ws/build/powerarm_moveit_config' returned '0': CMAKE_PREFIX_PATH=/home/wenda/powerarm_ws/install/powerarm_urdf:/home/wenda/powerarm_ws/install/powerarm_moveit_config:/home/wenda/powerarm_ws/install/powerarm:/home/wenda/powerarm_ws/install/moveit_visual_tools:/home/wenda/test_ws/install/elite_ec66_moveit_config:/home/wenda/test_ws/install/elite_description:/opt/ros/humble /usr/bin/cmake --install /home/wenda/powerarm_ws/build/powerarm_moveit_config
[2.523s] Level 1:colcon.colcon_core.environment:checking '/home/wenda/powerarm_ws/install/powerarm_moveit_config' for CMake module files
[2.523s] Level 1:colcon.colcon_core.environment:checking '/home/wenda/powerarm_ws/install/powerarm_moveit_config' for CMake config files
[2.524s] Level 1:colcon.colcon_core.shell:create_environment_hook('powerarm_moveit_config', 'cmake_prefix_path')
[2.540s] INFO:colcon.colcon_core.shell:Creating environment hook '/home/wenda/powerarm_ws/install/powerarm_moveit_config/share/powerarm_moveit_config/hook/cmake_prefix_path.ps1'
[2.541s] INFO:colcon.colcon_core.shell:Creating environment descriptor '/home/wenda/powerarm_ws/install/powerarm_moveit_config/share/powerarm_moveit_config/hook/cmake_prefix_path.dsv'
[2.541s] INFO:colcon.colcon_core.shell:Creating environment hook '/home/wenda/powerarm_ws/install/powerarm_moveit_config/share/powerarm_moveit_config/hook/cmake_prefix_path.sh'
[2.542s] Level 1:colcon.colcon_core.environment:checking '/home/wenda/powerarm_ws/install/powerarm_moveit_config/bin'
[2.542s] Level 1:colcon.colcon_core.environment:checking '/home/wenda/powerarm_ws/install/powerarm_moveit_config/lib/pkgconfig/powerarm_moveit_config.pc'
[2.542s] Level 1:colcon.colcon_core.environment:checking '/home/wenda/powerarm_ws/install/powerarm_moveit_config/lib/python3.10/site-packages'
[2.543s] Level 1:colcon.colcon_core.environment:checking '/home/wenda/powerarm_ws/install/powerarm_moveit_config/bin'
[2.560s] INFO:colcon.colcon_core.shell:Creating package script '/home/wenda/powerarm_ws/install/powerarm_moveit_config/share/powerarm_moveit_config/package.ps1'
[2.561s] INFO:colcon.colcon_core.shell:Creating package descriptor '/home/wenda/powerarm_ws/install/powerarm_moveit_config/share/powerarm_moveit_config/package.dsv'
[2.561s] INFO:colcon.colcon_core.shell:Creating package script '/home/wenda/powerarm_ws/install/powerarm_moveit_config/share/powerarm_moveit_config/package.sh'
[2.561s] INFO:colcon.colcon_core.shell:Creating package script '/home/wenda/powerarm_ws/install/powerarm_moveit_config/share/powerarm_moveit_config/package.bash'
[2.562s] INFO:colcon.colcon_core.shell:Creating package script '/home/wenda/powerarm_ws/install/powerarm_moveit_config/share/powerarm_moveit_config/package.zsh'
[2.562s] Level 1:colcon.colcon_core.environment:create_file_with_runtime_dependencies(/home/wenda/powerarm_ws/install/powerarm_moveit_config/share/colcon-core/packages/powerarm_moveit_config)
[2.595s] Level 1:colcon.colcon_core.environment:create_environment_scripts_only(powerarm_moveit_config)
[2.610s] Level 1:colcon.colcon_core.environment:checking '/home/wenda/powerarm_ws/install/powerarm_moveit_config' for CMake module files
[2.611s] Level 1:colcon.colcon_core.environment:checking '/home/wenda/powerarm_ws/install/powerarm_moveit_config' for CMake config files
[2.611s] Level 1:colcon.colcon_core.shell:create_environment_hook('powerarm_moveit_config', 'cmake_prefix_path')
[2.627s] INFO:colcon.colcon_core.shell:Creating environment hook '/home/wenda/powerarm_ws/install/powerarm_moveit_config/share/powerarm_moveit_config/hook/cmake_prefix_path.ps1'
[2.627s] INFO:colcon.colcon_core.shell:Creating environment descriptor '/home/wenda/powerarm_ws/install/powerarm_moveit_config/share/powerarm_moveit_config/hook/cmake_prefix_path.dsv'
[2.627s] INFO:colcon.colcon_core.shell:Creating environment hook '/home/wenda/powerarm_ws/install/powerarm_moveit_config/share/powerarm_moveit_config/hook/cmake_prefix_path.sh'
[2.628s] Level 1:colcon.colcon_core.environment:checking '/home/wenda/powerarm_ws/install/powerarm_moveit_config/bin'
[2.628s] Level 1:colcon.colcon_core.environment:checking '/home/wenda/powerarm_ws/install/powerarm_moveit_config/lib/pkgconfig/powerarm_moveit_config.pc'
[2.628s] Level 1:colcon.colcon_core.environment:checking '/home/wenda/powerarm_ws/install/powerarm_moveit_config/lib/python3.10/site-packages'
[2.629s] Level 1:colcon.colcon_core.environment:checking '/home/wenda/powerarm_ws/install/powerarm_moveit_config/bin'
[2.646s] INFO:colcon.colcon_core.shell:Creating package script '/home/wenda/powerarm_ws/install/powerarm_moveit_config/share/powerarm_moveit_config/package.ps1'
[2.646s] INFO:colcon.colcon_core.shell:Creating package descriptor '/home/wenda/powerarm_ws/install/powerarm_moveit_config/share/powerarm_moveit_config/package.dsv'
[2.647s] INFO:colcon.colcon_core.shell:Creating package script '/home/wenda/powerarm_ws/install/powerarm_moveit_config/share/powerarm_moveit_config/package.sh'
[2.648s] INFO:colcon.colcon_core.shell:Creating package script '/home/wenda/powerarm_ws/install/powerarm_moveit_config/share/powerarm_moveit_config/package.bash'
[2.648s] INFO:colcon.colcon_core.shell:Creating package script '/home/wenda/powerarm_ws/install/powerarm_moveit_config/share/powerarm_moveit_config/package.zsh'
[2.648s] Level 1:colcon.colcon_core.environment:create_file_with_runtime_dependencies(/home/wenda/powerarm_ws/install/powerarm_moveit_config/share/colcon-core/packages/powerarm_moveit_config)
[11.007s] DEBUG:colcon.colcon_core.event_handler.log_command:Invoked command in '/home/wenda/powerarm_ws/build/powerarm' returned '0': CMAKE_PREFIX_PATH=${CMAKE_PREFIX_PATH}:/opt/ros/humble /usr/bin/cmake --build /home/wenda/powerarm_ws/build/powerarm -- -j16 -l16
[11.030s] DEBUG:colcon.colcon_core.event_handler.log_command:Invoking command in '/home/wenda/powerarm_ws/build/powerarm': CMAKE_PREFIX_PATH=${CMAKE_PREFIX_PATH}:/opt/ros/humble /usr/bin/cmake --install /home/wenda/powerarm_ws/build/powerarm
[11.039s] Level 1:colcon.colcon_core.environment:create_environment_scripts_only(powerarm)
[11.040s] DEBUG:colcon.colcon_core.event_handler.log_command:Invoked command in '/home/wenda/powerarm_ws/build/powerarm' returned '0': CMAKE_PREFIX_PATH=${CMAKE_PREFIX_PATH}:/opt/ros/humble /usr/bin/cmake --install /home/wenda/powerarm_ws/build/powerarm
[11.056s] Level 1:colcon.colcon_core.environment:checking '/home/wenda/powerarm_ws/install/powerarm' for CMake module files
[11.056s] Level 1:colcon.colcon_core.environment:checking '/home/wenda/powerarm_ws/install/powerarm' for CMake config files
[11.057s] Level 1:colcon.colcon_core.shell:create_environment_hook('powerarm', 'cmake_prefix_path')
[11.073s] INFO:colcon.colcon_core.shell:Creating environment hook '/home/wenda/powerarm_ws/install/powerarm/share/powerarm/hook/cmake_prefix_path.ps1'
[11.073s] INFO:colcon.colcon_core.shell:Creating environment descriptor '/home/wenda/powerarm_ws/install/powerarm/share/powerarm/hook/cmake_prefix_path.dsv'
[11.073s] INFO:colcon.colcon_core.shell:Creating environment hook '/home/wenda/powerarm_ws/install/powerarm/share/powerarm/hook/cmake_prefix_path.sh'
[11.074s] Level 1:colcon.colcon_core.environment:checking '/home/wenda/powerarm_ws/install/powerarm/lib'
[11.074s] Level 1:colcon.colcon_core.environment:checking '/home/wenda/powerarm_ws/install/powerarm/bin'
[11.074s] Level 1:colcon.colcon_core.environment:checking '/home/wenda/powerarm_ws/install/powerarm/lib/pkgconfig/powerarm.pc'
[11.074s] Level 1:colcon.colcon_core.environment:checking '/home/wenda/powerarm_ws/install/powerarm/lib/python3.10/site-packages'
[11.074s] Level 1:colcon.colcon_core.environment:checking '/home/wenda/powerarm_ws/install/powerarm/bin'
[11.090s] INFO:colcon.colcon_core.shell:Creating package script '/home/wenda/powerarm_ws/install/powerarm/share/powerarm/package.ps1'
[11.091s] INFO:colcon.colcon_core.shell:Creating package descriptor '/home/wenda/powerarm_ws/install/powerarm/share/powerarm/package.dsv'
[11.091s] INFO:colcon.colcon_core.shell:Creating package script '/home/wenda/powerarm_ws/install/powerarm/share/powerarm/package.sh'
[11.091s] INFO:colcon.colcon_core.shell:Creating package script '/home/wenda/powerarm_ws/install/powerarm/share/powerarm/package.bash'
[11.092s] INFO:colcon.colcon_core.shell:Creating package script '/home/wenda/powerarm_ws/install/powerarm/share/powerarm/package.zsh'
[11.092s] Level 1:colcon.colcon_core.environment:create_file_with_runtime_dependencies(/home/wenda/powerarm_ws/install/powerarm/share/colcon-core/packages/powerarm)
[11.127s] Level 1:colcon.colcon_core.environment:create_environment_scripts_only(powerarm)
[11.142s] Level 1:colcon.colcon_core.environment:checking '/home/wenda/powerarm_ws/install/powerarm' for CMake module files
[11.143s] Level 1:colcon.colcon_core.environment:checking '/home/wenda/powerarm_ws/install/powerarm' for CMake config files
[11.143s] Level 1:colcon.colcon_core.shell:create_environment_hook('powerarm', 'cmake_prefix_path')
[11.158s] INFO:colcon.colcon_core.shell:Creating environment hook '/home/wenda/powerarm_ws/install/powerarm/share/powerarm/hook/cmake_prefix_path.ps1'
[11.158s] INFO:colcon.colcon_core.shell:Creating environment descriptor '/home/wenda/powerarm_ws/install/powerarm/share/powerarm/hook/cmake_prefix_path.dsv'
[11.158s] INFO:colcon.colcon_core.shell:Creating environment hook '/home/wenda/powerarm_ws/install/powerarm/share/powerarm/hook/cmake_prefix_path.sh'
[11.159s] Level 1:colcon.colcon_core.environment:checking '/home/wenda/powerarm_ws/install/powerarm/lib'
[11.159s] Level 1:colcon.colcon_core.environment:checking '/home/wenda/powerarm_ws/install/powerarm/bin'
[11.159s] Level 1:colcon.colcon_core.environment:checking '/home/wenda/powerarm_ws/install/powerarm/lib/pkgconfig/powerarm.pc'
[11.159s] Level 1:colcon.colcon_core.environment:checking '/home/wenda/powerarm_ws/install/powerarm/lib/python3.10/site-packages'
[11.159s] Level 1:colcon.colcon_core.environment:checking '/home/wenda/powerarm_ws/install/powerarm/bin'
[11.174s] INFO:colcon.colcon_core.shell:Creating package script '/home/wenda/powerarm_ws/install/powerarm/share/powerarm/package.ps1'
[11.175s] INFO:colcon.colcon_core.shell:Creating package descriptor '/home/wenda/powerarm_ws/install/powerarm/share/powerarm/package.dsv'
[11.175s] INFO:colcon.colcon_core.shell:Creating package script '/home/wenda/powerarm_ws/install/powerarm/share/powerarm/package.sh'
[11.176s] INFO:colcon.colcon_core.shell:Creating package script '/home/wenda/powerarm_ws/install/powerarm/share/powerarm/package.bash'
[11.176s] INFO:colcon.colcon_core.shell:Creating package script '/home/wenda/powerarm_ws/install/powerarm/share/powerarm/package.zsh'
[11.176s] Level 1:colcon.colcon_core.environment:create_file_with_runtime_dependencies(/home/wenda/powerarm_ws/install/powerarm/share/colcon-core/packages/powerarm)
[11.177s] DEBUG:colcon.colcon_parallel_executor.executor.parallel:closing loop
[11.177s] DEBUG:colcon.colcon_parallel_executor.executor.parallel:loop closed
[11.177s] DEBUG:colcon.colcon_parallel_executor.executor.parallel:run_until_complete finished with '0'
[11.177s] DEBUG:colcon.colcon_core.event_reactor:joining thread
[11.198s] INFO:colcon.colcon_core.plugin_system:Skipping extension 'colcon_notification.desktop_notification.terminal_notifier': Not used on non-Darwin systems
[11.198s] INFO:colcon.colcon_core.plugin_system:Skipping extension 'colcon_notification.desktop_notification.win32': Not used on non-Windows systems
[11.198s] INFO:colcon.colcon_notification.desktop_notification:Sending desktop notification using 'notify2'
[11.208s] DEBUG:colcon.colcon_core.event_reactor:joined thread
[11.224s] INFO:colcon.colcon_core.shell:Creating prefix script '/home/wenda/powerarm_ws/install/local_setup.ps1'
[11.225s] INFO:colcon.colcon_core.shell:Creating prefix util module '/home/wenda/powerarm_ws/install/_local_setup_util_ps1.py'
[11.226s] INFO:colcon.colcon_core.shell:Creating prefix chain script '/home/wenda/powerarm_ws/install/setup.ps1'
[11.245s] INFO:colcon.colcon_core.shell:Creating prefix script '/home/wenda/powerarm_ws/install/local_setup.sh'
[11.245s] INFO:colcon.colcon_core.shell:Creating prefix util module '/home/wenda/powerarm_ws/install/_local_setup_util_sh.py'
[11.246s] INFO:colcon.colcon_core.shell:Creating prefix chain script '/home/wenda/powerarm_ws/install/setup.sh'
[11.266s] INFO:colcon.colcon_core.shell:Creating prefix script '/home/wenda/powerarm_ws/install/local_setup.bash'
[11.267s] INFO:colcon.colcon_core.shell:Creating prefix chain script '/home/wenda/powerarm_ws/install/setup.bash'
[11.284s] INFO:colcon.colcon_core.shell:Creating prefix script '/home/wenda/powerarm_ws/install/local_setup.zsh'
[11.284s] INFO:colcon.colcon_core.shell:Creating prefix chain script '/home/wenda/powerarm_ws/install/setup.zsh'
