[0.084s] Invoking command in '/home/wenda/powerarm_ws/build/moveit_visual_tools': CMAKE_PREFIX_PATH=${CMAKE_PREFIX_PATH}:/opt/ros/humble /usr/bin/cmake /home/wenda/powerarm_ws/src/moveit_visual_tools-ros2 -DCMAKE_BUILD_TYPE=Release -DCMAKE_INSTALL_PREFIX=/home/wenda/powerarm_ws/install/moveit_visual_tools
[0.096s] -- Found moveit_common: 2.5.5 (/opt/ros/humble/share/moveit_common/cmake)
[0.096s] -- Found ament_cmake: 1.3.5 (/opt/ros/humble/share/ament_cmake/cmake)
[0.305s] -- Could NOT find libbfd (missing: LIBBFD_LIBRARY LIBBFD_INCLUDE_DIR) 
[0.305s] -- BACKWARD_HAS_UNWIND=1
[0.305s] -- BACKWARD_HAS_BACKTRACE=0
[0.305s] -- BACKWARD_HAS_BACKTRACE_SYMBOL=0
[0.305s] -- BACKWARD_HAS_DW=1
[0.305s] -- BACKWARD_HAS_BFD=0
[0.306s] -- Found Backward: /opt/ros/humble/share/backward_ros/cmake  
[0.312s] -- Found geometry_msgs: 4.2.3 (/opt/ros/humble/share/geometry_msgs/cmake)
[0.331s] -- Found rosidl_generator_c: 3.1.5 (/opt/ros/humble/share/rosidl_generator_c/cmake)
[0.333s] -- Found rosidl_adapter: 3.1.5 (/opt/ros/humble/share/rosidl_adapter/cmake)
[0.339s] -- Found rosidl_generator_cpp: 3.1.5 (/opt/ros/humble/share/rosidl_generator_cpp/cmake)
[0.350s] -- Using all available rosidl_typesupport_c: rosidl_typesupport_fastrtps_c;rosidl_typesupport_introspection_c
[0.366s] -- Using all available rosidl_typesupport_cpp: rosidl_typesupport_fastrtps_cpp;rosidl_typesupport_introspection_cpp
[0.492s] -- Found graph_msgs: 0.2.0 (/opt/ros/humble/share/graph_msgs/cmake)
[0.585s] -- Found moveit_core: 2.5.5 (/opt/ros/humble/share/moveit_core/cmake)
[0.804s] -- Found Boost: /usr/lib/x86_64-linux-gnu/cmake/Boost-1.74.0/BoostConfig.cmake (found version "1.74.0") found components: chrono date_time filesystem iostreams program_options regex serialization system thread 
[0.819s] -- Found parameter_traits: 0.3.6 (/opt/ros/humble/share/parameter_traits/cmake)
[0.885s] -- Found rmw_implementation_cmake: 6.1.1 (/opt/ros/humble/share/rmw_implementation_cmake/cmake)
[0.887s] -- Found rmw_fastrtps_cpp: 6.2.4 (/opt/ros/humble/share/rmw_fastrtps_cpp/cmake)
[0.976s] -- Found OpenSSL: /usr/lib/x86_64-linux-gnu/libcrypto.so (found version "3.0.2")  
[0.998s] -- Found FastRTPS: /opt/ros/humble/include  
[1.040s] -- Using RMW implementation 'rmw_fastrtps_cpp' as default
[1.050s] -- Found Threads: TRUE  
[1.207s] -- Found rclcpp_lifecycle: 16.0.6 (/opt/ros/humble/share/rclcpp_lifecycle/cmake)
[1.258s] -- Found Boost: /usr/lib/x86_64-linux-gnu/cmake/Boost-1.74.0/BoostConfig.cmake (found version "1.74.0") found components: filesystem 
[1.338s] -- library: /usr/lib/x86_64-linux-gnu/libcurl.so
[1.692s] -- Found Eigen3: TRUE (found version "3.4.0") 
[1.692s] -- Ensuring Eigen3 include directory is part of orocos-kdl CMake target
[2.940s] -- Found moveit_ros_planning: 2.5.5 (/opt/ros/humble/share/moveit_ros_planning/cmake)
[2.946s] -- Found Boost: /usr/lib/x86_64-linux-gnu/cmake/Boost-1.74.0/BoostConfig.cmake (found version "1.74.0") found components: system filesystem date_time program_options thread chrono 
[3.451s] -- Found rviz_visual_tools: 4.1.4 (/opt/ros/humble/share/rviz_visual_tools/cmake)
[3.599s] -- Setting OGRE_DIR to: '/opt/ros/humble/share/rviz_ogre_vendor/cmake/../../../opt/rviz_ogre_vendor/lib/OGRE/cmake'
[3.601s] -- Found OGRE
[3.601s] --   static     : OFF
[3.601s] --   components : HLMS;MeshLodGenerator;Overlay;Paging;Property;RTShaderSystem;Terrain;Volume
[3.601s] --   plugins    : Plugin_BSPSceneManager;Plugin_OctreeSceneManager;Plugin_PCZSceneManager;Plugin_ParticleFX;RenderSystem_GL;RenderSystem_GL3Plus;Codec_STBI
[3.601s] --   media      : /opt/ros/humble/opt/rviz_ogre_vendor/share/OGRE/Media
[3.601s] -- OGRE_LIBRARIES: OgreHLMS;OgreMeshLodGenerator;OgreOverlay;OgrePaging;OgreProperty;OgreRTShaderSystem;OgreTerrain;OgreVolume;OgreMain
[3.601s] -- OGRE_LIBRARY_DIRS: /opt/ros/humble/opt/rviz_ogre_vendor/lib
[3.601s] -- OGRE_PLUGINS: Plugin_BSPSceneManager;Plugin_OctreeSceneManager;Plugin_PCZSceneManager;Plugin_ParticleFX;RenderSystem_GL;RenderSystem_GL3Plus;Codec_STBI
[3.601s] -- OGRE_PLUGIN_DIR: /opt/ros/humble/opt/rviz_ogre_vendor/lib/OGRE
[3.601s] -- rviz_ogre_vendor::OgreOverlay for IMPORTED_LOCATION_RELEASE: /opt/ros/humble/opt/rviz_ogre_vendor/lib/libOgreOverlay.so
[3.601s] -- rviz_ogre_vendor::OgreOverlay for IMPORTED_LOCATION_DEBUG: /opt/ros/humble/opt/rviz_ogre_vendor/lib/libOgreOverlay.so
[3.602s] -- rviz_ogre_vendor::OgreMain for IMPORTED_LOCATION_RELEASE: /opt/ros/humble/opt/rviz_ogre_vendor/lib/libOgreMain.so
[3.602s] -- rviz_ogre_vendor::OgreMain for IMPORTED_LOCATION_DEBUG: /opt/ros/humble/opt/rviz_ogre_vendor/lib/libOgreMain.so
[3.620s] -- Found ZLIB: /usr/lib/x86_64-linux-gnu/libz.so (found version "1.2.11") 
[3.625s] -- Found OpenGL: /usr/lib/x86_64-linux-gnu/libOpenGL.so   
[3.711s] -- Found X11: /usr/include   
[3.712s] -- Looking for XOpenDisplay in /usr/lib/x86_64-linux-gnu/libX11.so;/usr/lib/x86_64-linux-gnu/libXext.so
[3.805s] -- Looking for XOpenDisplay in /usr/lib/x86_64-linux-gnu/libX11.so;/usr/lib/x86_64-linux-gnu/libXext.so - found
[3.805s] -- Looking for gethostbyname
[3.891s] -- Looking for gethostbyname - found
[3.891s] -- Looking for connect
[3.978s] -- Looking for connect - found
[3.978s] -- Looking for remove
[4.069s] -- Looking for remove - found
[4.069s] -- Looking for shmat
[4.163s] -- Looking for shmat - found
[4.163s] -- Looking for IceConnectionNumber in ICE
[4.250s] -- Looking for IceConnectionNumber in ICE - found
[4.252s] -- rviz_ogre_vendor::RenderSystem_GL for IMPORTED_LOCATION_RELEASE: _render_system_gl_static_library_abs-NOTFOUND
[4.252s] -- rviz_ogre_vendor::RenderSystem_GL for IMPORTED_LOCATION_DEBUG: _render_system_gl_static_library_abs-NOTFOUND
[4.962s] -- Found ament_lint_auto: 0.12.8 (/opt/ros/humble/share/ament_lint_auto/cmake)
[4.978s] -- Added test 'copyright' to check source files copyright and LICENSE
[4.978s] -- Added test 'flake8' to check Python code syntax and style conventions
[4.979s] -- Added test 'lint_cmake' to check CMake code style
[4.979s] -- Added test 'pep257' to check Python code against some of the docstring style conventions in PEP 257
[4.980s] -- Added test 'xmllint' to check XML markup files
[4.981s] -- Configuring done
[5.034s] -- Generating done
[5.036s] -- Build files have been written to: /home/wenda/powerarm_ws/build/moveit_visual_tools
[5.047s] Invoked command in '/home/wenda/powerarm_ws/build/moveit_visual_tools' returned '0': CMAKE_PREFIX_PATH=${CMAKE_PREFIX_PATH}:/opt/ros/humble /usr/bin/cmake /home/wenda/powerarm_ws/src/moveit_visual_tools-ros2 -DCMAKE_BUILD_TYPE=Release -DCMAKE_INSTALL_PREFIX=/home/wenda/powerarm_ws/install/moveit_visual_tools
[5.049s] Invoking command in '/home/wenda/powerarm_ws/build/moveit_visual_tools': CMAKE_PREFIX_PATH=${CMAKE_PREFIX_PATH}:/opt/ros/humble /usr/bin/cmake --build /home/wenda/powerarm_ws/build/moveit_visual_tools -- -j16 -l16
[5.097s] [ 50%] [32mBuilding CXX object CMakeFiles/moveit_visual_tools.dir/src/moveit_visual_tools.cpp.o[0m
[5.097s] [ 50%] [32mBuilding CXX object CMakeFiles/moveit_visual_tools.dir/src/imarker_end_effector.cpp.o[0m
[5.097s] [ 50%] [32mBuilding CXX object CMakeFiles/moveit_visual_tools.dir/src/imarker_robot_state.cpp.o[0m
[24.053s] [ 66%] [32m[1mLinking CXX shared library libmoveit_visual_tools.so[0m
[24.398s] [ 66%] Built target moveit_visual_tools
[24.418s] [ 83%] [32mBuilding CXX object CMakeFiles/moveit_visual_tools_demo.dir/src/moveit_visual_tools_demo.cpp.o[0m
[36.151s] [100%] [32m[1mLinking CXX executable moveit_visual_tools_demo[0m
[36.530s] [100%] Built target moveit_visual_tools_demo
[36.541s] Invoked command in '/home/wenda/powerarm_ws/build/moveit_visual_tools' returned '0': CMAKE_PREFIX_PATH=${CMAKE_PREFIX_PATH}:/opt/ros/humble /usr/bin/cmake --build /home/wenda/powerarm_ws/build/moveit_visual_tools -- -j16 -l16
[36.575s] Invoking command in '/home/wenda/powerarm_ws/build/moveit_visual_tools': CMAKE_PREFIX_PATH=${CMAKE_PREFIX_PATH}:/opt/ros/humble /usr/bin/cmake --install /home/wenda/powerarm_ws/build/moveit_visual_tools
[36.582s] -- Install configuration: "Release"
[36.582s] -- Installing: /home/wenda/powerarm_ws/install/moveit_visual_tools/share/moveit_visual_tools/environment/library_path.sh
[36.582s] -- Installing: /home/wenda/powerarm_ws/install/moveit_visual_tools/share/moveit_visual_tools/environment/library_path.dsv
[36.582s] -- Installing: /home/wenda/powerarm_ws/install/moveit_visual_tools/lib/libmoveit_visual_tools.so
[36.583s] -- Set runtime path of "/home/wenda/powerarm_ws/install/moveit_visual_tools/lib/libmoveit_visual_tools.so" to ""
[36.583s] -- Installing: /home/wenda/powerarm_ws/install/moveit_visual_tools/lib/moveit_visual_tools/moveit_visual_tools_demo
[36.583s] -- Set runtime path of "/home/wenda/powerarm_ws/install/moveit_visual_tools/lib/moveit_visual_tools/moveit_visual_tools_demo" to ""
[36.584s] -- Installing: /home/wenda/powerarm_ws/install/moveit_visual_tools/include
[36.584s] -- Installing: /home/wenda/powerarm_ws/install/moveit_visual_tools/include/moveit_visual_tools
[36.584s] -- Installing: /home/wenda/powerarm_ws/install/moveit_visual_tools/include/moveit_visual_tools/imarker_robot_state.h
[36.584s] -- Installing: /home/wenda/powerarm_ws/install/moveit_visual_tools/include/moveit_visual_tools/moveit_visual_tools.h
[36.584s] -- Installing: /home/wenda/powerarm_ws/install/moveit_visual_tools/include/moveit_visual_tools/imarker_end_effector.h
[36.584s] -- Installing: /home/wenda/powerarm_ws/install/moveit_visual_tools/share/moveit_visual_tools/launch
[36.584s] -- Installing: /home/wenda/powerarm_ws/install/moveit_visual_tools/share/moveit_visual_tools/launch/demo.rviz
[36.584s] -- Installing: /home/wenda/powerarm_ws/install/moveit_visual_tools/share/moveit_visual_tools/launch/demo_rviz.launch.py
[36.584s] -- Installing: /home/wenda/powerarm_ws/install/moveit_visual_tools/share/moveit_visual_tools/resources
[36.584s] -- Installing: /home/wenda/powerarm_ws/install/moveit_visual_tools/share/moveit_visual_tools/resources/rrbot.srdf
[36.584s] -- Installing: /home/wenda/powerarm_ws/install/moveit_visual_tools/share/moveit_visual_tools/resources/demo.png
[36.584s] -- Installing: /home/wenda/powerarm_ws/install/moveit_visual_tools/share/moveit_visual_tools/resources/rrbot.urdf
[36.584s] -- Installing: /home/wenda/powerarm_ws/install/moveit_visual_tools/share/moveit_visual_tools/resources/screenshot.png
[36.585s] -- Installing: /home/wenda/powerarm_ws/install/moveit_visual_tools/share/moveit_visual_tools/resources/demo_mesh.stl
[36.585s] -- Installing: /home/wenda/powerarm_ws/install/moveit_visual_tools/share/ament_index/resource_index/package_run_dependencies/moveit_visual_tools
[36.585s] -- Installing: /home/wenda/powerarm_ws/install/moveit_visual_tools/share/ament_index/resource_index/parent_prefix_path/moveit_visual_tools
[36.585s] -- Installing: /home/wenda/powerarm_ws/install/moveit_visual_tools/share/moveit_visual_tools/environment/ament_prefix_path.sh
[36.585s] -- Installing: /home/wenda/powerarm_ws/install/moveit_visual_tools/share/moveit_visual_tools/environment/ament_prefix_path.dsv
[36.585s] -- Installing: /home/wenda/powerarm_ws/install/moveit_visual_tools/share/moveit_visual_tools/environment/path.sh
[36.585s] -- Installing: /home/wenda/powerarm_ws/install/moveit_visual_tools/share/moveit_visual_tools/environment/path.dsv
[36.585s] -- Installing: /home/wenda/powerarm_ws/install/moveit_visual_tools/share/moveit_visual_tools/local_setup.bash
[36.585s] -- Installing: /home/wenda/powerarm_ws/install/moveit_visual_tools/share/moveit_visual_tools/local_setup.sh
[36.585s] -- Installing: /home/wenda/powerarm_ws/install/moveit_visual_tools/share/moveit_visual_tools/local_setup.zsh
[36.586s] -- Installing: /home/wenda/powerarm_ws/install/moveit_visual_tools/share/moveit_visual_tools/local_setup.dsv
[36.586s] -- Installing: /home/wenda/powerarm_ws/install/moveit_visual_tools/share/moveit_visual_tools/package.dsv
[36.586s] -- Installing: /home/wenda/powerarm_ws/install/moveit_visual_tools/share/ament_index/resource_index/packages/moveit_visual_tools
[36.586s] -- Installing: /home/wenda/powerarm_ws/install/moveit_visual_tools/share/moveit_visual_tools/cmake/export_moveit_visual_toolsExport.cmake
[36.586s] -- Installing: /home/wenda/powerarm_ws/install/moveit_visual_tools/share/moveit_visual_tools/cmake/export_moveit_visual_toolsExport-release.cmake
[36.586s] -- Installing: /home/wenda/powerarm_ws/install/moveit_visual_tools/share/moveit_visual_tools/cmake/ament_cmake_export_targets-extras.cmake
[36.586s] -- Installing: /home/wenda/powerarm_ws/install/moveit_visual_tools/share/moveit_visual_tools/cmake/ament_cmake_export_dependencies-extras.cmake
[36.586s] -- Installing: /home/wenda/powerarm_ws/install/moveit_visual_tools/share/moveit_visual_tools/cmake/moveit_visual_toolsConfig.cmake
[36.586s] -- Installing: /home/wenda/powerarm_ws/install/moveit_visual_tools/share/moveit_visual_tools/cmake/moveit_visual_toolsConfig-version.cmake
[36.586s] -- Installing: /home/wenda/powerarm_ws/install/moveit_visual_tools/share/moveit_visual_tools/package.xml
[36.588s] Invoked command in '/home/wenda/powerarm_ws/build/moveit_visual_tools' returned '0': CMAKE_PREFIX_PATH=${CMAKE_PREFIX_PATH}:/opt/ros/humble /usr/bin/cmake --install /home/wenda/powerarm_ws/build/moveit_visual_tools
