[35m[1mConsolidate compiler generated dependencies of target powerarm_state[0m
[ 50%] [32mBuilding CXX object CMakeFiles/powerarm_state.dir/src/powerarm_state.cpp.o[0m
In file included from [01m[K/opt/ros/humble/include/pluginlib/pluginlib/class_loader_imp.hpp:57[m[K,
                 from [01m[K/opt/ros/humble/include/pluginlib/pluginlib/class_loader.hpp:334[m[K,
                 from [01m[K/home/wenda/powerarm_ws/src/powerarm/src/powerarm_state.cpp:2[m[K:
[01m[K/home/wenda/powerarm_ws/src/powerarm/src/powerarm_state.cpp:[m[K In function ‘[01m[Kint main(int, char**)[m[K’:
[01m[K/home/wenda/powerarm_ws/src/powerarm/src/powerarm_state.cpp:96:29:[m[K [01;35m[Kwarning: [m[Kformat ‘[01m[K%d[m[K’ expects argument of type ‘[01m[Kint[m[K’, but argument 5 has type ‘[01m[Kstd::vector<trajectory_msgs::msg::JointTrajectoryPoint_<std::allocator<void> >, std::allocator<trajectory_msgs::msg::JointTrajectoryPoint_<std::allocator<void> > > >::size_type[m[K’ {aka ‘[01m[Klong unsigned int[m[K’} [[01;35m[K]8;;https://gcc.gnu.org/onlinedocs/gcc/Warning-Options.html#index-Wformat=-Wformat=]8;;[m[K]
   96 |         RCLCPP_INFO(LOGGER, [01;35m[K"The total number of points on the trajactory %d"[m[K, [32m[Kmy_plan.trajectory_.joint_trajectory.points.size()[m[K);
      |                             [01;35m[K^~~~~~~~~~~~~~~~~~~~~~~~~~~~~~~~~~~~~~~~~~~~~~~~~[m[K  [32m[K~~~~~~~~~~~~~~~~~~~~~~~~~~~~~~~~~~~~~~~~~~~~~~~~~~[m[K
      |                                                                                                                                [32m[K|[m[K
      |                                                                                                                                [32m[Kstd::vector<trajectory_msgs::msg::JointTrajectoryPoint_<std::allocator<void> >, std::allocator<trajectory_msgs::msg::JointTrajectoryPoint_<std::allocator<void> > > >::size_type {aka long unsigned int}[m[K
[01m[K/home/wenda/powerarm_ws/src/powerarm/src/powerarm_state.cpp:96:76:[m[K [01;36m[Knote: [m[Kformat string is defined here
   96 |         RCLCPP_INFO(LOGGER, "The total number of points on the trajactory [01;36m[K%d[m[K", my_plan.trajectory_.joint_trajectory.points.size());
      |                                                                           [01;36m[K~^[m[K
      |                                                                            [01;36m[K|[m[K
      |                                                                            [01;36m[Kint[m[K
      |                                                                           [32m[K%ld[m[K
[01m[K/home/wenda/powerarm_ws/src/powerarm/src/powerarm_state.cpp:95:14:[m[K [01;35m[Kwarning: [m[Kunused variable ‘[01m[Ksuccess[m[K’ [[01;35m[K]8;;https://gcc.gnu.org/onlinedocs/gcc/Warning-Options.html#index-Wunused-variable-Wunused-variable]8;;[m[K]
   95 |         bool [01;35m[Ksuccess[m[K = (move_group.plan(my_plan) == moveit::core::MoveItErrorCode::SUCCESS);
      |              [01;35m[K^~~~~~~[m[K
[100%] [32m[1mLinking CXX executable powerarm_state[0m
[100%] Built target powerarm_state
-- Install configuration: "Release"
-- Installing: /home/wenda/powerarm_ws/install/powerarm/lib/powerarm/powerarm_state
-- Set runtime path of "/home/wenda/powerarm_ws/install/powerarm/lib/powerarm/powerarm_state" to ""
-- Up-to-date: /home/wenda/powerarm_ws/install/powerarm/share/ament_index/resource_index/package_run_dependencies/powerarm
-- Up-to-date: /home/wenda/powerarm_ws/install/powerarm/share/ament_index/resource_index/parent_prefix_path/powerarm
-- Up-to-date: /home/wenda/powerarm_ws/install/powerarm/share/powerarm/environment/ament_prefix_path.sh
-- Up-to-date: /home/wenda/powerarm_ws/install/powerarm/share/powerarm/environment/ament_prefix_path.dsv
-- Up-to-date: /home/wenda/powerarm_ws/install/powerarm/share/powerarm/environment/path.sh
-- Up-to-date: /home/wenda/powerarm_ws/install/powerarm/share/powerarm/environment/path.dsv
-- Up-to-date: /home/wenda/powerarm_ws/install/powerarm/share/powerarm/local_setup.bash
-- Up-to-date: /home/wenda/powerarm_ws/install/powerarm/share/powerarm/local_setup.sh
-- Up-to-date: /home/wenda/powerarm_ws/install/powerarm/share/powerarm/local_setup.zsh
-- Up-to-date: /home/wenda/powerarm_ws/install/powerarm/share/powerarm/local_setup.dsv
-- Installing: /home/wenda/powerarm_ws/install/powerarm/share/powerarm/package.dsv
-- Up-to-date: /home/wenda/powerarm_ws/install/powerarm/share/ament_index/resource_index/packages/powerarm
-- Up-to-date: /home/wenda/powerarm_ws/install/powerarm/share/powerarm/cmake/powerarmConfig.cmake
-- Up-to-date: /home/wenda/powerarm_ws/install/powerarm/share/powerarm/cmake/powerarmConfig-version.cmake
-- Up-to-date: /home/wenda/powerarm_ws/install/powerarm/share/powerarm/package.xml
