[0.138s] Invoking command in '/home/wenda/powerarm_ws/build/powerarm': CMAKE_PREFIX_PATH=/home/wenda/powerarm_ws/install/moveit_visual_tools:/home/wenda/powerarm_ws/install/powerarm_moveit_config:/home/wenda/powerarm_ws/install/powerarm_urdf:/home/wenda/powerarm_ws/install/powerarm:/home/wenda/test_ws/install/elite_ec66_moveit_config:/home/wenda/test_ws/install/elite_description:/opt/ros/humble /usr/bin/cmake --build /home/wenda/powerarm_ws/build/powerarm -- -j16 -l16
[0.177s] [35m[1mConsolidate compiler generated dependencies of target powerarm_state[0m
[0.199s] [ 50%] [32mBuilding CXX object CMakeFiles/powerarm_state.dir/src/powerarm_state.cpp.o[0m
[5.163s] In file included from [01m[K/opt/ros/humble/include/pluginlib/pluginlib/class_loader_imp.hpp:57[m[K,
[5.163s]                  from [01m[K/opt/ros/humble/include/pluginlib/pluginlib/class_loader.hpp:334[m[K,
[5.163s]                  from [01m[K/home/wenda/powerarm_ws/src/powerarm/src/powerarm_state.cpp:2[m[K:
[5.164s] [01m[K/home/wenda/powerarm_ws/src/powerarm/src/powerarm_state.cpp:[m[K In function ‘[01m[Kint main(int, char**)[m[K’:
[5.164s] [01m[K/home/wenda/powerarm_ws/src/powerarm/src/powerarm_state.cpp:96:29:[m[K [01;35m[Kwarning: [m[Kformat ‘[01m[K%d[m[K’ expects argument of type ‘[01m[Kint[m[K’, but argument 5 has type ‘[01m[Kstd::vector<trajectory_msgs::msg::JointTrajectoryPoint_<std::allocator<void> >, std::allocator<trajectory_msgs::msg::JointTrajectoryPoint_<std::allocator<void> > > >::size_type[m[K’ {aka ‘[01m[Klong unsigned int[m[K’} [[01;35m[K]8;;https://gcc.gnu.org/onlinedocs/gcc/Warning-Options.html#index-Wformat=-Wformat=]8;;[m[K]
[5.164s]    96 |         RCLCPP_INFO(LOGGER, [01;35m[K"The total number of points on the trajactory %d"[m[K, [32m[Kmy_plan.trajectory_.joint_trajectory.points.size()[m[K);
[5.164s]       |                             [01;35m[K^~~~~~~~~~~~~~~~~~~~~~~~~~~~~~~~~~~~~~~~~~~~~~~~~[m[K  [32m[K~~~~~~~~~~~~~~~~~~~~~~~~~~~~~~~~~~~~~~~~~~~~~~~~~~[m[K
[5.164s]       |                                                                                                                                [32m[K|[m[K
[5.164s]       |                                                                                                                                [32m[Kstd::vector<trajectory_msgs::msg::JointTrajectoryPoint_<std::allocator<void> >, std::allocator<trajectory_msgs::msg::JointTrajectoryPoint_<std::allocator<void> > > >::size_type {aka long unsigned int}[m[K
[5.164s] [01m[K/home/wenda/powerarm_ws/src/powerarm/src/powerarm_state.cpp:96:76:[m[K [01;36m[Knote: [m[Kformat string is defined here
[5.164s]    96 |         RCLCPP_INFO(LOGGER, "The total number of points on the trajactory [01;36m[K%d[m[K", my_plan.trajectory_.joint_trajectory.points.size());
[5.164s]       |                                                                           [01;36m[K~^[m[K
[5.164s]       |                                                                            [01;36m[K|[m[K
[5.164s]       |                                                                            [01;36m[Kint[m[K
[5.164s]       |                                                                           [32m[K%ld[m[K
[5.176s] [01m[K/home/wenda/powerarm_ws/src/powerarm/src/powerarm_state.cpp:95:14:[m[K [01;35m[Kwarning: [m[Kunused variable ‘[01m[Ksuccess[m[K’ [[01;35m[K]8;;https://gcc.gnu.org/onlinedocs/gcc/Warning-Options.html#index-Wunused-variable-Wunused-variable]8;;[m[K]
[5.176s]    95 |         bool [01;35m[Ksuccess[m[K = (move_group.plan(my_plan) == moveit::core::MoveItErrorCode::SUCCESS);
[5.176s]       |              [01;35m[K^~~~~~~[m[K
[8.915s] [100%] [32m[1mLinking CXX executable powerarm_state[0m
[9.230s] [100%] Built target powerarm_state
[9.240s] Invoked command in '/home/wenda/powerarm_ws/build/powerarm' returned '0': CMAKE_PREFIX_PATH=/home/wenda/powerarm_ws/install/moveit_visual_tools:/home/wenda/powerarm_ws/install/powerarm_moveit_config:/home/wenda/powerarm_ws/install/powerarm_urdf:/home/wenda/powerarm_ws/install/powerarm:/home/wenda/test_ws/install/elite_ec66_moveit_config:/home/wenda/test_ws/install/elite_description:/opt/ros/humble /usr/bin/cmake --build /home/wenda/powerarm_ws/build/powerarm -- -j16 -l16
[9.262s] Invoking command in '/home/wenda/powerarm_ws/build/powerarm': CMAKE_PREFIX_PATH=/home/wenda/powerarm_ws/install/moveit_visual_tools:/home/wenda/powerarm_ws/install/powerarm_moveit_config:/home/wenda/powerarm_ws/install/powerarm_urdf:/home/wenda/powerarm_ws/install/powerarm:/home/wenda/test_ws/install/elite_ec66_moveit_config:/home/wenda/test_ws/install/elite_description:/opt/ros/humble /usr/bin/cmake --install /home/wenda/powerarm_ws/build/powerarm
[9.268s] -- Install configuration: "Release"
[9.268s] -- Installing: /home/wenda/powerarm_ws/install/powerarm/lib/powerarm/powerarm_state
[9.268s] -- Set runtime path of "/home/wenda/powerarm_ws/install/powerarm/lib/powerarm/powerarm_state" to ""
[9.268s] -- Up-to-date: /home/wenda/powerarm_ws/install/powerarm/share/ament_index/resource_index/package_run_dependencies/powerarm
[9.268s] -- Up-to-date: /home/wenda/powerarm_ws/install/powerarm/share/ament_index/resource_index/parent_prefix_path/powerarm
[9.269s] -- Up-to-date: /home/wenda/powerarm_ws/install/powerarm/share/powerarm/environment/ament_prefix_path.sh
[9.269s] -- Up-to-date: /home/wenda/powerarm_ws/install/powerarm/share/powerarm/environment/ament_prefix_path.dsv
[9.269s] -- Up-to-date: /home/wenda/powerarm_ws/install/powerarm/share/powerarm/environment/path.sh
[9.269s] -- Up-to-date: /home/wenda/powerarm_ws/install/powerarm/share/powerarm/environment/path.dsv
[9.269s] -- Up-to-date: /home/wenda/powerarm_ws/install/powerarm/share/powerarm/local_setup.bash
[9.269s] -- Up-to-date: /home/wenda/powerarm_ws/install/powerarm/share/powerarm/local_setup.sh
[9.269s] -- Up-to-date: /home/wenda/powerarm_ws/install/powerarm/share/powerarm/local_setup.zsh
[9.269s] -- Up-to-date: /home/wenda/powerarm_ws/install/powerarm/share/powerarm/local_setup.dsv
[9.269s] -- Installing: /home/wenda/powerarm_ws/install/powerarm/share/powerarm/package.dsv
[9.269s] -- Up-to-date: /home/wenda/powerarm_ws/install/powerarm/share/ament_index/resource_index/packages/powerarm
[9.269s] -- Up-to-date: /home/wenda/powerarm_ws/install/powerarm/share/powerarm/cmake/powerarmConfig.cmake
[9.269s] -- Up-to-date: /home/wenda/powerarm_ws/install/powerarm/share/powerarm/cmake/powerarmConfig-version.cmake
[9.269s] -- Up-to-date: /home/wenda/powerarm_ws/install/powerarm/share/powerarm/package.xml
[9.270s] Invoked command in '/home/wenda/powerarm_ws/build/powerarm' returned '0': CMAKE_PREFIX_PATH=/home/wenda/powerarm_ws/install/moveit_visual_tools:/home/wenda/powerarm_ws/install/powerarm_moveit_config:/home/wenda/powerarm_ws/install/powerarm_urdf:/home/wenda/powerarm_ws/install/powerarm:/home/wenda/test_ws/install/elite_ec66_moveit_config:/home/wenda/test_ws/install/elite_description:/opt/ros/humble /usr/bin/cmake --install /home/wenda/powerarm_ws/build/powerarm
