[0.084s] Invoking command in '/home/wenda/powerarm_ws/build/powerarm': AMENT_PREFIX_PATH=/home/wenda/powerarm_ws/install/moveit_visual_tools:${AMENT_PREFIX_PATH} CMAKE_PREFIX_PATH=/home/wenda/powerarm_ws/install/moveit_visual_tools:/home/wenda/powerarm_ws/install/powerarm_moveit_config:/home/wenda/powerarm_ws/install/powerarm_urdf:/home/wenda/powerarm_ws/install/powerarm:/home/wenda/test_ws/install/elite_ec66_moveit_config:/home/wenda/test_ws/install/elite_description:/opt/ros/humble LD_LIBRARY_PATH=/home/wenda/powerarm_ws/install/moveit_visual_tools/lib:${LD_LIBRARY_PATH} /usr/bin/cmake /home/wenda/powerarm_ws/src/powerarm -DCMAKE_BUILD_TYPE=Release -DCMAKE_INSTALL_PREFIX=/home/wenda/powerarm_ws/install/powerarm
[0.094s] -- Found ament_cmake: 1.3.5 (/opt/ros/humble/share/ament_cmake/cmake)
[0.229s] -- Found moveit_ros_planning_interface: 2.5.5 (/opt/ros/humble/share/moveit_ros_planning_interface/cmake)
[0.240s] -- Found Boost: /usr/lib/x86_64-linux-gnu/cmake/Boost-1.74.0/BoostConfig.cmake (found version "1.74.0") found components: date_time filesystem program_options system thread 
[0.266s] -- Found rosidl_generator_c: 3.1.5 (/opt/ros/humble/share/rosidl_generator_c/cmake)
[0.269s] -- Found rosidl_adapter: 3.1.5 (/opt/ros/humble/share/rosidl_adapter/cmake)
[0.275s] -- Found rosidl_generator_cpp: 3.1.5 (/opt/ros/humble/share/rosidl_generator_cpp/cmake)
[0.287s] -- Using all available rosidl_typesupport_c: rosidl_typesupport_fastrtps_c;rosidl_typesupport_introspection_c
[0.304s] -- Using all available rosidl_typesupport_cpp: rosidl_typesupport_fastrtps_cpp;rosidl_typesupport_introspection_cpp
[1.318s] -- Found Boost: /usr/lib/x86_64-linux-gnu/cmake/Boost-1.74.0/BoostConfig.cmake (found version "1.74.0") found components: chrono date_time filesystem iostreams program_options regex serialization system thread 
[1.327s] -- Found parameter_traits: 0.3.6 (/opt/ros/humble/share/parameter_traits/cmake)
[1.379s] -- Found rmw_implementation_cmake: 6.1.1 (/opt/ros/humble/share/rmw_implementation_cmake/cmake)
[1.380s] -- Found rmw_fastrtps_cpp: 6.2.4 (/opt/ros/humble/share/rmw_fastrtps_cpp/cmake)
[1.494s] -- Using RMW implementation 'rmw_fastrtps_cpp' as default
[1.655s] -- Found rclcpp_lifecycle: 16.0.6 (/opt/ros/humble/share/rclcpp_lifecycle/cmake)
[1.701s] -- Found Boost: /usr/lib/x86_64-linux-gnu/cmake/Boost-1.74.0/BoostConfig.cmake (found version "1.74.0") found components: filesystem 
[1.735s] -- library: /usr/lib/x86_64-linux-gnu/libcurl.so
[1.912s] -- Ensuring Eigen3 include directory is part of orocos-kdl CMake target
[2.486s] -- Found Boost: /usr/lib/x86_64-linux-gnu/cmake/Boost-1.74.0/BoostConfig.cmake (found version "1.74.0") found components: system filesystem date_time program_options thread chrono 
[3.103s] -- Found Boost: /usr/lib/x86_64-linux-gnu/cmake/Boost-1.74.0/BoostConfig.cmake (found version "1.74.0") found components: thread system filesystem regex date_time program_options 
[3.389s] -- Found Boost: /usr/lib/x86_64-linux-gnu/cmake/Boost-1.74.0/BoostConfig.cmake (found version "1.74.0") found components: system filesystem date_time program_options thread 
[3.893s] -- Found ament_lint_auto: 0.12.8 (/opt/ros/humble/share/ament_lint_auto/cmake)
[3.965s] -- Added test 'cppcheck' to perform static code analysis on C / C++ code
[3.965s] -- Configured cppcheck include dirs: $<BUILD_INTERFACE:/home/wenda/powerarm_ws/src/powerarm/include>
[3.965s] -- Configured cppcheck exclude dirs and/or files: 
[3.966s] -- Added test 'lint_cmake' to check CMake code style
[3.966s] -- Added test 'uncrustify' to check C / C++ code style
[3.966s] -- Configured uncrustify additional arguments: 
[3.967s] -- Added test 'xmllint' to check XML markup files
[3.967s] -- Configuring done
[3.993s] -- Generating done
[3.995s] -- Build files have been written to: /home/wenda/powerarm_ws/build/powerarm
[4.005s] Invoked command in '/home/wenda/powerarm_ws/build/powerarm' returned '0': AMENT_PREFIX_PATH=/home/wenda/powerarm_ws/install/moveit_visual_tools:${AMENT_PREFIX_PATH} CMAKE_PREFIX_PATH=/home/wenda/powerarm_ws/install/moveit_visual_tools:/home/wenda/powerarm_ws/install/powerarm_moveit_config:/home/wenda/powerarm_ws/install/powerarm_urdf:/home/wenda/powerarm_ws/install/powerarm:/home/wenda/test_ws/install/elite_ec66_moveit_config:/home/wenda/test_ws/install/elite_description:/opt/ros/humble LD_LIBRARY_PATH=/home/wenda/powerarm_ws/install/moveit_visual_tools/lib:${LD_LIBRARY_PATH} /usr/bin/cmake /home/wenda/powerarm_ws/src/powerarm -DCMAKE_BUILD_TYPE=Release -DCMAKE_INSTALL_PREFIX=/home/wenda/powerarm_ws/install/powerarm
[4.006s] Invoking command in '/home/wenda/powerarm_ws/build/powerarm': AMENT_PREFIX_PATH=/home/wenda/powerarm_ws/install/moveit_visual_tools:${AMENT_PREFIX_PATH} CMAKE_PREFIX_PATH=/home/wenda/powerarm_ws/install/moveit_visual_tools:/home/wenda/powerarm_ws/install/powerarm_moveit_config:/home/wenda/powerarm_ws/install/powerarm_urdf:/home/wenda/powerarm_ws/install/powerarm:/home/wenda/test_ws/install/elite_ec66_moveit_config:/home/wenda/test_ws/install/elite_description:/opt/ros/humble LD_LIBRARY_PATH=/home/wenda/powerarm_ws/install/moveit_visual_tools/lib:${LD_LIBRARY_PATH} /usr/bin/cmake --build /home/wenda/powerarm_ws/build/powerarm -- -j16 -l16
[4.046s] [35m[1mConsolidate compiler generated dependencies of target powerarm_state[0m
[4.066s] [ 50%] [32mBuilding CXX object CMakeFiles/powerarm_state.dir/src/powerarm_state.cpp.o[0m
[4.629s] [01m[K/home/wenda/powerarm_ws/src/powerarm/src/powerarm_state.cpp:10:10:[m[K [01;31m[Kfatal error: [m[Kmoveit_visual_tools/moveit_visual_tools.h: No such file or directory
[4.629s]    10 | #include [01;31m[K<moveit_visual_tools/moveit_visual_tools.h>[m[K
[4.629s]       |          [01;31m[K^~~~~~~~~~~~~~~~~~~~~~~~~~~~~~~~~~~~~~~~~~~[m[K
[4.629s] compilation terminated.
[4.638s] gmake[2]: *** [CMakeFiles/powerarm_state.dir/build.make:76: CMakeFiles/powerarm_state.dir/src/powerarm_state.cpp.o] Error 1
[4.638s] gmake[1]: *** [CMakeFiles/Makefile2:137: CMakeFiles/powerarm_state.dir/all] Error 2
[4.638s] gmake: *** [Makefile:146: all] Error 2
[4.640s] Invoked command in '/home/wenda/powerarm_ws/build/powerarm' returned '2': AMENT_PREFIX_PATH=/home/wenda/powerarm_ws/install/moveit_visual_tools:${AMENT_PREFIX_PATH} CMAKE_PREFIX_PATH=/home/wenda/powerarm_ws/install/moveit_visual_tools:/home/wenda/powerarm_ws/install/powerarm_moveit_config:/home/wenda/powerarm_ws/install/powerarm_urdf:/home/wenda/powerarm_ws/install/powerarm:/home/wenda/test_ws/install/elite_ec66_moveit_config:/home/wenda/test_ws/install/elite_description:/opt/ros/humble LD_LIBRARY_PATH=/home/wenda/powerarm_ws/install/moveit_visual_tools/lib:${LD_LIBRARY_PATH} /usr/bin/cmake --build /home/wenda/powerarm_ws/build/powerarm -- -j16 -l16
