[0.093s] Invoking command in '/home/wenda/powerarm_ws/build/powerarm': CMAKE_PREFIX_PATH=${CMAKE_PREFIX_PATH}:/opt/ros/humble /usr/bin/cmake --build /home/wenda/powerarm_ws/build/powerarm -- -j16 -l16
[0.135s] [35m[1mConsolidate compiler generated dependencies of target powerarm_state[0m
[0.156s] [ 50%] [32mBuilding CXX object CMakeFiles/powerarm_state.dir/src/powerarm_state.cpp.o[0m
[5.698s] In file included from [01m[K/opt/ros/humble/include/rclcpp/rclcpp/node_interfaces/node_parameters_interface.hpp:28[m[K,
[5.698s]                  from [01m[K/opt/ros/humble/include/rclcpp/rclcpp/node.hpp:54[m[K,
[5.698s]                  from [01m[K/opt/ros/humble/include/rclcpp/rclcpp/executors/single_threaded_executor.hpp:28[m[K,
[5.698s]                  from [01m[K/opt/ros/humble/include/rclcpp/rclcpp/executors.hpp:22[m[K,
[5.698s]                  from [01m[K/opt/ros/humble/include/rclcpp/rclcpp/rclcpp.hpp:155[m[K,
[5.698s]                  from [01m[K/home/wenda/powerarm_ws/src/powerarm/src/powerarm_state.cpp:4[m[K:
[5.698s] /opt/ros/humble/include/rclcpp/rclcpp/parameter.hpp: In instantiation of ‘[01m[Krclcpp::Parameter::Parameter(const string&, ValueTypeT) [with ValueTypeT = YAML::Node; std::string = std::__cxx11::basic_string<char>][m[K’:
[5.698s] [01m[K/home/wenda/powerarm_ws/src/powerarm/src/powerarm_state.cpp:40:95:[m[K   required from here
[5.698s] [01m[K/opt/ros/humble/include/rclcpp/rclcpp/parameter.hpp:70:21:[m[K [01;31m[Kerror: [m[Kno matching function for call to ‘[01m[Krclcpp::ParameterValue::ParameterValue(YAML::Node&)[m[K’
[5.698s]    70 |   : Parameter(name, [01;31m[KParameterValue(value)[m[K)
[5.698s]       |                     [01;31m[K^~~~~~~~~~~~~~~~~~~~~[m[K
[5.699s] In file included from [01m[K/opt/ros/humble/include/rclcpp/rclcpp/parameter.hpp:26[m[K,
[5.699s]                  from [01m[K/opt/ros/humble/include/rclcpp/rclcpp/node_interfaces/node_parameters_interface.hpp:28[m[K,
[5.699s]                  from [01m[K/opt/ros/humble/include/rclcpp/rclcpp/node.hpp:54[m[K,
[5.699s]                  from [01m[K/opt/ros/humble/include/rclcpp/rclcpp/executors/single_threaded_executor.hpp:28[m[K,
[5.699s]                  from [01m[K/opt/ros/humble/include/rclcpp/rclcpp/executors.hpp:22[m[K,
[5.699s]                  from [01m[K/opt/ros/humble/include/rclcpp/rclcpp/rclcpp.hpp:155[m[K,
[5.699s]                  from [01m[K/home/wenda/powerarm_ws/src/powerarm/src/powerarm_state.cpp:4[m[K:
[5.699s] [01m[K/opt/ros/humble/include/rclcpp/rclcpp/parameter_value.hpp:121:12:[m[K [01;36m[Knote: [m[Kcandidate: ‘[01m[Krclcpp::ParameterValue::ParameterValue(const std::vector<std::__cxx11::basic_string<char> >&)[m[K’
[5.699s]   121 |   explicit [01;36m[KParameterValue[m[K(const std::vector<std::string> & string_array_value);
[5.699s]       |            [01;36m[K^~~~~~~~~~~~~~[m[K
[5.699s] [01m[K/opt/ros/humble/include/rclcpp/rclcpp/parameter_value.hpp:121:60:[m[K [01;36m[Knote: [m[K  no known conversion for argument 1 from ‘[01m[KYAML::Node[m[K’ to ‘[01m[Kconst std::vector<std::__cxx11::basic_string<char> >&[m[K’
[5.699s]   121 |   explicit ParameterValue([01;36m[Kconst std::vector<std::string> & string_array_value[m[K);
[5.699s]       |                           [01;36m[K~~~~~~~~~~~~~~~~~~~~~~~~~~~~~~~~~^~~~~~~~~~~~~~~~~~[m[K
[5.699s] [01m[K/opt/ros/humble/include/rclcpp/rclcpp/parameter_value.hpp:118:12:[m[K [01;36m[Knote: [m[Kcandidate: ‘[01m[Krclcpp::ParameterValue::ParameterValue(const std::vector<double, std::allocator<double> >&)[m[K’
[5.699s]   118 |   explicit [01;36m[KParameterValue[m[K(const std::vector<double> & double_array_value);
[5.699s]       |            [01;36m[K^~~~~~~~~~~~~~[m[K
[5.699s] [01m[K/opt/ros/humble/include/rclcpp/rclcpp/parameter_value.hpp:118:55:[m[K [01;36m[Knote: [m[K  no known conversion for argument 1 from ‘[01m[KYAML::Node[m[K’ to ‘[01m[Kconst std::vector<double, std::allocator<double> >&[m[K’
[5.700s]   118 |   explicit ParameterValue([01;36m[Kconst std::vector<double> & double_array_value[m[K);
[5.700s]       |                           [01;36m[K~~~~~~~~~~~~~~~~~~~~~~~~~~~~^~~~~~~~~~~~~~~~~~[m[K
[5.700s] [01m[K/opt/ros/humble/include/rclcpp/rclcpp/parameter_value.hpp:115:12:[m[K [01;36m[Knote: [m[Kcandidate: ‘[01m[Krclcpp::ParameterValue::ParameterValue(const std::vector<float>&)[m[K’
[5.700s]   115 |   explicit [01;36m[KParameterValue[m[K(const std::vector<float> & double_array_value);
[5.700s]       |            [01;36m[K^~~~~~~~~~~~~~[m[K
[5.700s] [01m[K/opt/ros/humble/include/rclcpp/rclcpp/parameter_value.hpp:115:54:[m[K [01;36m[Knote: [m[K  no known conversion for argument 1 from ‘[01m[KYAML::Node[m[K’ to ‘[01m[Kconst std::vector<float>&[m[K’
[5.700s]   115 |   explicit ParameterValue([01;36m[Kconst std::vector<float> & double_array_value[m[K);
[5.700s]       |                           [01;36m[K~~~~~~~~~~~~~~~~~~~~~~~~~~~^~~~~~~~~~~~~~~~~~[m[K
[5.700s] [01m[K/opt/ros/humble/include/rclcpp/rclcpp/parameter_value.hpp:112:12:[m[K [01;36m[Knote: [m[Kcandidate: ‘[01m[Krclcpp::ParameterValue::ParameterValue(const std::vector<long int, std::allocator<long int> >&)[m[K’
[5.700s]   112 |   explicit [01;36m[KParameterValue[m[K(const std::vector<int64_t> & int_array_value);
[5.700s]       |            [01;36m[K^~~~~~~~~~~~~~[m[K
[5.700s] [01m[K/opt/ros/humble/include/rclcpp/rclcpp/parameter_value.hpp:112:56:[m[K [01;36m[Knote: [m[K  no known conversion for argument 1 from ‘[01m[KYAML::Node[m[K’ to ‘[01m[Kconst std::vector<long int, std::allocator<long int> >&[m[K’
[5.700s]   112 |   explicit ParameterValue([01;36m[Kconst std::vector<int64_t> & int_array_value[m[K);
[5.700s]       |                           [01;36m[K~~~~~~~~~~~~~~~~~~~~~~~~~~~~~^~~~~~~~~~~~~~~[m[K
[5.700s] [01m[K/opt/ros/humble/include/rclcpp/rclcpp/parameter_value.hpp:109:12:[m[K [01;36m[Knote: [m[Kcandidate: ‘[01m[Krclcpp::ParameterValue::ParameterValue(const std::vector<int>&)[m[K’
[5.700s]   109 |   explicit [01;36m[KParameterValue[m[K(const std::vector<int> & int_array_value);
[5.701s]       |            [01;36m[K^~~~~~~~~~~~~~[m[K
[5.701s] [01m[K/opt/ros/humble/include/rclcpp/rclcpp/parameter_value.hpp:109:52:[m[K [01;36m[Knote: [m[K  no known conversion for argument 1 from ‘[01m[KYAML::Node[m[K’ to ‘[01m[Kconst std::vector<int>&[m[K’
[5.701s]   109 |   explicit ParameterValue([01;36m[Kconst std::vector<int> & int_array_value[m[K);
[5.701s]       |                           [01;36m[K~~~~~~~~~~~~~~~~~~~~~~~~~^~~~~~~~~~~~~~~[m[K
[5.701s] [01m[K/opt/ros/humble/include/rclcpp/rclcpp/parameter_value.hpp:106:12:[m[K [01;36m[Knote: [m[Kcandidate: ‘[01m[Krclcpp::ParameterValue::ParameterValue(const std::vector<bool, std::allocator<bool> >&)[m[K’
[5.701s]   106 |   explicit [01;36m[KParameterValue[m[K(const std::vector<bool> & bool_array_value);
[5.701s]       |            [01;36m[K^~~~~~~~~~~~~~[m[K
[5.701s] [01m[K/opt/ros/humble/include/rclcpp/rclcpp/parameter_value.hpp:106:53:[m[K [01;36m[Knote: [m[K  no known conversion for argument 1 from ‘[01m[KYAML::Node[m[K’ to ‘[01m[Kconst std::vector<bool, std::allocator<bool> >&[m[K’
[5.701s]   106 |   explicit ParameterValue([01;36m[Kconst std::vector<bool> & bool_array_value[m[K);
[5.701s]       |                           [01;36m[K~~~~~~~~~~~~~~~~~~~~~~~~~~^~~~~~~~~~~~~~~~[m[K
[5.701s] [01m[K/opt/ros/humble/include/rclcpp/rclcpp/parameter_value.hpp:103:12:[m[K [01;36m[Knote: [m[Kcandidate: ‘[01m[Krclcpp::ParameterValue::ParameterValue(const std::vector<unsigned char, std::allocator<unsigned char> >&)[m[K’
[5.701s]   103 |   explicit [01;36m[KParameterValue[m[K(const std::vector<uint8_t> & byte_array_value);
[5.701s]       |            [01;36m[K^~~~~~~~~~~~~~[m[K
[5.701s] [01m[K/opt/ros/humble/include/rclcpp/rclcpp/parameter_value.hpp:103:56:[m[K [01;36m[Knote: [m[K  no known conversion for argument 1 from ‘[01m[KYAML::Node[m[K’ to ‘[01m[Kconst std::vector<unsigned char, std::allocator<unsigned char> >&[m[K’
[5.701s]   103 |   explicit ParameterValue([01;36m[Kconst std::vector<uint8_t> & byte_array_value[m[K);
[5.701s]       |                           [01;36m[K~~~~~~~~~~~~~~~~~~~~~~~~~~~~~^~~~~~~~~~~~~~~~[m[K
[5.701s] [01m[K/opt/ros/humble/include/rclcpp/rclcpp/parameter_value.hpp:100:12:[m[K [01;36m[Knote: [m[Kcandidate: ‘[01m[Krclcpp::ParameterValue::ParameterValue(const char*)[m[K’
[5.702s]   100 |   explicit [01;36m[KParameterValue[m[K(const char * string_value);
[5.702s]       |            [01;36m[K^~~~~~~~~~~~~~[m[K
[5.702s] [01m[K/opt/ros/humble/include/rclcpp/rclcpp/parameter_value.hpp:100:40:[m[K [01;36m[Knote: [m[K  no known conversion for argument 1 from ‘[01m[KYAML::Node[m[K’ to ‘[01m[Kconst char*[m[K’
[5.702s]   100 |   explicit ParameterValue([01;36m[Kconst char * string_value[m[K);
[5.702s]       |                           [01;36m[K~~~~~~~~~~~~~^~~~~~~~~~~~[m[K
[5.702s] [01m[K/opt/ros/humble/include/rclcpp/rclcpp/parameter_value.hpp:97:12:[m[K [01;36m[Knote: [m[Kcandidate: ‘[01m[Krclcpp::ParameterValue::ParameterValue(const string&)[m[K’
[5.702s]    97 |   explicit [01;36m[KParameterValue[m[K(const std::string & string_value);
[5.702s]       |            [01;36m[K^~~~~~~~~~~~~~[m[K
[5.702s] [01m[K/opt/ros/humble/include/rclcpp/rclcpp/parameter_value.hpp:97:47:[m[K [01;36m[Knote: [m[K  no known conversion for argument 1 from ‘[01m[KYAML::Node[m[K’ to ‘[01m[Kconst string&[m[K’ {aka ‘[01m[Kconst std::__cxx11::basic_string<char>&[m[K’}
[5.702s]    97 |   explicit ParameterValue([01;36m[Kconst std::string & string_value[m[K);
[5.702s]       |                           [01;36m[K~~~~~~~~~~~~~~~~~~~~^~~~~~~~~~~~[m[K
[5.702s] [01m[K/opt/ros/humble/include/rclcpp/rclcpp/parameter_value.hpp:94:12:[m[K [01;36m[Knote: [m[Kcandidate: ‘[01m[Krclcpp::ParameterValue::ParameterValue(double)[m[K’
[5.702s]    94 |   explicit [01;36m[KParameterValue[m[K(const double double_value);
[5.702s]       |            [01;36m[K^~~~~~~~~~~~~~[m[K
[5.702s] [01m[K/opt/ros/humble/include/rclcpp/rclcpp/parameter_value.hpp:94:40:[m[K [01;36m[Knote: [m[K  no known conversion for argument 1 from ‘[01m[KYAML::Node[m[K’ to ‘[01m[Kdouble[m[K’
[5.702s]    94 |   explicit ParameterValue([01;36m[Kconst double double_value[m[K);
[5.703s]       |                           [01;36m[K~~~~~~~~~~~~~^~~~~~~~~~~~[m[K
[5.703s] [01m[K/opt/ros/humble/include/rclcpp/rclcpp/parameter_value.hpp:91:12:[m[K [01;36m[Knote: [m[Kcandidate: ‘[01m[Krclcpp::ParameterValue::ParameterValue(float)[m[K’
[5.703s]    91 |   explicit [01;36m[KParameterValue[m[K(const float double_value);
[5.703s]       |            [01;36m[K^~~~~~~~~~~~~~[m[K
[5.703s] [01m[K/opt/ros/humble/include/rclcpp/rclcpp/parameter_value.hpp:91:39:[m[K [01;36m[Knote: [m[K  no known conversion for argument 1 from ‘[01m[KYAML::Node[m[K’ to ‘[01m[Kfloat[m[K’
[5.703s]    91 |   explicit ParameterValue([01;36m[Kconst float double_value[m[K);
[5.703s]       |                           [01;36m[K~~~~~~~~~~~~^~~~~~~~~~~~[m[K
[5.703s] [01m[K/opt/ros/humble/include/rclcpp/rclcpp/parameter_value.hpp:88:12:[m[K [01;36m[Knote: [m[Kcandidate: ‘[01m[Krclcpp::ParameterValue::ParameterValue(int64_t)[m[K’
[5.703s]    88 |   explicit [01;36m[KParameterValue[m[K(const int64_t int_value);
[5.703s]       |            [01;36m[K^~~~~~~~~~~~~~[m[K
[5.703s] [01m[K/opt/ros/humble/include/rclcpp/rclcpp/parameter_value.hpp:88:41:[m[K [01;36m[Knote: [m[K  no known conversion for argument 1 from ‘[01m[KYAML::Node[m[K’ to ‘[01m[Kint64_t[m[K’ {aka ‘[01m[Klong int[m[K’}
[5.703s]    88 |   explicit ParameterValue([01;36m[Kconst int64_t int_value[m[K);
[5.703s]       |                           [01;36m[K~~~~~~~~~~~~~~^~~~~~~~~[m[K
[5.703s] [01m[K/opt/ros/humble/include/rclcpp/rclcpp/parameter_value.hpp:85:12:[m[K [01;36m[Knote: [m[Kcandidate: ‘[01m[Krclcpp::ParameterValue::ParameterValue(int)[m[K’
[5.703s]    85 |   explicit [01;36m[KParameterValue[m[K(const int int_value);
[5.703s]       |            [01;36m[K^~~~~~~~~~~~~~[m[K
[5.704s] [01m[K/opt/ros/humble/include/rclcpp/rclcpp/parameter_value.hpp:85:37:[m[K [01;36m[Knote: [m[K  no known conversion for argument 1 from ‘[01m[KYAML::Node[m[K’ to ‘[01m[Kint[m[K’
[5.704s]    85 |   explicit ParameterValue([01;36m[Kconst int int_value[m[K);
[5.704s]       |                           [01;36m[K~~~~~~~~~~^~~~~~~~~[m[K
[5.704s] [01m[K/opt/ros/humble/include/rclcpp/rclcpp/parameter_value.hpp:82:12:[m[K [01;36m[Knote: [m[Kcandidate: ‘[01m[Krclcpp::ParameterValue::ParameterValue(bool)[m[K’
[5.704s]    82 |   explicit [01;36m[KParameterValue[m[K(const bool bool_value);
[5.704s]       |            [01;36m[K^~~~~~~~~~~~~~[m[K
[5.704s] [01m[K/opt/ros/humble/include/rclcpp/rclcpp/parameter_value.hpp:82:38:[m[K [01;36m[Knote: [m[K  no known conversion for argument 1 from ‘[01m[KYAML::Node[m[K’ to ‘[01m[Kbool[m[K’
[5.704s]    82 |   explicit ParameterValue([01;36m[Kconst bool bool_value[m[K);
[5.704s]       |                           [01;36m[K~~~~~~~~~~~^~~~~~~~~~[m[K
[5.704s] [01m[K/opt/ros/humble/include/rclcpp/rclcpp/parameter_value.hpp:79:12:[m[K [01;36m[Knote: [m[Kcandidate: ‘[01m[Krclcpp::ParameterValue::ParameterValue(const ParameterValue&)[m[K’
[5.704s]    79 |   explicit [01;36m[KParameterValue[m[K(const rcl_interfaces::msg::ParameterValue & value);
[5.704s]       |            [01;36m[K^~~~~~~~~~~~~~[m[K
[5.704s] [01m[K/opt/ros/humble/include/rclcpp/rclcpp/parameter_value.hpp:79:71:[m[K [01;36m[Knote: [m[K  no known conversion for argument 1 from ‘[01m[KYAML::Node[m[K’ to ‘[01m[Kconst ParameterValue&[m[K’ {aka ‘[01m[Kconst rcl_interfaces::msg::ParameterValue_<std::allocator<void> >&[m[K’}
[5.704s]    79 |   explicit ParameterValue([01;36m[Kconst rcl_interfaces::msg::ParameterValue & value[m[K);
[5.704s]       |                           [01;36m[K~~~~~~~~~~~~~~~~~~~~~~~~~~~~~~~~~~~~~~~~~~~~^~~~~[m[K
[5.704s] [01m[K/opt/ros/humble/include/rclcpp/rclcpp/parameter_value.hpp:76:3:[m[K [01;36m[Knote: [m[Kcandidate: ‘[01m[Krclcpp::ParameterValue::ParameterValue()[m[K’
[5.705s]    76 |   [01;36m[KParameterValue[m[K();
[5.705s]       |   [01;36m[K^~~~~~~~~~~~~~[m[K
[5.705s] [01m[K/opt/ros/humble/include/rclcpp/rclcpp/parameter_value.hpp:76:3:[m[K [01;36m[Knote: [m[K  candidate expects 0 arguments, 1 provided
[5.705s] [01m[K/opt/ros/humble/include/rclcpp/rclcpp/parameter_value.hpp:71:7:[m[K [01;36m[Knote: [m[Kcandidate: ‘[01m[Krclcpp::ParameterValue::ParameterValue(const rclcpp::ParameterValue&)[m[K’
[5.705s]    71 | class [01;36m[KParameterValue[m[K
[5.705s]       |       [01;36m[K^~~~~~~~~~~~~~[m[K
[5.705s] [01m[K/opt/ros/humble/include/rclcpp/rclcpp/parameter_value.hpp:71:7:[m[K [01;36m[Knote: [m[K  no known conversion for argument 1 from ‘[01m[KYAML::Node[m[K’ to ‘[01m[Kconst rclcpp::ParameterValue&[m[K’
[5.705s] [01m[K/opt/ros/humble/include/rclcpp/rclcpp/parameter_value.hpp:71:7:[m[K [01;36m[Knote: [m[Kcandidate: ‘[01m[Krclcpp::ParameterValue::ParameterValue(rclcpp::ParameterValue&&)[m[K’
[5.705s] [01m[K/opt/ros/humble/include/rclcpp/rclcpp/parameter_value.hpp:71:7:[m[K [01;36m[Knote: [m[K  no known conversion for argument 1 from ‘[01m[KYAML::Node[m[K’ to ‘[01m[Krclcpp::ParameterValue&&[m[K’
[8.198s] gmake[2]: *** [CMakeFiles/powerarm_state.dir/build.make:76: CMakeFiles/powerarm_state.dir/src/powerarm_state.cpp.o] Error 1
[8.198s] gmake[1]: *** [CMakeFiles/Makefile2:137: CMakeFiles/powerarm_state.dir/all] Error 2
[8.198s] gmake: *** [Makefile:146: all] Error 2
[8.200s] Invoked command in '/home/wenda/powerarm_ws/build/powerarm' returned '2': CMAKE_PREFIX_PATH=${CMAKE_PREFIX_PATH}:/opt/ros/humble /usr/bin/cmake --build /home/wenda/powerarm_ws/build/powerarm -- -j16 -l16
