[0.075s] Invoking command in '/home/wenda/powerarm_ws/build/powerarm_urdf': CMAKE_PREFIX_PATH=${CMAKE_PREFIX_PATH}:/opt/ros/humble /usr/bin/cmake /home/wenda/powerarm_ws/src/powerarm_urdf -DCMAKE_INSTALL_PREFIX=/home/wenda/powerarm_ws/install/powerarm_urdf
[0.114s] -- The C compiler identification is GNU 11.4.0
[0.158s] -- The CXX compiler identification is GNU 11.4.0
[0.163s] -- Detecting C compiler ABI info
[0.214s] -- Detecting C compiler ABI info - done
[0.221s] -- Check for working C compiler: /usr/bin/cc - skipped
[0.221s] -- Detecting C compile features
[0.221s] -- Detecting C compile features - done
[0.224s] -- Detecting CXX compiler ABI info
[0.285s] -- Detecting CXX compiler ABI info - done
[0.292s] -- Check for working CXX compiler: /usr/bin/c++ - skipped
[0.293s] -- Detecting CXX compile features
[0.293s] -- Detecting CXX compile features - done
[0.295s] -- Found ament_cmake: 1.3.5 (/opt/ros/humble/share/ament_cmake/cmake)
[0.437s] -- Found Python3: /usr/bin/python3.10 (found version "3.10.12") found components: Interpreter 
[0.512s] -- Found ament_lint_auto: 0.12.8 (/opt/ros/humble/share/ament_lint_auto/cmake)
[0.579s] -- Added test 'lint_cmake' to check CMake code style
[0.580s] -- Added test 'xmllint' to check XML markup files
[0.581s] -- Configuring done
[0.583s] -- Generating done
[0.584s] -- Build files have been written to: /home/wenda/powerarm_ws/build/powerarm_urdf
[0.587s] Invoked command in '/home/wenda/powerarm_ws/build/powerarm_urdf' returned '0': CMAKE_PREFIX_PATH=${CMAKE_PREFIX_PATH}:/opt/ros/humble /usr/bin/cmake /home/wenda/powerarm_ws/src/powerarm_urdf -DCMAKE_INSTALL_PREFIX=/home/wenda/powerarm_ws/install/powerarm_urdf
[0.588s] Invoking command in '/home/wenda/powerarm_ws/build/powerarm_urdf': CMAKE_PREFIX_PATH=${CMAKE_PREFIX_PATH}:/opt/ros/humble /usr/bin/cmake --build /home/wenda/powerarm_ws/build/powerarm_urdf -- -j16 -l16
[0.617s] Invoked command in '/home/wenda/powerarm_ws/build/powerarm_urdf' returned '0': CMAKE_PREFIX_PATH=${CMAKE_PREFIX_PATH}:/opt/ros/humble /usr/bin/cmake --build /home/wenda/powerarm_ws/build/powerarm_urdf -- -j16 -l16
[0.638s] Invoking command in '/home/wenda/powerarm_ws/build/powerarm_urdf': CMAKE_PREFIX_PATH=${CMAKE_PREFIX_PATH}:/opt/ros/humble /usr/bin/cmake --install /home/wenda/powerarm_ws/build/powerarm_urdf
[0.644s] -- Install configuration: ""
[0.644s] -- Installing: /home/wenda/powerarm_ws/install/powerarm_urdf/share/powerarm_urdf/config
[0.644s] -- Installing: /home/wenda/powerarm_ws/install/powerarm_urdf/share/powerarm_urdf/config/joint_names_powerarm_urdf.yaml
[0.644s] -- Installing: /home/wenda/powerarm_ws/install/powerarm_urdf/share/powerarm_urdf/meshes
[0.644s] -- Installing: /home/wenda/powerarm_ws/install/powerarm_urdf/share/powerarm_urdf/meshes/shoulder_link_1.STL
[0.648s] -- Installing: /home/wenda/powerarm_ws/install/powerarm_urdf/share/powerarm_urdf/meshes/ee_link.STL
[0.649s] -- Installing: /home/wenda/powerarm_ws/install/powerarm_urdf/share/powerarm_urdf/meshes/shoulder_link_3.STL
[0.655s] -- Installing: /home/wenda/powerarm_ws/install/powerarm_urdf/share/powerarm_urdf/meshes/shoulder_link_2.STL
[0.663s] -- Installing: /home/wenda/powerarm_ws/install/powerarm_urdf/share/powerarm_urdf/meshes/elbow_link.STL
[0.668s] -- Installing: /home/wenda/powerarm_ws/install/powerarm_urdf/share/powerarm_urdf/meshes/base_link.STL
[0.680s] -- Installing: /home/wenda/powerarm_ws/install/powerarm_urdf/share/powerarm_urdf/urdf
[0.680s] -- Installing: /home/wenda/powerarm_ws/install/powerarm_urdf/share/powerarm_urdf/urdf/powerarm_urdf.csv
[0.680s] -- Installing: /home/wenda/powerarm_ws/install/powerarm_urdf/share/powerarm_urdf/urdf/powerarm_urdf.urdf
[0.680s] -- Installing: /home/wenda/powerarm_ws/install/powerarm_urdf/share/ament_index/resource_index/package_run_dependencies/powerarm_urdf
[0.680s] -- Installing: /home/wenda/powerarm_ws/install/powerarm_urdf/share/ament_index/resource_index/parent_prefix_path/powerarm_urdf
[0.681s] -- Installing: /home/wenda/powerarm_ws/install/powerarm_urdf/share/powerarm_urdf/environment/ament_prefix_path.sh
[0.681s] -- Installing: /home/wenda/powerarm_ws/install/powerarm_urdf/share/powerarm_urdf/environment/ament_prefix_path.dsv
[0.681s] -- Installing: /home/wenda/powerarm_ws/install/powerarm_urdf/share/powerarm_urdf/environment/path.sh
[0.681s] -- Installing: /home/wenda/powerarm_ws/install/powerarm_urdf/share/powerarm_urdf/environment/path.dsv
[0.681s] -- Installing: /home/wenda/powerarm_ws/install/powerarm_urdf/share/powerarm_urdf/local_setup.bash
[0.681s] -- Installing: /home/wenda/powerarm_ws/install/powerarm_urdf/share/powerarm_urdf/local_setup.sh
[0.681s] -- Installing: /home/wenda/powerarm_ws/install/powerarm_urdf/share/powerarm_urdf/local_setup.zsh
[0.681s] -- Installing: /home/wenda/powerarm_ws/install/powerarm_urdf/share/powerarm_urdf/local_setup.dsv
[0.681s] -- Installing: /home/wenda/powerarm_ws/install/powerarm_urdf/share/powerarm_urdf/package.dsv
[0.681s] -- Installing: /home/wenda/powerarm_ws/install/powerarm_urdf/share/ament_index/resource_index/packages/powerarm_urdf
[0.681s] -- Installing: /home/wenda/powerarm_ws/install/powerarm_urdf/share/powerarm_urdf/cmake/powerarm_urdfConfig.cmake
[0.681s] -- Installing: /home/wenda/powerarm_ws/install/powerarm_urdf/share/powerarm_urdf/cmake/powerarm_urdfConfig-version.cmake
[0.681s] -- Installing: /home/wenda/powerarm_ws/install/powerarm_urdf/share/powerarm_urdf/package.xml
[0.701s] Invoked command in '/home/wenda/powerarm_ws/build/powerarm_urdf' returned '0': CMAKE_PREFIX_PATH=${CMAKE_PREFIX_PATH}:/opt/ros/humble /usr/bin/cmake --install /home/wenda/powerarm_ws/build/powerarm_urdf
