[0.153s] Invoking command in '/home/wenda/powerarm_ws/build/moveit_visual_tools': CMAKE_PREFIX_PATH=${CMAKE_PREFIX_PATH}:/opt/ros/humble /usr/bin/cmake --build /home/wenda/powerarm_ws/build/moveit_visual_tools -- -j16 -l16
[0.175s] -- Found moveit_common: 2.5.5 (/opt/ros/humble/share/moveit_common/cmake)
[0.176s] -- Found ament_cmake: 1.3.6 (/opt/ros/humble/share/ament_cmake/cmake)
[0.360s] -- Could NOT find libbfd (missing: LIBBFD_LIBRARY LIBBFD_INCLUDE_DIR) 
[0.360s] -- BACKWARD_HAS_UNWIND=1
[0.360s] -- BACKWARD_HAS_BACKTRACE=0
[0.360s] -- BACKWARD_HAS_BACKTRACE_SYMBOL=0
[0.361s] -- BACKWARD_HAS_DW=1
[0.361s] -- BACKWARD_HAS_BFD=0
[0.361s] -- Found Backward: /opt/ros/humble/share/backward_ros/cmake  
[0.365s] -- Found Boost: /usr/lib/x86_64-linux-gnu/cmake/Boost-1.74.0/BoostConfig.cmake (found version "1.74.0") found components: system 
[0.367s] -- Found geometry_msgs: 4.2.3 (/opt/ros/humble/share/geometry_msgs/cmake)
[0.385s] -- Found rosidl_generator_c: 3.1.5 (/opt/ros/humble/share/rosidl_generator_c/cmake)
[0.387s] -- Found rosidl_adapter: 3.1.5 (/opt/ros/humble/share/rosidl_adapter/cmake)
[0.393s] -- Found rosidl_generator_cpp: 3.1.5 (/opt/ros/humble/share/rosidl_generator_cpp/cmake)
[0.404s] -- Using all available rosidl_typesupport_c: rosidl_typesupport_fastrtps_c;rosidl_typesupport_introspection_c
[0.422s] -- Using all available rosidl_typesupport_cpp: rosidl_typesupport_fastrtps_cpp;rosidl_typesupport_introspection_cpp
[0.541s] -- Found graph_msgs: 0.2.0 (/opt/ros/humble/share/graph_msgs/cmake)
[0.626s] -- Found moveit_core: 2.5.5 (/opt/ros/humble/share/moveit_core/cmake)
[0.639s] -- Found Boost: /usr/lib/x86_64-linux-gnu/cmake/Boost-1.74.0/BoostConfig.cmake (found version "1.74.0") found components: chrono date_time filesystem iostreams program_options regex serialization system thread 
[0.646s] -- Found parameter_traits: 0.3.6 (/opt/ros/humble/share/parameter_traits/cmake)
[0.695s] -- Found rmw_implementation_cmake: 6.1.1 (/opt/ros/humble/share/rmw_implementation_cmake/cmake)
[0.697s] -- Found rmw_fastrtps_cpp: 6.2.5 (/opt/ros/humble/share/rmw_fastrtps_cpp/cmake)
[0.798s] -- Using RMW implementation 'rmw_fastrtps_cpp' as default
[0.946s] -- Found rclcpp_lifecycle: 16.0.7 (/opt/ros/humble/share/rclcpp_lifecycle/cmake)
[0.990s] -- Found Boost: /usr/lib/x86_64-linux-gnu/cmake/Boost-1.74.0/BoostConfig.cmake (found version "1.74.0") found components: filesystem 
[1.020s] -- library: /usr/lib/x86_64-linux-gnu/libcurl.so
[1.349s] -- Ensuring Eigen3 include directory is part of orocos-kdl CMake target
[2.502s] -- Found moveit_ros_planning: 2.5.5 (/opt/ros/humble/share/moveit_ros_planning/cmake)
[2.507s] -- Found Boost: /usr/lib/x86_64-linux-gnu/cmake/Boost-1.74.0/BoostConfig.cmake (found version "1.74.0") found components: system filesystem date_time program_options thread chrono 
[3.007s] -- Found rviz_visual_tools: 4.1.4 (/opt/ros/humble/share/rviz_visual_tools/cmake)
[3.120s] -- Setting OGRE_DIR to: '/opt/ros/humble/share/rviz_ogre_vendor/cmake/../../../opt/rviz_ogre_vendor/lib/OGRE/cmake'
[3.121s] -- Found OGRE
[3.121s] --   static     : OFF
[3.121s] --   components : HLMS;MeshLodGenerator;Overlay;Paging;Property;RTShaderSystem;Terrain;Volume
[3.121s] --   plugins    : Plugin_BSPSceneManager;Plugin_OctreeSceneManager;Plugin_PCZSceneManager;Plugin_ParticleFX;RenderSystem_GL;RenderSystem_GL3Plus;Codec_STBI
[3.122s] --   media      : /opt/ros/humble/opt/rviz_ogre_vendor/share/OGRE/Media
[3.122s] -- OGRE_LIBRARIES: OgreHLMS;OgreMeshLodGenerator;OgreOverlay;OgrePaging;OgreProperty;OgreRTShaderSystem;OgreTerrain;OgreVolume;OgreMain
[3.122s] -- OGRE_LIBRARY_DIRS: /opt/ros/humble/opt/rviz_ogre_vendor/lib
[3.122s] -- OGRE_PLUGINS: Plugin_BSPSceneManager;Plugin_OctreeSceneManager;Plugin_PCZSceneManager;Plugin_ParticleFX;RenderSystem_GL;RenderSystem_GL3Plus;Codec_STBI
[3.122s] -- OGRE_PLUGIN_DIR: /opt/ros/humble/opt/rviz_ogre_vendor/lib/OGRE
[3.122s] -- rviz_ogre_vendor::OgreOverlay for IMPORTED_LOCATION_RELEASE: /opt/ros/humble/opt/rviz_ogre_vendor/lib/libOgreOverlay.so
[3.122s] -- rviz_ogre_vendor::OgreOverlay for IMPORTED_LOCATION_DEBUG: /opt/ros/humble/opt/rviz_ogre_vendor/lib/libOgreOverlay.so
[3.122s] -- rviz_ogre_vendor::OgreMain for IMPORTED_LOCATION_RELEASE: /opt/ros/humble/opt/rviz_ogre_vendor/lib/libOgreMain.so
[3.122s] -- rviz_ogre_vendor::OgreMain for IMPORTED_LOCATION_DEBUG: /opt/ros/humble/opt/rviz_ogre_vendor/lib/libOgreMain.so
[3.155s] -- rviz_ogre_vendor::RenderSystem_GL for IMPORTED_LOCATION_RELEASE: _render_system_gl_static_library_abs-NOTFOUND
[3.155s] -- rviz_ogre_vendor::RenderSystem_GL for IMPORTED_LOCATION_DEBUG: _render_system_gl_static_library_abs-NOTFOUND
[3.810s] -- Found ament_lint_auto: 0.12.9 (/opt/ros/humble/share/ament_lint_auto/cmake)
[3.817s] -- Added test 'copyright' to check source files copyright and LICENSE
[3.817s] -- Added test 'flake8' to check Python code syntax and style conventions
[3.818s] -- Added test 'lint_cmake' to check CMake code style
[3.818s] -- Added test 'pep257' to check Python code against some of the docstring style conventions in PEP 257
[3.818s] -- Added test 'xmllint' to check XML markup files
[3.820s] -- Configuring done
[3.864s] -- Generating done
[3.866s] -- Build files have been written to: /home/wenda/powerarm_ws/build/moveit_visual_tools
[3.896s] [35m[1mConsolidate compiler generated dependencies of target moveit_visual_tools[0m
[3.929s] [ 16%] [32mBuilding CXX object CMakeFiles/moveit_visual_tools.dir/src/moveit_visual_tools.cpp.o[0m
[3.930s] [ 33%] [32mBuilding CXX object CMakeFiles/moveit_visual_tools.dir/src/imarker_robot_state.cpp.o[0m
[3.932s] [ 50%] [32mBuilding CXX object CMakeFiles/moveit_visual_tools.dir/src/imarker_end_effector.cpp.o[0m
[20.262s] [ 66%] [32m[1mLinking CXX shared library libmoveit_visual_tools.so[0m
[20.536s] [ 66%] Built target moveit_visual_tools
[20.545s] [35m[1mConsolidate compiler generated dependencies of target moveit_visual_tools_demo[0m
[20.570s] [ 83%] [32mBuilding CXX object CMakeFiles/moveit_visual_tools_demo.dir/src/moveit_visual_tools_demo.cpp.o[0m
[30.648s] [100%] [32m[1mLinking CXX executable moveit_visual_tools_demo[0m
[30.958s] [100%] Built target moveit_visual_tools_demo
[30.968s] Invoked command in '/home/wenda/powerarm_ws/build/moveit_visual_tools' returned '0': CMAKE_PREFIX_PATH=${CMAKE_PREFIX_PATH}:/opt/ros/humble /usr/bin/cmake --build /home/wenda/powerarm_ws/build/moveit_visual_tools -- -j16 -l16
[30.993s] Invoking command in '/home/wenda/powerarm_ws/build/moveit_visual_tools': CMAKE_PREFIX_PATH=${CMAKE_PREFIX_PATH}:/opt/ros/humble /usr/bin/cmake --install /home/wenda/powerarm_ws/build/moveit_visual_tools
[30.999s] -- Install configuration: "Release"
[30.999s] -- Up-to-date: /home/wenda/powerarm_ws/install/moveit_visual_tools/share/moveit_visual_tools/environment/library_path.sh
[30.999s] -- Installing: /home/wenda/powerarm_ws/install/moveit_visual_tools/share/moveit_visual_tools/environment/library_path.dsv
[30.999s] -- Installing: /home/wenda/powerarm_ws/install/moveit_visual_tools/lib/libmoveit_visual_tools.so
[31.000s] -- Set runtime path of "/home/wenda/powerarm_ws/install/moveit_visual_tools/lib/libmoveit_visual_tools.so" to ""
[31.000s] -- Installing: /home/wenda/powerarm_ws/install/moveit_visual_tools/lib/moveit_visual_tools/moveit_visual_tools_demo
[31.001s] -- Set runtime path of "/home/wenda/powerarm_ws/install/moveit_visual_tools/lib/moveit_visual_tools/moveit_visual_tools_demo" to ""
[31.001s] -- Up-to-date: /home/wenda/powerarm_ws/install/moveit_visual_tools/include
[31.001s] -- Up-to-date: /home/wenda/powerarm_ws/install/moveit_visual_tools/include/moveit_visual_tools
[31.001s] -- Up-to-date: /home/wenda/powerarm_ws/install/moveit_visual_tools/include/moveit_visual_tools/imarker_robot_state.h
[31.001s] -- Up-to-date: /home/wenda/powerarm_ws/install/moveit_visual_tools/include/moveit_visual_tools/moveit_visual_tools.h
[31.001s] -- Up-to-date: /home/wenda/powerarm_ws/install/moveit_visual_tools/include/moveit_visual_tools/imarker_end_effector.h
[31.001s] -- Up-to-date: /home/wenda/powerarm_ws/install/moveit_visual_tools/share/moveit_visual_tools/launch
[31.002s] -- Up-to-date: /home/wenda/powerarm_ws/install/moveit_visual_tools/share/moveit_visual_tools/launch/demo.rviz
[31.002s] -- Up-to-date: /home/wenda/powerarm_ws/install/moveit_visual_tools/share/moveit_visual_tools/launch/demo_rviz.launch.py
[31.002s] -- Up-to-date: /home/wenda/powerarm_ws/install/moveit_visual_tools/share/moveit_visual_tools/resources
[31.002s] -- Up-to-date: /home/wenda/powerarm_ws/install/moveit_visual_tools/share/moveit_visual_tools/resources/rrbot.srdf
[31.002s] -- Up-to-date: /home/wenda/powerarm_ws/install/moveit_visual_tools/share/moveit_visual_tools/resources/demo.png
[31.002s] -- Up-to-date: /home/wenda/powerarm_ws/install/moveit_visual_tools/share/moveit_visual_tools/resources/rrbot.urdf
[31.002s] -- Up-to-date: /home/wenda/powerarm_ws/install/moveit_visual_tools/share/moveit_visual_tools/resources/screenshot.png
[31.003s] -- Up-to-date: /home/wenda/powerarm_ws/install/moveit_visual_tools/share/moveit_visual_tools/resources/demo_mesh.stl
[31.003s] -- Up-to-date: /home/wenda/powerarm_ws/install/moveit_visual_tools/share/ament_index/resource_index/package_run_dependencies/moveit_visual_tools
[31.003s] -- Up-to-date: /home/wenda/powerarm_ws/install/moveit_visual_tools/share/ament_index/resource_index/parent_prefix_path/moveit_visual_tools
[31.003s] -- Installing: /home/wenda/powerarm_ws/install/moveit_visual_tools/share/moveit_visual_tools/environment/ament_prefix_path.sh
[31.003s] -- Installing: /home/wenda/powerarm_ws/install/moveit_visual_tools/share/moveit_visual_tools/environment/ament_prefix_path.dsv
[31.003s] -- Installing: /home/wenda/powerarm_ws/install/moveit_visual_tools/share/moveit_visual_tools/environment/path.sh
[31.003s] -- Installing: /home/wenda/powerarm_ws/install/moveit_visual_tools/share/moveit_visual_tools/environment/path.dsv
[31.003s] -- Up-to-date: /home/wenda/powerarm_ws/install/moveit_visual_tools/share/moveit_visual_tools/local_setup.bash
[31.003s] -- Up-to-date: /home/wenda/powerarm_ws/install/moveit_visual_tools/share/moveit_visual_tools/local_setup.sh
[31.003s] -- Up-to-date: /home/wenda/powerarm_ws/install/moveit_visual_tools/share/moveit_visual_tools/local_setup.zsh
[31.004s] -- Installing: /home/wenda/powerarm_ws/install/moveit_visual_tools/share/moveit_visual_tools/local_setup.dsv
[31.004s] -- Installing: /home/wenda/powerarm_ws/install/moveit_visual_tools/share/moveit_visual_tools/package.dsv
[31.004s] -- Up-to-date: /home/wenda/powerarm_ws/install/moveit_visual_tools/share/ament_index/resource_index/packages/moveit_visual_tools
[31.004s] -- Up-to-date: /home/wenda/powerarm_ws/install/moveit_visual_tools/share/moveit_visual_tools/cmake/export_moveit_visual_toolsExport.cmake
[31.004s] -- Up-to-date: /home/wenda/powerarm_ws/install/moveit_visual_tools/share/moveit_visual_tools/cmake/export_moveit_visual_toolsExport-release.cmake
[31.004s] -- Up-to-date: /home/wenda/powerarm_ws/install/moveit_visual_tools/share/moveit_visual_tools/cmake/ament_cmake_export_targets-extras.cmake
[31.004s] -- Up-to-date: /home/wenda/powerarm_ws/install/moveit_visual_tools/share/moveit_visual_tools/cmake/ament_cmake_export_dependencies-extras.cmake
[31.004s] -- Up-to-date: /home/wenda/powerarm_ws/install/moveit_visual_tools/share/moveit_visual_tools/cmake/moveit_visual_toolsConfig.cmake
[31.004s] -- Up-to-date: /home/wenda/powerarm_ws/install/moveit_visual_tools/share/moveit_visual_tools/cmake/moveit_visual_toolsConfig-version.cmake
[31.004s] -- Up-to-date: /home/wenda/powerarm_ws/install/moveit_visual_tools/share/moveit_visual_tools/package.xml
[31.005s] Invoked command in '/home/wenda/powerarm_ws/build/moveit_visual_tools' returned '0': CMAKE_PREFIX_PATH=${CMAKE_PREFIX_PATH}:/opt/ros/humble /usr/bin/cmake --install /home/wenda/powerarm_ws/build/moveit_visual_tools
