[1.212s] DEBUG:colcon:Command line arguments: ['/usr/bin/colcon', 'build']
[1.212s] DEBUG:colcon:Parsed command line arguments: Namespace(log_base=None, log_level=None, verb_name='build', build_base='build', install_base='install', merge_install=False, symlink_install=False, test_result_base=None, continue_on_error=False, executor='parallel', parallel_workers=16, event_handlers=None, ignore_user_meta=False, metas=['./colcon.meta'], base_paths=['.'], packages_ignore=None, packages_ignore_regex=None, paths=None, packages_up_to=None, packages_up_to_regex=None, packages_above=None, packages_above_and_dependencies=None, packages_above_depth=None, packages_select_by_dep=None, packages_skip_by_dep=None, packages_skip_up_to=None, packages_select_build_failed=False, packages_skip_build_finished=False, packages_select_test_failures=False, packages_skip_test_passed=False, packages_select=None, packages_skip=None, packages_select_regex=None, packages_skip_regex=None, packages_start=None, packages_end=None, allow_overriding=[], cmake_args=None, cmake_target=None, cmake_target_skip_unavailable=False, cmake_clean_cache=False, cmake_clean_first=False, cmake_force_configure=False, ament_cmake_args=None, catkin_cmake_args=None, catkin_skip_building_tests=False, mixin_files=None, mixin=None, verb_parser=<colcon_mixin.mixin.mixin_argument.MixinArgumentDecorator object at 0x7fefd8972a40>, verb_extension=<colcon_core.verb.build.BuildVerb object at 0x7fefd89a3ee0>, main=<bound method BuildVerb.main of <colcon_core.verb.build.BuildVerb object at 0x7fefd89a3ee0>>, mixin_verb=('build',))
[1.255s] Level 1:colcon.colcon_core.package_discovery:discover_packages(colcon_meta) check parameters
[1.255s] Level 1:colcon.colcon_core.package_discovery:discover_packages(recursive) check parameters
[1.255s] Level 1:colcon.colcon_core.package_discovery:discover_packages(ignore) check parameters
[1.255s] Level 1:colcon.colcon_core.package_discovery:discover_packages(path) check parameters
[1.255s] Level 1:colcon.colcon_core.package_discovery:discover_packages(colcon_meta) discover
[1.255s] Level 1:colcon.colcon_core.package_discovery:discover_packages(recursive) discover
[1.255s] INFO:colcon.colcon_core.package_discovery:Crawling recursively for packages in '/home/wenda/powerarm_ws'
[1.255s] Level 1:colcon.colcon_core.package_identification:_identify(.) by extensions ['ignore', 'ignore_ament_install']
[1.255s] Level 1:colcon.colcon_core.package_identification:_identify(.) by extension 'ignore'
[1.255s] Level 1:colcon.colcon_core.package_identification:_identify(.) by extension 'ignore_ament_install'
[1.256s] Level 1:colcon.colcon_core.package_identification:_identify(.) by extensions ['colcon_pkg']
[1.256s] Level 1:colcon.colcon_core.package_identification:_identify(.) by extension 'colcon_pkg'
[1.256s] Level 1:colcon.colcon_core.package_identification:_identify(.) by extensions ['colcon_meta']
[1.256s] Level 1:colcon.colcon_core.package_identification:_identify(.) by extension 'colcon_meta'
[1.256s] Level 1:colcon.colcon_core.package_identification:_identify(.) by extensions ['ros']
[1.256s] Level 1:colcon.colcon_core.package_identification:_identify(.) by extension 'ros'
[1.266s] Level 1:colcon.colcon_core.package_identification:_identify(.) by extensions ['cmake', 'python']
[1.266s] Level 1:colcon.colcon_core.package_identification:_identify(.) by extension 'cmake'
[1.266s] Level 1:colcon.colcon_core.package_identification:_identify(.) by extension 'python'
[1.266s] Level 1:colcon.colcon_core.package_identification:_identify(.) by extensions ['python_setup_py']
[1.266s] Level 1:colcon.colcon_core.package_identification:_identify(.) by extension 'python_setup_py'
[1.266s] Level 1:colcon.colcon_core.package_identification:_identify(build) by extensions ['ignore', 'ignore_ament_install']
[1.266s] Level 1:colcon.colcon_core.package_identification:_identify(build) by extension 'ignore'
[1.266s] Level 1:colcon.colcon_core.package_identification:_identify(build) ignored
[1.266s] Level 1:colcon.colcon_core.package_identification:_identify(install) by extensions ['ignore', 'ignore_ament_install']
[1.266s] Level 1:colcon.colcon_core.package_identification:_identify(install) by extension 'ignore'
[1.266s] Level 1:colcon.colcon_core.package_identification:_identify(install) ignored
[1.266s] Level 1:colcon.colcon_core.package_identification:_identify(log) by extensions ['ignore', 'ignore_ament_install']
[1.266s] Level 1:colcon.colcon_core.package_identification:_identify(log) by extension 'ignore'
[1.267s] Level 1:colcon.colcon_core.package_identification:_identify(log) ignored
[1.267s] Level 1:colcon.colcon_core.package_identification:_identify(src) by extensions ['ignore', 'ignore_ament_install']
[1.267s] Level 1:colcon.colcon_core.package_identification:_identify(src) by extension 'ignore'
[1.267s] Level 1:colcon.colcon_core.package_identification:_identify(src) by extension 'ignore_ament_install'
[1.267s] Level 1:colcon.colcon_core.package_identification:_identify(src) by extensions ['colcon_pkg']
[1.267s] Level 1:colcon.colcon_core.package_identification:_identify(src) by extension 'colcon_pkg'
[1.267s] Level 1:colcon.colcon_core.package_identification:_identify(src) by extensions ['colcon_meta']
[1.267s] Level 1:colcon.colcon_core.package_identification:_identify(src) by extension 'colcon_meta'
[1.267s] Level 1:colcon.colcon_core.package_identification:_identify(src) by extensions ['ros']
[1.267s] Level 1:colcon.colcon_core.package_identification:_identify(src) by extension 'ros'
[1.267s] Level 1:colcon.colcon_core.package_identification:_identify(src) by extensions ['cmake', 'python']
[1.267s] Level 1:colcon.colcon_core.package_identification:_identify(src) by extension 'cmake'
[1.267s] Level 1:colcon.colcon_core.package_identification:_identify(src) by extension 'python'
[1.267s] Level 1:colcon.colcon_core.package_identification:_identify(src) by extensions ['python_setup_py']
[1.267s] Level 1:colcon.colcon_core.package_identification:_identify(src) by extension 'python_setup_py'
[1.267s] Level 1:colcon.colcon_core.package_identification:_identify(src/moveit_visual_tools-ros2) by extensions ['ignore', 'ignore_ament_install']
[1.267s] Level 1:colcon.colcon_core.package_identification:_identify(src/moveit_visual_tools-ros2) by extension 'ignore'
[1.267s] Level 1:colcon.colcon_core.package_identification:_identify(src/moveit_visual_tools-ros2) by extension 'ignore_ament_install'
[1.267s] Level 1:colcon.colcon_core.package_identification:_identify(src/moveit_visual_tools-ros2) by extensions ['colcon_pkg']
[1.267s] Level 1:colcon.colcon_core.package_identification:_identify(src/moveit_visual_tools-ros2) by extension 'colcon_pkg'
[1.268s] Level 1:colcon.colcon_core.package_identification:_identify(src/moveit_visual_tools-ros2) by extensions ['colcon_meta']
[1.268s] Level 1:colcon.colcon_core.package_identification:_identify(src/moveit_visual_tools-ros2) by extension 'colcon_meta'
[1.268s] Level 1:colcon.colcon_core.package_identification:_identify(src/moveit_visual_tools-ros2) by extensions ['ros']
[1.268s] Level 1:colcon.colcon_core.package_identification:_identify(src/moveit_visual_tools-ros2) by extension 'ros'
[1.270s] DEBUG:colcon.colcon_core.package_identification:Package 'src/moveit_visual_tools-ros2' with type 'ros.ament_cmake' and name 'moveit_visual_tools'
[1.271s] Level 1:colcon.colcon_core.package_identification:_identify(src/powerarm) by extensions ['ignore', 'ignore_ament_install']
[1.271s] Level 1:colcon.colcon_core.package_identification:_identify(src/powerarm) by extension 'ignore'
[1.271s] Level 1:colcon.colcon_core.package_identification:_identify(src/powerarm) by extension 'ignore_ament_install'
[1.271s] Level 1:colcon.colcon_core.package_identification:_identify(src/powerarm) by extensions ['colcon_pkg']
[1.271s] Level 1:colcon.colcon_core.package_identification:_identify(src/powerarm) by extension 'colcon_pkg'
[1.271s] Level 1:colcon.colcon_core.package_identification:_identify(src/powerarm) by extensions ['colcon_meta']
[1.271s] Level 1:colcon.colcon_core.package_identification:_identify(src/powerarm) by extension 'colcon_meta'
[1.271s] Level 1:colcon.colcon_core.package_identification:_identify(src/powerarm) by extensions ['ros']
[1.271s] Level 1:colcon.colcon_core.package_identification:_identify(src/powerarm) by extension 'ros'
[1.272s] DEBUG:colcon.colcon_core.package_identification:Package 'src/powerarm' with type 'ros.ament_cmake' and name 'powerarm'
[1.272s] Level 1:colcon.colcon_core.package_identification:_identify(src/powerarm_moveit_config) by extensions ['ignore', 'ignore_ament_install']
[1.272s] Level 1:colcon.colcon_core.package_identification:_identify(src/powerarm_moveit_config) by extension 'ignore'
[1.272s] Level 1:colcon.colcon_core.package_identification:_identify(src/powerarm_moveit_config) by extension 'ignore_ament_install'
[1.272s] Level 1:colcon.colcon_core.package_identification:_identify(src/powerarm_moveit_config) by extensions ['colcon_pkg']
[1.272s] Level 1:colcon.colcon_core.package_identification:_identify(src/powerarm_moveit_config) by extension 'colcon_pkg'
[1.272s] Level 1:colcon.colcon_core.package_identification:_identify(src/powerarm_moveit_config) by extensions ['colcon_meta']
[1.272s] Level 1:colcon.colcon_core.package_identification:_identify(src/powerarm_moveit_config) by extension 'colcon_meta'
[1.272s] Level 1:colcon.colcon_core.package_identification:_identify(src/powerarm_moveit_config) by extensions ['ros']
[1.272s] Level 1:colcon.colcon_core.package_identification:_identify(src/powerarm_moveit_config) by extension 'ros'
[1.273s] DEBUG:colcon.colcon_core.package_identification:Package 'src/powerarm_moveit_config' with type 'ros.ament_cmake' and name 'powerarm_moveit_config'
[1.273s] Level 1:colcon.colcon_core.package_identification:_identify(src/powerarm_urdf) by extensions ['ignore', 'ignore_ament_install']
[1.273s] Level 1:colcon.colcon_core.package_identification:_identify(src/powerarm_urdf) by extension 'ignore'
[1.273s] Level 1:colcon.colcon_core.package_identification:_identify(src/powerarm_urdf) by extension 'ignore_ament_install'
[1.273s] Level 1:colcon.colcon_core.package_identification:_identify(src/powerarm_urdf) by extensions ['colcon_pkg']
[1.273s] Level 1:colcon.colcon_core.package_identification:_identify(src/powerarm_urdf) by extension 'colcon_pkg'
[1.273s] Level 1:colcon.colcon_core.package_identification:_identify(src/powerarm_urdf) by extensions ['colcon_meta']
[1.273s] Level 1:colcon.colcon_core.package_identification:_identify(src/powerarm_urdf) by extension 'colcon_meta'
[1.273s] Level 1:colcon.colcon_core.package_identification:_identify(src/powerarm_urdf) by extensions ['ros']
[1.273s] Level 1:colcon.colcon_core.package_identification:_identify(src/powerarm_urdf) by extension 'ros'
[1.274s] DEBUG:colcon.colcon_core.package_identification:Package 'src/powerarm_urdf' with type 'ros.ament_cmake' and name 'powerarm_urdf'
[1.274s] Level 1:colcon.colcon_core.package_discovery:discover_packages(recursive) using defaults
[1.274s] Level 1:colcon.colcon_core.package_discovery:discover_packages(ignore) discover
[1.274s] Level 1:colcon.colcon_core.package_discovery:discover_packages(ignore) using defaults
[1.274s] Level 1:colcon.colcon_core.package_discovery:discover_packages(path) discover
[1.274s] Level 1:colcon.colcon_core.package_discovery:discover_packages(path) using defaults
[1.360s] Level 1:colcon.colcon_core.package_discovery:discover_packages(prefix_path) check parameters
[1.360s] Level 1:colcon.colcon_core.package_discovery:discover_packages(prefix_path) discover
[1.389s] DEBUG:colcon.colcon_installed_package_information.package_discovery:Found 4 installed packages in /home/wenda/powerarm_ws/install
[1.403s] DEBUG:colcon.colcon_installed_package_information.package_discovery:Found 2 installed packages in /home/wenda/test_ws/install
[1.417s] DEBUG:colcon.colcon_installed_package_information.package_discovery:Found 333 installed packages in /opt/ros/humble
[1.419s] Level 1:colcon.colcon_core.package_discovery:discover_packages(prefix_path) using defaults
[1.522s] Level 5:colcon.colcon_core.verb:set package 'moveit_visual_tools' build argument 'cmake_args' from command line to 'None'
[1.522s] Level 5:colcon.colcon_core.verb:set package 'moveit_visual_tools' build argument 'cmake_target' from command line to 'None'
[1.522s] Level 5:colcon.colcon_core.verb:set package 'moveit_visual_tools' build argument 'cmake_target_skip_unavailable' from command line to 'False'
[1.522s] Level 5:colcon.colcon_core.verb:set package 'moveit_visual_tools' build argument 'cmake_clean_cache' from command line to 'False'
[1.522s] Level 5:colcon.colcon_core.verb:set package 'moveit_visual_tools' build argument 'cmake_clean_first' from command line to 'False'
[1.522s] Level 5:colcon.colcon_core.verb:set package 'moveit_visual_tools' build argument 'cmake_force_configure' from command line to 'False'
[1.522s] Level 5:colcon.colcon_core.verb:set package 'moveit_visual_tools' build argument 'ament_cmake_args' from command line to 'None'
[1.522s] Level 5:colcon.colcon_core.verb:set package 'moveit_visual_tools' build argument 'catkin_cmake_args' from command line to 'None'
[1.522s] Level 5:colcon.colcon_core.verb:set package 'moveit_visual_tools' build argument 'catkin_skip_building_tests' from command line to 'False'
[1.522s] DEBUG:colcon.colcon_core.verb:Building package 'moveit_visual_tools' with the following arguments: {'ament_cmake_args': None, 'build_base': '/home/wenda/powerarm_ws/build/moveit_visual_tools', 'catkin_cmake_args': None, 'catkin_skip_building_tests': False, 'cmake_args': None, 'cmake_clean_cache': False, 'cmake_clean_first': False, 'cmake_force_configure': False, 'cmake_target': None, 'cmake_target_skip_unavailable': False, 'install_base': '/home/wenda/powerarm_ws/install/moveit_visual_tools', 'merge_install': False, 'path': '/home/wenda/powerarm_ws/src/moveit_visual_tools-ros2', 'symlink_install': False, 'test_result_base': None}
[1.536s] Level 5:colcon.colcon_core.verb:set package 'powerarm_urdf' build argument 'cmake_args' from command line to 'None'
[1.536s] Level 5:colcon.colcon_core.verb:set package 'powerarm_urdf' build argument 'cmake_target' from command line to 'None'
[1.536s] Level 5:colcon.colcon_core.verb:set package 'powerarm_urdf' build argument 'cmake_target_skip_unavailable' from command line to 'False'
[1.536s] Level 5:colcon.colcon_core.verb:set package 'powerarm_urdf' build argument 'cmake_clean_cache' from command line to 'False'
[1.536s] Level 5:colcon.colcon_core.verb:set package 'powerarm_urdf' build argument 'cmake_clean_first' from command line to 'False'
[1.536s] Level 5:colcon.colcon_core.verb:set package 'powerarm_urdf' build argument 'cmake_force_configure' from command line to 'False'
[1.536s] Level 5:colcon.colcon_core.verb:set package 'powerarm_urdf' build argument 'ament_cmake_args' from command line to 'None'
[1.536s] Level 5:colcon.colcon_core.verb:set package 'powerarm_urdf' build argument 'catkin_cmake_args' from command line to 'None'
[1.536s] Level 5:colcon.colcon_core.verb:set package 'powerarm_urdf' build argument 'catkin_skip_building_tests' from command line to 'False'
[1.536s] DEBUG:colcon.colcon_core.verb:Building package 'powerarm_urdf' with the following arguments: {'ament_cmake_args': None, 'build_base': '/home/wenda/powerarm_ws/build/powerarm_urdf', 'catkin_cmake_args': None, 'catkin_skip_building_tests': False, 'cmake_args': None, 'cmake_clean_cache': False, 'cmake_clean_first': False, 'cmake_force_configure': False, 'cmake_target': None, 'cmake_target_skip_unavailable': False, 'install_base': '/home/wenda/powerarm_ws/install/powerarm_urdf', 'merge_install': False, 'path': '/home/wenda/powerarm_ws/src/powerarm_urdf', 'symlink_install': False, 'test_result_base': None}
[1.550s] Level 5:colcon.colcon_core.verb:set package 'powerarm' build argument 'cmake_args' from command line to 'None'
[1.550s] Level 5:colcon.colcon_core.verb:set package 'powerarm' build argument 'cmake_target' from command line to 'None'
[1.550s] Level 5:colcon.colcon_core.verb:set package 'powerarm' build argument 'cmake_target_skip_unavailable' from command line to 'False'
[1.550s] Level 5:colcon.colcon_core.verb:set package 'powerarm' build argument 'cmake_clean_cache' from command line to 'False'
[1.550s] Level 5:colcon.colcon_core.verb:set package 'powerarm' build argument 'cmake_clean_first' from command line to 'False'
[1.550s] Level 5:colcon.colcon_core.verb:set package 'powerarm' build argument 'cmake_force_configure' from command line to 'False'
[1.551s] Level 5:colcon.colcon_core.verb:set package 'powerarm' build argument 'ament_cmake_args' from command line to 'None'
[1.551s] Level 5:colcon.colcon_core.verb:set package 'powerarm' build argument 'catkin_cmake_args' from command line to 'None'
[1.551s] Level 5:colcon.colcon_core.verb:set package 'powerarm' build argument 'catkin_skip_building_tests' from command line to 'False'
[1.551s] DEBUG:colcon.colcon_core.verb:Building package 'powerarm' with the following arguments: {'ament_cmake_args': None, 'build_base': '/home/wenda/powerarm_ws/build/powerarm', 'catkin_cmake_args': None, 'catkin_skip_building_tests': False, 'cmake_args': None, 'cmake_clean_cache': False, 'cmake_clean_first': False, 'cmake_force_configure': False, 'cmake_target': None, 'cmake_target_skip_unavailable': False, 'install_base': '/home/wenda/powerarm_ws/install/powerarm', 'merge_install': False, 'path': '/home/wenda/powerarm_ws/src/powerarm', 'symlink_install': False, 'test_result_base': None}
[1.564s] Level 5:colcon.colcon_core.verb:set package 'powerarm_moveit_config' build argument 'cmake_args' from command line to 'None'
[1.565s] Level 5:colcon.colcon_core.verb:set package 'powerarm_moveit_config' build argument 'cmake_target' from command line to 'None'
[1.565s] Level 5:colcon.colcon_core.verb:set package 'powerarm_moveit_config' build argument 'cmake_target_skip_unavailable' from command line to 'False'
[1.565s] Level 5:colcon.colcon_core.verb:set package 'powerarm_moveit_config' build argument 'cmake_clean_cache' from command line to 'False'
[1.565s] Level 5:colcon.colcon_core.verb:set package 'powerarm_moveit_config' build argument 'cmake_clean_first' from command line to 'False'
[1.565s] Level 5:colcon.colcon_core.verb:set package 'powerarm_moveit_config' build argument 'cmake_force_configure' from command line to 'False'
[1.565s] Level 5:colcon.colcon_core.verb:set package 'powerarm_moveit_config' build argument 'ament_cmake_args' from command line to 'None'
[1.565s] Level 5:colcon.colcon_core.verb:set package 'powerarm_moveit_config' build argument 'catkin_cmake_args' from command line to 'None'
[1.565s] Level 5:colcon.colcon_core.verb:set package 'powerarm_moveit_config' build argument 'catkin_skip_building_tests' from command line to 'False'
[1.565s] DEBUG:colcon.colcon_core.verb:Building package 'powerarm_moveit_config' with the following arguments: {'ament_cmake_args': None, 'build_base': '/home/wenda/powerarm_ws/build/powerarm_moveit_config', 'catkin_cmake_args': None, 'catkin_skip_building_tests': False, 'cmake_args': None, 'cmake_clean_cache': False, 'cmake_clean_first': False, 'cmake_force_configure': False, 'cmake_target': None, 'cmake_target_skip_unavailable': False, 'install_base': '/home/wenda/powerarm_ws/install/powerarm_moveit_config', 'merge_install': False, 'path': '/home/wenda/powerarm_ws/src/powerarm_moveit_config', 'symlink_install': False, 'test_result_base': None}
[1.578s] INFO:colcon.colcon_core.executor:Executing jobs using 'parallel' executor
[1.593s] DEBUG:colcon.colcon_parallel_executor.executor.parallel:run_until_complete
[1.593s] INFO:colcon.colcon_ros.task.ament_cmake.build:Building ROS package in '/home/wenda/powerarm_ws/src/moveit_visual_tools-ros2' with build type 'ament_cmake'
[1.593s] INFO:colcon.colcon_cmake.task.cmake.build:Building CMake package in '/home/wenda/powerarm_ws/src/moveit_visual_tools-ros2'
[1.608s] INFO:colcon.colcon_core.plugin_system:Skipping extension 'colcon_core.shell.bat': Not used on non-Windows systems
[1.608s] INFO:colcon.colcon_core.shell:Skip shell extension 'powershell' for command environment: Not usable outside of PowerShell
[1.608s] DEBUG:colcon.colcon_core.shell:Skip shell extension 'dsv' for command environment
[1.667s] INFO:colcon.colcon_ros.task.ament_cmake.build:Building ROS package in '/home/wenda/powerarm_ws/src/powerarm_urdf' with build type 'ament_cmake'
[1.667s] INFO:colcon.colcon_cmake.task.cmake.build:Building CMake package in '/home/wenda/powerarm_ws/src/powerarm_urdf'
[1.681s] INFO:colcon.colcon_core.shell:Skip shell extension 'powershell' for command environment: Not usable outside of PowerShell
[1.681s] DEBUG:colcon.colcon_core.shell:Skip shell extension 'dsv' for command environment
[1.744s] DEBUG:colcon.colcon_core.event_handler.log_command:Invoking command in '/home/wenda/powerarm_ws/build/moveit_visual_tools': CMAKE_PREFIX_PATH=${CMAKE_PREFIX_PATH}:/opt/ros/humble /usr/bin/cmake --build /home/wenda/powerarm_ws/build/moveit_visual_tools -- -j16 -l16
[1.746s] DEBUG:colcon.colcon_core.event_handler.log_command:Invoking command in '/home/wenda/powerarm_ws/build/powerarm_urdf': CMAKE_PREFIX_PATH=${CMAKE_PREFIX_PATH}:/opt/ros/humble /usr/bin/cmake --build /home/wenda/powerarm_ws/build/powerarm_urdf -- -j16 -l16
[1.773s] DEBUG:colcon.colcon_core.event_handler.log_command:Invoked command in '/home/wenda/powerarm_ws/build/powerarm_urdf' returned '0': CMAKE_PREFIX_PATH=${CMAKE_PREFIX_PATH}:/opt/ros/humble /usr/bin/cmake --build /home/wenda/powerarm_ws/build/powerarm_urdf -- -j16 -l16
[1.794s] DEBUG:colcon.colcon_core.event_handler.log_command:Invoking command in '/home/wenda/powerarm_ws/build/powerarm_urdf': CMAKE_PREFIX_PATH=${CMAKE_PREFIX_PATH}:/opt/ros/humble /usr/bin/cmake --install /home/wenda/powerarm_ws/build/powerarm_urdf
[1.801s] Level 1:colcon.colcon_core.environment:create_environment_scripts_only(powerarm_urdf)
[1.802s] DEBUG:colcon.colcon_core.event_handler.log_command:Invoked command in '/home/wenda/powerarm_ws/build/powerarm_urdf' returned '0': CMAKE_PREFIX_PATH=${CMAKE_PREFIX_PATH}:/opt/ros/humble /usr/bin/cmake --install /home/wenda/powerarm_ws/build/powerarm_urdf
[1.818s] Level 1:colcon.colcon_core.environment:checking '/home/wenda/powerarm_ws/install/powerarm_urdf' for CMake module files
[1.818s] Level 1:colcon.colcon_core.environment:checking '/home/wenda/powerarm_ws/install/powerarm_urdf' for CMake config files
[1.818s] Level 1:colcon.colcon_core.shell:create_environment_hook('powerarm_urdf', 'cmake_prefix_path')
[1.833s] INFO:colcon.colcon_core.shell:Creating environment hook '/home/wenda/powerarm_ws/install/powerarm_urdf/share/powerarm_urdf/hook/cmake_prefix_path.ps1'
[1.834s] INFO:colcon.colcon_core.shell:Creating environment descriptor '/home/wenda/powerarm_ws/install/powerarm_urdf/share/powerarm_urdf/hook/cmake_prefix_path.dsv'
[1.834s] INFO:colcon.colcon_core.shell:Creating environment hook '/home/wenda/powerarm_ws/install/powerarm_urdf/share/powerarm_urdf/hook/cmake_prefix_path.sh'
[1.835s] Level 1:colcon.colcon_core.environment:checking '/home/wenda/powerarm_ws/install/powerarm_urdf/bin'
[1.835s] Level 1:colcon.colcon_core.environment:checking '/home/wenda/powerarm_ws/install/powerarm_urdf/lib/pkgconfig/powerarm_urdf.pc'
[1.835s] Level 1:colcon.colcon_core.environment:checking '/home/wenda/powerarm_ws/install/powerarm_urdf/lib/python3.10/site-packages'
[1.835s] Level 1:colcon.colcon_core.environment:checking '/home/wenda/powerarm_ws/install/powerarm_urdf/bin'
[1.850s] INFO:colcon.colcon_core.shell:Creating package script '/home/wenda/powerarm_ws/install/powerarm_urdf/share/powerarm_urdf/package.ps1'
[1.850s] INFO:colcon.colcon_core.shell:Creating package descriptor '/home/wenda/powerarm_ws/install/powerarm_urdf/share/powerarm_urdf/package.dsv'
[1.851s] INFO:colcon.colcon_core.shell:Creating package script '/home/wenda/powerarm_ws/install/powerarm_urdf/share/powerarm_urdf/package.sh'
[1.851s] INFO:colcon.colcon_core.shell:Creating package script '/home/wenda/powerarm_ws/install/powerarm_urdf/share/powerarm_urdf/package.bash'
[1.852s] INFO:colcon.colcon_core.shell:Creating package script '/home/wenda/powerarm_ws/install/powerarm_urdf/share/powerarm_urdf/package.zsh'
[1.852s] Level 1:colcon.colcon_core.environment:create_file_with_runtime_dependencies(/home/wenda/powerarm_ws/install/powerarm_urdf/share/colcon-core/packages/powerarm_urdf)
[1.855s] DEBUG:colcon.colcon_core.event_handler.log_command:Invoked command in '/home/wenda/powerarm_ws/build/moveit_visual_tools' returned '0': CMAKE_PREFIX_PATH=${CMAKE_PREFIX_PATH}:/opt/ros/humble /usr/bin/cmake --build /home/wenda/powerarm_ws/build/moveit_visual_tools -- -j16 -l16
[1.882s] Level 1:colcon.colcon_core.environment:create_environment_scripts_only(powerarm_urdf)
[1.897s] Level 1:colcon.colcon_core.environment:checking '/home/wenda/powerarm_ws/install/powerarm_urdf' for CMake module files
[1.897s] Level 1:colcon.colcon_core.environment:checking '/home/wenda/powerarm_ws/install/powerarm_urdf' for CMake config files
[1.897s] Level 1:colcon.colcon_core.shell:create_environment_hook('powerarm_urdf', 'cmake_prefix_path')
[1.911s] INFO:colcon.colcon_core.shell:Creating environment hook '/home/wenda/powerarm_ws/install/powerarm_urdf/share/powerarm_urdf/hook/cmake_prefix_path.ps1'
[1.912s] INFO:colcon.colcon_core.shell:Creating environment descriptor '/home/wenda/powerarm_ws/install/powerarm_urdf/share/powerarm_urdf/hook/cmake_prefix_path.dsv'
[1.912s] INFO:colcon.colcon_core.shell:Creating environment hook '/home/wenda/powerarm_ws/install/powerarm_urdf/share/powerarm_urdf/hook/cmake_prefix_path.sh'
[1.912s] Level 1:colcon.colcon_core.environment:checking '/home/wenda/powerarm_ws/install/powerarm_urdf/bin'
[1.912s] Level 1:colcon.colcon_core.environment:checking '/home/wenda/powerarm_ws/install/powerarm_urdf/lib/pkgconfig/powerarm_urdf.pc'
[1.913s] Level 1:colcon.colcon_core.environment:checking '/home/wenda/powerarm_ws/install/powerarm_urdf/lib/python3.10/site-packages'
[1.913s] Level 1:colcon.colcon_core.environment:checking '/home/wenda/powerarm_ws/install/powerarm_urdf/bin'
[1.927s] INFO:colcon.colcon_core.shell:Creating package script '/home/wenda/powerarm_ws/install/powerarm_urdf/share/powerarm_urdf/package.ps1'
[1.927s] INFO:colcon.colcon_core.shell:Creating package descriptor '/home/wenda/powerarm_ws/install/powerarm_urdf/share/powerarm_urdf/package.dsv'
[1.928s] INFO:colcon.colcon_core.shell:Creating package script '/home/wenda/powerarm_ws/install/powerarm_urdf/share/powerarm_urdf/package.sh'
[1.928s] INFO:colcon.colcon_core.shell:Creating package script '/home/wenda/powerarm_ws/install/powerarm_urdf/share/powerarm_urdf/package.bash'
[1.929s] INFO:colcon.colcon_core.shell:Creating package script '/home/wenda/powerarm_ws/install/powerarm_urdf/share/powerarm_urdf/package.zsh'
[1.929s] Level 1:colcon.colcon_core.environment:create_file_with_runtime_dependencies(/home/wenda/powerarm_ws/install/powerarm_urdf/share/colcon-core/packages/powerarm_urdf)
[1.929s] INFO:colcon.colcon_ros.task.ament_cmake.build:Building ROS package in '/home/wenda/powerarm_ws/src/powerarm_moveit_config' with build type 'ament_cmake'
[1.929s] INFO:colcon.colcon_cmake.task.cmake.build:Building CMake package in '/home/wenda/powerarm_ws/src/powerarm_moveit_config'
[1.944s] INFO:colcon.colcon_core.shell:Skip shell extension 'powershell' for command environment: Not usable outside of PowerShell
[1.944s] DEBUG:colcon.colcon_core.shell:Skip shell extension 'dsv' for command environment
[2.005s] DEBUG:colcon.colcon_core.event_handler.log_command:Invoking command in '/home/wenda/powerarm_ws/build/moveit_visual_tools': CMAKE_PREFIX_PATH=${CMAKE_PREFIX_PATH}:/opt/ros/humble /usr/bin/cmake --install /home/wenda/powerarm_ws/build/moveit_visual_tools
[2.007s] DEBUG:colcon.colcon_core.event_handler.log_command:Invoking command in '/home/wenda/powerarm_ws/build/powerarm_moveit_config': CMAKE_PREFIX_PATH=/home/wenda/powerarm_ws/install/powerarm_urdf:/home/wenda/powerarm_ws/install/powerarm_moveit_config:/home/wenda/powerarm_ws/install/powerarm:/home/wenda/powerarm_ws/install/moveit_visual_tools:/home/wenda/test_ws/install/elite_ec66_moveit_config:/home/wenda/test_ws/install/elite_description:/opt/ros/humble /usr/bin/cmake --build /home/wenda/powerarm_ws/build/powerarm_moveit_config -- -j16 -l16
[2.013s] Level 1:colcon.colcon_core.environment:create_environment_scripts_only(moveit_visual_tools)
[2.013s] DEBUG:colcon.colcon_core.event_handler.log_command:Invoked command in '/home/wenda/powerarm_ws/build/moveit_visual_tools' returned '0': CMAKE_PREFIX_PATH=${CMAKE_PREFIX_PATH}:/opt/ros/humble /usr/bin/cmake --install /home/wenda/powerarm_ws/build/moveit_visual_tools
[2.028s] Level 1:colcon.colcon_core.environment:checking '/home/wenda/powerarm_ws/install/moveit_visual_tools' for CMake module files
[2.028s] Level 1:colcon.colcon_core.environment:checking '/home/wenda/powerarm_ws/install/moveit_visual_tools' for CMake config files
[2.029s] Level 1:colcon.colcon_core.shell:create_environment_hook('moveit_visual_tools', 'cmake_prefix_path')
[2.043s] INFO:colcon.colcon_core.shell:Creating environment hook '/home/wenda/powerarm_ws/install/moveit_visual_tools/share/moveit_visual_tools/hook/cmake_prefix_path.ps1'
[2.043s] INFO:colcon.colcon_core.shell:Creating environment descriptor '/home/wenda/powerarm_ws/install/moveit_visual_tools/share/moveit_visual_tools/hook/cmake_prefix_path.dsv'
[2.044s] INFO:colcon.colcon_core.shell:Creating environment hook '/home/wenda/powerarm_ws/install/moveit_visual_tools/share/moveit_visual_tools/hook/cmake_prefix_path.sh'
[2.044s] Level 1:colcon.colcon_core.environment:checking '/home/wenda/powerarm_ws/install/moveit_visual_tools/lib'
[2.044s] Level 1:colcon.colcon_core.shell:create_environment_hook('moveit_visual_tools', 'ld_library_path_lib')
[2.058s] INFO:colcon.colcon_core.shell:Creating environment hook '/home/wenda/powerarm_ws/install/moveit_visual_tools/share/moveit_visual_tools/hook/ld_library_path_lib.ps1'
[2.059s] INFO:colcon.colcon_core.shell:Creating environment descriptor '/home/wenda/powerarm_ws/install/moveit_visual_tools/share/moveit_visual_tools/hook/ld_library_path_lib.dsv'
[2.059s] INFO:colcon.colcon_core.shell:Creating environment hook '/home/wenda/powerarm_ws/install/moveit_visual_tools/share/moveit_visual_tools/hook/ld_library_path_lib.sh'
[2.059s] Level 1:colcon.colcon_core.environment:checking '/home/wenda/powerarm_ws/install/moveit_visual_tools/bin'
[2.059s] Level 1:colcon.colcon_core.environment:checking '/home/wenda/powerarm_ws/install/moveit_visual_tools/lib/pkgconfig/moveit_visual_tools.pc'
[2.060s] Level 1:colcon.colcon_core.environment:checking '/home/wenda/powerarm_ws/install/moveit_visual_tools/lib/python3.10/site-packages'
[2.060s] Level 1:colcon.colcon_core.environment:checking '/home/wenda/powerarm_ws/install/moveit_visual_tools/bin'
[2.074s] INFO:colcon.colcon_core.shell:Creating package script '/home/wenda/powerarm_ws/install/moveit_visual_tools/share/moveit_visual_tools/package.ps1'
[2.074s] INFO:colcon.colcon_core.shell:Creating package descriptor '/home/wenda/powerarm_ws/install/moveit_visual_tools/share/moveit_visual_tools/package.dsv'
[2.075s] INFO:colcon.colcon_core.shell:Creating package script '/home/wenda/powerarm_ws/install/moveit_visual_tools/share/moveit_visual_tools/package.sh'
[2.075s] INFO:colcon.colcon_core.shell:Creating package script '/home/wenda/powerarm_ws/install/moveit_visual_tools/share/moveit_visual_tools/package.bash'
[2.075s] INFO:colcon.colcon_core.shell:Creating package script '/home/wenda/powerarm_ws/install/moveit_visual_tools/share/moveit_visual_tools/package.zsh'
[2.076s] Level 1:colcon.colcon_core.environment:create_file_with_runtime_dependencies(/home/wenda/powerarm_ws/install/moveit_visual_tools/share/colcon-core/packages/moveit_visual_tools)
[2.078s] DEBUG:colcon.colcon_core.event_handler.log_command:Invoked command in '/home/wenda/powerarm_ws/build/powerarm_moveit_config' returned '0': CMAKE_PREFIX_PATH=/home/wenda/powerarm_ws/install/powerarm_urdf:/home/wenda/powerarm_ws/install/powerarm_moveit_config:/home/wenda/powerarm_ws/install/powerarm:/home/wenda/powerarm_ws/install/moveit_visual_tools:/home/wenda/test_ws/install/elite_ec66_moveit_config:/home/wenda/test_ws/install/elite_description:/opt/ros/humble /usr/bin/cmake --build /home/wenda/powerarm_ws/build/powerarm_moveit_config -- -j16 -l16
[2.092s] DEBUG:colcon.colcon_core.event_handler.log_command:Invoking command in '/home/wenda/powerarm_ws/build/powerarm_moveit_config': CMAKE_PREFIX_PATH=/home/wenda/powerarm_ws/install/powerarm_urdf:/home/wenda/powerarm_ws/install/powerarm_moveit_config:/home/wenda/powerarm_ws/install/powerarm:/home/wenda/powerarm_ws/install/moveit_visual_tools:/home/wenda/test_ws/install/elite_ec66_moveit_config:/home/wenda/test_ws/install/elite_description:/opt/ros/humble /usr/bin/cmake --install /home/wenda/powerarm_ws/build/powerarm_moveit_config
[2.115s] Level 1:colcon.colcon_core.environment:create_environment_scripts_only(moveit_visual_tools)
[2.131s] Level 1:colcon.colcon_core.environment:checking '/home/wenda/powerarm_ws/install/moveit_visual_tools' for CMake module files
[2.132s] Level 1:colcon.colcon_core.environment:checking '/home/wenda/powerarm_ws/install/moveit_visual_tools' for CMake config files
[2.132s] Level 1:colcon.colcon_core.shell:create_environment_hook('moveit_visual_tools', 'cmake_prefix_path')
[2.149s] INFO:colcon.colcon_core.shell:Creating environment hook '/home/wenda/powerarm_ws/install/moveit_visual_tools/share/moveit_visual_tools/hook/cmake_prefix_path.ps1'
[2.149s] INFO:colcon.colcon_core.shell:Creating environment descriptor '/home/wenda/powerarm_ws/install/moveit_visual_tools/share/moveit_visual_tools/hook/cmake_prefix_path.dsv'
[2.149s] INFO:colcon.colcon_core.shell:Creating environment hook '/home/wenda/powerarm_ws/install/moveit_visual_tools/share/moveit_visual_tools/hook/cmake_prefix_path.sh'
[2.150s] Level 1:colcon.colcon_core.environment:checking '/home/wenda/powerarm_ws/install/moveit_visual_tools/lib'
[2.150s] Level 1:colcon.colcon_core.shell:create_environment_hook('moveit_visual_tools', 'ld_library_path_lib')
[2.164s] INFO:colcon.colcon_core.shell:Creating environment hook '/home/wenda/powerarm_ws/install/moveit_visual_tools/share/moveit_visual_tools/hook/ld_library_path_lib.ps1'
[2.164s] INFO:colcon.colcon_core.shell:Creating environment descriptor '/home/wenda/powerarm_ws/install/moveit_visual_tools/share/moveit_visual_tools/hook/ld_library_path_lib.dsv'
[2.165s] INFO:colcon.colcon_core.shell:Creating environment hook '/home/wenda/powerarm_ws/install/moveit_visual_tools/share/moveit_visual_tools/hook/ld_library_path_lib.sh'
[2.165s] Level 1:colcon.colcon_core.environment:checking '/home/wenda/powerarm_ws/install/moveit_visual_tools/bin'
[2.165s] Level 1:colcon.colcon_core.environment:checking '/home/wenda/powerarm_ws/install/moveit_visual_tools/lib/pkgconfig/moveit_visual_tools.pc'
[2.165s] Level 1:colcon.colcon_core.environment:checking '/home/wenda/powerarm_ws/install/moveit_visual_tools/lib/python3.10/site-packages'
[2.165s] Level 1:colcon.colcon_core.environment:checking '/home/wenda/powerarm_ws/install/moveit_visual_tools/bin'
[2.180s] INFO:colcon.colcon_core.shell:Creating package script '/home/wenda/powerarm_ws/install/moveit_visual_tools/share/moveit_visual_tools/package.ps1'
[2.180s] INFO:colcon.colcon_core.shell:Creating package descriptor '/home/wenda/powerarm_ws/install/moveit_visual_tools/share/moveit_visual_tools/package.dsv'
[2.181s] INFO:colcon.colcon_core.shell:Creating package script '/home/wenda/powerarm_ws/install/moveit_visual_tools/share/moveit_visual_tools/package.sh'
[2.181s] INFO:colcon.colcon_core.shell:Creating package script '/home/wenda/powerarm_ws/install/moveit_visual_tools/share/moveit_visual_tools/package.bash'
[2.181s] INFO:colcon.colcon_core.shell:Creating package script '/home/wenda/powerarm_ws/install/moveit_visual_tools/share/moveit_visual_tools/package.zsh'
[2.182s] Level 1:colcon.colcon_core.environment:create_file_with_runtime_dependencies(/home/wenda/powerarm_ws/install/moveit_visual_tools/share/colcon-core/packages/moveit_visual_tools)
[2.182s] INFO:colcon.colcon_ros.task.ament_cmake.build:Building ROS package in '/home/wenda/powerarm_ws/src/powerarm' with build type 'ament_cmake'
[2.182s] INFO:colcon.colcon_cmake.task.cmake.build:Building CMake package in '/home/wenda/powerarm_ws/src/powerarm'
[2.197s] INFO:colcon.colcon_core.shell:Skip shell extension 'powershell' for command environment: Not usable outside of PowerShell
[2.197s] DEBUG:colcon.colcon_core.shell:Skip shell extension 'dsv' for command environment
[2.257s] Level 1:colcon.colcon_core.environment:create_environment_scripts_only(powerarm_moveit_config)
[2.258s] DEBUG:colcon.colcon_core.event_handler.log_command:Invoked command in '/home/wenda/powerarm_ws/build/powerarm_moveit_config' returned '0': CMAKE_PREFIX_PATH=/home/wenda/powerarm_ws/install/powerarm_urdf:/home/wenda/powerarm_ws/install/powerarm_moveit_config:/home/wenda/powerarm_ws/install/powerarm:/home/wenda/powerarm_ws/install/moveit_visual_tools:/home/wenda/test_ws/install/elite_ec66_moveit_config:/home/wenda/test_ws/install/elite_description:/opt/ros/humble /usr/bin/cmake --install /home/wenda/powerarm_ws/build/powerarm_moveit_config
[2.272s] Level 1:colcon.colcon_core.environment:checking '/home/wenda/powerarm_ws/install/powerarm_moveit_config' for CMake module files
[2.273s] Level 1:colcon.colcon_core.environment:checking '/home/wenda/powerarm_ws/install/powerarm_moveit_config' for CMake config files
[2.273s] Level 1:colcon.colcon_core.shell:create_environment_hook('powerarm_moveit_config', 'cmake_prefix_path')
[2.287s] INFO:colcon.colcon_core.shell:Creating environment hook '/home/wenda/powerarm_ws/install/powerarm_moveit_config/share/powerarm_moveit_config/hook/cmake_prefix_path.ps1'
[2.287s] INFO:colcon.colcon_core.shell:Creating environment descriptor '/home/wenda/powerarm_ws/install/powerarm_moveit_config/share/powerarm_moveit_config/hook/cmake_prefix_path.dsv'
[2.288s] INFO:colcon.colcon_core.shell:Creating environment hook '/home/wenda/powerarm_ws/install/powerarm_moveit_config/share/powerarm_moveit_config/hook/cmake_prefix_path.sh'
[2.288s] Level 1:colcon.colcon_core.environment:checking '/home/wenda/powerarm_ws/install/powerarm_moveit_config/bin'
[2.288s] Level 1:colcon.colcon_core.environment:checking '/home/wenda/powerarm_ws/install/powerarm_moveit_config/lib/pkgconfig/powerarm_moveit_config.pc'
[2.288s] Level 1:colcon.colcon_core.environment:checking '/home/wenda/powerarm_ws/install/powerarm_moveit_config/lib/python3.10/site-packages'
[2.289s] Level 1:colcon.colcon_core.environment:checking '/home/wenda/powerarm_ws/install/powerarm_moveit_config/bin'
[2.303s] INFO:colcon.colcon_core.shell:Creating package script '/home/wenda/powerarm_ws/install/powerarm_moveit_config/share/powerarm_moveit_config/package.ps1'
[2.304s] INFO:colcon.colcon_core.shell:Creating package descriptor '/home/wenda/powerarm_ws/install/powerarm_moveit_config/share/powerarm_moveit_config/package.dsv'
[2.304s] INFO:colcon.colcon_core.shell:Creating package script '/home/wenda/powerarm_ws/install/powerarm_moveit_config/share/powerarm_moveit_config/package.sh'
[2.304s] INFO:colcon.colcon_core.shell:Creating package script '/home/wenda/powerarm_ws/install/powerarm_moveit_config/share/powerarm_moveit_config/package.bash'
[2.304s] INFO:colcon.colcon_core.shell:Creating package script '/home/wenda/powerarm_ws/install/powerarm_moveit_config/share/powerarm_moveit_config/package.zsh'
[2.305s] Level 1:colcon.colcon_core.environment:create_file_with_runtime_dependencies(/home/wenda/powerarm_ws/install/powerarm_moveit_config/share/colcon-core/packages/powerarm_moveit_config)
[2.308s] DEBUG:colcon.colcon_core.event_handler.log_command:Invoking command in '/home/wenda/powerarm_ws/build/powerarm': CMAKE_PREFIX_PATH=/home/wenda/powerarm_ws/install/moveit_visual_tools:/home/wenda/powerarm_ws/install/powerarm_moveit_config:/home/wenda/powerarm_ws/install/powerarm_urdf:/home/wenda/powerarm_ws/install/powerarm:/home/wenda/test_ws/install/elite_ec66_moveit_config:/home/wenda/test_ws/install/elite_description:/opt/ros/humble /usr/bin/cmake --build /home/wenda/powerarm_ws/build/powerarm -- -j16 -l16
[2.335s] Level 1:colcon.colcon_core.environment:create_environment_scripts_only(powerarm_moveit_config)
[2.350s] Level 1:colcon.colcon_core.environment:checking '/home/wenda/powerarm_ws/install/powerarm_moveit_config' for CMake module files
[2.350s] Level 1:colcon.colcon_core.environment:checking '/home/wenda/powerarm_ws/install/powerarm_moveit_config' for CMake config files
[2.350s] Level 1:colcon.colcon_core.shell:create_environment_hook('powerarm_moveit_config', 'cmake_prefix_path')
[2.365s] INFO:colcon.colcon_core.shell:Creating environment hook '/home/wenda/powerarm_ws/install/powerarm_moveit_config/share/powerarm_moveit_config/hook/cmake_prefix_path.ps1'
[2.365s] INFO:colcon.colcon_core.shell:Creating environment descriptor '/home/wenda/powerarm_ws/install/powerarm_moveit_config/share/powerarm_moveit_config/hook/cmake_prefix_path.dsv'
[2.365s] INFO:colcon.colcon_core.shell:Creating environment hook '/home/wenda/powerarm_ws/install/powerarm_moveit_config/share/powerarm_moveit_config/hook/cmake_prefix_path.sh'
[2.366s] Level 1:colcon.colcon_core.environment:checking '/home/wenda/powerarm_ws/install/powerarm_moveit_config/bin'
[2.366s] Level 1:colcon.colcon_core.environment:checking '/home/wenda/powerarm_ws/install/powerarm_moveit_config/lib/pkgconfig/powerarm_moveit_config.pc'
[2.366s] Level 1:colcon.colcon_core.environment:checking '/home/wenda/powerarm_ws/install/powerarm_moveit_config/lib/python3.10/site-packages'
[2.366s] Level 1:colcon.colcon_core.environment:checking '/home/wenda/powerarm_ws/install/powerarm_moveit_config/bin'
[2.381s] INFO:colcon.colcon_core.shell:Creating package script '/home/wenda/powerarm_ws/install/powerarm_moveit_config/share/powerarm_moveit_config/package.ps1'
[2.382s] INFO:colcon.colcon_core.shell:Creating package descriptor '/home/wenda/powerarm_ws/install/powerarm_moveit_config/share/powerarm_moveit_config/package.dsv'
[2.382s] INFO:colcon.colcon_core.shell:Creating package script '/home/wenda/powerarm_ws/install/powerarm_moveit_config/share/powerarm_moveit_config/package.sh'
[2.383s] INFO:colcon.colcon_core.shell:Creating package script '/home/wenda/powerarm_ws/install/powerarm_moveit_config/share/powerarm_moveit_config/package.bash'
[2.383s] INFO:colcon.colcon_core.shell:Creating package script '/home/wenda/powerarm_ws/install/powerarm_moveit_config/share/powerarm_moveit_config/package.zsh'
[2.383s] Level 1:colcon.colcon_core.environment:create_file_with_runtime_dependencies(/home/wenda/powerarm_ws/install/powerarm_moveit_config/share/colcon-core/packages/powerarm_moveit_config)
[2.384s] DEBUG:colcon.colcon_core.event_handler.log_command:Invoked command in '/home/wenda/powerarm_ws/build/powerarm' returned '0': CMAKE_PREFIX_PATH=/home/wenda/powerarm_ws/install/moveit_visual_tools:/home/wenda/powerarm_ws/install/powerarm_moveit_config:/home/wenda/powerarm_ws/install/powerarm_urdf:/home/wenda/powerarm_ws/install/powerarm:/home/wenda/test_ws/install/elite_ec66_moveit_config:/home/wenda/test_ws/install/elite_description:/opt/ros/humble /usr/bin/cmake --build /home/wenda/powerarm_ws/build/powerarm -- -j16 -l16
[2.403s] DEBUG:colcon.colcon_core.event_handler.log_command:Invoking command in '/home/wenda/powerarm_ws/build/powerarm': CMAKE_PREFIX_PATH=/home/wenda/powerarm_ws/install/moveit_visual_tools:/home/wenda/powerarm_ws/install/powerarm_moveit_config:/home/wenda/powerarm_ws/install/powerarm_urdf:/home/wenda/powerarm_ws/install/powerarm:/home/wenda/test_ws/install/elite_ec66_moveit_config:/home/wenda/test_ws/install/elite_description:/opt/ros/humble /usr/bin/cmake --install /home/wenda/powerarm_ws/build/powerarm
[2.410s] Level 1:colcon.colcon_core.environment:create_environment_scripts_only(powerarm)
[2.410s] DEBUG:colcon.colcon_core.event_handler.log_command:Invoked command in '/home/wenda/powerarm_ws/build/powerarm' returned '0': CMAKE_PREFIX_PATH=/home/wenda/powerarm_ws/install/moveit_visual_tools:/home/wenda/powerarm_ws/install/powerarm_moveit_config:/home/wenda/powerarm_ws/install/powerarm_urdf:/home/wenda/powerarm_ws/install/powerarm:/home/wenda/test_ws/install/elite_ec66_moveit_config:/home/wenda/test_ws/install/elite_description:/opt/ros/humble /usr/bin/cmake --install /home/wenda/powerarm_ws/build/powerarm
[2.426s] Level 1:colcon.colcon_core.environment:checking '/home/wenda/powerarm_ws/install/powerarm' for CMake module files
[2.427s] Level 1:colcon.colcon_core.environment:checking '/home/wenda/powerarm_ws/install/powerarm' for CMake config files
[2.427s] Level 1:colcon.colcon_core.shell:create_environment_hook('powerarm', 'cmake_prefix_path')
[2.441s] INFO:colcon.colcon_core.shell:Creating environment hook '/home/wenda/powerarm_ws/install/powerarm/share/powerarm/hook/cmake_prefix_path.ps1'
[2.441s] INFO:colcon.colcon_core.shell:Creating environment descriptor '/home/wenda/powerarm_ws/install/powerarm/share/powerarm/hook/cmake_prefix_path.dsv'
[2.441s] INFO:colcon.colcon_core.shell:Creating environment hook '/home/wenda/powerarm_ws/install/powerarm/share/powerarm/hook/cmake_prefix_path.sh'
[2.442s] Level 1:colcon.colcon_core.environment:checking '/home/wenda/powerarm_ws/install/powerarm/lib'
[2.442s] Level 1:colcon.colcon_core.environment:checking '/home/wenda/powerarm_ws/install/powerarm/bin'
[2.442s] Level 1:colcon.colcon_core.environment:checking '/home/wenda/powerarm_ws/install/powerarm/lib/pkgconfig/powerarm.pc'
[2.442s] Level 1:colcon.colcon_core.environment:checking '/home/wenda/powerarm_ws/install/powerarm/lib/python3.10/site-packages'
[2.442s] Level 1:colcon.colcon_core.environment:checking '/home/wenda/powerarm_ws/install/powerarm/bin'
[2.457s] INFO:colcon.colcon_core.shell:Creating package script '/home/wenda/powerarm_ws/install/powerarm/share/powerarm/package.ps1'
[2.457s] INFO:colcon.colcon_core.shell:Creating package descriptor '/home/wenda/powerarm_ws/install/powerarm/share/powerarm/package.dsv'
[2.458s] INFO:colcon.colcon_core.shell:Creating package script '/home/wenda/powerarm_ws/install/powerarm/share/powerarm/package.sh'
[2.458s] INFO:colcon.colcon_core.shell:Creating package script '/home/wenda/powerarm_ws/install/powerarm/share/powerarm/package.bash'
[2.458s] INFO:colcon.colcon_core.shell:Creating package script '/home/wenda/powerarm_ws/install/powerarm/share/powerarm/package.zsh'
[2.458s] Level 1:colcon.colcon_core.environment:create_file_with_runtime_dependencies(/home/wenda/powerarm_ws/install/powerarm/share/colcon-core/packages/powerarm)
[2.490s] Level 1:colcon.colcon_core.environment:create_environment_scripts_only(powerarm)
[2.505s] Level 1:colcon.colcon_core.environment:checking '/home/wenda/powerarm_ws/install/powerarm' for CMake module files
[2.505s] Level 1:colcon.colcon_core.environment:checking '/home/wenda/powerarm_ws/install/powerarm' for CMake config files
[2.506s] Level 1:colcon.colcon_core.shell:create_environment_hook('powerarm', 'cmake_prefix_path')
[2.520s] INFO:colcon.colcon_core.shell:Creating environment hook '/home/wenda/powerarm_ws/install/powerarm/share/powerarm/hook/cmake_prefix_path.ps1'
[2.520s] INFO:colcon.colcon_core.shell:Creating environment descriptor '/home/wenda/powerarm_ws/install/powerarm/share/powerarm/hook/cmake_prefix_path.dsv'
[2.521s] INFO:colcon.colcon_core.shell:Creating environment hook '/home/wenda/powerarm_ws/install/powerarm/share/powerarm/hook/cmake_prefix_path.sh'
[2.521s] Level 1:colcon.colcon_core.environment:checking '/home/wenda/powerarm_ws/install/powerarm/lib'
[2.521s] Level 1:colcon.colcon_core.environment:checking '/home/wenda/powerarm_ws/install/powerarm/bin'
[2.521s] Level 1:colcon.colcon_core.environment:checking '/home/wenda/powerarm_ws/install/powerarm/lib/pkgconfig/powerarm.pc'
[2.521s] Level 1:colcon.colcon_core.environment:checking '/home/wenda/powerarm_ws/install/powerarm/lib/python3.10/site-packages'
[2.522s] Level 1:colcon.colcon_core.environment:checking '/home/wenda/powerarm_ws/install/powerarm/bin'
[2.536s] INFO:colcon.colcon_core.shell:Creating package script '/home/wenda/powerarm_ws/install/powerarm/share/powerarm/package.ps1'
[2.537s] INFO:colcon.colcon_core.shell:Creating package descriptor '/home/wenda/powerarm_ws/install/powerarm/share/powerarm/package.dsv'
[2.537s] INFO:colcon.colcon_core.shell:Creating package script '/home/wenda/powerarm_ws/install/powerarm/share/powerarm/package.sh'
[2.537s] INFO:colcon.colcon_core.shell:Creating package script '/home/wenda/powerarm_ws/install/powerarm/share/powerarm/package.bash'
[2.538s] INFO:colcon.colcon_core.shell:Creating package script '/home/wenda/powerarm_ws/install/powerarm/share/powerarm/package.zsh'
[2.538s] Level 1:colcon.colcon_core.environment:create_file_with_runtime_dependencies(/home/wenda/powerarm_ws/install/powerarm/share/colcon-core/packages/powerarm)
[2.538s] DEBUG:colcon.colcon_parallel_executor.executor.parallel:closing loop
[2.538s] DEBUG:colcon.colcon_parallel_executor.executor.parallel:loop closed
[2.539s] DEBUG:colcon.colcon_parallel_executor.executor.parallel:run_until_complete finished with '0'
[2.539s] DEBUG:colcon.colcon_core.event_reactor:joining thread
[2.557s] INFO:colcon.colcon_core.plugin_system:Skipping extension 'colcon_notification.desktop_notification.terminal_notifier': Not used on non-Darwin systems
[2.557s] INFO:colcon.colcon_core.plugin_system:Skipping extension 'colcon_notification.desktop_notification.win32': Not used on non-Windows systems
[2.557s] INFO:colcon.colcon_notification.desktop_notification:Sending desktop notification using 'notify2'
[2.567s] DEBUG:colcon.colcon_core.event_reactor:joined thread
[2.581s] INFO:colcon.colcon_core.shell:Creating prefix script '/home/wenda/powerarm_ws/install/local_setup.ps1'
[2.582s] INFO:colcon.colcon_core.shell:Creating prefix util module '/home/wenda/powerarm_ws/install/_local_setup_util_ps1.py'
[2.583s] INFO:colcon.colcon_core.shell:Creating prefix chain script '/home/wenda/powerarm_ws/install/setup.ps1'
[2.598s] INFO:colcon.colcon_core.shell:Creating prefix script '/home/wenda/powerarm_ws/install/local_setup.sh'
[2.599s] INFO:colcon.colcon_core.shell:Creating prefix util module '/home/wenda/powerarm_ws/install/_local_setup_util_sh.py'
[2.599s] INFO:colcon.colcon_core.shell:Creating prefix chain script '/home/wenda/powerarm_ws/install/setup.sh'
[2.615s] INFO:colcon.colcon_core.shell:Creating prefix script '/home/wenda/powerarm_ws/install/local_setup.bash'
[2.615s] INFO:colcon.colcon_core.shell:Creating prefix chain script '/home/wenda/powerarm_ws/install/setup.bash'
[2.631s] INFO:colcon.colcon_core.shell:Creating prefix script '/home/wenda/powerarm_ws/install/local_setup.zsh'
[2.631s] INFO:colcon.colcon_core.shell:Creating prefix chain script '/home/wenda/powerarm_ws/install/setup.zsh'
