[0.156s] Invoking command in '/home/wenda/powerarm_ws/build/powerarm_urdf': CMAKE_PREFIX_PATH=${CMAKE_PREFIX_PATH}:/opt/ros/humble /usr/bin/cmake /home/wenda/powerarm_ws/src/powerarm_urdf -DCMAKE_BUILD_TYPE=Debug -DCMAKE_INSTALL_PREFIX=/home/wenda/powerarm_ws/install/powerarm_urdf
[0.166s] -- Found ament_cmake: 1.3.5 (/opt/ros/humble/share/ament_cmake/cmake)
[0.300s] -- Found ament_lint_auto: 0.12.8 (/opt/ros/humble/share/ament_lint_auto/cmake)
[0.367s] -- Added test 'lint_cmake' to check CMake code style
[0.369s] -- Added test 'xmllint' to check XML markup files
[0.370s] -- Configuring done
[0.374s] -- Generating done
[0.375s] -- Build files have been written to: /home/wenda/powerarm_ws/build/powerarm_urdf
[0.377s] Invoked command in '/home/wenda/powerarm_ws/build/powerarm_urdf' returned '0': CMAKE_PREFIX_PATH=${CMAKE_PREFIX_PATH}:/opt/ros/humble /usr/bin/cmake /home/wenda/powerarm_ws/src/powerarm_urdf -DCMAKE_BUILD_TYPE=Debug -DCMAKE_INSTALL_PREFIX=/home/wenda/powerarm_ws/install/powerarm_urdf
[0.379s] Invoking command in '/home/wenda/powerarm_ws/build/powerarm_urdf': CMAKE_PREFIX_PATH=${CMAKE_PREFIX_PATH}:/opt/ros/humble /usr/bin/cmake --build /home/wenda/powerarm_ws/build/powerarm_urdf -- -j16 -l16
[0.410s] Invoked command in '/home/wenda/powerarm_ws/build/powerarm_urdf' returned '0': CMAKE_PREFIX_PATH=${CMAKE_PREFIX_PATH}:/opt/ros/humble /usr/bin/cmake --build /home/wenda/powerarm_ws/build/powerarm_urdf -- -j16 -l16
[0.433s] Invoking command in '/home/wenda/powerarm_ws/build/powerarm_urdf': CMAKE_PREFIX_PATH=${CMAKE_PREFIX_PATH}:/opt/ros/humble /usr/bin/cmake --install /home/wenda/powerarm_ws/build/powerarm_urdf
[0.442s] -- Install configuration: "Debug"
[0.442s] -- Up-to-date: /home/wenda/powerarm_ws/install/powerarm_urdf/share/powerarm_urdf/config
[0.442s] -- Up-to-date: /home/wenda/powerarm_ws/install/powerarm_urdf/share/powerarm_urdf/config/joint_names_powerarm_urdf.yaml
[0.442s] -- Up-to-date: /home/wenda/powerarm_ws/install/powerarm_urdf/share/powerarm_urdf/meshes
[0.442s] -- Up-to-date: /home/wenda/powerarm_ws/install/powerarm_urdf/share/powerarm_urdf/meshes/shoulder_link_1.STL
[0.443s] -- Up-to-date: /home/wenda/powerarm_ws/install/powerarm_urdf/share/powerarm_urdf/meshes/ee_link.STL
[0.443s] -- Up-to-date: /home/wenda/powerarm_ws/install/powerarm_urdf/share/powerarm_urdf/meshes/shoulder_link_3.STL
[0.443s] -- Up-to-date: /home/wenda/powerarm_ws/install/powerarm_urdf/share/powerarm_urdf/meshes/shoulder_link_2.STL
[0.443s] -- Up-to-date: /home/wenda/powerarm_ws/install/powerarm_urdf/share/powerarm_urdf/meshes/elbow_link.STL
[0.443s] -- Up-to-date: /home/wenda/powerarm_ws/install/powerarm_urdf/share/powerarm_urdf/meshes/base_link.STL
[0.443s] -- Up-to-date: /home/wenda/powerarm_ws/install/powerarm_urdf/share/powerarm_urdf/urdf
[0.443s] -- Up-to-date: /home/wenda/powerarm_ws/install/powerarm_urdf/share/powerarm_urdf/urdf/powerarm_urdf.csv
[0.443s] -- Up-to-date: /home/wenda/powerarm_ws/install/powerarm_urdf/share/powerarm_urdf/urdf/powerarm_urdf.urdf
[0.443s] -- Installing: /home/wenda/powerarm_ws/install/powerarm_urdf/share/ament_index/resource_index/package_run_dependencies/powerarm_urdf
[0.443s] -- Up-to-date: /home/wenda/powerarm_ws/install/powerarm_urdf/share/ament_index/resource_index/parent_prefix_path/powerarm_urdf
[0.443s] -- Up-to-date: /home/wenda/powerarm_ws/install/powerarm_urdf/share/powerarm_urdf/environment/ament_prefix_path.sh
[0.443s] -- Installing: /home/wenda/powerarm_ws/install/powerarm_urdf/share/powerarm_urdf/environment/ament_prefix_path.dsv
[0.443s] -- Up-to-date: /home/wenda/powerarm_ws/install/powerarm_urdf/share/powerarm_urdf/environment/path.sh
[0.443s] -- Installing: /home/wenda/powerarm_ws/install/powerarm_urdf/share/powerarm_urdf/environment/path.dsv
[0.443s] -- Up-to-date: /home/wenda/powerarm_ws/install/powerarm_urdf/share/powerarm_urdf/local_setup.bash
[0.444s] -- Up-to-date: /home/wenda/powerarm_ws/install/powerarm_urdf/share/powerarm_urdf/local_setup.sh
[0.444s] -- Up-to-date: /home/wenda/powerarm_ws/install/powerarm_urdf/share/powerarm_urdf/local_setup.zsh
[0.444s] -- Installing: /home/wenda/powerarm_ws/install/powerarm_urdf/share/powerarm_urdf/local_setup.dsv
[0.444s] -- Installing: /home/wenda/powerarm_ws/install/powerarm_urdf/share/powerarm_urdf/package.dsv
[0.444s] -- Up-to-date: /home/wenda/powerarm_ws/install/powerarm_urdf/share/ament_index/resource_index/packages/powerarm_urdf
[0.444s] -- Up-to-date: /home/wenda/powerarm_ws/install/powerarm_urdf/share/powerarm_urdf/cmake/powerarm_urdfConfig.cmake
[0.444s] -- Up-to-date: /home/wenda/powerarm_ws/install/powerarm_urdf/share/powerarm_urdf/cmake/powerarm_urdfConfig-version.cmake
[0.444s] -- Installing: /home/wenda/powerarm_ws/install/powerarm_urdf/share/powerarm_urdf/package.xml
[0.445s] Invoked command in '/home/wenda/powerarm_ws/build/powerarm_urdf' returned '0': CMAKE_PREFIX_PATH=${CMAKE_PREFIX_PATH}:/opt/ros/humble /usr/bin/cmake --install /home/wenda/powerarm_ws/build/powerarm_urdf
