[0.116s] Invoking command in '/home/wenda/powerarm_ws/build/powerarm_moveit_config': CMAKE_PREFIX_PATH=${CMAKE_PREFIX_PATH}:/opt/ros/humble /usr/bin/cmake /home/wenda/powerarm_ws/src/powerarm_moveit_config -DCMAKE_INSTALL_PREFIX=/home/wenda/powerarm_ws/install/powerarm_moveit_config
[0.157s] -- The C compiler identification is GNU 11.4.0
[0.201s] -- The CXX compiler identification is GNU 11.4.0
[0.206s] -- Detecting C compiler ABI info
[0.266s] -- Detecting C compiler ABI info - done
[0.277s] -- Check for working C compiler: /usr/bin/cc - skipped
[0.277s] -- Detecting C compile features
[0.278s] -- Detecting C compile features - done
[0.282s] -- Detecting CXX compiler ABI info
[0.351s] -- Detecting CXX compiler ABI info - done
[0.358s] -- Check for working CXX compiler: /usr/bin/c++ - skipped
[0.358s] -- Detecting CXX compile features
[0.359s] -- Detecting CXX compile features - done
[0.360s] -- Found ament_cmake: 1.3.5 (/opt/ros/humble/share/ament_cmake/cmake)
[0.503s] -- Found Python3: /usr/bin/python3.10 (found version "3.10.12") found components: Interpreter 
[0.627s] -- Configuring done
[0.629s] -- Generating done
[0.630s] -- Build files have been written to: /home/wenda/powerarm_ws/build/powerarm_moveit_config
[0.633s] Invoked command in '/home/wenda/powerarm_ws/build/powerarm_moveit_config' returned '0': CMAKE_PREFIX_PATH=${CMAKE_PREFIX_PATH}:/opt/ros/humble /usr/bin/cmake /home/wenda/powerarm_ws/src/powerarm_moveit_config -DCMAKE_INSTALL_PREFIX=/home/wenda/powerarm_ws/install/powerarm_moveit_config
[0.634s] Invoking command in '/home/wenda/powerarm_ws/build/powerarm_moveit_config': CMAKE_PREFIX_PATH=${CMAKE_PREFIX_PATH}:/opt/ros/humble /usr/bin/cmake --build /home/wenda/powerarm_ws/build/powerarm_moveit_config -- -j16 -l16
[0.661s] Invoked command in '/home/wenda/powerarm_ws/build/powerarm_moveit_config' returned '0': CMAKE_PREFIX_PATH=${CMAKE_PREFIX_PATH}:/opt/ros/humble /usr/bin/cmake --build /home/wenda/powerarm_ws/build/powerarm_moveit_config -- -j16 -l16
[0.676s] Invoking command in '/home/wenda/powerarm_ws/build/powerarm_moveit_config': CMAKE_PREFIX_PATH=${CMAKE_PREFIX_PATH}:/opt/ros/humble /usr/bin/cmake --install /home/wenda/powerarm_ws/build/powerarm_moveit_config
[0.682s] -- Install configuration: ""
[0.682s] -- Installing: /home/wenda/powerarm_ws/install/powerarm_moveit_config/share/ament_index/resource_index/package_run_dependencies/powerarm_moveit_config
[0.683s] -- Installing: /home/wenda/powerarm_ws/install/powerarm_moveit_config/share/ament_index/resource_index/parent_prefix_path/powerarm_moveit_config
[0.683s] -- Installing: /home/wenda/powerarm_ws/install/powerarm_moveit_config/share/powerarm_moveit_config/environment/ament_prefix_path.sh
[0.683s] -- Installing: /home/wenda/powerarm_ws/install/powerarm_moveit_config/share/powerarm_moveit_config/environment/ament_prefix_path.dsv
[0.683s] -- Installing: /home/wenda/powerarm_ws/install/powerarm_moveit_config/share/powerarm_moveit_config/environment/path.sh
[0.683s] -- Installing: /home/wenda/powerarm_ws/install/powerarm_moveit_config/share/powerarm_moveit_config/environment/path.dsv
[0.683s] -- Installing: /home/wenda/powerarm_ws/install/powerarm_moveit_config/share/powerarm_moveit_config/local_setup.bash
[0.683s] -- Installing: /home/wenda/powerarm_ws/install/powerarm_moveit_config/share/powerarm_moveit_config/local_setup.sh
[0.683s] -- Installing: /home/wenda/powerarm_ws/install/powerarm_moveit_config/share/powerarm_moveit_config/local_setup.zsh
[0.683s] -- Installing: /home/wenda/powerarm_ws/install/powerarm_moveit_config/share/powerarm_moveit_config/local_setup.dsv
[0.683s] -- Installing: /home/wenda/powerarm_ws/install/powerarm_moveit_config/share/powerarm_moveit_config/package.dsv
[0.683s] -- Installing: /home/wenda/powerarm_ws/install/powerarm_moveit_config/share/ament_index/resource_index/packages/powerarm_moveit_config
[0.684s] -- Installing: /home/wenda/powerarm_ws/install/powerarm_moveit_config/share/powerarm_moveit_config/cmake/powerarm_moveit_configConfig.cmake
[0.684s] -- Installing: /home/wenda/powerarm_ws/install/powerarm_moveit_config/share/powerarm_moveit_config/cmake/powerarm_moveit_configConfig-version.cmake
[0.684s] -- Installing: /home/wenda/powerarm_ws/install/powerarm_moveit_config/share/powerarm_moveit_config/package.xml
[0.684s] -- Installing: /home/wenda/powerarm_ws/install/powerarm_moveit_config/share/powerarm_moveit_config/launch
[0.684s] -- Installing: /home/wenda/powerarm_ws/install/powerarm_moveit_config/share/powerarm_moveit_config/launch/rsp.launch.py
[0.684s] -- Installing: /home/wenda/powerarm_ws/install/powerarm_moveit_config/share/powerarm_moveit_config/launch/spawn_controllers.launch.py
[0.684s] -- Installing: /home/wenda/powerarm_ws/install/powerarm_moveit_config/share/powerarm_moveit_config/launch/static_virtual_joint_tfs.launch.py
[0.684s] -- Installing: /home/wenda/powerarm_ws/install/powerarm_moveit_config/share/powerarm_moveit_config/launch/warehouse_db.launch.py
[0.684s] -- Installing: /home/wenda/powerarm_ws/install/powerarm_moveit_config/share/powerarm_moveit_config/launch/setup_assistant.launch.py
[0.684s] -- Installing: /home/wenda/powerarm_ws/install/powerarm_moveit_config/share/powerarm_moveit_config/launch/moveit_rviz.launch.py
[0.684s] -- Installing: /home/wenda/powerarm_ws/install/powerarm_moveit_config/share/powerarm_moveit_config/launch/demo.launch.py
[0.685s] -- Installing: /home/wenda/powerarm_ws/install/powerarm_moveit_config/share/powerarm_moveit_config/launch/move_group.launch.py
[0.685s] -- Installing: /home/wenda/powerarm_ws/install/powerarm_moveit_config/share/powerarm_moveit_config/config
[0.685s] -- Installing: /home/wenda/powerarm_ws/install/powerarm_moveit_config/share/powerarm_moveit_config/config/ros2_controllers.yaml
[0.685s] -- Installing: /home/wenda/powerarm_ws/install/powerarm_moveit_config/share/powerarm_moveit_config/config/powerarm_urdf.urdf.xacro
[0.685s] -- Installing: /home/wenda/powerarm_ws/install/powerarm_moveit_config/share/powerarm_moveit_config/config/initial_positions.yaml
[0.685s] -- Installing: /home/wenda/powerarm_ws/install/powerarm_moveit_config/share/powerarm_moveit_config/config/powerarm_urdf.srdf
[0.685s] -- Installing: /home/wenda/powerarm_ws/install/powerarm_moveit_config/share/powerarm_moveit_config/config/kinematics.yaml
[0.685s] -- Installing: /home/wenda/powerarm_ws/install/powerarm_moveit_config/share/powerarm_moveit_config/config/pilz_cartesian_limits.yaml
[0.685s] -- Installing: /home/wenda/powerarm_ws/install/powerarm_moveit_config/share/powerarm_moveit_config/config/moveit_controllers.yaml
[0.685s] -- Installing: /home/wenda/powerarm_ws/install/powerarm_moveit_config/share/powerarm_moveit_config/config/joint_limits.yaml
[0.685s] -- Installing: /home/wenda/powerarm_ws/install/powerarm_moveit_config/share/powerarm_moveit_config/config/moveit.rviz
[0.685s] -- Installing: /home/wenda/powerarm_ws/install/powerarm_moveit_config/share/powerarm_moveit_config/config/powerarm_urdf.ros2_control.xacro
[0.685s] -- Installing: /home/wenda/powerarm_ws/install/powerarm_moveit_config/share/powerarm_moveit_config/.setup_assistant
[0.686s] Invoked command in '/home/wenda/powerarm_ws/build/powerarm_moveit_config' returned '0': CMAKE_PREFIX_PATH=${CMAKE_PREFIX_PATH}:/opt/ros/humble /usr/bin/cmake --install /home/wenda/powerarm_ws/build/powerarm_moveit_config
