[1.357s] DEBUG:colcon:Command line arguments: ['/usr/bin/colcon', 'build']
[1.357s] DEBUG:colcon:Parsed command line arguments: Namespace(log_base=None, log_level=None, verb_name='build', build_base='build', install_base='install', merge_install=False, symlink_install=False, test_result_base=None, continue_on_error=False, executor='parallel', parallel_workers=16, event_handlers=None, ignore_user_meta=False, metas=['./colcon.meta'], base_paths=['.'], packages_ignore=None, packages_ignore_regex=None, paths=None, packages_up_to=None, packages_up_to_regex=None, packages_above=None, packages_above_and_dependencies=None, packages_above_depth=None, packages_select_by_dep=None, packages_skip_by_dep=None, packages_skip_up_to=None, packages_select_build_failed=False, packages_skip_build_finished=False, packages_select_test_failures=False, packages_skip_test_passed=False, packages_select=None, packages_skip=None, packages_select_regex=None, packages_skip_regex=None, packages_start=None, packages_end=None, allow_overriding=[], cmake_args=None, cmake_target=None, cmake_target_skip_unavailable=False, cmake_clean_cache=False, cmake_clean_first=False, cmake_force_configure=False, ament_cmake_args=None, catkin_cmake_args=None, catkin_skip_building_tests=False, mixin_files=None, mixin=None, verb_parser=<colcon_mixin.mixin.mixin_argument.MixinArgumentDecorator object at 0x7f1f4747b490>, verb_extension=<colcon_core.verb.build.BuildVerb object at 0x7f1f474c3d60>, main=<bound method BuildVerb.main of <colcon_core.verb.build.BuildVerb object at 0x7f1f474c3d60>>, mixin_verb=('build',))
[1.410s] Level 1:colcon.colcon_core.package_discovery:discover_packages(colcon_meta) check parameters
[1.410s] Level 1:colcon.colcon_core.package_discovery:discover_packages(recursive) check parameters
[1.410s] Level 1:colcon.colcon_core.package_discovery:discover_packages(ignore) check parameters
[1.410s] Level 1:colcon.colcon_core.package_discovery:discover_packages(path) check parameters
[1.410s] Level 1:colcon.colcon_core.package_discovery:discover_packages(colcon_meta) discover
[1.410s] Level 1:colcon.colcon_core.package_discovery:discover_packages(recursive) discover
[1.410s] INFO:colcon.colcon_core.package_discovery:Crawling recursively for packages in '/home/wenda/powerarm_ws'
[1.410s] Level 1:colcon.colcon_core.package_identification:_identify(.) by extensions ['ignore', 'ignore_ament_install']
[1.410s] Level 1:colcon.colcon_core.package_identification:_identify(.) by extension 'ignore'
[1.410s] Level 1:colcon.colcon_core.package_identification:_identify(.) by extension 'ignore_ament_install'
[1.411s] Level 1:colcon.colcon_core.package_identification:_identify(.) by extensions ['colcon_pkg']
[1.411s] Level 1:colcon.colcon_core.package_identification:_identify(.) by extension 'colcon_pkg'
[1.411s] Level 1:colcon.colcon_core.package_identification:_identify(.) by extensions ['colcon_meta']
[1.411s] Level 1:colcon.colcon_core.package_identification:_identify(.) by extension 'colcon_meta'
[1.411s] Level 1:colcon.colcon_core.package_identification:_identify(.) by extensions ['ros']
[1.411s] Level 1:colcon.colcon_core.package_identification:_identify(.) by extension 'ros'
[1.421s] Level 1:colcon.colcon_core.package_identification:_identify(.) by extensions ['cmake', 'python']
[1.421s] Level 1:colcon.colcon_core.package_identification:_identify(.) by extension 'cmake'
[1.421s] Level 1:colcon.colcon_core.package_identification:_identify(.) by extension 'python'
[1.421s] Level 1:colcon.colcon_core.package_identification:_identify(.) by extensions ['python_setup_py']
[1.421s] Level 1:colcon.colcon_core.package_identification:_identify(.) by extension 'python_setup_py'
[1.422s] Level 1:colcon.colcon_core.package_identification:_identify(build) by extensions ['ignore', 'ignore_ament_install']
[1.422s] Level 1:colcon.colcon_core.package_identification:_identify(build) by extension 'ignore'
[1.422s] Level 1:colcon.colcon_core.package_identification:_identify(build) ignored
[1.422s] Level 1:colcon.colcon_core.package_identification:_identify(install) by extensions ['ignore', 'ignore_ament_install']
[1.422s] Level 1:colcon.colcon_core.package_identification:_identify(install) by extension 'ignore'
[1.422s] Level 1:colcon.colcon_core.package_identification:_identify(install) ignored
[1.422s] Level 1:colcon.colcon_core.package_identification:_identify(log) by extensions ['ignore', 'ignore_ament_install']
[1.422s] Level 1:colcon.colcon_core.package_identification:_identify(log) by extension 'ignore'
[1.422s] Level 1:colcon.colcon_core.package_identification:_identify(log) ignored
[1.422s] Level 1:colcon.colcon_core.package_identification:_identify(src) by extensions ['ignore', 'ignore_ament_install']
[1.422s] Level 1:colcon.colcon_core.package_identification:_identify(src) by extension 'ignore'
[1.422s] Level 1:colcon.colcon_core.package_identification:_identify(src) by extension 'ignore_ament_install'
[1.423s] Level 1:colcon.colcon_core.package_identification:_identify(src) by extensions ['colcon_pkg']
[1.423s] Level 1:colcon.colcon_core.package_identification:_identify(src) by extension 'colcon_pkg'
[1.423s] Level 1:colcon.colcon_core.package_identification:_identify(src) by extensions ['colcon_meta']
[1.423s] Level 1:colcon.colcon_core.package_identification:_identify(src) by extension 'colcon_meta'
[1.423s] Level 1:colcon.colcon_core.package_identification:_identify(src) by extensions ['ros']
[1.423s] Level 1:colcon.colcon_core.package_identification:_identify(src) by extension 'ros'
[1.423s] Level 1:colcon.colcon_core.package_identification:_identify(src) by extensions ['cmake', 'python']
[1.423s] Level 1:colcon.colcon_core.package_identification:_identify(src) by extension 'cmake'
[1.423s] Level 1:colcon.colcon_core.package_identification:_identify(src) by extension 'python'
[1.423s] Level 1:colcon.colcon_core.package_identification:_identify(src) by extensions ['python_setup_py']
[1.423s] Level 1:colcon.colcon_core.package_identification:_identify(src) by extension 'python_setup_py'
[1.423s] Level 1:colcon.colcon_core.package_identification:_identify(src/moveit_visual_tools-ros2) by extensions ['ignore', 'ignore_ament_install']
[1.423s] Level 1:colcon.colcon_core.package_identification:_identify(src/moveit_visual_tools-ros2) by extension 'ignore'
[1.423s] Level 1:colcon.colcon_core.package_identification:_identify(src/moveit_visual_tools-ros2) by extension 'ignore_ament_install'
[1.423s] Level 1:colcon.colcon_core.package_identification:_identify(src/moveit_visual_tools-ros2) by extensions ['colcon_pkg']
[1.423s] Level 1:colcon.colcon_core.package_identification:_identify(src/moveit_visual_tools-ros2) by extension 'colcon_pkg'
[1.423s] Level 1:colcon.colcon_core.package_identification:_identify(src/moveit_visual_tools-ros2) by extensions ['colcon_meta']
[1.423s] Level 1:colcon.colcon_core.package_identification:_identify(src/moveit_visual_tools-ros2) by extension 'colcon_meta'
[1.423s] Level 1:colcon.colcon_core.package_identification:_identify(src/moveit_visual_tools-ros2) by extensions ['ros']
[1.423s] Level 1:colcon.colcon_core.package_identification:_identify(src/moveit_visual_tools-ros2) by extension 'ros'
[1.426s] DEBUG:colcon.colcon_core.package_identification:Package 'src/moveit_visual_tools-ros2' with type 'ros.ament_cmake' and name 'moveit_visual_tools'
[1.426s] Level 1:colcon.colcon_core.package_identification:_identify(src/powerarm) by extensions ['ignore', 'ignore_ament_install']
[1.427s] Level 1:colcon.colcon_core.package_identification:_identify(src/powerarm) by extension 'ignore'
[1.427s] Level 1:colcon.colcon_core.package_identification:_identify(src/powerarm) by extension 'ignore_ament_install'
[1.427s] Level 1:colcon.colcon_core.package_identification:_identify(src/powerarm) by extensions ['colcon_pkg']
[1.427s] Level 1:colcon.colcon_core.package_identification:_identify(src/powerarm) by extension 'colcon_pkg'
[1.427s] Level 1:colcon.colcon_core.package_identification:_identify(src/powerarm) by extensions ['colcon_meta']
[1.427s] Level 1:colcon.colcon_core.package_identification:_identify(src/powerarm) by extension 'colcon_meta'
[1.427s] Level 1:colcon.colcon_core.package_identification:_identify(src/powerarm) by extensions ['ros']
[1.427s] Level 1:colcon.colcon_core.package_identification:_identify(src/powerarm) by extension 'ros'
[1.427s] DEBUG:colcon.colcon_core.package_identification:Package 'src/powerarm' with type 'ros.ament_cmake' and name 'powerarm'
[1.428s] Level 1:colcon.colcon_core.package_identification:_identify(src/powerarm_moveit_config) by extensions ['ignore', 'ignore_ament_install']
[1.428s] Level 1:colcon.colcon_core.package_identification:_identify(src/powerarm_moveit_config) by extension 'ignore'
[1.428s] Level 1:colcon.colcon_core.package_identification:_identify(src/powerarm_moveit_config) by extension 'ignore_ament_install'
[1.428s] Level 1:colcon.colcon_core.package_identification:_identify(src/powerarm_moveit_config) by extensions ['colcon_pkg']
[1.428s] Level 1:colcon.colcon_core.package_identification:_identify(src/powerarm_moveit_config) by extension 'colcon_pkg'
[1.428s] Level 1:colcon.colcon_core.package_identification:_identify(src/powerarm_moveit_config) by extensions ['colcon_meta']
[1.428s] Level 1:colcon.colcon_core.package_identification:_identify(src/powerarm_moveit_config) by extension 'colcon_meta'
[1.428s] Level 1:colcon.colcon_core.package_identification:_identify(src/powerarm_moveit_config) by extensions ['ros']
[1.428s] Level 1:colcon.colcon_core.package_identification:_identify(src/powerarm_moveit_config) by extension 'ros'
[1.429s] DEBUG:colcon.colcon_core.package_identification:Package 'src/powerarm_moveit_config' with type 'ros.ament_cmake' and name 'powerarm_moveit_config'
[1.429s] Level 1:colcon.colcon_core.package_identification:_identify(src/powerarm_urdf) by extensions ['ignore', 'ignore_ament_install']
[1.429s] Level 1:colcon.colcon_core.package_identification:_identify(src/powerarm_urdf) by extension 'ignore'
[1.429s] Level 1:colcon.colcon_core.package_identification:_identify(src/powerarm_urdf) by extension 'ignore_ament_install'
[1.429s] Level 1:colcon.colcon_core.package_identification:_identify(src/powerarm_urdf) by extensions ['colcon_pkg']
[1.429s] Level 1:colcon.colcon_core.package_identification:_identify(src/powerarm_urdf) by extension 'colcon_pkg'
[1.429s] Level 1:colcon.colcon_core.package_identification:_identify(src/powerarm_urdf) by extensions ['colcon_meta']
[1.429s] Level 1:colcon.colcon_core.package_identification:_identify(src/powerarm_urdf) by extension 'colcon_meta'
[1.429s] Level 1:colcon.colcon_core.package_identification:_identify(src/powerarm_urdf) by extensions ['ros']
[1.429s] Level 1:colcon.colcon_core.package_identification:_identify(src/powerarm_urdf) by extension 'ros'
[1.430s] DEBUG:colcon.colcon_core.package_identification:Package 'src/powerarm_urdf' with type 'ros.ament_cmake' and name 'powerarm_urdf'
[1.430s] Level 1:colcon.colcon_core.package_discovery:discover_packages(recursive) using defaults
[1.430s] Level 1:colcon.colcon_core.package_discovery:discover_packages(ignore) discover
[1.430s] Level 1:colcon.colcon_core.package_discovery:discover_packages(ignore) using defaults
[1.430s] Level 1:colcon.colcon_core.package_discovery:discover_packages(path) discover
[1.430s] Level 1:colcon.colcon_core.package_discovery:discover_packages(path) using defaults
[1.531s] Level 1:colcon.colcon_core.package_discovery:discover_packages(prefix_path) check parameters
[1.532s] Level 1:colcon.colcon_core.package_discovery:discover_packages(prefix_path) discover
[1.565s] DEBUG:colcon.colcon_installed_package_information.package_discovery:Found 4 installed packages in /home/wenda/powerarm_ws/install
[1.580s] DEBUG:colcon.colcon_installed_package_information.package_discovery:Found 2 installed packages in /home/wenda/test_ws/install
[1.596s] DEBUG:colcon.colcon_installed_package_information.package_discovery:Found 333 installed packages in /opt/ros/humble
[1.597s] Level 1:colcon.colcon_core.package_discovery:discover_packages(prefix_path) using defaults
[1.715s] Level 5:colcon.colcon_core.verb:set package 'moveit_visual_tools' build argument 'cmake_args' from command line to 'None'
[1.715s] Level 5:colcon.colcon_core.verb:set package 'moveit_visual_tools' build argument 'cmake_target' from command line to 'None'
[1.715s] Level 5:colcon.colcon_core.verb:set package 'moveit_visual_tools' build argument 'cmake_target_skip_unavailable' from command line to 'False'
[1.715s] Level 5:colcon.colcon_core.verb:set package 'moveit_visual_tools' build argument 'cmake_clean_cache' from command line to 'False'
[1.715s] Level 5:colcon.colcon_core.verb:set package 'moveit_visual_tools' build argument 'cmake_clean_first' from command line to 'False'
[1.715s] Level 5:colcon.colcon_core.verb:set package 'moveit_visual_tools' build argument 'cmake_force_configure' from command line to 'False'
[1.715s] Level 5:colcon.colcon_core.verb:set package 'moveit_visual_tools' build argument 'ament_cmake_args' from command line to 'None'
[1.715s] Level 5:colcon.colcon_core.verb:set package 'moveit_visual_tools' build argument 'catkin_cmake_args' from command line to 'None'
[1.715s] Level 5:colcon.colcon_core.verb:set package 'moveit_visual_tools' build argument 'catkin_skip_building_tests' from command line to 'False'
[1.715s] DEBUG:colcon.colcon_core.verb:Building package 'moveit_visual_tools' with the following arguments: {'ament_cmake_args': None, 'build_base': '/home/wenda/powerarm_ws/build/moveit_visual_tools', 'catkin_cmake_args': None, 'catkin_skip_building_tests': False, 'cmake_args': None, 'cmake_clean_cache': False, 'cmake_clean_first': False, 'cmake_force_configure': False, 'cmake_target': None, 'cmake_target_skip_unavailable': False, 'install_base': '/home/wenda/powerarm_ws/install/moveit_visual_tools', 'merge_install': False, 'path': '/home/wenda/powerarm_ws/src/moveit_visual_tools-ros2', 'symlink_install': False, 'test_result_base': None}
[1.730s] Level 5:colcon.colcon_core.verb:set package 'powerarm' build argument 'cmake_args' from command line to 'None'
[1.730s] Level 5:colcon.colcon_core.verb:set package 'powerarm' build argument 'cmake_target' from command line to 'None'
[1.730s] Level 5:colcon.colcon_core.verb:set package 'powerarm' build argument 'cmake_target_skip_unavailable' from command line to 'False'
[1.730s] Level 5:colcon.colcon_core.verb:set package 'powerarm' build argument 'cmake_clean_cache' from command line to 'False'
[1.730s] Level 5:colcon.colcon_core.verb:set package 'powerarm' build argument 'cmake_clean_first' from command line to 'False'
[1.730s] Level 5:colcon.colcon_core.verb:set package 'powerarm' build argument 'cmake_force_configure' from command line to 'False'
[1.730s] Level 5:colcon.colcon_core.verb:set package 'powerarm' build argument 'ament_cmake_args' from command line to 'None'
[1.730s] Level 5:colcon.colcon_core.verb:set package 'powerarm' build argument 'catkin_cmake_args' from command line to 'None'
[1.730s] Level 5:colcon.colcon_core.verb:set package 'powerarm' build argument 'catkin_skip_building_tests' from command line to 'False'
[1.731s] DEBUG:colcon.colcon_core.verb:Building package 'powerarm' with the following arguments: {'ament_cmake_args': None, 'build_base': '/home/wenda/powerarm_ws/build/powerarm', 'catkin_cmake_args': None, 'catkin_skip_building_tests': False, 'cmake_args': None, 'cmake_clean_cache': False, 'cmake_clean_first': False, 'cmake_force_configure': False, 'cmake_target': None, 'cmake_target_skip_unavailable': False, 'install_base': '/home/wenda/powerarm_ws/install/powerarm', 'merge_install': False, 'path': '/home/wenda/powerarm_ws/src/powerarm', 'symlink_install': False, 'test_result_base': None}
[1.745s] Level 5:colcon.colcon_core.verb:set package 'powerarm_urdf' build argument 'cmake_args' from command line to 'None'
[1.745s] Level 5:colcon.colcon_core.verb:set package 'powerarm_urdf' build argument 'cmake_target' from command line to 'None'
[1.745s] Level 5:colcon.colcon_core.verb:set package 'powerarm_urdf' build argument 'cmake_target_skip_unavailable' from command line to 'False'
[1.745s] Level 5:colcon.colcon_core.verb:set package 'powerarm_urdf' build argument 'cmake_clean_cache' from command line to 'False'
[1.746s] Level 5:colcon.colcon_core.verb:set package 'powerarm_urdf' build argument 'cmake_clean_first' from command line to 'False'
[1.746s] Level 5:colcon.colcon_core.verb:set package 'powerarm_urdf' build argument 'cmake_force_configure' from command line to 'False'
[1.746s] Level 5:colcon.colcon_core.verb:set package 'powerarm_urdf' build argument 'ament_cmake_args' from command line to 'None'
[1.746s] Level 5:colcon.colcon_core.verb:set package 'powerarm_urdf' build argument 'catkin_cmake_args' from command line to 'None'
[1.746s] Level 5:colcon.colcon_core.verb:set package 'powerarm_urdf' build argument 'catkin_skip_building_tests' from command line to 'False'
[1.746s] DEBUG:colcon.colcon_core.verb:Building package 'powerarm_urdf' with the following arguments: {'ament_cmake_args': None, 'build_base': '/home/wenda/powerarm_ws/build/powerarm_urdf', 'catkin_cmake_args': None, 'catkin_skip_building_tests': False, 'cmake_args': None, 'cmake_clean_cache': False, 'cmake_clean_first': False, 'cmake_force_configure': False, 'cmake_target': None, 'cmake_target_skip_unavailable': False, 'install_base': '/home/wenda/powerarm_ws/install/powerarm_urdf', 'merge_install': False, 'path': '/home/wenda/powerarm_ws/src/powerarm_urdf', 'symlink_install': False, 'test_result_base': None}
[1.762s] Level 5:colcon.colcon_core.verb:set package 'powerarm_moveit_config' build argument 'cmake_args' from command line to 'None'
[1.762s] Level 5:colcon.colcon_core.verb:set package 'powerarm_moveit_config' build argument 'cmake_target' from command line to 'None'
[1.762s] Level 5:colcon.colcon_core.verb:set package 'powerarm_moveit_config' build argument 'cmake_target_skip_unavailable' from command line to 'False'
[1.762s] Level 5:colcon.colcon_core.verb:set package 'powerarm_moveit_config' build argument 'cmake_clean_cache' from command line to 'False'
[1.762s] Level 5:colcon.colcon_core.verb:set package 'powerarm_moveit_config' build argument 'cmake_clean_first' from command line to 'False'
[1.762s] Level 5:colcon.colcon_core.verb:set package 'powerarm_moveit_config' build argument 'cmake_force_configure' from command line to 'False'
[1.762s] Level 5:colcon.colcon_core.verb:set package 'powerarm_moveit_config' build argument 'ament_cmake_args' from command line to 'None'
[1.762s] Level 5:colcon.colcon_core.verb:set package 'powerarm_moveit_config' build argument 'catkin_cmake_args' from command line to 'None'
[1.762s] Level 5:colcon.colcon_core.verb:set package 'powerarm_moveit_config' build argument 'catkin_skip_building_tests' from command line to 'False'
[1.762s] DEBUG:colcon.colcon_core.verb:Building package 'powerarm_moveit_config' with the following arguments: {'ament_cmake_args': None, 'build_base': '/home/wenda/powerarm_ws/build/powerarm_moveit_config', 'catkin_cmake_args': None, 'catkin_skip_building_tests': False, 'cmake_args': None, 'cmake_clean_cache': False, 'cmake_clean_first': False, 'cmake_force_configure': False, 'cmake_target': None, 'cmake_target_skip_unavailable': False, 'install_base': '/home/wenda/powerarm_ws/install/powerarm_moveit_config', 'merge_install': False, 'path': '/home/wenda/powerarm_ws/src/powerarm_moveit_config', 'symlink_install': False, 'test_result_base': None}
[1.776s] INFO:colcon.colcon_core.executor:Executing jobs using 'parallel' executor
[1.792s] DEBUG:colcon.colcon_parallel_executor.executor.parallel:run_until_complete
[1.792s] INFO:colcon.colcon_ros.task.ament_cmake.build:Building ROS package in '/home/wenda/powerarm_ws/src/powerarm_urdf' with build type 'ament_cmake'
[1.792s] INFO:colcon.colcon_cmake.task.cmake.build:Building CMake package in '/home/wenda/powerarm_ws/src/powerarm_urdf'
[1.809s] INFO:colcon.colcon_core.plugin_system:Skipping extension 'colcon_core.shell.bat': Not used on non-Windows systems
[1.809s] INFO:colcon.colcon_core.shell:Skip shell extension 'powershell' for command environment: Not usable outside of PowerShell
[1.809s] DEBUG:colcon.colcon_core.shell:Skip shell extension 'dsv' for command environment
[1.873s] INFO:colcon.colcon_ros.task.ament_cmake.build:Building ROS package in '/home/wenda/powerarm_ws/src/moveit_visual_tools-ros2' with build type 'ament_cmake'
[1.873s] INFO:colcon.colcon_cmake.task.cmake.build:Building CMake package in '/home/wenda/powerarm_ws/src/moveit_visual_tools-ros2'
[1.890s] INFO:colcon.colcon_core.shell:Skip shell extension 'powershell' for command environment: Not usable outside of PowerShell
[1.890s] DEBUG:colcon.colcon_core.shell:Skip shell extension 'dsv' for command environment
[1.955s] INFO:colcon.colcon_ros.task.ament_cmake.build:Building ROS package in '/home/wenda/powerarm_ws/src/powerarm' with build type 'ament_cmake'
[1.955s] INFO:colcon.colcon_cmake.task.cmake.build:Building CMake package in '/home/wenda/powerarm_ws/src/powerarm'
[1.970s] INFO:colcon.colcon_core.shell:Skip shell extension 'powershell' for command environment: Not usable outside of PowerShell
[1.970s] DEBUG:colcon.colcon_core.shell:Skip shell extension 'dsv' for command environment
[2.039s] DEBUG:colcon.colcon_core.event_handler.log_command:Invoking command in '/home/wenda/powerarm_ws/build/powerarm_urdf': CMAKE_PREFIX_PATH=${CMAKE_PREFIX_PATH}:/opt/ros/humble /usr/bin/cmake --build /home/wenda/powerarm_ws/build/powerarm_urdf -- -j16 -l16
[2.044s] DEBUG:colcon.colcon_core.event_handler.log_command:Invoking command in '/home/wenda/powerarm_ws/build/moveit_visual_tools': CMAKE_PREFIX_PATH=${CMAKE_PREFIX_PATH}:/opt/ros/humble /usr/bin/cmake --build /home/wenda/powerarm_ws/build/moveit_visual_tools -- -j16 -l16
[2.050s] DEBUG:colcon.colcon_core.event_handler.log_command:Invoking command in '/home/wenda/powerarm_ws/build/powerarm': CMAKE_PREFIX_PATH=${CMAKE_PREFIX_PATH}:/opt/ros/humble /usr/bin/cmake --build /home/wenda/powerarm_ws/build/powerarm -- -j16 -l16
[2.074s] DEBUG:colcon.colcon_core.event_handler.log_command:Invoked command in '/home/wenda/powerarm_ws/build/powerarm_urdf' returned '0': CMAKE_PREFIX_PATH=${CMAKE_PREFIX_PATH}:/opt/ros/humble /usr/bin/cmake --build /home/wenda/powerarm_ws/build/powerarm_urdf -- -j16 -l16
[2.101s] DEBUG:colcon.colcon_core.event_handler.log_command:Invoking command in '/home/wenda/powerarm_ws/build/powerarm_urdf': CMAKE_PREFIX_PATH=${CMAKE_PREFIX_PATH}:/opt/ros/humble /usr/bin/cmake --install /home/wenda/powerarm_ws/build/powerarm_urdf
[2.111s] Level 1:colcon.colcon_core.environment:create_environment_scripts_only(powerarm_urdf)
[2.111s] DEBUG:colcon.colcon_core.event_handler.log_command:Invoked command in '/home/wenda/powerarm_ws/build/powerarm_urdf' returned '0': CMAKE_PREFIX_PATH=${CMAKE_PREFIX_PATH}:/opt/ros/humble /usr/bin/cmake --install /home/wenda/powerarm_ws/build/powerarm_urdf
[2.129s] Level 1:colcon.colcon_core.environment:checking '/home/wenda/powerarm_ws/install/powerarm_urdf' for CMake module files
[2.130s] Level 1:colcon.colcon_core.environment:checking '/home/wenda/powerarm_ws/install/powerarm_urdf' for CMake config files
[2.130s] Level 1:colcon.colcon_core.shell:create_environment_hook('powerarm_urdf', 'cmake_prefix_path')
[2.147s] INFO:colcon.colcon_core.shell:Creating environment hook '/home/wenda/powerarm_ws/install/powerarm_urdf/share/powerarm_urdf/hook/cmake_prefix_path.ps1'
[2.147s] INFO:colcon.colcon_core.shell:Creating environment descriptor '/home/wenda/powerarm_ws/install/powerarm_urdf/share/powerarm_urdf/hook/cmake_prefix_path.dsv'
[2.148s] INFO:colcon.colcon_core.shell:Creating environment hook '/home/wenda/powerarm_ws/install/powerarm_urdf/share/powerarm_urdf/hook/cmake_prefix_path.sh'
[2.148s] Level 1:colcon.colcon_core.environment:checking '/home/wenda/powerarm_ws/install/powerarm_urdf/bin'
[2.148s] Level 1:colcon.colcon_core.environment:checking '/home/wenda/powerarm_ws/install/powerarm_urdf/lib/pkgconfig/powerarm_urdf.pc'
[2.149s] Level 1:colcon.colcon_core.environment:checking '/home/wenda/powerarm_ws/install/powerarm_urdf/lib/python3.10/site-packages'
[2.149s] Level 1:colcon.colcon_core.environment:checking '/home/wenda/powerarm_ws/install/powerarm_urdf/bin'
[2.164s] INFO:colcon.colcon_core.shell:Creating package script '/home/wenda/powerarm_ws/install/powerarm_urdf/share/powerarm_urdf/package.ps1'
[2.165s] INFO:colcon.colcon_core.shell:Creating package descriptor '/home/wenda/powerarm_ws/install/powerarm_urdf/share/powerarm_urdf/package.dsv'
[2.166s] INFO:colcon.colcon_core.shell:Creating package script '/home/wenda/powerarm_ws/install/powerarm_urdf/share/powerarm_urdf/package.sh'
[2.166s] INFO:colcon.colcon_core.shell:Creating package script '/home/wenda/powerarm_ws/install/powerarm_urdf/share/powerarm_urdf/package.bash'
[2.167s] INFO:colcon.colcon_core.shell:Creating package script '/home/wenda/powerarm_ws/install/powerarm_urdf/share/powerarm_urdf/package.zsh'
[2.168s] Level 1:colcon.colcon_core.environment:create_file_with_runtime_dependencies(/home/wenda/powerarm_ws/install/powerarm_urdf/share/colcon-core/packages/powerarm_urdf)
[2.169s] DEBUG:colcon.colcon_core.event_handler.log_command:Invoked command in '/home/wenda/powerarm_ws/build/moveit_visual_tools' returned '0': CMAKE_PREFIX_PATH=${CMAKE_PREFIX_PATH}:/opt/ros/humble /usr/bin/cmake --build /home/wenda/powerarm_ws/build/moveit_visual_tools -- -j16 -l16
[2.202s] Level 1:colcon.colcon_core.environment:create_environment_scripts_only(powerarm_urdf)
[2.218s] Level 1:colcon.colcon_core.environment:checking '/home/wenda/powerarm_ws/install/powerarm_urdf' for CMake module files
[2.218s] Level 1:colcon.colcon_core.environment:checking '/home/wenda/powerarm_ws/install/powerarm_urdf' for CMake config files
[2.219s] Level 1:colcon.colcon_core.shell:create_environment_hook('powerarm_urdf', 'cmake_prefix_path')
[2.233s] INFO:colcon.colcon_core.shell:Creating environment hook '/home/wenda/powerarm_ws/install/powerarm_urdf/share/powerarm_urdf/hook/cmake_prefix_path.ps1'
[2.233s] INFO:colcon.colcon_core.shell:Creating environment descriptor '/home/wenda/powerarm_ws/install/powerarm_urdf/share/powerarm_urdf/hook/cmake_prefix_path.dsv'
[2.234s] INFO:colcon.colcon_core.shell:Creating environment hook '/home/wenda/powerarm_ws/install/powerarm_urdf/share/powerarm_urdf/hook/cmake_prefix_path.sh'
[2.234s] Level 1:colcon.colcon_core.environment:checking '/home/wenda/powerarm_ws/install/powerarm_urdf/bin'
[2.234s] Level 1:colcon.colcon_core.environment:checking '/home/wenda/powerarm_ws/install/powerarm_urdf/lib/pkgconfig/powerarm_urdf.pc'
[2.235s] Level 1:colcon.colcon_core.environment:checking '/home/wenda/powerarm_ws/install/powerarm_urdf/lib/python3.10/site-packages'
[2.235s] Level 1:colcon.colcon_core.environment:checking '/home/wenda/powerarm_ws/install/powerarm_urdf/bin'
[2.250s] INFO:colcon.colcon_core.shell:Creating package script '/home/wenda/powerarm_ws/install/powerarm_urdf/share/powerarm_urdf/package.ps1'
[2.250s] INFO:colcon.colcon_core.shell:Creating package descriptor '/home/wenda/powerarm_ws/install/powerarm_urdf/share/powerarm_urdf/package.dsv'
[2.251s] INFO:colcon.colcon_core.shell:Creating package script '/home/wenda/powerarm_ws/install/powerarm_urdf/share/powerarm_urdf/package.sh'
[2.251s] INFO:colcon.colcon_core.shell:Creating package script '/home/wenda/powerarm_ws/install/powerarm_urdf/share/powerarm_urdf/package.bash'
[2.252s] INFO:colcon.colcon_core.shell:Creating package script '/home/wenda/powerarm_ws/install/powerarm_urdf/share/powerarm_urdf/package.zsh'
[2.252s] Level 1:colcon.colcon_core.environment:create_file_with_runtime_dependencies(/home/wenda/powerarm_ws/install/powerarm_urdf/share/colcon-core/packages/powerarm_urdf)
[2.252s] INFO:colcon.colcon_ros.task.ament_cmake.build:Building ROS package in '/home/wenda/powerarm_ws/src/powerarm_moveit_config' with build type 'ament_cmake'
[2.252s] INFO:colcon.colcon_cmake.task.cmake.build:Building CMake package in '/home/wenda/powerarm_ws/src/powerarm_moveit_config'
[2.268s] INFO:colcon.colcon_core.shell:Skip shell extension 'powershell' for command environment: Not usable outside of PowerShell
[2.268s] DEBUG:colcon.colcon_core.shell:Skip shell extension 'dsv' for command environment
[2.335s] DEBUG:colcon.colcon_core.event_handler.log_command:Invoking command in '/home/wenda/powerarm_ws/build/moveit_visual_tools': CMAKE_PREFIX_PATH=${CMAKE_PREFIX_PATH}:/opt/ros/humble /usr/bin/cmake --install /home/wenda/powerarm_ws/build/moveit_visual_tools
[2.338s] DEBUG:colcon.colcon_core.event_handler.log_command:Invoking command in '/home/wenda/powerarm_ws/build/powerarm_moveit_config': CMAKE_PREFIX_PATH=/home/wenda/powerarm_ws/install/powerarm_urdf:/home/wenda/powerarm_ws/install/powerarm_moveit_config:/home/wenda/powerarm_ws/install/powerarm:/home/wenda/powerarm_ws/install/moveit_visual_tools:/home/wenda/test_ws/install/elite_ec66_moveit_config:/home/wenda/test_ws/install/elite_description:/opt/ros/humble /usr/bin/cmake --build /home/wenda/powerarm_ws/build/powerarm_moveit_config -- -j16 -l16
[2.346s] Level 1:colcon.colcon_core.environment:create_environment_scripts_only(moveit_visual_tools)
[2.346s] DEBUG:colcon.colcon_core.event_handler.log_command:Invoked command in '/home/wenda/powerarm_ws/build/moveit_visual_tools' returned '0': CMAKE_PREFIX_PATH=${CMAKE_PREFIX_PATH}:/opt/ros/humble /usr/bin/cmake --install /home/wenda/powerarm_ws/build/moveit_visual_tools
[2.362s] Level 1:colcon.colcon_core.environment:checking '/home/wenda/powerarm_ws/install/moveit_visual_tools' for CMake module files
[2.362s] Level 1:colcon.colcon_core.environment:checking '/home/wenda/powerarm_ws/install/moveit_visual_tools' for CMake config files
[2.362s] Level 1:colcon.colcon_core.shell:create_environment_hook('moveit_visual_tools', 'cmake_prefix_path')
[2.379s] INFO:colcon.colcon_core.shell:Creating environment hook '/home/wenda/powerarm_ws/install/moveit_visual_tools/share/moveit_visual_tools/hook/cmake_prefix_path.ps1'
[2.379s] INFO:colcon.colcon_core.shell:Creating environment descriptor '/home/wenda/powerarm_ws/install/moveit_visual_tools/share/moveit_visual_tools/hook/cmake_prefix_path.dsv'
[2.379s] INFO:colcon.colcon_core.shell:Creating environment hook '/home/wenda/powerarm_ws/install/moveit_visual_tools/share/moveit_visual_tools/hook/cmake_prefix_path.sh'
[2.380s] Level 1:colcon.colcon_core.environment:checking '/home/wenda/powerarm_ws/install/moveit_visual_tools/lib'
[2.380s] Level 1:colcon.colcon_core.shell:create_environment_hook('moveit_visual_tools', 'ld_library_path_lib')
[2.396s] INFO:colcon.colcon_core.shell:Creating environment hook '/home/wenda/powerarm_ws/install/moveit_visual_tools/share/moveit_visual_tools/hook/ld_library_path_lib.ps1'
[2.397s] INFO:colcon.colcon_core.shell:Creating environment descriptor '/home/wenda/powerarm_ws/install/moveit_visual_tools/share/moveit_visual_tools/hook/ld_library_path_lib.dsv'
[2.397s] INFO:colcon.colcon_core.shell:Creating environment hook '/home/wenda/powerarm_ws/install/moveit_visual_tools/share/moveit_visual_tools/hook/ld_library_path_lib.sh'
[2.397s] Level 1:colcon.colcon_core.environment:checking '/home/wenda/powerarm_ws/install/moveit_visual_tools/bin'
[2.397s] Level 1:colcon.colcon_core.environment:checking '/home/wenda/powerarm_ws/install/moveit_visual_tools/lib/pkgconfig/moveit_visual_tools.pc'
[2.397s] Level 1:colcon.colcon_core.environment:checking '/home/wenda/powerarm_ws/install/moveit_visual_tools/lib/python3.10/site-packages'
[2.398s] Level 1:colcon.colcon_core.environment:checking '/home/wenda/powerarm_ws/install/moveit_visual_tools/bin'
[2.413s] INFO:colcon.colcon_core.shell:Creating package script '/home/wenda/powerarm_ws/install/moveit_visual_tools/share/moveit_visual_tools/package.ps1'
[2.414s] INFO:colcon.colcon_core.shell:Creating package descriptor '/home/wenda/powerarm_ws/install/moveit_visual_tools/share/moveit_visual_tools/package.dsv'
[2.414s] INFO:colcon.colcon_core.shell:Creating package script '/home/wenda/powerarm_ws/install/moveit_visual_tools/share/moveit_visual_tools/package.sh'
[2.414s] INFO:colcon.colcon_core.shell:Creating package script '/home/wenda/powerarm_ws/install/moveit_visual_tools/share/moveit_visual_tools/package.bash'
[2.415s] INFO:colcon.colcon_core.shell:Creating package script '/home/wenda/powerarm_ws/install/moveit_visual_tools/share/moveit_visual_tools/package.zsh'
[2.415s] Level 1:colcon.colcon_core.environment:create_file_with_runtime_dependencies(/home/wenda/powerarm_ws/install/moveit_visual_tools/share/colcon-core/packages/moveit_visual_tools)
[2.417s] DEBUG:colcon.colcon_core.event_handler.log_command:Invoked command in '/home/wenda/powerarm_ws/build/powerarm_moveit_config' returned '0': CMAKE_PREFIX_PATH=/home/wenda/powerarm_ws/install/powerarm_urdf:/home/wenda/powerarm_ws/install/powerarm_moveit_config:/home/wenda/powerarm_ws/install/powerarm:/home/wenda/powerarm_ws/install/moveit_visual_tools:/home/wenda/test_ws/install/elite_ec66_moveit_config:/home/wenda/test_ws/install/elite_description:/opt/ros/humble /usr/bin/cmake --build /home/wenda/powerarm_ws/build/powerarm_moveit_config -- -j16 -l16
[2.436s] DEBUG:colcon.colcon_core.event_handler.log_command:Invoking command in '/home/wenda/powerarm_ws/build/powerarm_moveit_config': CMAKE_PREFIX_PATH=/home/wenda/powerarm_ws/install/powerarm_urdf:/home/wenda/powerarm_ws/install/powerarm_moveit_config:/home/wenda/powerarm_ws/install/powerarm:/home/wenda/powerarm_ws/install/moveit_visual_tools:/home/wenda/test_ws/install/elite_ec66_moveit_config:/home/wenda/test_ws/install/elite_description:/opt/ros/humble /usr/bin/cmake --install /home/wenda/powerarm_ws/build/powerarm_moveit_config
[2.460s] Level 1:colcon.colcon_core.environment:create_environment_scripts_only(moveit_visual_tools)
[2.476s] Level 1:colcon.colcon_core.environment:checking '/home/wenda/powerarm_ws/install/moveit_visual_tools' for CMake module files
[2.477s] Level 1:colcon.colcon_core.environment:checking '/home/wenda/powerarm_ws/install/moveit_visual_tools' for CMake config files
[2.477s] Level 1:colcon.colcon_core.shell:create_environment_hook('moveit_visual_tools', 'cmake_prefix_path')
[2.492s] INFO:colcon.colcon_core.shell:Creating environment hook '/home/wenda/powerarm_ws/install/moveit_visual_tools/share/moveit_visual_tools/hook/cmake_prefix_path.ps1'
[2.493s] INFO:colcon.colcon_core.shell:Creating environment descriptor '/home/wenda/powerarm_ws/install/moveit_visual_tools/share/moveit_visual_tools/hook/cmake_prefix_path.dsv'
[2.493s] INFO:colcon.colcon_core.shell:Creating environment hook '/home/wenda/powerarm_ws/install/moveit_visual_tools/share/moveit_visual_tools/hook/cmake_prefix_path.sh'
[2.494s] Level 1:colcon.colcon_core.environment:checking '/home/wenda/powerarm_ws/install/moveit_visual_tools/lib'
[2.494s] Level 1:colcon.colcon_core.shell:create_environment_hook('moveit_visual_tools', 'ld_library_path_lib')
[2.509s] INFO:colcon.colcon_core.shell:Creating environment hook '/home/wenda/powerarm_ws/install/moveit_visual_tools/share/moveit_visual_tools/hook/ld_library_path_lib.ps1'
[2.510s] INFO:colcon.colcon_core.shell:Creating environment descriptor '/home/wenda/powerarm_ws/install/moveit_visual_tools/share/moveit_visual_tools/hook/ld_library_path_lib.dsv'
[2.510s] INFO:colcon.colcon_core.shell:Creating environment hook '/home/wenda/powerarm_ws/install/moveit_visual_tools/share/moveit_visual_tools/hook/ld_library_path_lib.sh'
[2.510s] Level 1:colcon.colcon_core.environment:checking '/home/wenda/powerarm_ws/install/moveit_visual_tools/bin'
[2.510s] Level 1:colcon.colcon_core.environment:checking '/home/wenda/powerarm_ws/install/moveit_visual_tools/lib/pkgconfig/moveit_visual_tools.pc'
[2.511s] Level 1:colcon.colcon_core.environment:checking '/home/wenda/powerarm_ws/install/moveit_visual_tools/lib/python3.10/site-packages'
[2.511s] Level 1:colcon.colcon_core.environment:checking '/home/wenda/powerarm_ws/install/moveit_visual_tools/bin'
[2.526s] INFO:colcon.colcon_core.shell:Creating package script '/home/wenda/powerarm_ws/install/moveit_visual_tools/share/moveit_visual_tools/package.ps1'
[2.527s] INFO:colcon.colcon_core.shell:Creating package descriptor '/home/wenda/powerarm_ws/install/moveit_visual_tools/share/moveit_visual_tools/package.dsv'
[2.527s] INFO:colcon.colcon_core.shell:Creating package script '/home/wenda/powerarm_ws/install/moveit_visual_tools/share/moveit_visual_tools/package.sh'
[2.528s] INFO:colcon.colcon_core.shell:Creating package script '/home/wenda/powerarm_ws/install/moveit_visual_tools/share/moveit_visual_tools/package.bash'
[2.528s] INFO:colcon.colcon_core.shell:Creating package script '/home/wenda/powerarm_ws/install/moveit_visual_tools/share/moveit_visual_tools/package.zsh'
[2.528s] Level 1:colcon.colcon_core.environment:create_file_with_runtime_dependencies(/home/wenda/powerarm_ws/install/moveit_visual_tools/share/colcon-core/packages/moveit_visual_tools)
[2.530s] Level 1:colcon.colcon_core.environment:create_environment_scripts_only(powerarm_moveit_config)
[2.530s] DEBUG:colcon.colcon_core.event_handler.log_command:Invoked command in '/home/wenda/powerarm_ws/build/powerarm_moveit_config' returned '0': CMAKE_PREFIX_PATH=/home/wenda/powerarm_ws/install/powerarm_urdf:/home/wenda/powerarm_ws/install/powerarm_moveit_config:/home/wenda/powerarm_ws/install/powerarm:/home/wenda/powerarm_ws/install/moveit_visual_tools:/home/wenda/test_ws/install/elite_ec66_moveit_config:/home/wenda/test_ws/install/elite_description:/opt/ros/humble /usr/bin/cmake --install /home/wenda/powerarm_ws/build/powerarm_moveit_config
[2.545s] Level 1:colcon.colcon_core.environment:checking '/home/wenda/powerarm_ws/install/powerarm_moveit_config' for CMake module files
[2.546s] Level 1:colcon.colcon_core.environment:checking '/home/wenda/powerarm_ws/install/powerarm_moveit_config' for CMake config files
[2.546s] Level 1:colcon.colcon_core.shell:create_environment_hook('powerarm_moveit_config', 'cmake_prefix_path')
[2.562s] INFO:colcon.colcon_core.shell:Creating environment hook '/home/wenda/powerarm_ws/install/powerarm_moveit_config/share/powerarm_moveit_config/hook/cmake_prefix_path.ps1'
[2.562s] INFO:colcon.colcon_core.shell:Creating environment descriptor '/home/wenda/powerarm_ws/install/powerarm_moveit_config/share/powerarm_moveit_config/hook/cmake_prefix_path.dsv'
[2.563s] INFO:colcon.colcon_core.shell:Creating environment hook '/home/wenda/powerarm_ws/install/powerarm_moveit_config/share/powerarm_moveit_config/hook/cmake_prefix_path.sh'
[2.563s] Level 1:colcon.colcon_core.environment:checking '/home/wenda/powerarm_ws/install/powerarm_moveit_config/bin'
[2.564s] Level 1:colcon.colcon_core.environment:checking '/home/wenda/powerarm_ws/install/powerarm_moveit_config/lib/pkgconfig/powerarm_moveit_config.pc'
[2.564s] Level 1:colcon.colcon_core.environment:checking '/home/wenda/powerarm_ws/install/powerarm_moveit_config/lib/python3.10/site-packages'
[2.564s] Level 1:colcon.colcon_core.environment:checking '/home/wenda/powerarm_ws/install/powerarm_moveit_config/bin'
[2.579s] INFO:colcon.colcon_core.shell:Creating package script '/home/wenda/powerarm_ws/install/powerarm_moveit_config/share/powerarm_moveit_config/package.ps1'
[2.580s] INFO:colcon.colcon_core.shell:Creating package descriptor '/home/wenda/powerarm_ws/install/powerarm_moveit_config/share/powerarm_moveit_config/package.dsv'
[2.580s] INFO:colcon.colcon_core.shell:Creating package script '/home/wenda/powerarm_ws/install/powerarm_moveit_config/share/powerarm_moveit_config/package.sh'
[2.581s] INFO:colcon.colcon_core.shell:Creating package script '/home/wenda/powerarm_ws/install/powerarm_moveit_config/share/powerarm_moveit_config/package.bash'
[2.581s] INFO:colcon.colcon_core.shell:Creating package script '/home/wenda/powerarm_ws/install/powerarm_moveit_config/share/powerarm_moveit_config/package.zsh'
[2.581s] Level 1:colcon.colcon_core.environment:create_file_with_runtime_dependencies(/home/wenda/powerarm_ws/install/powerarm_moveit_config/share/colcon-core/packages/powerarm_moveit_config)
[2.616s] Level 1:colcon.colcon_core.environment:create_environment_scripts_only(powerarm_moveit_config)
[2.634s] Level 1:colcon.colcon_core.environment:checking '/home/wenda/powerarm_ws/install/powerarm_moveit_config' for CMake module files
[2.634s] Level 1:colcon.colcon_core.environment:checking '/home/wenda/powerarm_ws/install/powerarm_moveit_config' for CMake config files
[2.635s] Level 1:colcon.colcon_core.shell:create_environment_hook('powerarm_moveit_config', 'cmake_prefix_path')
[2.650s] INFO:colcon.colcon_core.shell:Creating environment hook '/home/wenda/powerarm_ws/install/powerarm_moveit_config/share/powerarm_moveit_config/hook/cmake_prefix_path.ps1'
[2.651s] INFO:colcon.colcon_core.shell:Creating environment descriptor '/home/wenda/powerarm_ws/install/powerarm_moveit_config/share/powerarm_moveit_config/hook/cmake_prefix_path.dsv'
[2.651s] INFO:colcon.colcon_core.shell:Creating environment hook '/home/wenda/powerarm_ws/install/powerarm_moveit_config/share/powerarm_moveit_config/hook/cmake_prefix_path.sh'
[2.651s] Level 1:colcon.colcon_core.environment:checking '/home/wenda/powerarm_ws/install/powerarm_moveit_config/bin'
[2.652s] Level 1:colcon.colcon_core.environment:checking '/home/wenda/powerarm_ws/install/powerarm_moveit_config/lib/pkgconfig/powerarm_moveit_config.pc'
[2.652s] Level 1:colcon.colcon_core.environment:checking '/home/wenda/powerarm_ws/install/powerarm_moveit_config/lib/python3.10/site-packages'
[2.652s] Level 1:colcon.colcon_core.environment:checking '/home/wenda/powerarm_ws/install/powerarm_moveit_config/bin'
[2.669s] INFO:colcon.colcon_core.shell:Creating package script '/home/wenda/powerarm_ws/install/powerarm_moveit_config/share/powerarm_moveit_config/package.ps1'
[2.670s] INFO:colcon.colcon_core.shell:Creating package descriptor '/home/wenda/powerarm_ws/install/powerarm_moveit_config/share/powerarm_moveit_config/package.dsv'
[2.670s] INFO:colcon.colcon_core.shell:Creating package script '/home/wenda/powerarm_ws/install/powerarm_moveit_config/share/powerarm_moveit_config/package.sh'
[2.671s] INFO:colcon.colcon_core.shell:Creating package script '/home/wenda/powerarm_ws/install/powerarm_moveit_config/share/powerarm_moveit_config/package.bash'
[2.671s] INFO:colcon.colcon_core.shell:Creating package script '/home/wenda/powerarm_ws/install/powerarm_moveit_config/share/powerarm_moveit_config/package.zsh'
[2.671s] Level 1:colcon.colcon_core.environment:create_file_with_runtime_dependencies(/home/wenda/powerarm_ws/install/powerarm_moveit_config/share/colcon-core/packages/powerarm_moveit_config)
[10.351s] DEBUG:colcon.colcon_core.event_handler.log_command:Invoked command in '/home/wenda/powerarm_ws/build/powerarm' returned '0': CMAKE_PREFIX_PATH=${CMAKE_PREFIX_PATH}:/opt/ros/humble /usr/bin/cmake --build /home/wenda/powerarm_ws/build/powerarm -- -j16 -l16
[10.375s] DEBUG:colcon.colcon_core.event_handler.log_command:Invoking command in '/home/wenda/powerarm_ws/build/powerarm': CMAKE_PREFIX_PATH=${CMAKE_PREFIX_PATH}:/opt/ros/humble /usr/bin/cmake --install /home/wenda/powerarm_ws/build/powerarm
[10.383s] Level 1:colcon.colcon_core.environment:create_environment_scripts_only(powerarm)
[10.383s] DEBUG:colcon.colcon_core.event_handler.log_command:Invoked command in '/home/wenda/powerarm_ws/build/powerarm' returned '0': CMAKE_PREFIX_PATH=${CMAKE_PREFIX_PATH}:/opt/ros/humble /usr/bin/cmake --install /home/wenda/powerarm_ws/build/powerarm
[10.400s] Level 1:colcon.colcon_core.environment:checking '/home/wenda/powerarm_ws/install/powerarm' for CMake module files
[10.400s] Level 1:colcon.colcon_core.environment:checking '/home/wenda/powerarm_ws/install/powerarm' for CMake config files
[10.400s] Level 1:colcon.colcon_core.shell:create_environment_hook('powerarm', 'cmake_prefix_path')
[10.415s] INFO:colcon.colcon_core.shell:Creating environment hook '/home/wenda/powerarm_ws/install/powerarm/share/powerarm/hook/cmake_prefix_path.ps1'
[10.416s] INFO:colcon.colcon_core.shell:Creating environment descriptor '/home/wenda/powerarm_ws/install/powerarm/share/powerarm/hook/cmake_prefix_path.dsv'
[10.416s] INFO:colcon.colcon_core.shell:Creating environment hook '/home/wenda/powerarm_ws/install/powerarm/share/powerarm/hook/cmake_prefix_path.sh'
[10.416s] Level 1:colcon.colcon_core.environment:checking '/home/wenda/powerarm_ws/install/powerarm/lib'
[10.417s] Level 1:colcon.colcon_core.environment:checking '/home/wenda/powerarm_ws/install/powerarm/bin'
[10.417s] Level 1:colcon.colcon_core.environment:checking '/home/wenda/powerarm_ws/install/powerarm/lib/pkgconfig/powerarm.pc'
[10.417s] Level 1:colcon.colcon_core.environment:checking '/home/wenda/powerarm_ws/install/powerarm/lib/python3.10/site-packages'
[10.417s] Level 1:colcon.colcon_core.environment:checking '/home/wenda/powerarm_ws/install/powerarm/bin'
[10.433s] INFO:colcon.colcon_core.shell:Creating package script '/home/wenda/powerarm_ws/install/powerarm/share/powerarm/package.ps1'
[10.434s] INFO:colcon.colcon_core.shell:Creating package descriptor '/home/wenda/powerarm_ws/install/powerarm/share/powerarm/package.dsv'
[10.434s] INFO:colcon.colcon_core.shell:Creating package script '/home/wenda/powerarm_ws/install/powerarm/share/powerarm/package.sh'
[10.435s] INFO:colcon.colcon_core.shell:Creating package script '/home/wenda/powerarm_ws/install/powerarm/share/powerarm/package.bash'
[10.435s] INFO:colcon.colcon_core.shell:Creating package script '/home/wenda/powerarm_ws/install/powerarm/share/powerarm/package.zsh'
[10.435s] Level 1:colcon.colcon_core.environment:create_file_with_runtime_dependencies(/home/wenda/powerarm_ws/install/powerarm/share/colcon-core/packages/powerarm)
[10.474s] Level 1:colcon.colcon_core.environment:create_environment_scripts_only(powerarm)
[10.494s] Level 1:colcon.colcon_core.environment:checking '/home/wenda/powerarm_ws/install/powerarm' for CMake module files
[10.495s] Level 1:colcon.colcon_core.environment:checking '/home/wenda/powerarm_ws/install/powerarm' for CMake config files
[10.495s] Level 1:colcon.colcon_core.shell:create_environment_hook('powerarm', 'cmake_prefix_path')
[10.513s] INFO:colcon.colcon_core.shell:Creating environment hook '/home/wenda/powerarm_ws/install/powerarm/share/powerarm/hook/cmake_prefix_path.ps1'
[10.513s] INFO:colcon.colcon_core.shell:Creating environment descriptor '/home/wenda/powerarm_ws/install/powerarm/share/powerarm/hook/cmake_prefix_path.dsv'
[10.513s] INFO:colcon.colcon_core.shell:Creating environment hook '/home/wenda/powerarm_ws/install/powerarm/share/powerarm/hook/cmake_prefix_path.sh'
[10.514s] Level 1:colcon.colcon_core.environment:checking '/home/wenda/powerarm_ws/install/powerarm/lib'
[10.514s] Level 1:colcon.colcon_core.environment:checking '/home/wenda/powerarm_ws/install/powerarm/bin'
[10.514s] Level 1:colcon.colcon_core.environment:checking '/home/wenda/powerarm_ws/install/powerarm/lib/pkgconfig/powerarm.pc'
[10.514s] Level 1:colcon.colcon_core.environment:checking '/home/wenda/powerarm_ws/install/powerarm/lib/python3.10/site-packages'
[10.514s] Level 1:colcon.colcon_core.environment:checking '/home/wenda/powerarm_ws/install/powerarm/bin'
[10.530s] INFO:colcon.colcon_core.shell:Creating package script '/home/wenda/powerarm_ws/install/powerarm/share/powerarm/package.ps1'
[10.530s] INFO:colcon.colcon_core.shell:Creating package descriptor '/home/wenda/powerarm_ws/install/powerarm/share/powerarm/package.dsv'
[10.531s] INFO:colcon.colcon_core.shell:Creating package script '/home/wenda/powerarm_ws/install/powerarm/share/powerarm/package.sh'
[10.531s] INFO:colcon.colcon_core.shell:Creating package script '/home/wenda/powerarm_ws/install/powerarm/share/powerarm/package.bash'
[10.531s] INFO:colcon.colcon_core.shell:Creating package script '/home/wenda/powerarm_ws/install/powerarm/share/powerarm/package.zsh'
[10.532s] Level 1:colcon.colcon_core.environment:create_file_with_runtime_dependencies(/home/wenda/powerarm_ws/install/powerarm/share/colcon-core/packages/powerarm)
[10.532s] DEBUG:colcon.colcon_parallel_executor.executor.parallel:closing loop
[10.532s] DEBUG:colcon.colcon_parallel_executor.executor.parallel:loop closed
[10.532s] DEBUG:colcon.colcon_parallel_executor.executor.parallel:run_until_complete finished with '0'
[10.532s] DEBUG:colcon.colcon_core.event_reactor:joining thread
[10.551s] INFO:colcon.colcon_core.plugin_system:Skipping extension 'colcon_notification.desktop_notification.terminal_notifier': Not used on non-Darwin systems
[10.552s] INFO:colcon.colcon_core.plugin_system:Skipping extension 'colcon_notification.desktop_notification.win32': Not used on non-Windows systems
[10.552s] INFO:colcon.colcon_notification.desktop_notification:Sending desktop notification using 'notify2'
[10.564s] DEBUG:colcon.colcon_core.event_reactor:joined thread
[10.579s] INFO:colcon.colcon_core.shell:Creating prefix script '/home/wenda/powerarm_ws/install/local_setup.ps1'
[10.580s] INFO:colcon.colcon_core.shell:Creating prefix util module '/home/wenda/powerarm_ws/install/_local_setup_util_ps1.py'
[10.581s] INFO:colcon.colcon_core.shell:Creating prefix chain script '/home/wenda/powerarm_ws/install/setup.ps1'
[10.601s] INFO:colcon.colcon_core.shell:Creating prefix script '/home/wenda/powerarm_ws/install/local_setup.sh'
[10.602s] INFO:colcon.colcon_core.shell:Creating prefix util module '/home/wenda/powerarm_ws/install/_local_setup_util_sh.py'
[10.602s] INFO:colcon.colcon_core.shell:Creating prefix chain script '/home/wenda/powerarm_ws/install/setup.sh'
[10.624s] INFO:colcon.colcon_core.shell:Creating prefix script '/home/wenda/powerarm_ws/install/local_setup.bash'
[10.625s] INFO:colcon.colcon_core.shell:Creating prefix chain script '/home/wenda/powerarm_ws/install/setup.bash'
[10.640s] INFO:colcon.colcon_core.shell:Creating prefix script '/home/wenda/powerarm_ws/install/local_setup.zsh'
[10.641s] INFO:colcon.colcon_core.shell:Creating prefix chain script '/home/wenda/powerarm_ws/install/setup.zsh'
