[0.075s] Invoking command in '/home/wenda/powerarm_ws/build/powerarm_moveit_config': CMAKE_PREFIX_PATH=/home/wenda/powerarm_ws/install/powerarm_urdf:/home/wenda/powerarm_ws/install/powerarm_moveit_config:/home/wenda/powerarm_ws/install/powerarm:/home/wenda/powerarm_ws/install/moveit_visual_tools:/home/wenda/test_ws/install/elite_ec66_moveit_config:/home/wenda/test_ws/install/elite_description:/opt/ros/humble /usr/bin/cmake --build /home/wenda/powerarm_ws/build/powerarm_moveit_config -- -j16 -l16
[0.144s] Invoked command in '/home/wenda/powerarm_ws/build/powerarm_moveit_config' returned '0': CMAKE_PREFIX_PATH=/home/wenda/powerarm_ws/install/powerarm_urdf:/home/wenda/powerarm_ws/install/powerarm_moveit_config:/home/wenda/powerarm_ws/install/powerarm:/home/wenda/powerarm_ws/install/moveit_visual_tools:/home/wenda/test_ws/install/elite_ec66_moveit_config:/home/wenda/test_ws/install/elite_description:/opt/ros/humble /usr/bin/cmake --build /home/wenda/powerarm_ws/build/powerarm_moveit_config -- -j16 -l16
[0.159s] Invoking command in '/home/wenda/powerarm_ws/build/powerarm_moveit_config': CMAKE_PREFIX_PATH=/home/wenda/powerarm_ws/install/powerarm_urdf:/home/wenda/powerarm_ws/install/powerarm_moveit_config:/home/wenda/powerarm_ws/install/powerarm:/home/wenda/powerarm_ws/install/moveit_visual_tools:/home/wenda/test_ws/install/elite_ec66_moveit_config:/home/wenda/test_ws/install/elite_description:/opt/ros/humble /usr/bin/cmake --install /home/wenda/powerarm_ws/build/powerarm_moveit_config
[0.165s] -- Install configuration: "Release"
[0.165s] -- Up-to-date: /home/wenda/powerarm_ws/install/powerarm_moveit_config/share/ament_index/resource_index/package_run_dependencies/powerarm_moveit_config
[0.165s] -- Up-to-date: /home/wenda/powerarm_ws/install/powerarm_moveit_config/share/ament_index/resource_index/parent_prefix_path/powerarm_moveit_config
[0.166s] -- Up-to-date: /home/wenda/powerarm_ws/install/powerarm_moveit_config/share/powerarm_moveit_config/environment/ament_prefix_path.sh
[0.166s] -- Up-to-date: /home/wenda/powerarm_ws/install/powerarm_moveit_config/share/powerarm_moveit_config/environment/ament_prefix_path.dsv
[0.166s] -- Up-to-date: /home/wenda/powerarm_ws/install/powerarm_moveit_config/share/powerarm_moveit_config/environment/path.sh
[0.166s] -- Up-to-date: /home/wenda/powerarm_ws/install/powerarm_moveit_config/share/powerarm_moveit_config/environment/path.dsv
[0.166s] -- Up-to-date: /home/wenda/powerarm_ws/install/powerarm_moveit_config/share/powerarm_moveit_config/local_setup.bash
[0.166s] -- Up-to-date: /home/wenda/powerarm_ws/install/powerarm_moveit_config/share/powerarm_moveit_config/local_setup.sh
[0.166s] -- Up-to-date: /home/wenda/powerarm_ws/install/powerarm_moveit_config/share/powerarm_moveit_config/local_setup.zsh
[0.166s] -- Up-to-date: /home/wenda/powerarm_ws/install/powerarm_moveit_config/share/powerarm_moveit_config/local_setup.dsv
[0.167s] -- Up-to-date: /home/wenda/powerarm_ws/install/powerarm_moveit_config/share/powerarm_moveit_config/package.dsv
[0.167s] -- Up-to-date: /home/wenda/powerarm_ws/install/powerarm_moveit_config/share/ament_index/resource_index/packages/powerarm_moveit_config
[0.167s] -- Up-to-date: /home/wenda/powerarm_ws/install/powerarm_moveit_config/share/powerarm_moveit_config/cmake/powerarm_moveit_configConfig.cmake
[0.167s] -- Up-to-date: /home/wenda/powerarm_ws/install/powerarm_moveit_config/share/powerarm_moveit_config/cmake/powerarm_moveit_configConfig-version.cmake
[0.167s] -- Installing: /home/wenda/powerarm_ws/install/powerarm_moveit_config/share/powerarm_moveit_config/package.xml
[0.167s] -- Up-to-date: /home/wenda/powerarm_ws/install/powerarm_moveit_config/share/powerarm_moveit_config/launch
[0.167s] -- Installing: /home/wenda/powerarm_ws/install/powerarm_moveit_config/share/powerarm_moveit_config/launch/rsp.launch.py
[0.167s] -- Installing: /home/wenda/powerarm_ws/install/powerarm_moveit_config/share/powerarm_moveit_config/launch/spawn_controllers.launch.py
[0.167s] -- Installing: /home/wenda/powerarm_ws/install/powerarm_moveit_config/share/powerarm_moveit_config/launch/static_virtual_joint_tfs.launch.py
[0.168s] -- Installing: /home/wenda/powerarm_ws/install/powerarm_moveit_config/share/powerarm_moveit_config/launch/warehouse_db.launch.py
[0.168s] -- Installing: /home/wenda/powerarm_ws/install/powerarm_moveit_config/share/powerarm_moveit_config/launch/setup_assistant.launch.py
[0.168s] -- Installing: /home/wenda/powerarm_ws/install/powerarm_moveit_config/share/powerarm_moveit_config/launch/moveit_rviz.launch.py
[0.168s] -- Installing: /home/wenda/powerarm_ws/install/powerarm_moveit_config/share/powerarm_moveit_config/launch/demo.launch.py
[0.168s] -- Installing: /home/wenda/powerarm_ws/install/powerarm_moveit_config/share/powerarm_moveit_config/launch/move_group.launch.py
[0.168s] -- Up-to-date: /home/wenda/powerarm_ws/install/powerarm_moveit_config/share/powerarm_moveit_config/config
[0.168s] -- Installing: /home/wenda/powerarm_ws/install/powerarm_moveit_config/share/powerarm_moveit_config/config/ros2_controllers.yaml
[0.168s] -- Installing: /home/wenda/powerarm_ws/install/powerarm_moveit_config/share/powerarm_moveit_config/config/powerarm_urdf.urdf.xacro
[0.168s] -- Installing: /home/wenda/powerarm_ws/install/powerarm_moveit_config/share/powerarm_moveit_config/config/initial_positions.yaml
[0.168s] -- Installing: /home/wenda/powerarm_ws/install/powerarm_moveit_config/share/powerarm_moveit_config/config/powerarm_urdf.srdf
[0.169s] -- Installing: /home/wenda/powerarm_ws/install/powerarm_moveit_config/share/powerarm_moveit_config/config/kinematics.yaml
[0.169s] -- Installing: /home/wenda/powerarm_ws/install/powerarm_moveit_config/share/powerarm_moveit_config/config/pilz_cartesian_limits.yaml
[0.169s] -- Installing: /home/wenda/powerarm_ws/install/powerarm_moveit_config/share/powerarm_moveit_config/config/moveit_controllers.yaml
[0.169s] -- Installing: /home/wenda/powerarm_ws/install/powerarm_moveit_config/share/powerarm_moveit_config/config/joint_limits.yaml
[0.169s] -- Installing: /home/wenda/powerarm_ws/install/powerarm_moveit_config/share/powerarm_moveit_config/config/sensors_3d.yaml
[0.169s] -- Installing: /home/wenda/powerarm_ws/install/powerarm_moveit_config/share/powerarm_moveit_config/config/moveit.rviz
[0.169s] -- Installing: /home/wenda/powerarm_ws/install/powerarm_moveit_config/share/powerarm_moveit_config/config/powerarm_urdf.ros2_control.xacro
[0.169s] -- Installing: /home/wenda/powerarm_ws/install/powerarm_moveit_config/share/powerarm_moveit_config/.setup_assistant
[0.319s] Invoked command in '/home/wenda/powerarm_ws/build/powerarm_moveit_config' returned '0': CMAKE_PREFIX_PATH=/home/wenda/powerarm_ws/install/powerarm_urdf:/home/wenda/powerarm_ws/install/powerarm_moveit_config:/home/wenda/powerarm_ws/install/powerarm:/home/wenda/powerarm_ws/install/moveit_visual_tools:/home/wenda/test_ws/install/elite_ec66_moveit_config:/home/wenda/test_ws/install/elite_description:/opt/ros/humble /usr/bin/cmake --install /home/wenda/powerarm_ws/build/powerarm_moveit_config
