[0.080s] Invoking command in '/home/wenda/powerarm_ws/build/powerarm_urdf': CMAKE_PREFIX_PATH=${CMAKE_PREFIX_PATH}:/opt/ros/humble /usr/bin/cmake --build /home/wenda/powerarm_ws/build/powerarm_urdf -- -j16 -l16
[0.097s] -- Found ament_cmake: 1.3.6 (/opt/ros/humble/share/ament_cmake/cmake)
[0.218s] -- Found ament_lint_auto: 0.12.9 (/opt/ros/humble/share/ament_lint_auto/cmake)
[0.279s] -- Added test 'lint_cmake' to check CMake code style
[0.280s] -- Added test 'xmllint' to check XML markup files
[0.281s] -- Configuring done
[0.284s] -- Generating done
[0.285s] -- Build files have been written to: /home/wenda/powerarm_ws/build/powerarm_urdf
[0.301s] Invoked command in '/home/wenda/powerarm_ws/build/powerarm_urdf' returned '0': CMAKE_PREFIX_PATH=${CMAKE_PREFIX_PATH}:/opt/ros/humble /usr/bin/cmake --build /home/wenda/powerarm_ws/build/powerarm_urdf -- -j16 -l16
[0.323s] Invoking command in '/home/wenda/powerarm_ws/build/powerarm_urdf': CMAKE_PREFIX_PATH=${CMAKE_PREFIX_PATH}:/opt/ros/humble /usr/bin/cmake --install /home/wenda/powerarm_ws/build/powerarm_urdf
[0.329s] -- Install configuration: "Release"
[0.329s] -- Up-to-date: /home/wenda/powerarm_ws/install/powerarm_urdf/share/powerarm_urdf/config
[0.329s] -- Up-to-date: /home/wenda/powerarm_ws/install/powerarm_urdf/share/powerarm_urdf/config/joint_names_powerarm_urdf.yaml
[0.329s] -- Up-to-date: /home/wenda/powerarm_ws/install/powerarm_urdf/share/powerarm_urdf/meshes
[0.330s] -- Up-to-date: /home/wenda/powerarm_ws/install/powerarm_urdf/share/powerarm_urdf/meshes/shoulder_link_1.STL
[0.330s] -- Up-to-date: /home/wenda/powerarm_ws/install/powerarm_urdf/share/powerarm_urdf/meshes/ee_link.STL
[0.330s] -- Up-to-date: /home/wenda/powerarm_ws/install/powerarm_urdf/share/powerarm_urdf/meshes/shoulder_link_3.STL
[0.330s] -- Up-to-date: /home/wenda/powerarm_ws/install/powerarm_urdf/share/powerarm_urdf/meshes/shoulder_link_2.STL
[0.330s] -- Up-to-date: /home/wenda/powerarm_ws/install/powerarm_urdf/share/powerarm_urdf/meshes/elbow_link.STL
[0.330s] -- Up-to-date: /home/wenda/powerarm_ws/install/powerarm_urdf/share/powerarm_urdf/meshes/base_link.STL
[0.330s] -- Up-to-date: /home/wenda/powerarm_ws/install/powerarm_urdf/share/powerarm_urdf/urdf
[0.330s] -- Up-to-date: /home/wenda/powerarm_ws/install/powerarm_urdf/share/powerarm_urdf/urdf/powerarm_urdf.csv
[0.331s] -- Up-to-date: /home/wenda/powerarm_ws/install/powerarm_urdf/share/powerarm_urdf/urdf/powerarm_urdf.urdf
[0.331s] -- Up-to-date: /home/wenda/powerarm_ws/install/powerarm_urdf/share/ament_index/resource_index/package_run_dependencies/powerarm_urdf
[0.331s] -- Up-to-date: /home/wenda/powerarm_ws/install/powerarm_urdf/share/ament_index/resource_index/parent_prefix_path/powerarm_urdf
[0.332s] -- Installing: /home/wenda/powerarm_ws/install/powerarm_urdf/share/powerarm_urdf/environment/ament_prefix_path.sh
[0.332s] -- Installing: /home/wenda/powerarm_ws/install/powerarm_urdf/share/powerarm_urdf/environment/ament_prefix_path.dsv
[0.332s] -- Installing: /home/wenda/powerarm_ws/install/powerarm_urdf/share/powerarm_urdf/environment/path.sh
[0.332s] -- Installing: /home/wenda/powerarm_ws/install/powerarm_urdf/share/powerarm_urdf/environment/path.dsv
[0.333s] -- Up-to-date: /home/wenda/powerarm_ws/install/powerarm_urdf/share/powerarm_urdf/local_setup.bash
[0.333s] -- Up-to-date: /home/wenda/powerarm_ws/install/powerarm_urdf/share/powerarm_urdf/local_setup.sh
[0.333s] -- Up-to-date: /home/wenda/powerarm_ws/install/powerarm_urdf/share/powerarm_urdf/local_setup.zsh
[0.333s] -- Installing: /home/wenda/powerarm_ws/install/powerarm_urdf/share/powerarm_urdf/local_setup.dsv
[0.334s] -- Installing: /home/wenda/powerarm_ws/install/powerarm_urdf/share/powerarm_urdf/package.dsv
[0.334s] -- Up-to-date: /home/wenda/powerarm_ws/install/powerarm_urdf/share/ament_index/resource_index/packages/powerarm_urdf
[0.334s] -- Up-to-date: /home/wenda/powerarm_ws/install/powerarm_urdf/share/powerarm_urdf/cmake/powerarm_urdfConfig.cmake
[0.334s] -- Up-to-date: /home/wenda/powerarm_ws/install/powerarm_urdf/share/powerarm_urdf/cmake/powerarm_urdfConfig-version.cmake
[0.335s] -- Up-to-date: /home/wenda/powerarm_ws/install/powerarm_urdf/share/powerarm_urdf/package.xml
[0.335s] Invoked command in '/home/wenda/powerarm_ws/build/powerarm_urdf' returned '0': CMAKE_PREFIX_PATH=${CMAKE_PREFIX_PATH}:/opt/ros/humble /usr/bin/cmake --install /home/wenda/powerarm_ws/build/powerarm_urdf
