[0.163s] Invoking command in '/home/wenda/powerarm_ws/build/moveit_visual_tools': CMAKE_PREFIX_PATH=${CMAKE_PREFIX_PATH}:/opt/ros/humble /usr/bin/cmake /home/wenda/powerarm_ws/src/moveit_visual_tools-ros2 -DCMAKE_INSTALL_PREFIX=/home/wenda/powerarm_ws/install/moveit_visual_tools
[0.174s] -- Found moveit_common: 2.5.5 (/opt/ros/humble/share/moveit_common/cmake)
[0.174s] -- Found ament_cmake: 1.3.5 (/opt/ros/humble/share/ament_cmake/cmake)
[0.387s] -- Could NOT find libbfd (missing: LIBBFD_LIBRARY LIBBFD_INCLUDE_DIR) 
[0.387s] -- BACKWARD_HAS_UNWIND=1
[0.387s] -- BACKWARD_HAS_BACKTRACE=0
[0.387s] -- BACKWARD_HAS_BACKTRACE_SYMBOL=0
[0.387s] -- BACKWARD_HAS_DW=1
[0.387s] -- BACKWARD_HAS_BFD=0
[0.388s] -- Found Backward: /opt/ros/humble/share/backward_ros/cmake  
[0.392s] -- Found Boost: /usr/lib/x86_64-linux-gnu/cmake/Boost-1.74.0/BoostConfig.cmake (found version "1.74.0") found components: system 
[0.394s] -- Found geometry_msgs: 4.2.3 (/opt/ros/humble/share/geometry_msgs/cmake)
[0.415s] -- Found rosidl_generator_c: 3.1.5 (/opt/ros/humble/share/rosidl_generator_c/cmake)
[0.418s] -- Found rosidl_adapter: 3.1.5 (/opt/ros/humble/share/rosidl_adapter/cmake)
[0.424s] -- Found rosidl_generator_cpp: 3.1.5 (/opt/ros/humble/share/rosidl_generator_cpp/cmake)
[0.435s] -- Using all available rosidl_typesupport_c: rosidl_typesupport_fastrtps_c;rosidl_typesupport_introspection_c
[0.453s] -- Using all available rosidl_typesupport_cpp: rosidl_typesupport_fastrtps_cpp;rosidl_typesupport_introspection_cpp
[0.579s] -- Found graph_msgs: 0.2.0 (/opt/ros/humble/share/graph_msgs/cmake)
[0.672s] -- Found moveit_core: 2.5.5 (/opt/ros/humble/share/moveit_core/cmake)
[0.685s] -- Found Boost: /usr/lib/x86_64-linux-gnu/cmake/Boost-1.74.0/BoostConfig.cmake (found version "1.74.0") found components: chrono date_time filesystem iostreams program_options regex serialization system thread 
[0.693s] -- Found parameter_traits: 0.3.6 (/opt/ros/humble/share/parameter_traits/cmake)
[0.747s] -- Found rmw_implementation_cmake: 6.1.1 (/opt/ros/humble/share/rmw_implementation_cmake/cmake)
[0.748s] -- Found rmw_fastrtps_cpp: 6.2.4 (/opt/ros/humble/share/rmw_fastrtps_cpp/cmake)
[0.862s] -- Using RMW implementation 'rmw_fastrtps_cpp' as default
[1.023s] -- Found rclcpp_lifecycle: 16.0.6 (/opt/ros/humble/share/rclcpp_lifecycle/cmake)
[1.072s] -- Found Boost: /usr/lib/x86_64-linux-gnu/cmake/Boost-1.74.0/BoostConfig.cmake (found version "1.74.0") found components: filesystem 
[1.105s] -- library: /usr/lib/x86_64-linux-gnu/libcurl.so
[1.456s] -- Ensuring Eigen3 include directory is part of orocos-kdl CMake target
[2.681s] -- Found moveit_ros_planning: 2.5.5 (/opt/ros/humble/share/moveit_ros_planning/cmake)
[2.687s] -- Found Boost: /usr/lib/x86_64-linux-gnu/cmake/Boost-1.74.0/BoostConfig.cmake (found version "1.74.0") found components: system filesystem date_time program_options thread chrono 
[3.188s] -- Found rviz_visual_tools: 4.1.4 (/opt/ros/humble/share/rviz_visual_tools/cmake)
[3.309s] -- Setting OGRE_DIR to: '/opt/ros/humble/share/rviz_ogre_vendor/cmake/../../../opt/rviz_ogre_vendor/lib/OGRE/cmake'
[3.310s] -- Found OGRE
[3.310s] --   static     : OFF
[3.310s] --   components : HLMS;MeshLodGenerator;Overlay;Paging;Property;RTShaderSystem;Terrain;Volume
[3.310s] --   plugins    : Plugin_BSPSceneManager;Plugin_OctreeSceneManager;Plugin_PCZSceneManager;Plugin_ParticleFX;RenderSystem_GL;RenderSystem_GL3Plus;Codec_STBI
[3.310s] --   media      : /opt/ros/humble/opt/rviz_ogre_vendor/share/OGRE/Media
[3.311s] -- OGRE_LIBRARIES: OgreHLMS;OgreMeshLodGenerator;OgreOverlay;OgrePaging;OgreProperty;OgreRTShaderSystem;OgreTerrain;OgreVolume;OgreMain
[3.311s] -- OGRE_LIBRARY_DIRS: /opt/ros/humble/opt/rviz_ogre_vendor/lib
[3.311s] -- OGRE_PLUGINS: Plugin_BSPSceneManager;Plugin_OctreeSceneManager;Plugin_PCZSceneManager;Plugin_ParticleFX;RenderSystem_GL;RenderSystem_GL3Plus;Codec_STBI
[3.311s] -- OGRE_PLUGIN_DIR: /opt/ros/humble/opt/rviz_ogre_vendor/lib/OGRE
[3.311s] -- rviz_ogre_vendor::OgreOverlay for IMPORTED_LOCATION_RELEASE: /opt/ros/humble/opt/rviz_ogre_vendor/lib/libOgreOverlay.so
[3.311s] -- rviz_ogre_vendor::OgreOverlay for IMPORTED_LOCATION_DEBUG: /opt/ros/humble/opt/rviz_ogre_vendor/lib/libOgreOverlay.so
[3.311s] -- rviz_ogre_vendor::OgreMain for IMPORTED_LOCATION_RELEASE: /opt/ros/humble/opt/rviz_ogre_vendor/lib/libOgreMain.so
[3.311s] -- rviz_ogre_vendor::OgreMain for IMPORTED_LOCATION_DEBUG: /opt/ros/humble/opt/rviz_ogre_vendor/lib/libOgreMain.so
[3.351s] -- rviz_ogre_vendor::RenderSystem_GL for IMPORTED_LOCATION_RELEASE: _render_system_gl_static_library_abs-NOTFOUND
[3.351s] -- rviz_ogre_vendor::RenderSystem_GL for IMPORTED_LOCATION_DEBUG: _render_system_gl_static_library_abs-NOTFOUND
[4.037s] -- Found ament_lint_auto: 0.12.8 (/opt/ros/humble/share/ament_lint_auto/cmake)
[4.043s] -- Added test 'copyright' to check source files copyright and LICENSE
[4.044s] -- Added test 'flake8' to check Python code syntax and style conventions
[4.044s] -- Added test 'lint_cmake' to check CMake code style
[4.044s] -- Added test 'pep257' to check Python code against some of the docstring style conventions in PEP 257
[4.045s] -- Added test 'xmllint' to check XML markup files
[4.046s] -- Configuring done
[4.096s] -- Generating done
[4.098s] -- Build files have been written to: /home/wenda/powerarm_ws/build/moveit_visual_tools
[4.109s] Invoked command in '/home/wenda/powerarm_ws/build/moveit_visual_tools' returned '0': CMAKE_PREFIX_PATH=${CMAKE_PREFIX_PATH}:/opt/ros/humble /usr/bin/cmake /home/wenda/powerarm_ws/src/moveit_visual_tools-ros2 -DCMAKE_INSTALL_PREFIX=/home/wenda/powerarm_ws/install/moveit_visual_tools
[4.110s] Invoking command in '/home/wenda/powerarm_ws/build/moveit_visual_tools': CMAKE_PREFIX_PATH=${CMAKE_PREFIX_PATH}:/opt/ros/humble /usr/bin/cmake --build /home/wenda/powerarm_ws/build/moveit_visual_tools -- -j16 -l16
[4.154s] [35m[1mConsolidate compiler generated dependencies of target moveit_visual_tools[0m
[4.189s] [ 66%] Built target moveit_visual_tools
[4.200s] [35m[1mConsolidate compiler generated dependencies of target moveit_visual_tools_demo[0m
[4.229s] [100%] Built target moveit_visual_tools_demo
[4.238s] Invoked command in '/home/wenda/powerarm_ws/build/moveit_visual_tools' returned '0': CMAKE_PREFIX_PATH=${CMAKE_PREFIX_PATH}:/opt/ros/humble /usr/bin/cmake --build /home/wenda/powerarm_ws/build/moveit_visual_tools -- -j16 -l16
[4.265s] Invoking command in '/home/wenda/powerarm_ws/build/moveit_visual_tools': CMAKE_PREFIX_PATH=${CMAKE_PREFIX_PATH}:/opt/ros/humble /usr/bin/cmake --install /home/wenda/powerarm_ws/build/moveit_visual_tools
[4.272s] -- Install configuration: "Release"
[4.272s] -- Up-to-date: /home/wenda/powerarm_ws/install/moveit_visual_tools/share/moveit_visual_tools/environment/library_path.sh
[4.272s] -- Installing: /home/wenda/powerarm_ws/install/moveit_visual_tools/share/moveit_visual_tools/environment/library_path.dsv
[4.272s] -- Up-to-date: /home/wenda/powerarm_ws/install/moveit_visual_tools/lib/libmoveit_visual_tools.so
[4.272s] -- Up-to-date: /home/wenda/powerarm_ws/install/moveit_visual_tools/lib/moveit_visual_tools/moveit_visual_tools_demo
[4.272s] -- Up-to-date: /home/wenda/powerarm_ws/install/moveit_visual_tools/include
[4.272s] -- Up-to-date: /home/wenda/powerarm_ws/install/moveit_visual_tools/include/moveit_visual_tools
[4.272s] -- Up-to-date: /home/wenda/powerarm_ws/install/moveit_visual_tools/include/moveit_visual_tools/imarker_robot_state.h
[4.273s] -- Up-to-date: /home/wenda/powerarm_ws/install/moveit_visual_tools/include/moveit_visual_tools/moveit_visual_tools.h
[4.273s] -- Up-to-date: /home/wenda/powerarm_ws/install/moveit_visual_tools/include/moveit_visual_tools/imarker_end_effector.h
[4.273s] -- Up-to-date: /home/wenda/powerarm_ws/install/moveit_visual_tools/share/moveit_visual_tools/launch
[4.273s] -- Up-to-date: /home/wenda/powerarm_ws/install/moveit_visual_tools/share/moveit_visual_tools/launch/demo.rviz
[4.273s] -- Up-to-date: /home/wenda/powerarm_ws/install/moveit_visual_tools/share/moveit_visual_tools/launch/demo_rviz.launch.py
[4.273s] -- Up-to-date: /home/wenda/powerarm_ws/install/moveit_visual_tools/share/moveit_visual_tools/resources
[4.273s] -- Up-to-date: /home/wenda/powerarm_ws/install/moveit_visual_tools/share/moveit_visual_tools/resources/rrbot.srdf
[4.273s] -- Up-to-date: /home/wenda/powerarm_ws/install/moveit_visual_tools/share/moveit_visual_tools/resources/demo.png
[4.273s] -- Up-to-date: /home/wenda/powerarm_ws/install/moveit_visual_tools/share/moveit_visual_tools/resources/rrbot.urdf
[4.273s] -- Up-to-date: /home/wenda/powerarm_ws/install/moveit_visual_tools/share/moveit_visual_tools/resources/screenshot.png
[4.273s] -- Up-to-date: /home/wenda/powerarm_ws/install/moveit_visual_tools/share/moveit_visual_tools/resources/demo_mesh.stl
[4.273s] -- Up-to-date: /home/wenda/powerarm_ws/install/moveit_visual_tools/share/ament_index/resource_index/package_run_dependencies/moveit_visual_tools
[4.273s] -- Installing: /home/wenda/powerarm_ws/install/moveit_visual_tools/share/ament_index/resource_index/parent_prefix_path/moveit_visual_tools
[4.273s] -- Up-to-date: /home/wenda/powerarm_ws/install/moveit_visual_tools/share/moveit_visual_tools/environment/ament_prefix_path.sh
[4.273s] -- Installing: /home/wenda/powerarm_ws/install/moveit_visual_tools/share/moveit_visual_tools/environment/ament_prefix_path.dsv
[4.274s] -- Up-to-date: /home/wenda/powerarm_ws/install/moveit_visual_tools/share/moveit_visual_tools/environment/path.sh
[4.274s] -- Installing: /home/wenda/powerarm_ws/install/moveit_visual_tools/share/moveit_visual_tools/environment/path.dsv
[4.274s] -- Up-to-date: /home/wenda/powerarm_ws/install/moveit_visual_tools/share/moveit_visual_tools/local_setup.bash
[4.274s] -- Up-to-date: /home/wenda/powerarm_ws/install/moveit_visual_tools/share/moveit_visual_tools/local_setup.sh
[4.274s] -- Up-to-date: /home/wenda/powerarm_ws/install/moveit_visual_tools/share/moveit_visual_tools/local_setup.zsh
[4.274s] -- Installing: /home/wenda/powerarm_ws/install/moveit_visual_tools/share/moveit_visual_tools/local_setup.dsv
[4.274s] -- Installing: /home/wenda/powerarm_ws/install/moveit_visual_tools/share/moveit_visual_tools/package.dsv
[4.274s] -- Up-to-date: /home/wenda/powerarm_ws/install/moveit_visual_tools/share/ament_index/resource_index/packages/moveit_visual_tools
[4.274s] -- Up-to-date: /home/wenda/powerarm_ws/install/moveit_visual_tools/share/moveit_visual_tools/cmake/export_moveit_visual_toolsExport.cmake
[4.274s] -- Up-to-date: /home/wenda/powerarm_ws/install/moveit_visual_tools/share/moveit_visual_tools/cmake/export_moveit_visual_toolsExport-release.cmake
[4.274s] -- Up-to-date: /home/wenda/powerarm_ws/install/moveit_visual_tools/share/moveit_visual_tools/cmake/ament_cmake_export_targets-extras.cmake
[4.274s] -- Up-to-date: /home/wenda/powerarm_ws/install/moveit_visual_tools/share/moveit_visual_tools/cmake/ament_cmake_export_dependencies-extras.cmake
[4.274s] -- Up-to-date: /home/wenda/powerarm_ws/install/moveit_visual_tools/share/moveit_visual_tools/cmake/moveit_visual_toolsConfig.cmake
[4.274s] -- Up-to-date: /home/wenda/powerarm_ws/install/moveit_visual_tools/share/moveit_visual_tools/cmake/moveit_visual_toolsConfig-version.cmake
[4.274s] -- Up-to-date: /home/wenda/powerarm_ws/install/moveit_visual_tools/share/moveit_visual_tools/package.xml
[4.275s] Invoked command in '/home/wenda/powerarm_ws/build/moveit_visual_tools' returned '0': CMAKE_PREFIX_PATH=${CMAKE_PREFIX_PATH}:/opt/ros/humble /usr/bin/cmake --install /home/wenda/powerarm_ws/build/moveit_visual_tools
