[0.159s] Invoking command in '/home/wenda/powerarm_ws/build/powerarm': CMAKE_PREFIX_PATH=${CMAKE_PREFIX_PATH}:/opt/ros/humble /usr/bin/cmake /home/wenda/powerarm_ws/src/powerarm -DCMAKE_INSTALL_PREFIX=/home/wenda/powerarm_ws/install/powerarm
[0.188s] -- Found ament_cmake: 1.3.5 (/opt/ros/humble/share/ament_cmake/cmake)
[0.324s] -- Found moveit_ros_planning_interface: 2.5.5 (/opt/ros/humble/share/moveit_ros_planning_interface/cmake)
[0.340s] -- Found Boost: /usr/lib/x86_64-linux-gnu/cmake/Boost-1.74.0/BoostConfig.cmake (found version "1.74.0") found components: date_time filesystem program_options system thread 
[0.375s] -- Found rosidl_generator_c: 3.1.5 (/opt/ros/humble/share/rosidl_generator_c/cmake)
[0.378s] -- Found rosidl_adapter: 3.1.5 (/opt/ros/humble/share/rosidl_adapter/cmake)
[0.386s] -- Found rosidl_generator_cpp: 3.1.5 (/opt/ros/humble/share/rosidl_generator_cpp/cmake)
[0.400s] -- Using all available rosidl_typesupport_c: rosidl_typesupport_fastrtps_c;rosidl_typesupport_introspection_c
[0.418s] -- Using all available rosidl_typesupport_cpp: rosidl_typesupport_fastrtps_cpp;rosidl_typesupport_introspection_cpp
[1.419s] -- Found Boost: /usr/lib/x86_64-linux-gnu/cmake/Boost-1.74.0/BoostConfig.cmake (found version "1.74.0") found components: chrono date_time filesystem iostreams program_options regex serialization system thread 
[1.429s] -- Found parameter_traits: 0.3.6 (/opt/ros/humble/share/parameter_traits/cmake)
[1.488s] -- Found rmw_implementation_cmake: 6.1.1 (/opt/ros/humble/share/rmw_implementation_cmake/cmake)
[1.490s] -- Found rmw_fastrtps_cpp: 6.2.4 (/opt/ros/humble/share/rmw_fastrtps_cpp/cmake)
[1.600s] -- Using RMW implementation 'rmw_fastrtps_cpp' as default
[1.761s] -- Found rclcpp_lifecycle: 16.0.6 (/opt/ros/humble/share/rclcpp_lifecycle/cmake)
[1.809s] -- Found Boost: /usr/lib/x86_64-linux-gnu/cmake/Boost-1.74.0/BoostConfig.cmake (found version "1.74.0") found components: filesystem 
[1.844s] -- library: /usr/lib/x86_64-linux-gnu/libcurl.so
[2.024s] -- Ensuring Eigen3 include directory is part of orocos-kdl CMake target
[2.616s] -- Found Boost: /usr/lib/x86_64-linux-gnu/cmake/Boost-1.74.0/BoostConfig.cmake (found version "1.74.0") found components: system filesystem date_time program_options thread chrono 
[3.260s] -- Found Boost: /usr/lib/x86_64-linux-gnu/cmake/Boost-1.74.0/BoostConfig.cmake (found version "1.74.0") found components: thread system filesystem regex date_time program_options 
[3.562s] -- Found Boost: /usr/lib/x86_64-linux-gnu/cmake/Boost-1.74.0/BoostConfig.cmake (found version "1.74.0") found components: system filesystem date_time program_options thread 
[4.060s] -- Found ament_lint_auto: 0.12.8 (/opt/ros/humble/share/ament_lint_auto/cmake)
[4.119s] -- Added test 'cppcheck' to perform static code analysis on C / C++ code
[4.119s] -- Configured cppcheck include dirs: $<BUILD_INTERFACE:/home/wenda/powerarm_ws/src/powerarm/include>
[4.119s] -- Configured cppcheck exclude dirs and/or files: 
[4.119s] -- Added test 'lint_cmake' to check CMake code style
[4.120s] -- Added test 'uncrustify' to check C / C++ code style
[4.120s] -- Configured uncrustify additional arguments: 
[4.120s] -- Added test 'xmllint' to check XML markup files
[4.121s] -- Configuring done
[4.148s] -- Generating done
[4.150s] -- Build files have been written to: /home/wenda/powerarm_ws/build/powerarm
[4.159s] Invoked command in '/home/wenda/powerarm_ws/build/powerarm' returned '0': CMAKE_PREFIX_PATH=${CMAKE_PREFIX_PATH}:/opt/ros/humble /usr/bin/cmake /home/wenda/powerarm_ws/src/powerarm -DCMAKE_INSTALL_PREFIX=/home/wenda/powerarm_ws/install/powerarm
[4.160s] Invoking command in '/home/wenda/powerarm_ws/build/powerarm': CMAKE_PREFIX_PATH=${CMAKE_PREFIX_PATH}:/opt/ros/humble /usr/bin/cmake --build /home/wenda/powerarm_ws/build/powerarm -- -j16 -l16
[4.192s] [35m[1mConsolidate compiler generated dependencies of target powerarm_state[0m
[4.246s] [100%] Built target powerarm_state
[4.255s] Invoked command in '/home/wenda/powerarm_ws/build/powerarm' returned '0': CMAKE_PREFIX_PATH=${CMAKE_PREFIX_PATH}:/opt/ros/humble /usr/bin/cmake --build /home/wenda/powerarm_ws/build/powerarm -- -j16 -l16
[4.273s] Invoking command in '/home/wenda/powerarm_ws/build/powerarm': CMAKE_PREFIX_PATH=${CMAKE_PREFIX_PATH}:/opt/ros/humble /usr/bin/cmake --install /home/wenda/powerarm_ws/build/powerarm
[4.279s] -- Install configuration: "Debug"
[4.279s] -- Up-to-date: /home/wenda/powerarm_ws/install/powerarm/lib/powerarm/powerarm_state
[4.279s] -- Up-to-date: /home/wenda/powerarm_ws/install/powerarm/share/ament_index/resource_index/package_run_dependencies/powerarm
[4.279s] -- Up-to-date: /home/wenda/powerarm_ws/install/powerarm/share/ament_index/resource_index/parent_prefix_path/powerarm
[4.279s] -- Up-to-date: /home/wenda/powerarm_ws/install/powerarm/share/powerarm/environment/ament_prefix_path.sh
[4.279s] -- Installing: /home/wenda/powerarm_ws/install/powerarm/share/powerarm/environment/ament_prefix_path.dsv
[4.279s] -- Up-to-date: /home/wenda/powerarm_ws/install/powerarm/share/powerarm/environment/path.sh
[4.279s] -- Installing: /home/wenda/powerarm_ws/install/powerarm/share/powerarm/environment/path.dsv
[4.279s] -- Up-to-date: /home/wenda/powerarm_ws/install/powerarm/share/powerarm/local_setup.bash
[4.280s] -- Up-to-date: /home/wenda/powerarm_ws/install/powerarm/share/powerarm/local_setup.sh
[4.280s] -- Up-to-date: /home/wenda/powerarm_ws/install/powerarm/share/powerarm/local_setup.zsh
[4.280s] -- Installing: /home/wenda/powerarm_ws/install/powerarm/share/powerarm/local_setup.dsv
[4.280s] -- Installing: /home/wenda/powerarm_ws/install/powerarm/share/powerarm/package.dsv
[4.280s] -- Up-to-date: /home/wenda/powerarm_ws/install/powerarm/share/ament_index/resource_index/packages/powerarm
[4.280s] -- Up-to-date: /home/wenda/powerarm_ws/install/powerarm/share/powerarm/cmake/powerarmConfig.cmake
[4.280s] -- Up-to-date: /home/wenda/powerarm_ws/install/powerarm/share/powerarm/cmake/powerarmConfig-version.cmake
[4.280s] -- Up-to-date: /home/wenda/powerarm_ws/install/powerarm/share/powerarm/package.xml
[4.281s] Invoked command in '/home/wenda/powerarm_ws/build/powerarm' returned '0': CMAKE_PREFIX_PATH=${CMAKE_PREFIX_PATH}:/opt/ros/humble /usr/bin/cmake --install /home/wenda/powerarm_ws/build/powerarm
