[0.228s] Invoking command in '/home/wenda/powerarm_ws/build/powerarm_urdf': CMAKE_PREFIX_PATH=${CMAKE_PREFIX_PATH}:/opt/ros/humble /usr/bin/cmake --build /home/wenda/powerarm_ws/build/powerarm_urdf -- -j16 -l16
[0.256s] Invoked command in '/home/wenda/powerarm_ws/build/powerarm_urdf' returned '0': CMAKE_PREFIX_PATH=${CMAKE_PREFIX_PATH}:/opt/ros/humble /usr/bin/cmake --build /home/wenda/powerarm_ws/build/powerarm_urdf -- -j16 -l16
[0.278s] Invoking command in '/home/wenda/powerarm_ws/build/powerarm_urdf': CMAKE_PREFIX_PATH=${CMAKE_PREFIX_PATH}:/opt/ros/humble /usr/bin/cmake --install /home/wenda/powerarm_ws/build/powerarm_urdf
[0.283s] -- Install configuration: "Release"
[0.283s] -- Up-to-date: /home/wenda/powerarm_ws/install/powerarm_urdf/share/powerarm_urdf/config
[0.283s] -- Up-to-date: /home/wenda/powerarm_ws/install/powerarm_urdf/share/powerarm_urdf/config/joint_names_powerarm_urdf.yaml
[0.283s] -- Up-to-date: /home/wenda/powerarm_ws/install/powerarm_urdf/share/powerarm_urdf/meshes
[0.284s] -- Up-to-date: /home/wenda/powerarm_ws/install/powerarm_urdf/share/powerarm_urdf/meshes/shoulder_link_1.STL
[0.284s] -- Up-to-date: /home/wenda/powerarm_ws/install/powerarm_urdf/share/powerarm_urdf/meshes/ee_link.STL
[0.284s] -- Up-to-date: /home/wenda/powerarm_ws/install/powerarm_urdf/share/powerarm_urdf/meshes/shoulder_link_3.STL
[0.284s] -- Up-to-date: /home/wenda/powerarm_ws/install/powerarm_urdf/share/powerarm_urdf/meshes/shoulder_link_2.STL
[0.284s] -- Up-to-date: /home/wenda/powerarm_ws/install/powerarm_urdf/share/powerarm_urdf/meshes/elbow_link.STL
[0.284s] -- Up-to-date: /home/wenda/powerarm_ws/install/powerarm_urdf/share/powerarm_urdf/meshes/base_link.STL
[0.284s] -- Up-to-date: /home/wenda/powerarm_ws/install/powerarm_urdf/share/powerarm_urdf/urdf
[0.284s] -- Up-to-date: /home/wenda/powerarm_ws/install/powerarm_urdf/share/powerarm_urdf/urdf/powerarm_urdf.csv
[0.284s] -- Up-to-date: /home/wenda/powerarm_ws/install/powerarm_urdf/share/powerarm_urdf/urdf/powerarm_urdf.urdf
[0.284s] -- Up-to-date: /home/wenda/powerarm_ws/install/powerarm_urdf/share/ament_index/resource_index/package_run_dependencies/powerarm_urdf
[0.284s] -- Up-to-date: /home/wenda/powerarm_ws/install/powerarm_urdf/share/ament_index/resource_index/parent_prefix_path/powerarm_urdf
[0.284s] -- Up-to-date: /home/wenda/powerarm_ws/install/powerarm_urdf/share/powerarm_urdf/environment/ament_prefix_path.sh
[0.284s] -- Up-to-date: /home/wenda/powerarm_ws/install/powerarm_urdf/share/powerarm_urdf/environment/ament_prefix_path.dsv
[0.284s] -- Up-to-date: /home/wenda/powerarm_ws/install/powerarm_urdf/share/powerarm_urdf/environment/path.sh
[0.284s] -- Up-to-date: /home/wenda/powerarm_ws/install/powerarm_urdf/share/powerarm_urdf/environment/path.dsv
[0.285s] -- Up-to-date: /home/wenda/powerarm_ws/install/powerarm_urdf/share/powerarm_urdf/local_setup.bash
[0.285s] -- Up-to-date: /home/wenda/powerarm_ws/install/powerarm_urdf/share/powerarm_urdf/local_setup.sh
[0.285s] -- Up-to-date: /home/wenda/powerarm_ws/install/powerarm_urdf/share/powerarm_urdf/local_setup.zsh
[0.285s] -- Up-to-date: /home/wenda/powerarm_ws/install/powerarm_urdf/share/powerarm_urdf/local_setup.dsv
[0.285s] -- Installing: /home/wenda/powerarm_ws/install/powerarm_urdf/share/powerarm_urdf/package.dsv
[0.285s] -- Up-to-date: /home/wenda/powerarm_ws/install/powerarm_urdf/share/ament_index/resource_index/packages/powerarm_urdf
[0.285s] -- Up-to-date: /home/wenda/powerarm_ws/install/powerarm_urdf/share/powerarm_urdf/cmake/powerarm_urdfConfig.cmake
[0.285s] -- Up-to-date: /home/wenda/powerarm_ws/install/powerarm_urdf/share/powerarm_urdf/cmake/powerarm_urdfConfig-version.cmake
[0.285s] -- Up-to-date: /home/wenda/powerarm_ws/install/powerarm_urdf/share/powerarm_urdf/package.xml
[0.286s] Invoked command in '/home/wenda/powerarm_ws/build/powerarm_urdf' returned '0': CMAKE_PREFIX_PATH=${CMAKE_PREFIX_PATH}:/opt/ros/humble /usr/bin/cmake --install /home/wenda/powerarm_ws/build/powerarm_urdf
