[0.134s] Invoking command in '/home/wenda/powerarm_ws/build/powerarm': CMAKE_PREFIX_PATH=/home/wenda/powerarm_ws/install/moveit_visual_tools:/home/wenda/powerarm_ws/install/powerarm_moveit_config:/home/wenda/powerarm_ws/install/powerarm_urdf:/home/wenda/powerarm_ws/install/powerarm:/home/wenda/test_ws/install/elite_ec66_moveit_config:/home/wenda/test_ws/install/elite_description:/opt/ros/humble /usr/bin/cmake --build /home/wenda/powerarm_ws/build/powerarm -- -j16 -l16
[0.174s] [35m[1mConsolidate compiler generated dependencies of target powerarm_state[0m
[0.196s] [ 50%] [32mBuilding CXX object CMakeFiles/powerarm_state.dir/src/powerarm_state.cpp.o[0m
[9.847s] [100%] [32m[1mLinking CXX executable powerarm_state[0m
[10.178s] [100%] Built target powerarm_state
[10.187s] Invoked command in '/home/wenda/powerarm_ws/build/powerarm' returned '0': CMAKE_PREFIX_PATH=/home/wenda/powerarm_ws/install/moveit_visual_tools:/home/wenda/powerarm_ws/install/powerarm_moveit_config:/home/wenda/powerarm_ws/install/powerarm_urdf:/home/wenda/powerarm_ws/install/powerarm:/home/wenda/test_ws/install/elite_ec66_moveit_config:/home/wenda/test_ws/install/elite_description:/opt/ros/humble /usr/bin/cmake --build /home/wenda/powerarm_ws/build/powerarm -- -j16 -l16
[10.208s] Invoking command in '/home/wenda/powerarm_ws/build/powerarm': CMAKE_PREFIX_PATH=/home/wenda/powerarm_ws/install/moveit_visual_tools:/home/wenda/powerarm_ws/install/powerarm_moveit_config:/home/wenda/powerarm_ws/install/powerarm_urdf:/home/wenda/powerarm_ws/install/powerarm:/home/wenda/test_ws/install/elite_ec66_moveit_config:/home/wenda/test_ws/install/elite_description:/opt/ros/humble /usr/bin/cmake --install /home/wenda/powerarm_ws/build/powerarm
[10.215s] -- Install configuration: "Release"
[10.215s] -- Installing: /home/wenda/powerarm_ws/install/powerarm/lib/powerarm/powerarm_state
[10.215s] -- Set runtime path of "/home/wenda/powerarm_ws/install/powerarm/lib/powerarm/powerarm_state" to ""
[10.215s] -- Up-to-date: /home/wenda/powerarm_ws/install/powerarm/share/ament_index/resource_index/package_run_dependencies/powerarm
[10.216s] -- Up-to-date: /home/wenda/powerarm_ws/install/powerarm/share/ament_index/resource_index/parent_prefix_path/powerarm
[10.216s] -- Up-to-date: /home/wenda/powerarm_ws/install/powerarm/share/powerarm/environment/ament_prefix_path.sh
[10.216s] -- Up-to-date: /home/wenda/powerarm_ws/install/powerarm/share/powerarm/environment/ament_prefix_path.dsv
[10.216s] -- Up-to-date: /home/wenda/powerarm_ws/install/powerarm/share/powerarm/environment/path.sh
[10.216s] -- Up-to-date: /home/wenda/powerarm_ws/install/powerarm/share/powerarm/environment/path.dsv
[10.216s] -- Up-to-date: /home/wenda/powerarm_ws/install/powerarm/share/powerarm/local_setup.bash
[10.216s] -- Up-to-date: /home/wenda/powerarm_ws/install/powerarm/share/powerarm/local_setup.sh
[10.216s] -- Up-to-date: /home/wenda/powerarm_ws/install/powerarm/share/powerarm/local_setup.zsh
[10.216s] -- Up-to-date: /home/wenda/powerarm_ws/install/powerarm/share/powerarm/local_setup.dsv
[10.216s] -- Installing: /home/wenda/powerarm_ws/install/powerarm/share/powerarm/package.dsv
[10.216s] -- Up-to-date: /home/wenda/powerarm_ws/install/powerarm/share/ament_index/resource_index/packages/powerarm
[10.216s] -- Up-to-date: /home/wenda/powerarm_ws/install/powerarm/share/powerarm/cmake/powerarmConfig.cmake
[10.216s] -- Up-to-date: /home/wenda/powerarm_ws/install/powerarm/share/powerarm/cmake/powerarmConfig-version.cmake
[10.216s] -- Up-to-date: /home/wenda/powerarm_ws/install/powerarm/share/powerarm/package.xml
[10.217s] Invoked command in '/home/wenda/powerarm_ws/build/powerarm' returned '0': CMAKE_PREFIX_PATH=/home/wenda/powerarm_ws/install/moveit_visual_tools:/home/wenda/powerarm_ws/install/powerarm_moveit_config:/home/wenda/powerarm_ws/install/powerarm_urdf:/home/wenda/powerarm_ws/install/powerarm:/home/wenda/test_ws/install/elite_ec66_moveit_config:/home/wenda/test_ws/install/elite_description:/opt/ros/humble /usr/bin/cmake --install /home/wenda/powerarm_ws/build/powerarm
