[1.268s] DEBUG:colcon:Command line arguments: ['/usr/bin/colcon', 'build']
[1.268s] DEBUG:colcon:Parsed command line arguments: Namespace(log_base=None, log_level=None, verb_name='build', build_base='build', install_base='install', merge_install=False, symlink_install=False, test_result_base=None, continue_on_error=False, executor='parallel', parallel_workers=16, event_handlers=None, ignore_user_meta=False, metas=['./colcon.meta'], base_paths=['.'], packages_ignore=None, packages_ignore_regex=None, paths=None, packages_up_to=None, packages_up_to_regex=None, packages_above=None, packages_above_and_dependencies=None, packages_above_depth=None, packages_select_by_dep=None, packages_skip_by_dep=None, packages_skip_up_to=None, packages_select_build_failed=False, packages_skip_build_finished=False, packages_select_test_failures=False, packages_skip_test_passed=False, packages_select=None, packages_skip=None, packages_select_regex=None, packages_skip_regex=None, packages_start=None, packages_end=None, allow_overriding=[], cmake_args=None, cmake_target=None, cmake_target_skip_unavailable=False, cmake_clean_cache=False, cmake_clean_first=False, cmake_force_configure=False, ament_cmake_args=None, catkin_cmake_args=None, catkin_skip_building_tests=False, mixin_files=None, mixin=None, verb_parser=<colcon_mixin.mixin.mixin_argument.MixinArgumentDecorator object at 0x7fdde9b7ea40>, verb_extension=<colcon_core.verb.build.BuildVerb object at 0x7fdde9bafee0>, main=<bound method BuildVerb.main of <colcon_core.verb.build.BuildVerb object at 0x7fdde9bafee0>>, mixin_verb=('build',))
[1.314s] Level 1:colcon.colcon_core.package_discovery:discover_packages(colcon_meta) check parameters
[1.314s] Level 1:colcon.colcon_core.package_discovery:discover_packages(recursive) check parameters
[1.314s] Level 1:colcon.colcon_core.package_discovery:discover_packages(ignore) check parameters
[1.314s] Level 1:colcon.colcon_core.package_discovery:discover_packages(path) check parameters
[1.314s] Level 1:colcon.colcon_core.package_discovery:discover_packages(colcon_meta) discover
[1.314s] Level 1:colcon.colcon_core.package_discovery:discover_packages(recursive) discover
[1.314s] INFO:colcon.colcon_core.package_discovery:Crawling recursively for packages in '/home/wenda/powerarm_ws'
[1.314s] Level 1:colcon.colcon_core.package_identification:_identify(.) by extensions ['ignore', 'ignore_ament_install']
[1.314s] Level 1:colcon.colcon_core.package_identification:_identify(.) by extension 'ignore'
[1.314s] Level 1:colcon.colcon_core.package_identification:_identify(.) by extension 'ignore_ament_install'
[1.314s] Level 1:colcon.colcon_core.package_identification:_identify(.) by extensions ['colcon_pkg']
[1.315s] Level 1:colcon.colcon_core.package_identification:_identify(.) by extension 'colcon_pkg'
[1.315s] Level 1:colcon.colcon_core.package_identification:_identify(.) by extensions ['colcon_meta']
[1.315s] Level 1:colcon.colcon_core.package_identification:_identify(.) by extension 'colcon_meta'
[1.315s] Level 1:colcon.colcon_core.package_identification:_identify(.) by extensions ['ros']
[1.315s] Level 1:colcon.colcon_core.package_identification:_identify(.) by extension 'ros'
[1.325s] Level 1:colcon.colcon_core.package_identification:_identify(.) by extensions ['cmake', 'python']
[1.325s] Level 1:colcon.colcon_core.package_identification:_identify(.) by extension 'cmake'
[1.325s] Level 1:colcon.colcon_core.package_identification:_identify(.) by extension 'python'
[1.325s] Level 1:colcon.colcon_core.package_identification:_identify(.) by extensions ['python_setup_py']
[1.325s] Level 1:colcon.colcon_core.package_identification:_identify(.) by extension 'python_setup_py'
[1.325s] Level 1:colcon.colcon_core.package_identification:_identify(build) by extensions ['ignore', 'ignore_ament_install']
[1.325s] Level 1:colcon.colcon_core.package_identification:_identify(build) by extension 'ignore'
[1.325s] Level 1:colcon.colcon_core.package_identification:_identify(build) ignored
[1.326s] Level 1:colcon.colcon_core.package_identification:_identify(install) by extensions ['ignore', 'ignore_ament_install']
[1.326s] Level 1:colcon.colcon_core.package_identification:_identify(install) by extension 'ignore'
[1.326s] Level 1:colcon.colcon_core.package_identification:_identify(install) ignored
[1.326s] Level 1:colcon.colcon_core.package_identification:_identify(log) by extensions ['ignore', 'ignore_ament_install']
[1.326s] Level 1:colcon.colcon_core.package_identification:_identify(log) by extension 'ignore'
[1.326s] Level 1:colcon.colcon_core.package_identification:_identify(log) ignored
[1.326s] Level 1:colcon.colcon_core.package_identification:_identify(src) by extensions ['ignore', 'ignore_ament_install']
[1.326s] Level 1:colcon.colcon_core.package_identification:_identify(src) by extension 'ignore'
[1.326s] Level 1:colcon.colcon_core.package_identification:_identify(src) by extension 'ignore_ament_install'
[1.326s] Level 1:colcon.colcon_core.package_identification:_identify(src) by extensions ['colcon_pkg']
[1.326s] Level 1:colcon.colcon_core.package_identification:_identify(src) by extension 'colcon_pkg'
[1.326s] Level 1:colcon.colcon_core.package_identification:_identify(src) by extensions ['colcon_meta']
[1.326s] Level 1:colcon.colcon_core.package_identification:_identify(src) by extension 'colcon_meta'
[1.326s] Level 1:colcon.colcon_core.package_identification:_identify(src) by extensions ['ros']
[1.327s] Level 1:colcon.colcon_core.package_identification:_identify(src) by extension 'ros'
[1.327s] Level 1:colcon.colcon_core.package_identification:_identify(src) by extensions ['cmake', 'python']
[1.327s] Level 1:colcon.colcon_core.package_identification:_identify(src) by extension 'cmake'
[1.327s] Level 1:colcon.colcon_core.package_identification:_identify(src) by extension 'python'
[1.327s] Level 1:colcon.colcon_core.package_identification:_identify(src) by extensions ['python_setup_py']
[1.327s] Level 1:colcon.colcon_core.package_identification:_identify(src) by extension 'python_setup_py'
[1.327s] Level 1:colcon.colcon_core.package_identification:_identify(src/moveit_visual_tools-ros2) by extensions ['ignore', 'ignore_ament_install']
[1.327s] Level 1:colcon.colcon_core.package_identification:_identify(src/moveit_visual_tools-ros2) by extension 'ignore'
[1.327s] Level 1:colcon.colcon_core.package_identification:_identify(src/moveit_visual_tools-ros2) by extension 'ignore_ament_install'
[1.327s] Level 1:colcon.colcon_core.package_identification:_identify(src/moveit_visual_tools-ros2) by extensions ['colcon_pkg']
[1.327s] Level 1:colcon.colcon_core.package_identification:_identify(src/moveit_visual_tools-ros2) by extension 'colcon_pkg'
[1.327s] Level 1:colcon.colcon_core.package_identification:_identify(src/moveit_visual_tools-ros2) by extensions ['colcon_meta']
[1.327s] Level 1:colcon.colcon_core.package_identification:_identify(src/moveit_visual_tools-ros2) by extension 'colcon_meta'
[1.327s] Level 1:colcon.colcon_core.package_identification:_identify(src/moveit_visual_tools-ros2) by extensions ['ros']
[1.327s] Level 1:colcon.colcon_core.package_identification:_identify(src/moveit_visual_tools-ros2) by extension 'ros'
[1.330s] DEBUG:colcon.colcon_core.package_identification:Package 'src/moveit_visual_tools-ros2' with type 'ros.ament_cmake' and name 'moveit_visual_tools'
[1.330s] Level 1:colcon.colcon_core.package_identification:_identify(src/powerarm) by extensions ['ignore', 'ignore_ament_install']
[1.330s] Level 1:colcon.colcon_core.package_identification:_identify(src/powerarm) by extension 'ignore'
[1.330s] Level 1:colcon.colcon_core.package_identification:_identify(src/powerarm) by extension 'ignore_ament_install'
[1.330s] Level 1:colcon.colcon_core.package_identification:_identify(src/powerarm) by extensions ['colcon_pkg']
[1.331s] Level 1:colcon.colcon_core.package_identification:_identify(src/powerarm) by extension 'colcon_pkg'
[1.331s] Level 1:colcon.colcon_core.package_identification:_identify(src/powerarm) by extensions ['colcon_meta']
[1.331s] Level 1:colcon.colcon_core.package_identification:_identify(src/powerarm) by extension 'colcon_meta'
[1.331s] Level 1:colcon.colcon_core.package_identification:_identify(src/powerarm) by extensions ['ros']
[1.331s] Level 1:colcon.colcon_core.package_identification:_identify(src/powerarm) by extension 'ros'
[1.331s] DEBUG:colcon.colcon_core.package_identification:Package 'src/powerarm' with type 'ros.ament_cmake' and name 'powerarm'
[1.331s] Level 1:colcon.colcon_core.package_identification:_identify(src/powerarm_moveit_config) by extensions ['ignore', 'ignore_ament_install']
[1.331s] Level 1:colcon.colcon_core.package_identification:_identify(src/powerarm_moveit_config) by extension 'ignore'
[1.331s] Level 1:colcon.colcon_core.package_identification:_identify(src/powerarm_moveit_config) by extension 'ignore_ament_install'
[1.332s] Level 1:colcon.colcon_core.package_identification:_identify(src/powerarm_moveit_config) by extensions ['colcon_pkg']
[1.332s] Level 1:colcon.colcon_core.package_identification:_identify(src/powerarm_moveit_config) by extension 'colcon_pkg'
[1.332s] Level 1:colcon.colcon_core.package_identification:_identify(src/powerarm_moveit_config) by extensions ['colcon_meta']
[1.332s] Level 1:colcon.colcon_core.package_identification:_identify(src/powerarm_moveit_config) by extension 'colcon_meta'
[1.332s] Level 1:colcon.colcon_core.package_identification:_identify(src/powerarm_moveit_config) by extensions ['ros']
[1.332s] Level 1:colcon.colcon_core.package_identification:_identify(src/powerarm_moveit_config) by extension 'ros'
[1.332s] DEBUG:colcon.colcon_core.package_identification:Package 'src/powerarm_moveit_config' with type 'ros.ament_cmake' and name 'powerarm_moveit_config'
[1.333s] Level 1:colcon.colcon_core.package_identification:_identify(src/powerarm_urdf) by extensions ['ignore', 'ignore_ament_install']
[1.333s] Level 1:colcon.colcon_core.package_identification:_identify(src/powerarm_urdf) by extension 'ignore'
[1.333s] Level 1:colcon.colcon_core.package_identification:_identify(src/powerarm_urdf) by extension 'ignore_ament_install'
[1.333s] Level 1:colcon.colcon_core.package_identification:_identify(src/powerarm_urdf) by extensions ['colcon_pkg']
[1.333s] Level 1:colcon.colcon_core.package_identification:_identify(src/powerarm_urdf) by extension 'colcon_pkg'
[1.333s] Level 1:colcon.colcon_core.package_identification:_identify(src/powerarm_urdf) by extensions ['colcon_meta']
[1.333s] Level 1:colcon.colcon_core.package_identification:_identify(src/powerarm_urdf) by extension 'colcon_meta'
[1.333s] Level 1:colcon.colcon_core.package_identification:_identify(src/powerarm_urdf) by extensions ['ros']
[1.333s] Level 1:colcon.colcon_core.package_identification:_identify(src/powerarm_urdf) by extension 'ros'
[1.333s] DEBUG:colcon.colcon_core.package_identification:Package 'src/powerarm_urdf' with type 'ros.ament_cmake' and name 'powerarm_urdf'
[1.333s] Level 1:colcon.colcon_core.package_discovery:discover_packages(recursive) using defaults
[1.333s] Level 1:colcon.colcon_core.package_discovery:discover_packages(ignore) discover
[1.333s] Level 1:colcon.colcon_core.package_discovery:discover_packages(ignore) using defaults
[1.334s] Level 1:colcon.colcon_core.package_discovery:discover_packages(path) discover
[1.334s] Level 1:colcon.colcon_core.package_discovery:discover_packages(path) using defaults
[1.424s] Level 1:colcon.colcon_core.package_discovery:discover_packages(prefix_path) check parameters
[1.424s] Level 1:colcon.colcon_core.package_discovery:discover_packages(prefix_path) discover
[1.455s] DEBUG:colcon.colcon_installed_package_information.package_discovery:Found 4 installed packages in /home/wenda/powerarm_ws/install
[1.470s] DEBUG:colcon.colcon_installed_package_information.package_discovery:Found 2 installed packages in /home/wenda/test_ws/install
[1.485s] DEBUG:colcon.colcon_installed_package_information.package_discovery:Found 333 installed packages in /opt/ros/humble
[1.487s] Level 1:colcon.colcon_core.package_discovery:discover_packages(prefix_path) using defaults
[1.593s] Level 5:colcon.colcon_core.verb:set package 'moveit_visual_tools' build argument 'cmake_args' from command line to 'None'
[1.594s] Level 5:colcon.colcon_core.verb:set package 'moveit_visual_tools' build argument 'cmake_target' from command line to 'None'
[1.594s] Level 5:colcon.colcon_core.verb:set package 'moveit_visual_tools' build argument 'cmake_target_skip_unavailable' from command line to 'False'
[1.594s] Level 5:colcon.colcon_core.verb:set package 'moveit_visual_tools' build argument 'cmake_clean_cache' from command line to 'False'
[1.594s] Level 5:colcon.colcon_core.verb:set package 'moveit_visual_tools' build argument 'cmake_clean_first' from command line to 'False'
[1.594s] Level 5:colcon.colcon_core.verb:set package 'moveit_visual_tools' build argument 'cmake_force_configure' from command line to 'False'
[1.594s] Level 5:colcon.colcon_core.verb:set package 'moveit_visual_tools' build argument 'ament_cmake_args' from command line to 'None'
[1.594s] Level 5:colcon.colcon_core.verb:set package 'moveit_visual_tools' build argument 'catkin_cmake_args' from command line to 'None'
[1.594s] Level 5:colcon.colcon_core.verb:set package 'moveit_visual_tools' build argument 'catkin_skip_building_tests' from command line to 'False'
[1.594s] DEBUG:colcon.colcon_core.verb:Building package 'moveit_visual_tools' with the following arguments: {'ament_cmake_args': None, 'build_base': '/home/wenda/powerarm_ws/build/moveit_visual_tools', 'catkin_cmake_args': None, 'catkin_skip_building_tests': False, 'cmake_args': None, 'cmake_clean_cache': False, 'cmake_clean_first': False, 'cmake_force_configure': False, 'cmake_target': None, 'cmake_target_skip_unavailable': False, 'install_base': '/home/wenda/powerarm_ws/install/moveit_visual_tools', 'merge_install': False, 'path': '/home/wenda/powerarm_ws/src/moveit_visual_tools-ros2', 'symlink_install': False, 'test_result_base': None}
[1.609s] Level 5:colcon.colcon_core.verb:set package 'powerarm_urdf' build argument 'cmake_args' from command line to 'None'
[1.609s] Level 5:colcon.colcon_core.verb:set package 'powerarm_urdf' build argument 'cmake_target' from command line to 'None'
[1.609s] Level 5:colcon.colcon_core.verb:set package 'powerarm_urdf' build argument 'cmake_target_skip_unavailable' from command line to 'False'
[1.609s] Level 5:colcon.colcon_core.verb:set package 'powerarm_urdf' build argument 'cmake_clean_cache' from command line to 'False'
[1.609s] Level 5:colcon.colcon_core.verb:set package 'powerarm_urdf' build argument 'cmake_clean_first' from command line to 'False'
[1.609s] Level 5:colcon.colcon_core.verb:set package 'powerarm_urdf' build argument 'cmake_force_configure' from command line to 'False'
[1.609s] Level 5:colcon.colcon_core.verb:set package 'powerarm_urdf' build argument 'ament_cmake_args' from command line to 'None'
[1.609s] Level 5:colcon.colcon_core.verb:set package 'powerarm_urdf' build argument 'catkin_cmake_args' from command line to 'None'
[1.609s] Level 5:colcon.colcon_core.verb:set package 'powerarm_urdf' build argument 'catkin_skip_building_tests' from command line to 'False'
[1.609s] DEBUG:colcon.colcon_core.verb:Building package 'powerarm_urdf' with the following arguments: {'ament_cmake_args': None, 'build_base': '/home/wenda/powerarm_ws/build/powerarm_urdf', 'catkin_cmake_args': None, 'catkin_skip_building_tests': False, 'cmake_args': None, 'cmake_clean_cache': False, 'cmake_clean_first': False, 'cmake_force_configure': False, 'cmake_target': None, 'cmake_target_skip_unavailable': False, 'install_base': '/home/wenda/powerarm_ws/install/powerarm_urdf', 'merge_install': False, 'path': '/home/wenda/powerarm_ws/src/powerarm_urdf', 'symlink_install': False, 'test_result_base': None}
[1.624s] Level 5:colcon.colcon_core.verb:set package 'powerarm' build argument 'cmake_args' from command line to 'None'
[1.624s] Level 5:colcon.colcon_core.verb:set package 'powerarm' build argument 'cmake_target' from command line to 'None'
[1.624s] Level 5:colcon.colcon_core.verb:set package 'powerarm' build argument 'cmake_target_skip_unavailable' from command line to 'False'
[1.624s] Level 5:colcon.colcon_core.verb:set package 'powerarm' build argument 'cmake_clean_cache' from command line to 'False'
[1.624s] Level 5:colcon.colcon_core.verb:set package 'powerarm' build argument 'cmake_clean_first' from command line to 'False'
[1.624s] Level 5:colcon.colcon_core.verb:set package 'powerarm' build argument 'cmake_force_configure' from command line to 'False'
[1.624s] Level 5:colcon.colcon_core.verb:set package 'powerarm' build argument 'ament_cmake_args' from command line to 'None'
[1.624s] Level 5:colcon.colcon_core.verb:set package 'powerarm' build argument 'catkin_cmake_args' from command line to 'None'
[1.624s] Level 5:colcon.colcon_core.verb:set package 'powerarm' build argument 'catkin_skip_building_tests' from command line to 'False'
[1.624s] DEBUG:colcon.colcon_core.verb:Building package 'powerarm' with the following arguments: {'ament_cmake_args': None, 'build_base': '/home/wenda/powerarm_ws/build/powerarm', 'catkin_cmake_args': None, 'catkin_skip_building_tests': False, 'cmake_args': None, 'cmake_clean_cache': False, 'cmake_clean_first': False, 'cmake_force_configure': False, 'cmake_target': None, 'cmake_target_skip_unavailable': False, 'install_base': '/home/wenda/powerarm_ws/install/powerarm', 'merge_install': False, 'path': '/home/wenda/powerarm_ws/src/powerarm', 'symlink_install': False, 'test_result_base': None}
[1.639s] Level 5:colcon.colcon_core.verb:set package 'powerarm_moveit_config' build argument 'cmake_args' from command line to 'None'
[1.639s] Level 5:colcon.colcon_core.verb:set package 'powerarm_moveit_config' build argument 'cmake_target' from command line to 'None'
[1.639s] Level 5:colcon.colcon_core.verb:set package 'powerarm_moveit_config' build argument 'cmake_target_skip_unavailable' from command line to 'False'
[1.639s] Level 5:colcon.colcon_core.verb:set package 'powerarm_moveit_config' build argument 'cmake_clean_cache' from command line to 'False'
[1.639s] Level 5:colcon.colcon_core.verb:set package 'powerarm_moveit_config' build argument 'cmake_clean_first' from command line to 'False'
[1.639s] Level 5:colcon.colcon_core.verb:set package 'powerarm_moveit_config' build argument 'cmake_force_configure' from command line to 'False'
[1.639s] Level 5:colcon.colcon_core.verb:set package 'powerarm_moveit_config' build argument 'ament_cmake_args' from command line to 'None'
[1.639s] Level 5:colcon.colcon_core.verb:set package 'powerarm_moveit_config' build argument 'catkin_cmake_args' from command line to 'None'
[1.639s] Level 5:colcon.colcon_core.verb:set package 'powerarm_moveit_config' build argument 'catkin_skip_building_tests' from command line to 'False'
[1.639s] DEBUG:colcon.colcon_core.verb:Building package 'powerarm_moveit_config' with the following arguments: {'ament_cmake_args': None, 'build_base': '/home/wenda/powerarm_ws/build/powerarm_moveit_config', 'catkin_cmake_args': None, 'catkin_skip_building_tests': False, 'cmake_args': None, 'cmake_clean_cache': False, 'cmake_clean_first': False, 'cmake_force_configure': False, 'cmake_target': None, 'cmake_target_skip_unavailable': False, 'install_base': '/home/wenda/powerarm_ws/install/powerarm_moveit_config', 'merge_install': False, 'path': '/home/wenda/powerarm_ws/src/powerarm_moveit_config', 'symlink_install': False, 'test_result_base': None}
[1.653s] INFO:colcon.colcon_core.executor:Executing jobs using 'parallel' executor
[1.669s] DEBUG:colcon.colcon_parallel_executor.executor.parallel:run_until_complete
[1.669s] INFO:colcon.colcon_ros.task.ament_cmake.build:Building ROS package in '/home/wenda/powerarm_ws/src/moveit_visual_tools-ros2' with build type 'ament_cmake'
[1.669s] INFO:colcon.colcon_cmake.task.cmake.build:Building CMake package in '/home/wenda/powerarm_ws/src/moveit_visual_tools-ros2'
[1.685s] INFO:colcon.colcon_core.plugin_system:Skipping extension 'colcon_core.shell.bat': Not used on non-Windows systems
[1.686s] INFO:colcon.colcon_core.shell:Skip shell extension 'powershell' for command environment: Not usable outside of PowerShell
[1.686s] DEBUG:colcon.colcon_core.shell:Skip shell extension 'dsv' for command environment
[1.747s] INFO:colcon.colcon_ros.task.ament_cmake.build:Building ROS package in '/home/wenda/powerarm_ws/src/powerarm_urdf' with build type 'ament_cmake'
[1.747s] INFO:colcon.colcon_cmake.task.cmake.build:Building CMake package in '/home/wenda/powerarm_ws/src/powerarm_urdf'
[1.762s] INFO:colcon.colcon_core.shell:Skip shell extension 'powershell' for command environment: Not usable outside of PowerShell
[1.762s] DEBUG:colcon.colcon_core.shell:Skip shell extension 'dsv' for command environment
[1.830s] DEBUG:colcon.colcon_core.event_handler.log_command:Invoking command in '/home/wenda/powerarm_ws/build/moveit_visual_tools': CMAKE_PREFIX_PATH=${CMAKE_PREFIX_PATH}:/opt/ros/humble /usr/bin/cmake --build /home/wenda/powerarm_ws/build/moveit_visual_tools -- -j16 -l16
[1.833s] DEBUG:colcon.colcon_core.event_handler.log_command:Invoking command in '/home/wenda/powerarm_ws/build/powerarm_urdf': CMAKE_PREFIX_PATH=${CMAKE_PREFIX_PATH}:/opt/ros/humble /usr/bin/cmake --build /home/wenda/powerarm_ws/build/powerarm_urdf -- -j16 -l16
[1.862s] DEBUG:colcon.colcon_core.event_handler.log_command:Invoked command in '/home/wenda/powerarm_ws/build/powerarm_urdf' returned '0': CMAKE_PREFIX_PATH=${CMAKE_PREFIX_PATH}:/opt/ros/humble /usr/bin/cmake --build /home/wenda/powerarm_ws/build/powerarm_urdf -- -j16 -l16
[1.885s] DEBUG:colcon.colcon_core.event_handler.log_command:Invoking command in '/home/wenda/powerarm_ws/build/powerarm_urdf': CMAKE_PREFIX_PATH=${CMAKE_PREFIX_PATH}:/opt/ros/humble /usr/bin/cmake --install /home/wenda/powerarm_ws/build/powerarm_urdf
[1.894s] Level 1:colcon.colcon_core.environment:create_environment_scripts_only(powerarm_urdf)
[1.894s] DEBUG:colcon.colcon_core.event_handler.log_command:Invoked command in '/home/wenda/powerarm_ws/build/powerarm_urdf' returned '0': CMAKE_PREFIX_PATH=${CMAKE_PREFIX_PATH}:/opt/ros/humble /usr/bin/cmake --install /home/wenda/powerarm_ws/build/powerarm_urdf
[1.911s] Level 1:colcon.colcon_core.environment:checking '/home/wenda/powerarm_ws/install/powerarm_urdf' for CMake module files
[1.911s] Level 1:colcon.colcon_core.environment:checking '/home/wenda/powerarm_ws/install/powerarm_urdf' for CMake config files
[1.912s] Level 1:colcon.colcon_core.shell:create_environment_hook('powerarm_urdf', 'cmake_prefix_path')
[1.927s] INFO:colcon.colcon_core.shell:Creating environment hook '/home/wenda/powerarm_ws/install/powerarm_urdf/share/powerarm_urdf/hook/cmake_prefix_path.ps1'
[1.928s] INFO:colcon.colcon_core.shell:Creating environment descriptor '/home/wenda/powerarm_ws/install/powerarm_urdf/share/powerarm_urdf/hook/cmake_prefix_path.dsv'
[1.928s] INFO:colcon.colcon_core.shell:Creating environment hook '/home/wenda/powerarm_ws/install/powerarm_urdf/share/powerarm_urdf/hook/cmake_prefix_path.sh'
[1.929s] Level 1:colcon.colcon_core.environment:checking '/home/wenda/powerarm_ws/install/powerarm_urdf/bin'
[1.929s] Level 1:colcon.colcon_core.environment:checking '/home/wenda/powerarm_ws/install/powerarm_urdf/lib/pkgconfig/powerarm_urdf.pc'
[1.929s] Level 1:colcon.colcon_core.environment:checking '/home/wenda/powerarm_ws/install/powerarm_urdf/lib/python3.10/site-packages'
[1.929s] Level 1:colcon.colcon_core.environment:checking '/home/wenda/powerarm_ws/install/powerarm_urdf/bin'
[1.944s] INFO:colcon.colcon_core.shell:Creating package script '/home/wenda/powerarm_ws/install/powerarm_urdf/share/powerarm_urdf/package.ps1'
[1.945s] INFO:colcon.colcon_core.shell:Creating package descriptor '/home/wenda/powerarm_ws/install/powerarm_urdf/share/powerarm_urdf/package.dsv'
[1.945s] INFO:colcon.colcon_core.shell:Creating package script '/home/wenda/powerarm_ws/install/powerarm_urdf/share/powerarm_urdf/package.sh'
[1.946s] INFO:colcon.colcon_core.shell:Creating package script '/home/wenda/powerarm_ws/install/powerarm_urdf/share/powerarm_urdf/package.bash'
[1.946s] INFO:colcon.colcon_core.shell:Creating package script '/home/wenda/powerarm_ws/install/powerarm_urdf/share/powerarm_urdf/package.zsh'
[1.947s] Level 1:colcon.colcon_core.environment:create_file_with_runtime_dependencies(/home/wenda/powerarm_ws/install/powerarm_urdf/share/colcon-core/packages/powerarm_urdf)
[1.949s] DEBUG:colcon.colcon_core.event_handler.log_command:Invoked command in '/home/wenda/powerarm_ws/build/moveit_visual_tools' returned '0': CMAKE_PREFIX_PATH=${CMAKE_PREFIX_PATH}:/opt/ros/humble /usr/bin/cmake --build /home/wenda/powerarm_ws/build/moveit_visual_tools -- -j16 -l16
[1.979s] Level 1:colcon.colcon_core.environment:create_environment_scripts_only(powerarm_urdf)
[1.994s] Level 1:colcon.colcon_core.environment:checking '/home/wenda/powerarm_ws/install/powerarm_urdf' for CMake module files
[1.994s] Level 1:colcon.colcon_core.environment:checking '/home/wenda/powerarm_ws/install/powerarm_urdf' for CMake config files
[1.994s] Level 1:colcon.colcon_core.shell:create_environment_hook('powerarm_urdf', 'cmake_prefix_path')
[2.009s] INFO:colcon.colcon_core.shell:Creating environment hook '/home/wenda/powerarm_ws/install/powerarm_urdf/share/powerarm_urdf/hook/cmake_prefix_path.ps1'
[2.009s] INFO:colcon.colcon_core.shell:Creating environment descriptor '/home/wenda/powerarm_ws/install/powerarm_urdf/share/powerarm_urdf/hook/cmake_prefix_path.dsv'
[2.010s] INFO:colcon.colcon_core.shell:Creating environment hook '/home/wenda/powerarm_ws/install/powerarm_urdf/share/powerarm_urdf/hook/cmake_prefix_path.sh'
[2.010s] Level 1:colcon.colcon_core.environment:checking '/home/wenda/powerarm_ws/install/powerarm_urdf/bin'
[2.010s] Level 1:colcon.colcon_core.environment:checking '/home/wenda/powerarm_ws/install/powerarm_urdf/lib/pkgconfig/powerarm_urdf.pc'
[2.010s] Level 1:colcon.colcon_core.environment:checking '/home/wenda/powerarm_ws/install/powerarm_urdf/lib/python3.10/site-packages'
[2.011s] Level 1:colcon.colcon_core.environment:checking '/home/wenda/powerarm_ws/install/powerarm_urdf/bin'
[2.025s] INFO:colcon.colcon_core.shell:Creating package script '/home/wenda/powerarm_ws/install/powerarm_urdf/share/powerarm_urdf/package.ps1'
[2.026s] INFO:colcon.colcon_core.shell:Creating package descriptor '/home/wenda/powerarm_ws/install/powerarm_urdf/share/powerarm_urdf/package.dsv'
[2.026s] INFO:colcon.colcon_core.shell:Creating package script '/home/wenda/powerarm_ws/install/powerarm_urdf/share/powerarm_urdf/package.sh'
[2.026s] INFO:colcon.colcon_core.shell:Creating package script '/home/wenda/powerarm_ws/install/powerarm_urdf/share/powerarm_urdf/package.bash'
[2.027s] INFO:colcon.colcon_core.shell:Creating package script '/home/wenda/powerarm_ws/install/powerarm_urdf/share/powerarm_urdf/package.zsh'
[2.027s] Level 1:colcon.colcon_core.environment:create_file_with_runtime_dependencies(/home/wenda/powerarm_ws/install/powerarm_urdf/share/colcon-core/packages/powerarm_urdf)
[2.028s] INFO:colcon.colcon_ros.task.ament_cmake.build:Building ROS package in '/home/wenda/powerarm_ws/src/powerarm_moveit_config' with build type 'ament_cmake'
[2.028s] INFO:colcon.colcon_cmake.task.cmake.build:Building CMake package in '/home/wenda/powerarm_ws/src/powerarm_moveit_config'
[2.042s] INFO:colcon.colcon_core.shell:Skip shell extension 'powershell' for command environment: Not usable outside of PowerShell
[2.042s] DEBUG:colcon.colcon_core.shell:Skip shell extension 'dsv' for command environment
[2.104s] DEBUG:colcon.colcon_core.event_handler.log_command:Invoking command in '/home/wenda/powerarm_ws/build/moveit_visual_tools': CMAKE_PREFIX_PATH=${CMAKE_PREFIX_PATH}:/opt/ros/humble /usr/bin/cmake --install /home/wenda/powerarm_ws/build/moveit_visual_tools
[2.107s] DEBUG:colcon.colcon_core.event_handler.log_command:Invoking command in '/home/wenda/powerarm_ws/build/powerarm_moveit_config': CMAKE_PREFIX_PATH=/home/wenda/powerarm_ws/install/powerarm_urdf:/home/wenda/powerarm_ws/install/powerarm_moveit_config:/home/wenda/powerarm_ws/install/powerarm:/home/wenda/powerarm_ws/install/moveit_visual_tools:/home/wenda/test_ws/install/elite_ec66_moveit_config:/home/wenda/test_ws/install/elite_description:/opt/ros/humble /usr/bin/cmake --build /home/wenda/powerarm_ws/build/powerarm_moveit_config -- -j16 -l16
[2.113s] Level 1:colcon.colcon_core.environment:create_environment_scripts_only(moveit_visual_tools)
[2.114s] DEBUG:colcon.colcon_core.event_handler.log_command:Invoked command in '/home/wenda/powerarm_ws/build/moveit_visual_tools' returned '0': CMAKE_PREFIX_PATH=${CMAKE_PREFIX_PATH}:/opt/ros/humble /usr/bin/cmake --install /home/wenda/powerarm_ws/build/moveit_visual_tools
[2.129s] Level 1:colcon.colcon_core.environment:checking '/home/wenda/powerarm_ws/install/moveit_visual_tools' for CMake module files
[2.130s] Level 1:colcon.colcon_core.environment:checking '/home/wenda/powerarm_ws/install/moveit_visual_tools' for CMake config files
[2.130s] Level 1:colcon.colcon_core.shell:create_environment_hook('moveit_visual_tools', 'cmake_prefix_path')
[2.145s] INFO:colcon.colcon_core.shell:Creating environment hook '/home/wenda/powerarm_ws/install/moveit_visual_tools/share/moveit_visual_tools/hook/cmake_prefix_path.ps1'
[2.145s] INFO:colcon.colcon_core.shell:Creating environment descriptor '/home/wenda/powerarm_ws/install/moveit_visual_tools/share/moveit_visual_tools/hook/cmake_prefix_path.dsv'
[2.146s] INFO:colcon.colcon_core.shell:Creating environment hook '/home/wenda/powerarm_ws/install/moveit_visual_tools/share/moveit_visual_tools/hook/cmake_prefix_path.sh'
[2.146s] Level 1:colcon.colcon_core.environment:checking '/home/wenda/powerarm_ws/install/moveit_visual_tools/lib'
[2.146s] Level 1:colcon.colcon_core.shell:create_environment_hook('moveit_visual_tools', 'ld_library_path_lib')
[2.161s] INFO:colcon.colcon_core.shell:Creating environment hook '/home/wenda/powerarm_ws/install/moveit_visual_tools/share/moveit_visual_tools/hook/ld_library_path_lib.ps1'
[2.161s] INFO:colcon.colcon_core.shell:Creating environment descriptor '/home/wenda/powerarm_ws/install/moveit_visual_tools/share/moveit_visual_tools/hook/ld_library_path_lib.dsv'
[2.161s] INFO:colcon.colcon_core.shell:Creating environment hook '/home/wenda/powerarm_ws/install/moveit_visual_tools/share/moveit_visual_tools/hook/ld_library_path_lib.sh'
[2.162s] Level 1:colcon.colcon_core.environment:checking '/home/wenda/powerarm_ws/install/moveit_visual_tools/bin'
[2.162s] Level 1:colcon.colcon_core.environment:checking '/home/wenda/powerarm_ws/install/moveit_visual_tools/lib/pkgconfig/moveit_visual_tools.pc'
[2.162s] Level 1:colcon.colcon_core.environment:checking '/home/wenda/powerarm_ws/install/moveit_visual_tools/lib/python3.10/site-packages'
[2.162s] Level 1:colcon.colcon_core.environment:checking '/home/wenda/powerarm_ws/install/moveit_visual_tools/bin'
[2.177s] INFO:colcon.colcon_core.shell:Creating package script '/home/wenda/powerarm_ws/install/moveit_visual_tools/share/moveit_visual_tools/package.ps1'
[2.177s] INFO:colcon.colcon_core.shell:Creating package descriptor '/home/wenda/powerarm_ws/install/moveit_visual_tools/share/moveit_visual_tools/package.dsv'
[2.178s] INFO:colcon.colcon_core.shell:Creating package script '/home/wenda/powerarm_ws/install/moveit_visual_tools/share/moveit_visual_tools/package.sh'
[2.178s] INFO:colcon.colcon_core.shell:Creating package script '/home/wenda/powerarm_ws/install/moveit_visual_tools/share/moveit_visual_tools/package.bash'
[2.178s] INFO:colcon.colcon_core.shell:Creating package script '/home/wenda/powerarm_ws/install/moveit_visual_tools/share/moveit_visual_tools/package.zsh'
[2.178s] Level 1:colcon.colcon_core.environment:create_file_with_runtime_dependencies(/home/wenda/powerarm_ws/install/moveit_visual_tools/share/colcon-core/packages/moveit_visual_tools)
[2.180s] DEBUG:colcon.colcon_core.event_handler.log_command:Invoked command in '/home/wenda/powerarm_ws/build/powerarm_moveit_config' returned '0': CMAKE_PREFIX_PATH=/home/wenda/powerarm_ws/install/powerarm_urdf:/home/wenda/powerarm_ws/install/powerarm_moveit_config:/home/wenda/powerarm_ws/install/powerarm:/home/wenda/powerarm_ws/install/moveit_visual_tools:/home/wenda/test_ws/install/elite_ec66_moveit_config:/home/wenda/test_ws/install/elite_description:/opt/ros/humble /usr/bin/cmake --build /home/wenda/powerarm_ws/build/powerarm_moveit_config -- -j16 -l16
[2.196s] DEBUG:colcon.colcon_core.event_handler.log_command:Invoking command in '/home/wenda/powerarm_ws/build/powerarm_moveit_config': CMAKE_PREFIX_PATH=/home/wenda/powerarm_ws/install/powerarm_urdf:/home/wenda/powerarm_ws/install/powerarm_moveit_config:/home/wenda/powerarm_ws/install/powerarm:/home/wenda/powerarm_ws/install/moveit_visual_tools:/home/wenda/test_ws/install/elite_ec66_moveit_config:/home/wenda/test_ws/install/elite_description:/opt/ros/humble /usr/bin/cmake --install /home/wenda/powerarm_ws/build/powerarm_moveit_config
[2.220s] Level 1:colcon.colcon_core.environment:create_environment_scripts_only(moveit_visual_tools)
[2.238s] Level 1:colcon.colcon_core.environment:checking '/home/wenda/powerarm_ws/install/moveit_visual_tools' for CMake module files
[2.238s] Level 1:colcon.colcon_core.environment:checking '/home/wenda/powerarm_ws/install/moveit_visual_tools' for CMake config files
[2.238s] Level 1:colcon.colcon_core.shell:create_environment_hook('moveit_visual_tools', 'cmake_prefix_path')
[2.253s] INFO:colcon.colcon_core.shell:Creating environment hook '/home/wenda/powerarm_ws/install/moveit_visual_tools/share/moveit_visual_tools/hook/cmake_prefix_path.ps1'
[2.253s] INFO:colcon.colcon_core.shell:Creating environment descriptor '/home/wenda/powerarm_ws/install/moveit_visual_tools/share/moveit_visual_tools/hook/cmake_prefix_path.dsv'
[2.253s] INFO:colcon.colcon_core.shell:Creating environment hook '/home/wenda/powerarm_ws/install/moveit_visual_tools/share/moveit_visual_tools/hook/cmake_prefix_path.sh'
[2.254s] Level 1:colcon.colcon_core.environment:checking '/home/wenda/powerarm_ws/install/moveit_visual_tools/lib'
[2.254s] Level 1:colcon.colcon_core.shell:create_environment_hook('moveit_visual_tools', 'ld_library_path_lib')
[2.271s] INFO:colcon.colcon_core.shell:Creating environment hook '/home/wenda/powerarm_ws/install/moveit_visual_tools/share/moveit_visual_tools/hook/ld_library_path_lib.ps1'
[2.272s] INFO:colcon.colcon_core.shell:Creating environment descriptor '/home/wenda/powerarm_ws/install/moveit_visual_tools/share/moveit_visual_tools/hook/ld_library_path_lib.dsv'
[2.272s] INFO:colcon.colcon_core.shell:Creating environment hook '/home/wenda/powerarm_ws/install/moveit_visual_tools/share/moveit_visual_tools/hook/ld_library_path_lib.sh'
[2.272s] Level 1:colcon.colcon_core.environment:checking '/home/wenda/powerarm_ws/install/moveit_visual_tools/bin'
[2.273s] Level 1:colcon.colcon_core.environment:checking '/home/wenda/powerarm_ws/install/moveit_visual_tools/lib/pkgconfig/moveit_visual_tools.pc'
[2.273s] Level 1:colcon.colcon_core.environment:checking '/home/wenda/powerarm_ws/install/moveit_visual_tools/lib/python3.10/site-packages'
[2.273s] Level 1:colcon.colcon_core.environment:checking '/home/wenda/powerarm_ws/install/moveit_visual_tools/bin'
[2.288s] INFO:colcon.colcon_core.shell:Creating package script '/home/wenda/powerarm_ws/install/moveit_visual_tools/share/moveit_visual_tools/package.ps1'
[2.288s] INFO:colcon.colcon_core.shell:Creating package descriptor '/home/wenda/powerarm_ws/install/moveit_visual_tools/share/moveit_visual_tools/package.dsv'
[2.289s] INFO:colcon.colcon_core.shell:Creating package script '/home/wenda/powerarm_ws/install/moveit_visual_tools/share/moveit_visual_tools/package.sh'
[2.289s] INFO:colcon.colcon_core.shell:Creating package script '/home/wenda/powerarm_ws/install/moveit_visual_tools/share/moveit_visual_tools/package.bash'
[2.289s] INFO:colcon.colcon_core.shell:Creating package script '/home/wenda/powerarm_ws/install/moveit_visual_tools/share/moveit_visual_tools/package.zsh'
[2.290s] Level 1:colcon.colcon_core.environment:create_file_with_runtime_dependencies(/home/wenda/powerarm_ws/install/moveit_visual_tools/share/colcon-core/packages/moveit_visual_tools)
[2.290s] INFO:colcon.colcon_ros.task.ament_cmake.build:Building ROS package in '/home/wenda/powerarm_ws/src/powerarm' with build type 'ament_cmake'
[2.290s] INFO:colcon.colcon_cmake.task.cmake.build:Building CMake package in '/home/wenda/powerarm_ws/src/powerarm'
[2.309s] INFO:colcon.colcon_core.shell:Skip shell extension 'powershell' for command environment: Not usable outside of PowerShell
[2.309s] DEBUG:colcon.colcon_core.shell:Skip shell extension 'dsv' for command environment
[2.377s] Level 1:colcon.colcon_core.environment:create_environment_scripts_only(powerarm_moveit_config)
[2.377s] DEBUG:colcon.colcon_core.event_handler.log_command:Invoked command in '/home/wenda/powerarm_ws/build/powerarm_moveit_config' returned '0': CMAKE_PREFIX_PATH=/home/wenda/powerarm_ws/install/powerarm_urdf:/home/wenda/powerarm_ws/install/powerarm_moveit_config:/home/wenda/powerarm_ws/install/powerarm:/home/wenda/powerarm_ws/install/moveit_visual_tools:/home/wenda/test_ws/install/elite_ec66_moveit_config:/home/wenda/test_ws/install/elite_description:/opt/ros/humble /usr/bin/cmake --install /home/wenda/powerarm_ws/build/powerarm_moveit_config
[2.393s] Level 1:colcon.colcon_core.environment:checking '/home/wenda/powerarm_ws/install/powerarm_moveit_config' for CMake module files
[2.394s] Level 1:colcon.colcon_core.environment:checking '/home/wenda/powerarm_ws/install/powerarm_moveit_config' for CMake config files
[2.394s] Level 1:colcon.colcon_core.shell:create_environment_hook('powerarm_moveit_config', 'cmake_prefix_path')
[2.410s] INFO:colcon.colcon_core.shell:Creating environment hook '/home/wenda/powerarm_ws/install/powerarm_moveit_config/share/powerarm_moveit_config/hook/cmake_prefix_path.ps1'
[2.411s] INFO:colcon.colcon_core.shell:Creating environment descriptor '/home/wenda/powerarm_ws/install/powerarm_moveit_config/share/powerarm_moveit_config/hook/cmake_prefix_path.dsv'
[2.411s] INFO:colcon.colcon_core.shell:Creating environment hook '/home/wenda/powerarm_ws/install/powerarm_moveit_config/share/powerarm_moveit_config/hook/cmake_prefix_path.sh'
[2.412s] Level 1:colcon.colcon_core.environment:checking '/home/wenda/powerarm_ws/install/powerarm_moveit_config/bin'
[2.412s] Level 1:colcon.colcon_core.environment:checking '/home/wenda/powerarm_ws/install/powerarm_moveit_config/lib/pkgconfig/powerarm_moveit_config.pc'
[2.412s] Level 1:colcon.colcon_core.environment:checking '/home/wenda/powerarm_ws/install/powerarm_moveit_config/lib/python3.10/site-packages'
[2.412s] Level 1:colcon.colcon_core.environment:checking '/home/wenda/powerarm_ws/install/powerarm_moveit_config/bin'
[2.430s] INFO:colcon.colcon_core.shell:Creating package script '/home/wenda/powerarm_ws/install/powerarm_moveit_config/share/powerarm_moveit_config/package.ps1'
[2.430s] INFO:colcon.colcon_core.shell:Creating package descriptor '/home/wenda/powerarm_ws/install/powerarm_moveit_config/share/powerarm_moveit_config/package.dsv'
[2.430s] INFO:colcon.colcon_core.shell:Creating package script '/home/wenda/powerarm_ws/install/powerarm_moveit_config/share/powerarm_moveit_config/package.sh'
[2.431s] INFO:colcon.colcon_core.shell:Creating package script '/home/wenda/powerarm_ws/install/powerarm_moveit_config/share/powerarm_moveit_config/package.bash'
[2.431s] INFO:colcon.colcon_core.shell:Creating package script '/home/wenda/powerarm_ws/install/powerarm_moveit_config/share/powerarm_moveit_config/package.zsh'
[2.431s] Level 1:colcon.colcon_core.environment:create_file_with_runtime_dependencies(/home/wenda/powerarm_ws/install/powerarm_moveit_config/share/colcon-core/packages/powerarm_moveit_config)
[2.435s] DEBUG:colcon.colcon_core.event_handler.log_command:Invoking command in '/home/wenda/powerarm_ws/build/powerarm': CMAKE_PREFIX_PATH=/home/wenda/powerarm_ws/install/moveit_visual_tools:/home/wenda/powerarm_ws/install/powerarm_moveit_config:/home/wenda/powerarm_ws/install/powerarm_urdf:/home/wenda/powerarm_ws/install/powerarm:/home/wenda/test_ws/install/elite_ec66_moveit_config:/home/wenda/test_ws/install/elite_description:/opt/ros/humble /usr/bin/cmake --build /home/wenda/powerarm_ws/build/powerarm -- -j16 -l16
[2.464s] Level 1:colcon.colcon_core.environment:create_environment_scripts_only(powerarm_moveit_config)
[2.480s] Level 1:colcon.colcon_core.environment:checking '/home/wenda/powerarm_ws/install/powerarm_moveit_config' for CMake module files
[2.481s] Level 1:colcon.colcon_core.environment:checking '/home/wenda/powerarm_ws/install/powerarm_moveit_config' for CMake config files
[2.481s] Level 1:colcon.colcon_core.shell:create_environment_hook('powerarm_moveit_config', 'cmake_prefix_path')
[2.497s] INFO:colcon.colcon_core.shell:Creating environment hook '/home/wenda/powerarm_ws/install/powerarm_moveit_config/share/powerarm_moveit_config/hook/cmake_prefix_path.ps1'
[2.498s] INFO:colcon.colcon_core.shell:Creating environment descriptor '/home/wenda/powerarm_ws/install/powerarm_moveit_config/share/powerarm_moveit_config/hook/cmake_prefix_path.dsv'
[2.498s] INFO:colcon.colcon_core.shell:Creating environment hook '/home/wenda/powerarm_ws/install/powerarm_moveit_config/share/powerarm_moveit_config/hook/cmake_prefix_path.sh'
[2.498s] Level 1:colcon.colcon_core.environment:checking '/home/wenda/powerarm_ws/install/powerarm_moveit_config/bin'
[2.498s] Level 1:colcon.colcon_core.environment:checking '/home/wenda/powerarm_ws/install/powerarm_moveit_config/lib/pkgconfig/powerarm_moveit_config.pc'
[2.499s] Level 1:colcon.colcon_core.environment:checking '/home/wenda/powerarm_ws/install/powerarm_moveit_config/lib/python3.10/site-packages'
[2.499s] Level 1:colcon.colcon_core.environment:checking '/home/wenda/powerarm_ws/install/powerarm_moveit_config/bin'
[2.515s] INFO:colcon.colcon_core.shell:Creating package script '/home/wenda/powerarm_ws/install/powerarm_moveit_config/share/powerarm_moveit_config/package.ps1'
[2.515s] INFO:colcon.colcon_core.shell:Creating package descriptor '/home/wenda/powerarm_ws/install/powerarm_moveit_config/share/powerarm_moveit_config/package.dsv'
[2.516s] INFO:colcon.colcon_core.shell:Creating package script '/home/wenda/powerarm_ws/install/powerarm_moveit_config/share/powerarm_moveit_config/package.sh'
[2.516s] INFO:colcon.colcon_core.shell:Creating package script '/home/wenda/powerarm_ws/install/powerarm_moveit_config/share/powerarm_moveit_config/package.bash'
[2.516s] INFO:colcon.colcon_core.shell:Creating package script '/home/wenda/powerarm_ws/install/powerarm_moveit_config/share/powerarm_moveit_config/package.zsh'
[2.517s] Level 1:colcon.colcon_core.environment:create_file_with_runtime_dependencies(/home/wenda/powerarm_ws/install/powerarm_moveit_config/share/colcon-core/packages/powerarm_moveit_config)
[11.352s] DEBUG:colcon.colcon_core.event_handler.log_command:Invoked command in '/home/wenda/powerarm_ws/build/powerarm' returned '0': CMAKE_PREFIX_PATH=/home/wenda/powerarm_ws/install/moveit_visual_tools:/home/wenda/powerarm_ws/install/powerarm_moveit_config:/home/wenda/powerarm_ws/install/powerarm_urdf:/home/wenda/powerarm_ws/install/powerarm:/home/wenda/test_ws/install/elite_ec66_moveit_config:/home/wenda/test_ws/install/elite_description:/opt/ros/humble /usr/bin/cmake --build /home/wenda/powerarm_ws/build/powerarm -- -j16 -l16
[11.373s] DEBUG:colcon.colcon_core.event_handler.log_command:Invoking command in '/home/wenda/powerarm_ws/build/powerarm': CMAKE_PREFIX_PATH=/home/wenda/powerarm_ws/install/moveit_visual_tools:/home/wenda/powerarm_ws/install/powerarm_moveit_config:/home/wenda/powerarm_ws/install/powerarm_urdf:/home/wenda/powerarm_ws/install/powerarm:/home/wenda/test_ws/install/elite_ec66_moveit_config:/home/wenda/test_ws/install/elite_description:/opt/ros/humble /usr/bin/cmake --install /home/wenda/powerarm_ws/build/powerarm
[11.382s] Level 1:colcon.colcon_core.environment:create_environment_scripts_only(powerarm)
[11.382s] DEBUG:colcon.colcon_core.event_handler.log_command:Invoked command in '/home/wenda/powerarm_ws/build/powerarm' returned '0': CMAKE_PREFIX_PATH=/home/wenda/powerarm_ws/install/moveit_visual_tools:/home/wenda/powerarm_ws/install/powerarm_moveit_config:/home/wenda/powerarm_ws/install/powerarm_urdf:/home/wenda/powerarm_ws/install/powerarm:/home/wenda/test_ws/install/elite_ec66_moveit_config:/home/wenda/test_ws/install/elite_description:/opt/ros/humble /usr/bin/cmake --install /home/wenda/powerarm_ws/build/powerarm
[11.400s] Level 1:colcon.colcon_core.environment:checking '/home/wenda/powerarm_ws/install/powerarm' for CMake module files
[11.401s] Level 1:colcon.colcon_core.environment:checking '/home/wenda/powerarm_ws/install/powerarm' for CMake config files
[11.401s] Level 1:colcon.colcon_core.shell:create_environment_hook('powerarm', 'cmake_prefix_path')
[11.417s] INFO:colcon.colcon_core.shell:Creating environment hook '/home/wenda/powerarm_ws/install/powerarm/share/powerarm/hook/cmake_prefix_path.ps1'
[11.418s] INFO:colcon.colcon_core.shell:Creating environment descriptor '/home/wenda/powerarm_ws/install/powerarm/share/powerarm/hook/cmake_prefix_path.dsv'
[11.418s] INFO:colcon.colcon_core.shell:Creating environment hook '/home/wenda/powerarm_ws/install/powerarm/share/powerarm/hook/cmake_prefix_path.sh'
[11.419s] Level 1:colcon.colcon_core.environment:checking '/home/wenda/powerarm_ws/install/powerarm/lib'
[11.419s] Level 1:colcon.colcon_core.environment:checking '/home/wenda/powerarm_ws/install/powerarm/bin'
[11.419s] Level 1:colcon.colcon_core.environment:checking '/home/wenda/powerarm_ws/install/powerarm/lib/pkgconfig/powerarm.pc'
[11.419s] Level 1:colcon.colcon_core.environment:checking '/home/wenda/powerarm_ws/install/powerarm/lib/python3.10/site-packages'
[11.420s] Level 1:colcon.colcon_core.environment:checking '/home/wenda/powerarm_ws/install/powerarm/bin'
[11.435s] INFO:colcon.colcon_core.shell:Creating package script '/home/wenda/powerarm_ws/install/powerarm/share/powerarm/package.ps1'
[11.436s] INFO:colcon.colcon_core.shell:Creating package descriptor '/home/wenda/powerarm_ws/install/powerarm/share/powerarm/package.dsv'
[11.436s] INFO:colcon.colcon_core.shell:Creating package script '/home/wenda/powerarm_ws/install/powerarm/share/powerarm/package.sh'
[11.437s] INFO:colcon.colcon_core.shell:Creating package script '/home/wenda/powerarm_ws/install/powerarm/share/powerarm/package.bash'
[11.437s] INFO:colcon.colcon_core.shell:Creating package script '/home/wenda/powerarm_ws/install/powerarm/share/powerarm/package.zsh'
[11.437s] Level 1:colcon.colcon_core.environment:create_file_with_runtime_dependencies(/home/wenda/powerarm_ws/install/powerarm/share/colcon-core/packages/powerarm)
[11.471s] Level 1:colcon.colcon_core.environment:create_environment_scripts_only(powerarm)
[11.488s] Level 1:colcon.colcon_core.environment:checking '/home/wenda/powerarm_ws/install/powerarm' for CMake module files
[11.488s] Level 1:colcon.colcon_core.environment:checking '/home/wenda/powerarm_ws/install/powerarm' for CMake config files
[11.489s] Level 1:colcon.colcon_core.shell:create_environment_hook('powerarm', 'cmake_prefix_path')
[11.504s] INFO:colcon.colcon_core.shell:Creating environment hook '/home/wenda/powerarm_ws/install/powerarm/share/powerarm/hook/cmake_prefix_path.ps1'
[11.504s] INFO:colcon.colcon_core.shell:Creating environment descriptor '/home/wenda/powerarm_ws/install/powerarm/share/powerarm/hook/cmake_prefix_path.dsv'
[11.504s] INFO:colcon.colcon_core.shell:Creating environment hook '/home/wenda/powerarm_ws/install/powerarm/share/powerarm/hook/cmake_prefix_path.sh'
[11.505s] Level 1:colcon.colcon_core.environment:checking '/home/wenda/powerarm_ws/install/powerarm/lib'
[11.505s] Level 1:colcon.colcon_core.environment:checking '/home/wenda/powerarm_ws/install/powerarm/bin'
[11.505s] Level 1:colcon.colcon_core.environment:checking '/home/wenda/powerarm_ws/install/powerarm/lib/pkgconfig/powerarm.pc'
[11.505s] Level 1:colcon.colcon_core.environment:checking '/home/wenda/powerarm_ws/install/powerarm/lib/python3.10/site-packages'
[11.505s] Level 1:colcon.colcon_core.environment:checking '/home/wenda/powerarm_ws/install/powerarm/bin'
[11.523s] INFO:colcon.colcon_core.shell:Creating package script '/home/wenda/powerarm_ws/install/powerarm/share/powerarm/package.ps1'
[11.523s] INFO:colcon.colcon_core.shell:Creating package descriptor '/home/wenda/powerarm_ws/install/powerarm/share/powerarm/package.dsv'
[11.524s] INFO:colcon.colcon_core.shell:Creating package script '/home/wenda/powerarm_ws/install/powerarm/share/powerarm/package.sh'
[11.524s] INFO:colcon.colcon_core.shell:Creating package script '/home/wenda/powerarm_ws/install/powerarm/share/powerarm/package.bash'
[11.525s] INFO:colcon.colcon_core.shell:Creating package script '/home/wenda/powerarm_ws/install/powerarm/share/powerarm/package.zsh'
[11.525s] Level 1:colcon.colcon_core.environment:create_file_with_runtime_dependencies(/home/wenda/powerarm_ws/install/powerarm/share/colcon-core/packages/powerarm)
[11.525s] DEBUG:colcon.colcon_parallel_executor.executor.parallel:closing loop
[11.525s] DEBUG:colcon.colcon_parallel_executor.executor.parallel:loop closed
[11.525s] DEBUG:colcon.colcon_parallel_executor.executor.parallel:run_until_complete finished with '0'
[11.526s] DEBUG:colcon.colcon_core.event_reactor:joining thread
[11.545s] INFO:colcon.colcon_core.plugin_system:Skipping extension 'colcon_notification.desktop_notification.terminal_notifier': Not used on non-Darwin systems
[11.545s] INFO:colcon.colcon_core.plugin_system:Skipping extension 'colcon_notification.desktop_notification.win32': Not used on non-Windows systems
[11.545s] INFO:colcon.colcon_notification.desktop_notification:Sending desktop notification using 'notify2'
[11.556s] DEBUG:colcon.colcon_core.event_reactor:joined thread
[11.571s] INFO:colcon.colcon_core.shell:Creating prefix script '/home/wenda/powerarm_ws/install/local_setup.ps1'
[11.572s] INFO:colcon.colcon_core.shell:Creating prefix util module '/home/wenda/powerarm_ws/install/_local_setup_util_ps1.py'
[11.573s] INFO:colcon.colcon_core.shell:Creating prefix chain script '/home/wenda/powerarm_ws/install/setup.ps1'
[11.593s] INFO:colcon.colcon_core.shell:Creating prefix script '/home/wenda/powerarm_ws/install/local_setup.sh'
[11.593s] INFO:colcon.colcon_core.shell:Creating prefix util module '/home/wenda/powerarm_ws/install/_local_setup_util_sh.py'
[11.593s] INFO:colcon.colcon_core.shell:Creating prefix chain script '/home/wenda/powerarm_ws/install/setup.sh'
[11.611s] INFO:colcon.colcon_core.shell:Creating prefix script '/home/wenda/powerarm_ws/install/local_setup.bash'
[11.612s] INFO:colcon.colcon_core.shell:Creating prefix chain script '/home/wenda/powerarm_ws/install/setup.bash'
[11.629s] INFO:colcon.colcon_core.shell:Creating prefix script '/home/wenda/powerarm_ws/install/local_setup.zsh'
[11.629s] INFO:colcon.colcon_core.shell:Creating prefix chain script '/home/wenda/powerarm_ws/install/setup.zsh'
