[0.160s] Invoking command in '/home/wenda/powerarm_ws/build/powerarm_urdf': AMENT_PREFIX_PATH=/home/wenda/powerarm_ws/install/moveit_visual_tools:${AMENT_PREFIX_PATH} CMAKE_PREFIX_PATH=/home/wenda/powerarm_ws/install/moveit_visual_tools:/home/wenda/powerarm_ws/install/powerarm_moveit_config:/home/wenda/powerarm_ws/install/powerarm_urdf:/home/wenda/powerarm_ws/install/powerarm:/home/wenda/test_ws/install/elite_ec66_moveit_config:/home/wenda/test_ws/install/elite_description:/opt/ros/humble LD_LIBRARY_PATH=/home/wenda/powerarm_ws/install/moveit_visual_tools/lib:${LD_LIBRARY_PATH} /usr/bin/cmake /home/wenda/powerarm_ws/src/powerarm_urdf -DCMAKE_BUILD_TYPE=Release -DCMAKE_INSTALL_PREFIX=/home/wenda/powerarm_ws/install/powerarm_urdf
[0.169s] -- Found ament_cmake: 1.3.5 (/opt/ros/humble/share/ament_cmake/cmake)
[0.307s] -- Found ament_lint_auto: 0.12.8 (/opt/ros/humble/share/ament_lint_auto/cmake)
[0.373s] -- Added test 'lint_cmake' to check CMake code style
[0.374s] -- Added test 'xmllint' to check XML markup files
[0.375s] -- Configuring done
[0.377s] -- Generating done
[0.378s] -- Build files have been written to: /home/wenda/powerarm_ws/build/powerarm_urdf
[0.380s] Invoked command in '/home/wenda/powerarm_ws/build/powerarm_urdf' returned '0': AMENT_PREFIX_PATH=/home/wenda/powerarm_ws/install/moveit_visual_tools:${AMENT_PREFIX_PATH} CMAKE_PREFIX_PATH=/home/wenda/powerarm_ws/install/moveit_visual_tools:/home/wenda/powerarm_ws/install/powerarm_moveit_config:/home/wenda/powerarm_ws/install/powerarm_urdf:/home/wenda/powerarm_ws/install/powerarm:/home/wenda/test_ws/install/elite_ec66_moveit_config:/home/wenda/test_ws/install/elite_description:/opt/ros/humble LD_LIBRARY_PATH=/home/wenda/powerarm_ws/install/moveit_visual_tools/lib:${LD_LIBRARY_PATH} /usr/bin/cmake /home/wenda/powerarm_ws/src/powerarm_urdf -DCMAKE_BUILD_TYPE=Release -DCMAKE_INSTALL_PREFIX=/home/wenda/powerarm_ws/install/powerarm_urdf
[0.381s] Invoking command in '/home/wenda/powerarm_ws/build/powerarm_urdf': AMENT_PREFIX_PATH=/home/wenda/powerarm_ws/install/moveit_visual_tools:${AMENT_PREFIX_PATH} CMAKE_PREFIX_PATH=/home/wenda/powerarm_ws/install/moveit_visual_tools:/home/wenda/powerarm_ws/install/powerarm_moveit_config:/home/wenda/powerarm_ws/install/powerarm_urdf:/home/wenda/powerarm_ws/install/powerarm:/home/wenda/test_ws/install/elite_ec66_moveit_config:/home/wenda/test_ws/install/elite_description:/opt/ros/humble LD_LIBRARY_PATH=/home/wenda/powerarm_ws/install/moveit_visual_tools/lib:${LD_LIBRARY_PATH} /usr/bin/cmake --build /home/wenda/powerarm_ws/build/powerarm_urdf -- -j16 -l16
[0.414s] Invoked command in '/home/wenda/powerarm_ws/build/powerarm_urdf' returned '0': AMENT_PREFIX_PATH=/home/wenda/powerarm_ws/install/moveit_visual_tools:${AMENT_PREFIX_PATH} CMAKE_PREFIX_PATH=/home/wenda/powerarm_ws/install/moveit_visual_tools:/home/wenda/powerarm_ws/install/powerarm_moveit_config:/home/wenda/powerarm_ws/install/powerarm_urdf:/home/wenda/powerarm_ws/install/powerarm:/home/wenda/test_ws/install/elite_ec66_moveit_config:/home/wenda/test_ws/install/elite_description:/opt/ros/humble LD_LIBRARY_PATH=/home/wenda/powerarm_ws/install/moveit_visual_tools/lib:${LD_LIBRARY_PATH} /usr/bin/cmake --build /home/wenda/powerarm_ws/build/powerarm_urdf -- -j16 -l16
[0.431s] Invoking command in '/home/wenda/powerarm_ws/build/powerarm_urdf': AMENT_PREFIX_PATH=/home/wenda/powerarm_ws/install/moveit_visual_tools:${AMENT_PREFIX_PATH} CMAKE_PREFIX_PATH=/home/wenda/powerarm_ws/install/moveit_visual_tools:/home/wenda/powerarm_ws/install/powerarm_moveit_config:/home/wenda/powerarm_ws/install/powerarm_urdf:/home/wenda/powerarm_ws/install/powerarm:/home/wenda/test_ws/install/elite_ec66_moveit_config:/home/wenda/test_ws/install/elite_description:/opt/ros/humble LD_LIBRARY_PATH=/home/wenda/powerarm_ws/install/moveit_visual_tools/lib:${LD_LIBRARY_PATH} /usr/bin/cmake --install /home/wenda/powerarm_ws/build/powerarm_urdf
[0.438s] -- Install configuration: "Release"
[0.438s] -- Up-to-date: /home/wenda/powerarm_ws/install/powerarm_urdf/share/powerarm_urdf/config
[0.438s] -- Up-to-date: /home/wenda/powerarm_ws/install/powerarm_urdf/share/powerarm_urdf/config/joint_names_powerarm_urdf.yaml
[0.438s] -- Up-to-date: /home/wenda/powerarm_ws/install/powerarm_urdf/share/powerarm_urdf/meshes
[0.438s] -- Up-to-date: /home/wenda/powerarm_ws/install/powerarm_urdf/share/powerarm_urdf/meshes/shoulder_link_1.STL
[0.438s] -- Up-to-date: /home/wenda/powerarm_ws/install/powerarm_urdf/share/powerarm_urdf/meshes/ee_link.STL
[0.438s] -- Up-to-date: /home/wenda/powerarm_ws/install/powerarm_urdf/share/powerarm_urdf/meshes/shoulder_link_3.STL
[0.438s] -- Up-to-date: /home/wenda/powerarm_ws/install/powerarm_urdf/share/powerarm_urdf/meshes/shoulder_link_2.STL
[0.438s] -- Up-to-date: /home/wenda/powerarm_ws/install/powerarm_urdf/share/powerarm_urdf/meshes/elbow_link.STL
[0.439s] -- Up-to-date: /home/wenda/powerarm_ws/install/powerarm_urdf/share/powerarm_urdf/meshes/base_link.STL
[0.439s] -- Up-to-date: /home/wenda/powerarm_ws/install/powerarm_urdf/share/powerarm_urdf/urdf
[0.439s] -- Up-to-date: /home/wenda/powerarm_ws/install/powerarm_urdf/share/powerarm_urdf/urdf/powerarm_urdf.csv
[0.439s] -- Up-to-date: /home/wenda/powerarm_ws/install/powerarm_urdf/share/powerarm_urdf/urdf/powerarm_urdf.urdf
[0.439s] -- Up-to-date: /home/wenda/powerarm_ws/install/powerarm_urdf/share/ament_index/resource_index/package_run_dependencies/powerarm_urdf
[0.439s] -- Installing: /home/wenda/powerarm_ws/install/powerarm_urdf/share/ament_index/resource_index/parent_prefix_path/powerarm_urdf
[0.439s] -- Up-to-date: /home/wenda/powerarm_ws/install/powerarm_urdf/share/powerarm_urdf/environment/ament_prefix_path.sh
[0.439s] -- Installing: /home/wenda/powerarm_ws/install/powerarm_urdf/share/powerarm_urdf/environment/ament_prefix_path.dsv
[0.439s] -- Up-to-date: /home/wenda/powerarm_ws/install/powerarm_urdf/share/powerarm_urdf/environment/path.sh
[0.439s] -- Installing: /home/wenda/powerarm_ws/install/powerarm_urdf/share/powerarm_urdf/environment/path.dsv
[0.439s] -- Up-to-date: /home/wenda/powerarm_ws/install/powerarm_urdf/share/powerarm_urdf/local_setup.bash
[0.439s] -- Up-to-date: /home/wenda/powerarm_ws/install/powerarm_urdf/share/powerarm_urdf/local_setup.sh
[0.439s] -- Up-to-date: /home/wenda/powerarm_ws/install/powerarm_urdf/share/powerarm_urdf/local_setup.zsh
[0.439s] -- Installing: /home/wenda/powerarm_ws/install/powerarm_urdf/share/powerarm_urdf/local_setup.dsv
[0.440s] -- Installing: /home/wenda/powerarm_ws/install/powerarm_urdf/share/powerarm_urdf/package.dsv
[0.440s] -- Up-to-date: /home/wenda/powerarm_ws/install/powerarm_urdf/share/ament_index/resource_index/packages/powerarm_urdf
[0.440s] -- Up-to-date: /home/wenda/powerarm_ws/install/powerarm_urdf/share/powerarm_urdf/cmake/powerarm_urdfConfig.cmake
[0.440s] -- Up-to-date: /home/wenda/powerarm_ws/install/powerarm_urdf/share/powerarm_urdf/cmake/powerarm_urdfConfig-version.cmake
[0.440s] -- Up-to-date: /home/wenda/powerarm_ws/install/powerarm_urdf/share/powerarm_urdf/package.xml
[0.441s] Invoked command in '/home/wenda/powerarm_ws/build/powerarm_urdf' returned '0': AMENT_PREFIX_PATH=/home/wenda/powerarm_ws/install/moveit_visual_tools:${AMENT_PREFIX_PATH} CMAKE_PREFIX_PATH=/home/wenda/powerarm_ws/install/moveit_visual_tools:/home/wenda/powerarm_ws/install/powerarm_moveit_config:/home/wenda/powerarm_ws/install/powerarm_urdf:/home/wenda/powerarm_ws/install/powerarm:/home/wenda/test_ws/install/elite_ec66_moveit_config:/home/wenda/test_ws/install/elite_description:/opt/ros/humble LD_LIBRARY_PATH=/home/wenda/powerarm_ws/install/moveit_visual_tools/lib:${LD_LIBRARY_PATH} /usr/bin/cmake --install /home/wenda/powerarm_ws/build/powerarm_urdf
