[0.134s] Invoking command in '/home/wenda/powerarm_ws/build/powerarm': CMAKE_PREFIX_PATH=/home/wenda/powerarm_ws/install/moveit_visual_tools:/home/wenda/powerarm_ws/install/powerarm_moveit_config:/home/wenda/powerarm_ws/install/powerarm_urdf:/home/wenda/powerarm_ws/install/powerarm:/home/wenda/test_ws/install/elite_ec66_moveit_config:/home/wenda/test_ws/install/elite_description:/opt/ros/humble /usr/bin/cmake --build /home/wenda/powerarm_ws/build/powerarm -- -j16 -l16
[0.198s] [ 50%] [32mBuilding CXX object CMakeFiles/powerarm_state.dir/src/powerarm_state.cpp.o[0m
[11.172s] [100%] [32m[1mLinking CXX executable powerarm_state[0m
[11.537s] [100%] Built target powerarm_state
[11.548s] Invoked command in '/home/wenda/powerarm_ws/build/powerarm' returned '0': CMAKE_PREFIX_PATH=/home/wenda/powerarm_ws/install/moveit_visual_tools:/home/wenda/powerarm_ws/install/powerarm_moveit_config:/home/wenda/powerarm_ws/install/powerarm_urdf:/home/wenda/powerarm_ws/install/powerarm:/home/wenda/test_ws/install/elite_ec66_moveit_config:/home/wenda/test_ws/install/elite_description:/opt/ros/humble /usr/bin/cmake --build /home/wenda/powerarm_ws/build/powerarm -- -j16 -l16
[11.571s] Invoking command in '/home/wenda/powerarm_ws/build/powerarm': CMAKE_PREFIX_PATH=/home/wenda/powerarm_ws/install/moveit_visual_tools:/home/wenda/powerarm_ws/install/powerarm_moveit_config:/home/wenda/powerarm_ws/install/powerarm_urdf:/home/wenda/powerarm_ws/install/powerarm:/home/wenda/test_ws/install/elite_ec66_moveit_config:/home/wenda/test_ws/install/elite_description:/opt/ros/humble /usr/bin/cmake --install /home/wenda/powerarm_ws/build/powerarm
[11.577s] -- Install configuration: "Release"
[11.577s] -- Installing: /home/wenda/powerarm_ws/install/powerarm/lib/powerarm/powerarm_state
[11.577s] -- Set runtime path of "/home/wenda/powerarm_ws/install/powerarm/lib/powerarm/powerarm_state" to ""
[11.577s] -- Up-to-date: /home/wenda/powerarm_ws/install/powerarm/share/ament_index/resource_index/package_run_dependencies/powerarm
[11.577s] -- Up-to-date: /home/wenda/powerarm_ws/install/powerarm/share/ament_index/resource_index/parent_prefix_path/powerarm
[11.578s] -- Up-to-date: /home/wenda/powerarm_ws/install/powerarm/share/powerarm/environment/ament_prefix_path.sh
[11.578s] -- Up-to-date: /home/wenda/powerarm_ws/install/powerarm/share/powerarm/environment/ament_prefix_path.dsv
[11.578s] -- Up-to-date: /home/wenda/powerarm_ws/install/powerarm/share/powerarm/environment/path.sh
[11.578s] -- Up-to-date: /home/wenda/powerarm_ws/install/powerarm/share/powerarm/environment/path.dsv
[11.578s] -- Up-to-date: /home/wenda/powerarm_ws/install/powerarm/share/powerarm/local_setup.bash
[11.578s] -- Up-to-date: /home/wenda/powerarm_ws/install/powerarm/share/powerarm/local_setup.sh
[11.578s] -- Up-to-date: /home/wenda/powerarm_ws/install/powerarm/share/powerarm/local_setup.zsh
[11.578s] -- Up-to-date: /home/wenda/powerarm_ws/install/powerarm/share/powerarm/local_setup.dsv
[11.578s] -- Installing: /home/wenda/powerarm_ws/install/powerarm/share/powerarm/package.dsv
[11.578s] -- Up-to-date: /home/wenda/powerarm_ws/install/powerarm/share/ament_index/resource_index/packages/powerarm
[11.578s] -- Up-to-date: /home/wenda/powerarm_ws/install/powerarm/share/powerarm/cmake/powerarmConfig.cmake
[11.578s] -- Up-to-date: /home/wenda/powerarm_ws/install/powerarm/share/powerarm/cmake/powerarmConfig-version.cmake
[11.578s] -- Up-to-date: /home/wenda/powerarm_ws/install/powerarm/share/powerarm/package.xml
[11.579s] Invoked command in '/home/wenda/powerarm_ws/build/powerarm' returned '0': CMAKE_PREFIX_PATH=/home/wenda/powerarm_ws/install/moveit_visual_tools:/home/wenda/powerarm_ws/install/powerarm_moveit_config:/home/wenda/powerarm_ws/install/powerarm_urdf:/home/wenda/powerarm_ws/install/powerarm:/home/wenda/test_ws/install/elite_ec66_moveit_config:/home/wenda/test_ws/install/elite_description:/opt/ros/humble /usr/bin/cmake --install /home/wenda/powerarm_ws/build/powerarm
