[0.091s] Invoking command in '/home/wenda/powerarm_ws/build/powerarm': CMAKE_PREFIX_PATH=${CMAKE_PREFIX_PATH}:/opt/ros/humble /usr/bin/cmake --build /home/wenda/powerarm_ws/build/powerarm -- -j16 -l16
[0.131s] [35m[1mConsolidate compiler generated dependencies of target powerarm_state[0m
[0.152s] [ 50%] [32mBuilding CXX object CMakeFiles/powerarm_state.dir/src/powerarm_state.cpp.o[0m
[5.266s] [01m[K/home/wenda/powerarm_ws/src/powerarm/src/powerarm_state.cpp:[m[K In function ‘[01m[Kint main(int, char**)[m[K’:
[5.266s] [01m[K/home/wenda/powerarm_ws/src/powerarm/src/powerarm_state.cpp:64:27:[m[K [01;31m[Kerror: [m[K‘[01m[Kusing element_type = class moveit::planning_interface::MoveGroupInterface[m[K’ {aka ‘[01m[Kclass moveit::planning_interface::MoveGroupInterface[m[K’} has no member named ‘[01m[KsetNode[m[K’
[5.266s]    64 |     move_group_interface->[01;31m[KsetNode[m[K(node);
[5.266s]       |                           [01;31m[K^~~~~~~[m[K
[6.774s] In file included from [01m[K/usr/include/x86_64-linux-gnu/c++/11/bits/c++allocator.h:33[m[K,
[6.774s]                  from [01m[K/usr/include/c++/11/bits/allocator.h:46[m[K,
[6.774s]                  from [01m[K/usr/include/c++/11/memory:64[m[K,
[6.774s]                  from [01m[K/home/wenda/powerarm_ws/src/powerarm/src/powerarm_state.cpp:1[m[K:
[6.774s] /usr/include/c++/11/ext/new_allocator.h: In instantiation of ‘[01m[Kvoid __gnu_cxx::new_allocator<_Tp>::construct(_Up*, _Args&& ...) [with _Up = moveit::planning_interface::MoveGroupInterface; _Args = {const char (&)[9]}; _Tp = moveit::planning_interface::MoveGroupInterface][m[K’:
[6.774s] [01m[K/usr/include/c++/11/bits/alloc_traits.h:516:17:[m[K   required from ‘[01m[Kstatic void std::allocator_traits<std::allocator<_Tp1> >::construct(std::allocator_traits<std::allocator<_Tp1> >::allocator_type&, _Up*, _Args&& ...) [with _Up = moveit::planning_interface::MoveGroupInterface; _Args = {const char (&)[9]}; _Tp = moveit::planning_interface::MoveGroupInterface; std::allocator_traits<std::allocator<_Tp1> >::allocator_type = std::allocator<moveit::planning_interface::MoveGroupInterface>][m[K’
[6.774s] [01m[K/usr/include/c++/11/bits/shared_ptr_base.h:519:39:[m[K   required from ‘[01m[Kstd::_Sp_counted_ptr_inplace<_Tp, _Alloc, _Lp>::_Sp_counted_ptr_inplace(_Alloc, _Args&& ...) [with _Args = {const char (&)[9]}; _Tp = moveit::planning_interface::MoveGroupInterface; _Alloc = std::allocator<moveit::planning_interface::MoveGroupInterface>; __gnu_cxx::_Lock_policy _Lp = __gnu_cxx::_S_atomic][m[K’
[6.774s] [01m[K/usr/include/c++/11/bits/shared_ptr_base.h:650:16:[m[K   required from ‘[01m[Kstd::__shared_count<_Lp>::__shared_count(_Tp*&, std::_Sp_alloc_shared_tag<_Alloc>, _Args&& ...) [with _Tp = moveit::planning_interface::MoveGroupInterface; _Alloc = std::allocator<moveit::planning_interface::MoveGroupInterface>; _Args = {const char (&)[9]}; __gnu_cxx::_Lock_policy _Lp = __gnu_cxx::_S_atomic][m[K’
[6.774s] [01m[K/usr/include/c++/11/bits/shared_ptr_base.h:1342:14:[m[K   required from ‘[01m[Kstd::__shared_ptr<_Tp, _Lp>::__shared_ptr(std::_Sp_alloc_shared_tag<_Tp>, _Args&& ...) [with _Alloc = std::allocator<moveit::planning_interface::MoveGroupInterface>; _Args = {const char (&)[9]}; _Tp = moveit::planning_interface::MoveGroupInterface; __gnu_cxx::_Lock_policy _Lp = __gnu_cxx::_S_atomic][m[K’
[6.774s] [01m[K/usr/include/c++/11/bits/shared_ptr.h:409:59:[m[K   required from ‘[01m[Kstd::shared_ptr<_Tp>::shared_ptr(std::_Sp_alloc_shared_tag<_Tp>, _Args&& ...) [with _Alloc = std::allocator<moveit::planning_interface::MoveGroupInterface>; _Args = {const char (&)[9]}; _Tp = moveit::planning_interface::MoveGroupInterface][m[K’
[6.774s] [01m[K/usr/include/c++/11/bits/shared_ptr.h:862:14:[m[K   required from ‘[01m[Kstd::shared_ptr<_Tp> std::allocate_shared(const _Alloc&, _Args&& ...) [with _Tp = moveit::planning_interface::MoveGroupInterface; _Alloc = std::allocator<moveit::planning_interface::MoveGroupInterface>; _Args = {const char (&)[9]}][m[K’
[6.774s] [01m[K/usr/include/c++/11/bits/shared_ptr.h:878:39:[m[K   required from ‘[01m[Kstd::shared_ptr<_Tp> std::make_shared(_Args&& ...) [with _Tp = moveit::planning_interface::MoveGroupInterface; _Args = {const char (&)[9]}][m[K’
[6.774s] [01m[K/home/wenda/powerarm_ws/src/powerarm/src/powerarm_state.cpp:63:69:[m[K   required from here
[6.774s] [01m[K/usr/include/c++/11/ext/new_allocator.h:162:11:[m[K [01;31m[Kerror: [m[Kno matching function for call to ‘[01m[Kmoveit::planning_interface::MoveGroupInterface::MoveGroupInterface(const char [9])[m[K’
[6.775s]   162 |         { [01;31m[K::new((void *)__p) _Up(std::forward<_Args>(__args)...)[m[K; }
[6.775s]       |           [01;31m[K^~~~~~~~~~~~~~~~~~~~~~~~~~~~~~~~~~~~~~~~~~~~~~~~~~~~~~[m[K
[6.775s] In file included from [01m[K/home/wenda/powerarm_ws/src/powerarm/src/powerarm_state.cpp:5[m[K:
[6.775s] [01m[K/opt/ros/humble/include/moveit/move_group_interface/move_group_interface.h:159:3:[m[K [01;36m[Knote: [m[Kcandidate: ‘[01m[Kmoveit::planning_interface::MoveGroupInterface::MoveGroupInterface(moveit::planning_interface::MoveGroupInterface&&)[m[K’
[6.775s]   159 |   [01;36m[KMoveGroupInterface[m[K(MoveGroupInterface&& other) noexcept;
[6.775s]       |   [01;36m[K^~~~~~~~~~~~~~~~~~[m[K
[6.775s] [01m[K/opt/ros/humble/include/moveit/move_group_interface/move_group_interface.h:159:43:[m[K [01;36m[Knote: [m[K  no known conversion for argument 1 from ‘[01m[Kconst char [9][m[K’ to ‘[01m[Kmoveit::planning_interface::MoveGroupInterface&&[m[K’
[6.775s]   159 |   MoveGroupInterface([01;36m[KMoveGroupInterface&& other[m[K) noexcept;
[6.775s]       |                      [01;36m[K~~~~~~~~~~~~~~~~~~~~~^~~~~[m[K
[6.775s] [01m[K/opt/ros/humble/include/moveit/move_group_interface/move_group_interface.h:145:3:[m[K [01;36m[Knote: [m[Kcandidate: ‘[01m[Kmoveit::planning_interface::MoveGroupInterface::MoveGroupInterface(const SharedPtr&, const string&, const std::shared_ptr<tf2_ros::Buffer>&, const rclcpp::Duration&)[m[K’
[6.775s]   145 |   [01;36m[KMoveGroupInterface[m[K(const rclcpp::Node::SharedPtr& node, const std::string& group,
[6.775s]       |   [01;36m[K^~~~~~~~~~~~~~~~~~[m[K
[6.775s] [01m[K/opt/ros/humble/include/moveit/move_group_interface/move_group_interface.h:145:3:[m[K [01;36m[Knote: [m[K  candidate expects 4 arguments, 1 provided
[6.775s] [01m[K/opt/ros/humble/include/moveit/move_group_interface/move_group_interface.h:134:3:[m[K [01;36m[Knote: [m[Kcandidate: ‘[01m[Kmoveit::planning_interface::MoveGroupInterface::MoveGroupInterface(const SharedPtr&, const moveit::planning_interface::MoveGroupInterface::Options&, const std::shared_ptr<tf2_ros::Buffer>&, const rclcpp::Duration&)[m[K’
[6.775s]   134 |   [01;36m[KMoveGroupInterface[m[K(const rclcpp::Node::SharedPtr& node, const Options& opt,
[6.775s]       |   [01;36m[K^~~~~~~~~~~~~~~~~~[m[K
[6.776s] [01m[K/opt/ros/humble/include/moveit/move_group_interface/move_group_interface.h:134:3:[m[K [01;36m[Knote: [m[K  candidate expects 4 arguments, 1 provided
[7.994s] gmake[2]: *** [CMakeFiles/powerarm_state.dir/build.make:76: CMakeFiles/powerarm_state.dir/src/powerarm_state.cpp.o] Error 1
[7.994s] gmake[1]: *** [CMakeFiles/Makefile2:137: CMakeFiles/powerarm_state.dir/all] Error 2
[7.995s] gmake: *** [Makefile:146: all] Error 2
[7.997s] Invoked command in '/home/wenda/powerarm_ws/build/powerarm' returned '2': CMAKE_PREFIX_PATH=${CMAKE_PREFIX_PATH}:/opt/ros/humble /usr/bin/cmake --build /home/wenda/powerarm_ws/build/powerarm -- -j16 -l16
