[0.131s] Invoking command in '/home/wenda/powerarm_ws/build/powerarm': CMAKE_PREFIX_PATH=/home/wenda/powerarm_ws/install/moveit_visual_tools:/home/wenda/powerarm_ws/install/powerarm_moveit_config:/home/wenda/powerarm_ws/install/powerarm_urdf:/home/wenda/powerarm_ws/install/powerarm:/home/wenda/test_ws/install/elite_ec66_moveit_config:/home/wenda/test_ws/install/elite_description:/opt/ros/humble /usr/bin/cmake --build /home/wenda/powerarm_ws/build/powerarm -- -j16 -l16
[0.171s] [35m[1mConsolidate compiler generated dependencies of target powerarm_state[0m
[0.192s] [ 50%] [32mBuilding CXX object CMakeFiles/powerarm_state.dir/src/powerarm_state.cpp.o[0m
[5.301s] [01m[K/home/wenda/powerarm_ws/src/powerarm/src/powerarm_state.cpp:[m[K In function ‘[01m[Kint main(int, char**)[m[K’:
[5.301s] [01m[K/home/wenda/powerarm_ws/src/powerarm/src/powerarm_state.cpp:122:39:[m[K [01;31m[Kerror: [m[Kexpected ‘[01m[K;[m[K’ before ‘[01m[Kjoint_values[m[K’
[5.301s]   122 |         start_state->getJointPositions
[5.301s]       |                                       [01;31m[K^[m[K
[5.301s]       |                                       [32m[K;[m[K
[5.301s]   123 | 
[5.301s]   124 |         [32m[Kjoint_values[m[K[0] = 20 / 180.0 * 3.1415926;
[5.301s]       |         [32m[K~~~~~~~~~~~~[m[K                   
[5.301s] [01m[K/home/wenda/powerarm_ws/src/powerarm/src/powerarm_state.cpp:122:22:[m[K [01;31m[Kerror: [m[Kstatement cannot resolve address of overloaded function
[5.301s]   122 |         [01;31m[Kstart_state->getJointPositions[m[K
[5.302s]       |         [01;31m[K~~~~~~~~~~~~~^~~~~~~~~~~~~~~~~[m[K
[5.302s] [01m[K/home/wenda/powerarm_ws/src/powerarm/src/powerarm_state.cpp:135:37:[m[K [01;31m[Kerror: [m[Kredeclaration of ‘[01m[Kmoveit::core::RobotStatePtr start_state[m[K’
[5.302s]   135 |         moveit::core::RobotStatePtr [01;31m[Kstart_state[m[K = move_group.getCurrentState();
[5.302s]       |                                     [01;31m[K^~~~~~~~~~~[m[K
[5.302s] [01m[K/home/wenda/powerarm_ws/src/powerarm/src/powerarm_state.cpp:120:37:[m[K [01;36m[Knote: [m[K‘[01m[Kmoveit::core::RobotStatePtr start_state[m[K’ previously declared here
[5.302s]   120 |         moveit::core::RobotStatePtr [01;36m[Kstart_state[m[K = move_group.getCurrentState();
[5.302s]       |                                     [01;36m[K^~~~~~~~~~~[m[K
[8.312s] gmake[2]: *** [CMakeFiles/powerarm_state.dir/build.make:76: CMakeFiles/powerarm_state.dir/src/powerarm_state.cpp.o] Error 1
[8.312s] gmake[1]: *** [CMakeFiles/Makefile2:137: CMakeFiles/powerarm_state.dir/all] Error 2
[8.312s] gmake: *** [Makefile:146: all] Error 2
[8.315s] Invoked command in '/home/wenda/powerarm_ws/build/powerarm' returned '2': CMAKE_PREFIX_PATH=/home/wenda/powerarm_ws/install/moveit_visual_tools:/home/wenda/powerarm_ws/install/powerarm_moveit_config:/home/wenda/powerarm_ws/install/powerarm_urdf:/home/wenda/powerarm_ws/install/powerarm:/home/wenda/test_ws/install/elite_ec66_moveit_config:/home/wenda/test_ws/install/elite_description:/opt/ros/humble /usr/bin/cmake --build /home/wenda/powerarm_ws/build/powerarm -- -j16 -l16
