[0.167s] Invoking command in '/home/wenda/powerarm_ws/build/moveit_visual_tools': CMAKE_PREFIX_PATH=${CMAKE_PREFIX_PATH}:/opt/ros/humble /usr/bin/cmake --build /home/wenda/powerarm_ws/build/moveit_visual_tools -- -j16 -l16
[0.238s] [ 66%] Built target moveit_visual_tools
[0.267s] [100%] Built target moveit_visual_tools_demo
[0.312s] Invoked command in '/home/wenda/powerarm_ws/build/moveit_visual_tools' returned '0': CMAKE_PREFIX_PATH=${CMAKE_PREFIX_PATH}:/opt/ros/humble /usr/bin/cmake --build /home/wenda/powerarm_ws/build/moveit_visual_tools -- -j16 -l16
[0.474s] Invoking command in '/home/wenda/powerarm_ws/build/moveit_visual_tools': CMAKE_PREFIX_PATH=${CMAKE_PREFIX_PATH}:/opt/ros/humble /usr/bin/cmake --install /home/wenda/powerarm_ws/build/moveit_visual_tools
[0.480s] -- Install configuration: "Release"
[0.480s] -- Up-to-date: /home/wenda/powerarm_ws/install/moveit_visual_tools/share/moveit_visual_tools/environment/library_path.sh
[0.480s] -- Up-to-date: /home/wenda/powerarm_ws/install/moveit_visual_tools/share/moveit_visual_tools/environment/library_path.dsv
[0.480s] -- Up-to-date: /home/wenda/powerarm_ws/install/moveit_visual_tools/lib/libmoveit_visual_tools.so
[0.480s] -- Up-to-date: /home/wenda/powerarm_ws/install/moveit_visual_tools/lib/moveit_visual_tools/moveit_visual_tools_demo
[0.481s] -- Up-to-date: /home/wenda/powerarm_ws/install/moveit_visual_tools/include
[0.481s] -- Up-to-date: /home/wenda/powerarm_ws/install/moveit_visual_tools/include/moveit_visual_tools
[0.481s] -- Up-to-date: /home/wenda/powerarm_ws/install/moveit_visual_tools/include/moveit_visual_tools/imarker_robot_state.h
[0.481s] -- Up-to-date: /home/wenda/powerarm_ws/install/moveit_visual_tools/include/moveit_visual_tools/moveit_visual_tools.h
[0.481s] -- Up-to-date: /home/wenda/powerarm_ws/install/moveit_visual_tools/include/moveit_visual_tools/imarker_end_effector.h
[0.481s] -- Up-to-date: /home/wenda/powerarm_ws/install/moveit_visual_tools/share/moveit_visual_tools/launch
[0.481s] -- Up-to-date: /home/wenda/powerarm_ws/install/moveit_visual_tools/share/moveit_visual_tools/launch/demo.rviz
[0.481s] -- Up-to-date: /home/wenda/powerarm_ws/install/moveit_visual_tools/share/moveit_visual_tools/launch/demo_rviz.launch.py
[0.481s] -- Up-to-date: /home/wenda/powerarm_ws/install/moveit_visual_tools/share/moveit_visual_tools/resources
[0.481s] -- Up-to-date: /home/wenda/powerarm_ws/install/moveit_visual_tools/share/moveit_visual_tools/resources/rrbot.srdf
[0.481s] -- Up-to-date: /home/wenda/powerarm_ws/install/moveit_visual_tools/share/moveit_visual_tools/resources/demo.png
[0.481s] -- Up-to-date: /home/wenda/powerarm_ws/install/moveit_visual_tools/share/moveit_visual_tools/resources/rrbot.urdf
[0.481s] -- Up-to-date: /home/wenda/powerarm_ws/install/moveit_visual_tools/share/moveit_visual_tools/resources/screenshot.png
[0.482s] -- Up-to-date: /home/wenda/powerarm_ws/install/moveit_visual_tools/share/moveit_visual_tools/resources/demo_mesh.stl
[0.482s] -- Up-to-date: /home/wenda/powerarm_ws/install/moveit_visual_tools/share/ament_index/resource_index/package_run_dependencies/moveit_visual_tools
[0.482s] -- Up-to-date: /home/wenda/powerarm_ws/install/moveit_visual_tools/share/ament_index/resource_index/parent_prefix_path/moveit_visual_tools
[0.482s] -- Up-to-date: /home/wenda/powerarm_ws/install/moveit_visual_tools/share/moveit_visual_tools/environment/ament_prefix_path.sh
[0.482s] -- Up-to-date: /home/wenda/powerarm_ws/install/moveit_visual_tools/share/moveit_visual_tools/environment/ament_prefix_path.dsv
[0.482s] -- Up-to-date: /home/wenda/powerarm_ws/install/moveit_visual_tools/share/moveit_visual_tools/environment/path.sh
[0.482s] -- Up-to-date: /home/wenda/powerarm_ws/install/moveit_visual_tools/share/moveit_visual_tools/environment/path.dsv
[0.482s] -- Up-to-date: /home/wenda/powerarm_ws/install/moveit_visual_tools/share/moveit_visual_tools/local_setup.bash
[0.482s] -- Up-to-date: /home/wenda/powerarm_ws/install/moveit_visual_tools/share/moveit_visual_tools/local_setup.sh
[0.482s] -- Up-to-date: /home/wenda/powerarm_ws/install/moveit_visual_tools/share/moveit_visual_tools/local_setup.zsh
[0.482s] -- Up-to-date: /home/wenda/powerarm_ws/install/moveit_visual_tools/share/moveit_visual_tools/local_setup.dsv
[0.482s] -- Installing: /home/wenda/powerarm_ws/install/moveit_visual_tools/share/moveit_visual_tools/package.dsv
[0.482s] -- Up-to-date: /home/wenda/powerarm_ws/install/moveit_visual_tools/share/ament_index/resource_index/packages/moveit_visual_tools
[0.482s] -- Up-to-date: /home/wenda/powerarm_ws/install/moveit_visual_tools/share/moveit_visual_tools/cmake/export_moveit_visual_toolsExport.cmake
[0.482s] -- Up-to-date: /home/wenda/powerarm_ws/install/moveit_visual_tools/share/moveit_visual_tools/cmake/export_moveit_visual_toolsExport-release.cmake
[0.483s] -- Up-to-date: /home/wenda/powerarm_ws/install/moveit_visual_tools/share/moveit_visual_tools/cmake/ament_cmake_export_targets-extras.cmake
[0.483s] -- Up-to-date: /home/wenda/powerarm_ws/install/moveit_visual_tools/share/moveit_visual_tools/cmake/ament_cmake_export_dependencies-extras.cmake
[0.483s] -- Up-to-date: /home/wenda/powerarm_ws/install/moveit_visual_tools/share/moveit_visual_tools/cmake/moveit_visual_toolsConfig.cmake
[0.483s] -- Up-to-date: /home/wenda/powerarm_ws/install/moveit_visual_tools/share/moveit_visual_tools/cmake/moveit_visual_toolsConfig-version.cmake
[0.483s] -- Up-to-date: /home/wenda/powerarm_ws/install/moveit_visual_tools/share/moveit_visual_tools/package.xml
[0.483s] Invoked command in '/home/wenda/powerarm_ws/build/moveit_visual_tools' returned '0': CMAKE_PREFIX_PATH=${CMAKE_PREFIX_PATH}:/opt/ros/humble /usr/bin/cmake --install /home/wenda/powerarm_ws/build/moveit_visual_tools
