[0.133s] Invoking command in '/home/wenda/powerarm_ws/build/powerarm': CMAKE_PREFIX_PATH=/home/wenda/powerarm_ws/install/moveit_visual_tools:/home/wenda/powerarm_ws/install/powerarm_moveit_config:/home/wenda/powerarm_ws/install/powerarm_urdf:/home/wenda/powerarm_ws/install/powerarm:/home/wenda/test_ws/install/elite_ec66_moveit_config:/home/wenda/test_ws/install/elite_description:/opt/ros/humble /usr/bin/cmake --build /home/wenda/powerarm_ws/build/powerarm -- -j16 -l16
[0.173s] [35m[1mConsolidate compiler generated dependencies of target powerarm_state[0m
[0.194s] [ 50%] [32mBuilding CXX object CMakeFiles/powerarm_state.dir/src/powerarm_state.cpp.o[0m
[5.283s] [01m[K/home/wenda/powerarm_ws/src/powerarm/src/powerarm_state.cpp:[m[K In function ‘[01m[Kint main(int, char**)[m[K’:
[5.283s] [01m[K/home/wenda/powerarm_ws/src/powerarm/src/powerarm_state.cpp:125:14:[m[K [01;31m[Kerror: [m[Kredeclaration of ‘[01m[Kbool within_bounds[m[K’
[5.283s]   125 |         bool [01;31m[Kwithin_bounds[m[K = move_group.setJointValueTarget(joint_values);
[5.283s]       |              [01;31m[K^~~~~~~~~~~~~[m[K
[5.283s] [01m[K/home/wenda/powerarm_ws/src/powerarm/src/powerarm_state.cpp:87:14:[m[K [01;36m[Knote: [m[K‘[01m[Kbool within_bounds[m[K’ previously declared here
[5.283s]    87 |         bool [01;36m[Kwithin_bounds[m[K = move_group.setJointValueTarget(joint_values);
[5.283s]       |              [01;36m[K^~~~~~~~~~~~~[m[K
[5.283s] [01m[K/home/wenda/powerarm_ws/src/powerarm/src/powerarm_state.cpp:131:14:[m[K [01;31m[Kerror: [m[Kredeclaration of ‘[01m[Kbool success[m[K’
[5.283s]   131 |         bool [01;31m[Ksuccess[m[K = (move_group.plan(my_plan) == moveit::core::MoveItErrorCode::SUCCESS);
[5.283s]       |              [01;31m[K^~~~~~~[m[K
[5.283s] [01m[K/home/wenda/powerarm_ws/src/powerarm/src/powerarm_state.cpp:96:14:[m[K [01;36m[Knote: [m[K‘[01m[Kbool success[m[K’ previously declared here
[5.283s]    96 |         bool [01;36m[Ksuccess[m[K = (move_group.plan(my_plan) == moveit::core::MoveItErrorCode::SUCCESS);
[5.284s]       |              [01;36m[K^~~~~~~[m[K
[8.314s] gmake[2]: *** [CMakeFiles/powerarm_state.dir/build.make:76: CMakeFiles/powerarm_state.dir/src/powerarm_state.cpp.o] Error 1
[8.314s] gmake[1]: *** [CMakeFiles/Makefile2:137: CMakeFiles/powerarm_state.dir/all] Error 2
[8.314s] gmake: *** [Makefile:146: all] Error 2
[8.317s] Invoked command in '/home/wenda/powerarm_ws/build/powerarm' returned '2': CMAKE_PREFIX_PATH=/home/wenda/powerarm_ws/install/moveit_visual_tools:/home/wenda/powerarm_ws/install/powerarm_moveit_config:/home/wenda/powerarm_ws/install/powerarm_urdf:/home/wenda/powerarm_ws/install/powerarm:/home/wenda/test_ws/install/elite_ec66_moveit_config:/home/wenda/test_ws/install/elite_description:/opt/ros/humble /usr/bin/cmake --build /home/wenda/powerarm_ws/build/powerarm -- -j16 -l16
